[ 2023-05-07T02:42:57+08:00 ] 10.0.8.4 106.55.200.246 GET /
[ log ] www.lingdayun.com/ [运行时间：0.016437s][吞吐率：60.84req/s] [内存消耗：1,714.50kb] [文件加载：44]
[ info ] [ LANG ] /www/wwwroot/yanyanyang/www.lingdayun.com/thinkphp/lang/zh-cn.php
[ info ] [ ROUTE ] array (
  'type' => 'module',
  'module' => 
  array (
    0 => '',
    1 => NULL,
    2 => NULL,
  ),
)
[ info ] [ HEADER ] array (
  'accept-encoding' => 'gzip, deflate, br',
  'sec-fetch-dest' => 'document',
  'sec-fetch-user' => '?1',
  'sec-fetch-mode' => 'navigate',
  'sec-fetch-site' => 'none',
  'accept' => 'text/html,application/xhtml+xml,application/xml;q=0.9,image/avif,image/webp,image/apng,*/*;q=0.8,application/signed-exchange;v=b3;q=0.9',
  'accept-language' => 'zh-CN,zh;q=0.9',
  'user-agent' => 'Mozilla/5.0 (Windows NT 10.0; Win64; x64) AppleWebKit/537.36 (KHTML, like Gecko) Chrome/101.0.4951.64 Safari/537.36',
  'upgrade-insecure-requests' => '1',
  'host' => 'www.lingdayun.com',
  'content-length' => '',
  'content-type' => '',
)
[ info ] [ PARAM ] array (
)
[ info ] [ RUN ] app\index\controller\Index->index[ /www/wwwroot/yanyanyang/www.lingdayun.com/application/index/controller/Index.php ]
[ info ] [ VIEW ] /www/wwwroot/yanyanyang/www.lingdayun.com/public/../application/index/view/index/index.html [ array (
) ]
[ info ] [ LOG ] INIT File

---------------------------------------------------------------
[ 2023-05-07T06:24:40+08:00 ] 10.0.8.4 159.75.198.125 GET /
[ log ] www.lingdayun.com/ [运行时间：0.018360s][吞吐率：54.47req/s] [内存消耗：1,710.14kb] [文件加载：44]
[ info ] [ LANG ] /www/wwwroot/yanyanyang/www.lingdayun.com/thinkphp/lang/zh-cn.php
[ info ] [ ROUTE ] array (
  'type' => 'module',
  'module' => 
  array (
    0 => '',
    1 => NULL,
    2 => NULL,
  ),
)
[ info ] [ HEADER ] array (
  'accept-encoding' => 'gzip',
  'user-agent' => 'mozilla/5.0 (iphone; cpu iphone os 13_5_1 like mac os x) applewebkit/605.1.15 (khtml, like gecko) mobile/15e148 micromessenger/7.0.15(0x17000f2b) nettype/4g language/zh_cn miniprogram',
  'referer' => 'http://www.lingdayun.com',
  'host' => 'www.lingdayun.com',
  'content-length' => '',
  'content-type' => '',
)
[ info ] [ PARAM ] array (
)
[ info ] [ RUN ] app\index\controller\Index->index[ /www/wwwroot/yanyanyang/www.lingdayun.com/application/index/controller/Index.php ]
[ info ] [ VIEW ] /www/wwwroot/yanyanyang/www.lingdayun.com/public/../application/index/view/index/index.html [ array (
) ]
[ info ] [ LOG ] INIT File

---------------------------------------------------------------
[ 2023-05-07T09:51:13+08:00 ] 10.0.8.4 116.132.22.46 GET /index.php/index/api/video_tuijian
[ log ] www.lingdayun.com/index.php/index/api/video_tuijian [运行时间：0.028468s][吞吐率：35.13req/s] [内存消耗：2,501.16kb] [文件加载：52]
[ info ] [ LANG ] /www/wwwroot/yanyanyang/www.lingdayun.com/thinkphp/lang/zh-cn.php
[ info ] [ ROUTE ] array (
  'type' => 'module',
  'module' => 
  array (
    0 => 'index',
    1 => 'api',
    2 => 'video_tuijian',
  ),
)
[ info ] [ HEADER ] array (
  'accept-language' => 'zh-CN,zh',
  'accept-encoding' => 'gzip, deflate, br',
  'referer' => 'https://www.lingdayun.com/weishi/index.html',
  'sec-fetch-dest' => 'empty',
  'sec-fetch-mode' => 'cors',
  'sec-fetch-site' => 'same-origin',
  'x-requested-with' => 'XMLHttpRequest',
  'user-agent' => 'Mozilla/5.0 (Windows NT 10.0; Win64; x64) AppleWebKit/537.36 (KHTML, like Gecko) Chrome/98.0.4758.102 Safari/537.36 NetType/WIFI MicroMessenger/7.0.20.1781(0x6700143B) WindowsWechat(0x6309001c) XWEB/6763',
  'accept' => 'application/json, text/javascript, */*; q=0.01',
  'host' => 'www.lingdayun.com',
  'content-length' => '',
  'content-type' => '',
)
[ info ] [ PARAM ] array (
)
[ info ] [ RUN ] app\index\controller\Api->video_tuijian[ /www/wwwroot/yanyanyang/www.lingdayun.com/application/index/controller/Api.php ]
[ info ] [ DB ] INIT mysql
[ info ] [ LOG ] INIT File
[ sql ] [ DB ] CONNECT:[ UseTime:0.000570s ] mysql:dbname=www_lingdayun_co;host=127.0.0.1;port=3306;charset=utf8
[ sql ] [ SQL ] SHOW COLUMNS FROM `ld_video` [ RunTime:0.000919s ]
[ sql ] [ SQL ] SELECT `a`.*,`d`.`teacher_name`,`b`.`kemu_cate`,`c`.`nianji_cate` FROM `ld_video` `a` INNER JOIN `ld_teacher` `d` ON `a`.`teacher_id`=`d`.`id` INNER JOIN `ld_kemu_cate` `b` ON `a`.`video_kemu`=`b`.`id` INNER JOIN `ld_nianji_cate` `c` ON `a`.`video_nianji`=`c`.`id` ORDER BY id desc LIMIT 2 [ RunTime:0.001045s ]

---------------------------------------------------------------
[ 2023-05-07T09:51:13+08:00 ] 10.0.8.4 116.132.22.46 GET /index.php/api/weishi/mingshi
[ log ] www.lingdayun.com/index.php/api/weishi/mingshi [运行时间：0.026724s][吞吐率：37.42req/s] [内存消耗：2,505.73kb] [文件加载：52]
[ info ] [ LANG ] /www/wwwroot/yanyanyang/www.lingdayun.com/thinkphp/lang/zh-cn.php
[ info ] [ ROUTE ] array (
  'type' => 'module',
  'module' => 
  array (
    0 => 'api',
    1 => 'weishi',
    2 => 'mingshi',
  ),
)
[ info ] [ HEADER ] array (
  'accept-language' => 'zh-CN,zh',
  'accept-encoding' => 'gzip, deflate, br',
  'referer' => 'https://www.lingdayun.com/weishi/index.html',
  'sec-fetch-dest' => 'empty',
  'sec-fetch-mode' => 'cors',
  'sec-fetch-site' => 'same-origin',
  'x-requested-with' => 'XMLHttpRequest',
  'user-agent' => 'Mozilla/5.0 (Windows NT 10.0; Win64; x64) AppleWebKit/537.36 (KHTML, like Gecko) Chrome/98.0.4758.102 Safari/537.36 NetType/WIFI MicroMessenger/7.0.20.1781(0x6700143B) WindowsWechat(0x6309001c) XWEB/6763',
  'accept' => 'application/json, text/javascript, */*; q=0.01',
  'host' => 'www.lingdayun.com',
  'content-length' => '',
  'content-type' => '',
)
[ info ] [ PARAM ] array (
)
[ info ] [ RUN ] app\api\controller\Weishi->mingshi[ /www/wwwroot/yanyanyang/www.lingdayun.com/application/api/controller/Weishi.php ]
[ info ] [ SESSION ] INIT array (
  'id' => '',
  'var_session_id' => '',
  'prefix' => 'think',
  'type' => '',
  'auto_start' => true,
)
[ info ] [ DB ] INIT mysql
[ info ] [ LOG ] INIT File
[ sql ] [ DB ] CONNECT:[ UseTime:0.000644s ] mysql:dbname=www_lingdayun_co;host=127.0.0.1;port=3306;charset=utf8
[ sql ] [ SQL ] SHOW COLUMNS FROM `ld_teacher` [ RunTime:0.000605s ]
[ sql ] [ SQL ] SELECT * FROM `ld_teacher` WHERE  (  is_mingshi=1 ) [ RunTime:0.000304s ]

---------------------------------------------------------------
[ 2023-05-07T09:51:13+08:00 ] 10.0.8.4 116.132.22.46 GET /index.php/api/weishi/my_shoucang
[ log ] www.lingdayun.com/index.php/api/weishi/my_shoucang [运行时间：0.024868s][吞吐率：40.21req/s] [内存消耗：2,504.73kb] [文件加载：52]
[ info ] [ LANG ] /www/wwwroot/yanyanyang/www.lingdayun.com/thinkphp/lang/zh-cn.php
[ info ] [ ROUTE ] array (
  'type' => 'module',
  'module' => 
  array (
    0 => 'api',
    1 => 'weishi',
    2 => 'my_shoucang',
  ),
)
[ info ] [ HEADER ] array (
  'accept-language' => 'zh-CN,zh',
  'accept-encoding' => 'gzip, deflate, br',
  'referer' => 'https://www.lingdayun.com/weishi/index.html',
  'sec-fetch-dest' => 'empty',
  'sec-fetch-mode' => 'cors',
  'sec-fetch-site' => 'same-origin',
  'x-requested-with' => 'XMLHttpRequest',
  'user-agent' => 'Mozilla/5.0 (Windows NT 10.0; Win64; x64) AppleWebKit/537.36 (KHTML, like Gecko) Chrome/98.0.4758.102 Safari/537.36 NetType/WIFI MicroMessenger/7.0.20.1781(0x6700143B) WindowsWechat(0x6309001c) XWEB/6763',
  'accept' => 'application/json, text/javascript, */*; q=0.01',
  'host' => 'www.lingdayun.com',
  'content-length' => '',
  'content-type' => '',
)
[ info ] [ PARAM ] array (
)
[ info ] [ RUN ] app\api\controller\Weishi->my_shoucang[ /www/wwwroot/yanyanyang/www.lingdayun.com/application/api/controller/Weishi.php ]
[ info ] [ SESSION ] INIT array (
  'id' => '',
  'var_session_id' => '',
  'prefix' => 'think',
  'type' => '',
  'auto_start' => true,
)
[ info ] [ DB ] INIT mysql
[ info ] [ LOG ] INIT File
[ sql ] [ DB ] CONNECT:[ UseTime:0.000305s ] mysql:dbname=www_lingdayun_co;host=127.0.0.1;port=3306;charset=utf8
[ sql ] [ SQL ] SHOW COLUMNS FROM `ld_weishi_shoucang` [ RunTime:0.000559s ]
[ sql ] [ SQL ] SELECT * FROM `ld_weishi_shoucang` `a` INNER JOIN `ld_teacher` `b` ON `a`.`teacher_id`=`b`.`id` WHERE  `a`.`openid` = null LIMIT 4 [ RunTime:0.000419s ]

---------------------------------------------------------------
[ 2023-05-07T09:51:15+08:00 ] 10.0.8.4 116.132.22.46 GET /index.php/index/Api/ziliao_quanbu
[ log ] www.lingdayun.com/index.php/index/Api/ziliao_quanbu [运行时间：0.024620s][吞吐率：40.62req/s] [内存消耗：2,530.61kb] [文件加载：52]
[ info ] [ LANG ] /www/wwwroot/yanyanyang/www.lingdayun.com/thinkphp/lang/zh-cn.php
[ info ] [ ROUTE ] array (
  'type' => 'module',
  'module' => 
  array (
    0 => 'index',
    1 => 'Api',
    2 => 'ziliao_quanbu',
  ),
)
[ info ] [ HEADER ] array (
  'cookie' => 'PHPSESSID=6r1c2lra8coignsht2d4sjmhmj',
  'accept-language' => 'zh-CN,zh',
  'accept-encoding' => 'gzip, deflate, br',
  'referer' => 'https://www.lingdayun.com/weishi/means.html',
  'sec-fetch-dest' => 'empty',
  'sec-fetch-mode' => 'cors',
  'sec-fetch-site' => 'same-origin',
  'x-requested-with' => 'XMLHttpRequest',
  'user-agent' => 'Mozilla/5.0 (Windows NT 10.0; Win64; x64) AppleWebKit/537.36 (KHTML, like Gecko) Chrome/98.0.4758.102 Safari/537.36 NetType/WIFI MicroMessenger/7.0.20.1781(0x6700143B) WindowsWechat(0x6309001c) XWEB/6763',
  'accept' => 'application/json, text/javascript, */*; q=0.01',
  'host' => 'www.lingdayun.com',
  'content-length' => '',
  'content-type' => '',
)
[ info ] [ PARAM ] array (
)
[ info ] [ RUN ] app\index\controller\Api->ziliao_quanbu[ /www/wwwroot/yanyanyang/www.lingdayun.com/application/index/controller/Api.php ]
[ info ] [ DB ] INIT mysql
[ info ] [ LOG ] INIT File
[ sql ] [ DB ] CONNECT:[ UseTime:0.000465s ] mysql:dbname=www_lingdayun_co;host=127.0.0.1;port=3306;charset=utf8
[ sql ] [ SQL ] SHOW COLUMNS FROM `ld_ziliao` [ RunTime:0.000728s ]
[ sql ] [ SQL ] SELECT `a`.*,`b`.`kemu_cate`,`c`.`nianji_cate` FROM `ld_ziliao` `a` INNER JOIN `ld_kemu_cate` `b` ON `a`.`kemu_id`=`b`.`id` INNER JOIN `ld_nianji_cate` `c` ON `a`.`nianji_id`=`c`.`id` ORDER BY id desc [ RunTime:0.000773s ]

---------------------------------------------------------------
[ 2023-05-07T09:51:15+08:00 ] 10.0.8.4 116.132.22.46 GET /index.php/index/api/select_nianji
[ log ] www.lingdayun.com/index.php/index/api/select_nianji [运行时间：0.024556s][吞吐率：40.72req/s] [内存消耗：2,496.56kb] [文件加载：52]
[ info ] [ LANG ] /www/wwwroot/yanyanyang/www.lingdayun.com/thinkphp/lang/zh-cn.php
[ info ] [ ROUTE ] array (
  'type' => 'module',
  'module' => 
  array (
    0 => 'index',
    1 => 'api',
    2 => 'select_nianji',
  ),
)
[ info ] [ HEADER ] array (
  'cookie' => 'PHPSESSID=6r1c2lra8coignsht2d4sjmhmj',
  'accept-language' => 'zh-CN,zh',
  'accept-encoding' => 'gzip, deflate, br',
  'referer' => 'https://www.lingdayun.com/weishi/means.html',
  'sec-fetch-dest' => 'empty',
  'sec-fetch-mode' => 'cors',
  'sec-fetch-site' => 'same-origin',
  'x-requested-with' => 'XMLHttpRequest',
  'user-agent' => 'Mozilla/5.0 (Windows NT 10.0; Win64; x64) AppleWebKit/537.36 (KHTML, like Gecko) Chrome/98.0.4758.102 Safari/537.36 NetType/WIFI MicroMessenger/7.0.20.1781(0x6700143B) WindowsWechat(0x6309001c) XWEB/6763',
  'accept' => 'application/json, text/javascript, */*; q=0.01',
  'host' => 'www.lingdayun.com',
  'content-length' => '',
  'content-type' => '',
)
[ info ] [ PARAM ] array (
)
[ info ] [ RUN ] app\index\controller\Api->select_nianji[ /www/wwwroot/yanyanyang/www.lingdayun.com/application/index/controller/Api.php ]
[ info ] [ DB ] INIT mysql
[ info ] [ LOG ] INIT File
[ sql ] [ DB ] CONNECT:[ UseTime:0.000493s ] mysql:dbname=www_lingdayun_co;host=127.0.0.1;port=3306;charset=utf8
[ sql ] [ SQL ] SHOW COLUMNS FROM `ld_nianji_cate` [ RunTime:0.000774s ]
[ sql ] [ SQL ] SELECT * FROM `ld_nianji_cate` [ RunTime:0.000383s ]

---------------------------------------------------------------
[ 2023-05-07T09:51:15+08:00 ] 10.0.8.4 116.132.22.46 GET /index.php/index/api/select_kemu
[ log ] www.lingdayun.com/index.php/index/api/select_kemu [运行时间：0.025317s][吞吐率：39.50req/s] [内存消耗：2,497.11kb] [文件加载：52]
[ info ] [ LANG ] /www/wwwroot/yanyanyang/www.lingdayun.com/thinkphp/lang/zh-cn.php
[ info ] [ ROUTE ] array (
  'type' => 'module',
  'module' => 
  array (
    0 => 'index',
    1 => 'api',
    2 => 'select_kemu',
  ),
)
[ info ] [ HEADER ] array (
  'cookie' => 'PHPSESSID=6r1c2lra8coignsht2d4sjmhmj',
  'accept-language' => 'zh-CN,zh',
  'accept-encoding' => 'gzip, deflate, br',
  'referer' => 'https://www.lingdayun.com/weishi/means.html',
  'sec-fetch-dest' => 'empty',
  'sec-fetch-mode' => 'cors',
  'sec-fetch-site' => 'same-origin',
  'x-requested-with' => 'XMLHttpRequest',
  'user-agent' => 'Mozilla/5.0 (Windows NT 10.0; Win64; x64) AppleWebKit/537.36 (KHTML, like Gecko) Chrome/98.0.4758.102 Safari/537.36 NetType/WIFI MicroMessenger/7.0.20.1781(0x6700143B) WindowsWechat(0x6309001c) XWEB/6763',
  'accept' => 'application/json, text/javascript, */*; q=0.01',
  'host' => 'www.lingdayun.com',
  'content-length' => '',
  'content-type' => '',
)
[ info ] [ PARAM ] array (
)
[ info ] [ RUN ] app\index\controller\Api->select_kemu[ /www/wwwroot/yanyanyang/www.lingdayun.com/application/index/controller/Api.php ]
[ info ] [ DB ] INIT mysql
[ info ] [ LOG ] INIT File
[ sql ] [ DB ] CONNECT:[ UseTime:0.000382s ] mysql:dbname=www_lingdayun_co;host=127.0.0.1;port=3306;charset=utf8
[ sql ] [ SQL ] SHOW COLUMNS FROM `ld_kemu_cate` [ RunTime:0.000585s ]
[ sql ] [ SQL ] SELECT * FROM `ld_kemu_cate` [ RunTime:0.000277s ]

---------------------------------------------------------------
[ 2023-05-07T13:46:39+08:00 ] 10.0.8.4 51.222.253.10 GET /
[ log ] www.lingdayun.com/ [运行时间：0.019012s][吞吐率：52.60req/s] [内存消耗：1,709.58kb] [文件加载：44]
[ info ] [ LANG ] /www/wwwroot/yanyanyang/www.lingdayun.com/thinkphp/lang/zh-cn.php
[ info ] [ ROUTE ] array (
  'type' => 'module',
  'module' => 
  array (
    0 => '',
    1 => NULL,
    2 => NULL,
  ),
)
[ info ] [ HEADER ] array (
  'accept-encoding' => 'deflate, gzip, br',
  'accept' => '*/*',
  'user-agent' => 'Mozilla/5.0 (compatible; AhrefsBot/7.0; +http://ahrefs.com/robot/)',
  'host' => 'www.lingdayun.com',
  'content-length' => '',
  'content-type' => '',
)
[ info ] [ PARAM ] array (
)
[ info ] [ RUN ] app\index\controller\Index->index[ /www/wwwroot/yanyanyang/www.lingdayun.com/application/index/controller/Index.php ]
[ info ] [ VIEW ] /www/wwwroot/yanyanyang/www.lingdayun.com/public/../application/index/view/index/index.html [ array (
) ]
[ info ] [ LOG ] INIT File

---------------------------------------------------------------
[ 2023-05-07T15:36:12+08:00 ] 10.0.8.4 221.193.234.251 GET /index.php/index/api/video_tuijian
[ log ] www.lingdayun.com/index.php/index/api/video_tuijian [运行时间：0.024319s][吞吐率：41.12req/s] [内存消耗：2,501.70kb] [文件加载：52]
[ info ] [ LANG ] /www/wwwroot/yanyanyang/www.lingdayun.com/thinkphp/lang/zh-cn.php
[ info ] [ ROUTE ] array (
  'type' => 'module',
  'module' => 
  array (
    0 => 'index',
    1 => 'api',
    2 => 'video_tuijian',
  ),
)
[ info ] [ HEADER ] array (
  'accept-language' => 'zh-CN,zh;q=0.9,en-US;q=0.8,en;q=0.7',
  'accept-encoding' => 'gzip, deflate',
  'referer' => 'https://www.lingdayun.com/weishi/index.html',
  'sec-fetch-dest' => 'empty',
  'sec-fetch-mode' => 'cors',
  'sec-fetch-site' => 'same-origin',
  'x-requested-with' => 'XMLHttpRequest',
  'user-agent' => 'Mozilla/5.0 (Linux; Android 12; JER-AN10 Build/HUAWEIJER-AN10; wv) AppleWebKit/537.36 (KHTML, like Gecko) Version/4.0 Chrome/107.0.5304.141 Mobile Safari/537.36 XWEB/5061 MMWEBSDK/20230202 MMWEBID/7980 MicroMessenger/8.0.33.2320(0x28002151) WeChat/arm64 Weixin NetType/WIFI Language/zh_CN ABI/arm64',
  'accept' => 'application/json, text/javascript, */*; q=0.01',
  'host' => 'www.lingdayun.com',
  'content-length' => '',
  'content-type' => '',
)
[ info ] [ PARAM ] array (
)
[ info ] [ RUN ] app\index\controller\Api->video_tuijian[ /www/wwwroot/yanyanyang/www.lingdayun.com/application/index/controller/Api.php ]
[ info ] [ DB ] INIT mysql
[ info ] [ LOG ] INIT File
[ sql ] [ DB ] CONNECT:[ UseTime:0.000609s ] mysql:dbname=www_lingdayun_co;host=127.0.0.1;port=3306;charset=utf8
[ sql ] [ SQL ] SHOW COLUMNS FROM `ld_video` [ RunTime:0.000777s ]
[ sql ] [ SQL ] SELECT `a`.*,`d`.`teacher_name`,`b`.`kemu_cate`,`c`.`nianji_cate` FROM `ld_video` `a` INNER JOIN `ld_teacher` `d` ON `a`.`teacher_id`=`d`.`id` INNER JOIN `ld_kemu_cate` `b` ON `a`.`video_kemu`=`b`.`id` INNER JOIN `ld_nianji_cate` `c` ON `a`.`video_nianji`=`c`.`id` ORDER BY id desc LIMIT 2 [ RunTime:0.000891s ]

---------------------------------------------------------------
[ 2023-05-07T15:36:12+08:00 ] 10.0.8.4 221.193.234.251 GET /index.php/api/weishi/mingshi
[ log ] www.lingdayun.com/index.php/api/weishi/mingshi [运行时间：0.023671s][吞吐率：42.25req/s] [内存消耗：2,506.27kb] [文件加载：52]
[ info ] [ LANG ] /www/wwwroot/yanyanyang/www.lingdayun.com/thinkphp/lang/zh-cn.php
[ info ] [ ROUTE ] array (
  'type' => 'module',
  'module' => 
  array (
    0 => 'api',
    1 => 'weishi',
    2 => 'mingshi',
  ),
)
[ info ] [ HEADER ] array (
  'accept-language' => 'zh-CN,zh;q=0.9,en-US;q=0.8,en;q=0.7',
  'accept-encoding' => 'gzip, deflate',
  'referer' => 'https://www.lingdayun.com/weishi/index.html',
  'sec-fetch-dest' => 'empty',
  'sec-fetch-mode' => 'cors',
  'sec-fetch-site' => 'same-origin',
  'x-requested-with' => 'XMLHttpRequest',
  'user-agent' => 'Mozilla/5.0 (Linux; Android 12; JER-AN10 Build/HUAWEIJER-AN10; wv) AppleWebKit/537.36 (KHTML, like Gecko) Version/4.0 Chrome/107.0.5304.141 Mobile Safari/537.36 XWEB/5061 MMWEBSDK/20230202 MMWEBID/7980 MicroMessenger/8.0.33.2320(0x28002151) WeChat/arm64 Weixin NetType/WIFI Language/zh_CN ABI/arm64',
  'accept' => 'application/json, text/javascript, */*; q=0.01',
  'host' => 'www.lingdayun.com',
  'content-length' => '',
  'content-type' => '',
)
[ info ] [ PARAM ] array (
)
[ info ] [ RUN ] app\api\controller\Weishi->mingshi[ /www/wwwroot/yanyanyang/www.lingdayun.com/application/api/controller/Weishi.php ]
[ info ] [ SESSION ] INIT array (
  'id' => '',
  'var_session_id' => '',
  'prefix' => 'think',
  'type' => '',
  'auto_start' => true,
)
[ info ] [ DB ] INIT mysql
[ info ] [ LOG ] INIT File
[ sql ] [ DB ] CONNECT:[ UseTime:0.000357s ] mysql:dbname=www_lingdayun_co;host=127.0.0.1;port=3306;charset=utf8
[ sql ] [ SQL ] SHOW COLUMNS FROM `ld_teacher` [ RunTime:0.000723s ]
[ sql ] [ SQL ] SELECT * FROM `ld_teacher` WHERE  (  is_mingshi=1 ) [ RunTime:0.000285s ]

---------------------------------------------------------------
[ 2023-05-07T15:36:12+08:00 ] 10.0.8.4 221.193.234.251 GET /index.php/api/weishi/my_shoucang
[ log ] www.lingdayun.com/index.php/api/weishi/my_shoucang [运行时间：0.025885s][吞吐率：38.63req/s] [内存消耗：2,505.28kb] [文件加载：52]
[ info ] [ LANG ] /www/wwwroot/yanyanyang/www.lingdayun.com/thinkphp/lang/zh-cn.php
[ info ] [ ROUTE ] array (
  'type' => 'module',
  'module' => 
  array (
    0 => 'api',
    1 => 'weishi',
    2 => 'my_shoucang',
  ),
)
[ info ] [ HEADER ] array (
  'accept-language' => 'zh-CN,zh;q=0.9,en-US;q=0.8,en;q=0.7',
  'accept-encoding' => 'gzip, deflate',
  'referer' => 'https://www.lingdayun.com/weishi/index.html',
  'sec-fetch-dest' => 'empty',
  'sec-fetch-mode' => 'cors',
  'sec-fetch-site' => 'same-origin',
  'x-requested-with' => 'XMLHttpRequest',
  'user-agent' => 'Mozilla/5.0 (Linux; Android 12; JER-AN10 Build/HUAWEIJER-AN10; wv) AppleWebKit/537.36 (KHTML, like Gecko) Version/4.0 Chrome/107.0.5304.141 Mobile Safari/537.36 XWEB/5061 MMWEBSDK/20230202 MMWEBID/7980 MicroMessenger/8.0.33.2320(0x28002151) WeChat/arm64 Weixin NetType/WIFI Language/zh_CN ABI/arm64',
  'accept' => 'application/json, text/javascript, */*; q=0.01',
  'host' => 'www.lingdayun.com',
  'content-length' => '',
  'content-type' => '',
)
[ info ] [ PARAM ] array (
)
[ info ] [ RUN ] app\api\controller\Weishi->my_shoucang[ /www/wwwroot/yanyanyang/www.lingdayun.com/application/api/controller/Weishi.php ]
[ info ] [ SESSION ] INIT array (
  'id' => '',
  'var_session_id' => '',
  'prefix' => 'think',
  'type' => '',
  'auto_start' => true,
)
[ info ] [ DB ] INIT mysql
[ info ] [ LOG ] INIT File
[ sql ] [ DB ] CONNECT:[ UseTime:0.000387s ] mysql:dbname=www_lingdayun_co;host=127.0.0.1;port=3306;charset=utf8
[ sql ] [ SQL ] SHOW COLUMNS FROM `ld_weishi_shoucang` [ RunTime:0.000613s ]
[ sql ] [ SQL ] SELECT * FROM `ld_weishi_shoucang` `a` INNER JOIN `ld_teacher` `b` ON `a`.`teacher_id`=`b`.`id` WHERE  `a`.`openid` = null LIMIT 4 [ RunTime:0.000417s ]

---------------------------------------------------------------
[ 2023-05-07T15:36:14+08:00 ] 10.0.8.4 221.193.234.251 GET /index.php/index/api/select_kemu
[ log ] www.lingdayun.com/index.php/index/api/select_kemu [运行时间：0.026590s][吞吐率：37.61req/s] [内存消耗：2,497.66kb] [文件加载：52]
[ info ] [ LANG ] /www/wwwroot/yanyanyang/www.lingdayun.com/thinkphp/lang/zh-cn.php
[ info ] [ ROUTE ] array (
  'type' => 'module',
  'module' => 
  array (
    0 => 'index',
    1 => 'api',
    2 => 'select_kemu',
  ),
)
[ info ] [ HEADER ] array (
  'cookie' => 'PHPSESSID=pun2a5h4mjrikr44l8ppmfhifl',
  'accept-language' => 'zh-CN,zh;q=0.9,en-US;q=0.8,en;q=0.7',
  'accept-encoding' => 'gzip, deflate',
  'referer' => 'https://www.lingdayun.com/weishi/means.html',
  'sec-fetch-dest' => 'empty',
  'sec-fetch-mode' => 'cors',
  'sec-fetch-site' => 'same-origin',
  'x-requested-with' => 'XMLHttpRequest',
  'user-agent' => 'Mozilla/5.0 (Linux; Android 12; JER-AN10 Build/HUAWEIJER-AN10; wv) AppleWebKit/537.36 (KHTML, like Gecko) Version/4.0 Chrome/107.0.5304.141 Mobile Safari/537.36 XWEB/5061 MMWEBSDK/20230202 MMWEBID/7980 MicroMessenger/8.0.33.2320(0x28002151) WeChat/arm64 Weixin NetType/WIFI Language/zh_CN ABI/arm64',
  'accept' => 'application/json, text/javascript, */*; q=0.01',
  'host' => 'www.lingdayun.com',
  'content-length' => '',
  'content-type' => '',
)
[ info ] [ PARAM ] array (
)
[ info ] [ RUN ] app\index\controller\Api->select_kemu[ /www/wwwroot/yanyanyang/www.lingdayun.com/application/index/controller/Api.php ]
[ info ] [ DB ] INIT mysql
[ info ] [ LOG ] INIT File
[ sql ] [ DB ] CONNECT:[ UseTime:0.000607s ] mysql:dbname=www_lingdayun_co;host=127.0.0.1;port=3306;charset=utf8
[ sql ] [ SQL ] SHOW COLUMNS FROM `ld_kemu_cate` [ RunTime:0.000623s ]
[ sql ] [ SQL ] SELECT * FROM `ld_kemu_cate` [ RunTime:0.000253s ]

---------------------------------------------------------------
[ 2023-05-07T15:36:14+08:00 ] 10.0.8.4 221.193.234.251 GET /index.php/index/Api/ziliao_quanbu
[ log ] www.lingdayun.com/index.php/index/Api/ziliao_quanbu [运行时间：0.029225s][吞吐率：34.22req/s] [内存消耗：2,531.16kb] [文件加载：52]
[ info ] [ LANG ] /www/wwwroot/yanyanyang/www.lingdayun.com/thinkphp/lang/zh-cn.php
[ info ] [ ROUTE ] array (
  'type' => 'module',
  'module' => 
  array (
    0 => 'index',
    1 => 'Api',
    2 => 'ziliao_quanbu',
  ),
)
[ info ] [ HEADER ] array (
  'cookie' => 'PHPSESSID=pun2a5h4mjrikr44l8ppmfhifl',
  'accept-language' => 'zh-CN,zh;q=0.9,en-US;q=0.8,en;q=0.7',
  'accept-encoding' => 'gzip, deflate',
  'referer' => 'https://www.lingdayun.com/weishi/means.html',
  'sec-fetch-dest' => 'empty',
  'sec-fetch-mode' => 'cors',
  'sec-fetch-site' => 'same-origin',
  'x-requested-with' => 'XMLHttpRequest',
  'user-agent' => 'Mozilla/5.0 (Linux; Android 12; JER-AN10 Build/HUAWEIJER-AN10; wv) AppleWebKit/537.36 (KHTML, like Gecko) Version/4.0 Chrome/107.0.5304.141 Mobile Safari/537.36 XWEB/5061 MMWEBSDK/20230202 MMWEBID/7980 MicroMessenger/8.0.33.2320(0x28002151) WeChat/arm64 Weixin NetType/WIFI Language/zh_CN ABI/arm64',
  'accept' => 'application/json, text/javascript, */*; q=0.01',
  'host' => 'www.lingdayun.com',
  'content-length' => '',
  'content-type' => '',
)
[ info ] [ PARAM ] array (
)
[ info ] [ RUN ] app\index\controller\Api->ziliao_quanbu[ /www/wwwroot/yanyanyang/www.lingdayun.com/application/index/controller/Api.php ]
[ info ] [ DB ] INIT mysql
[ info ] [ LOG ] INIT File
[ sql ] [ DB ] CONNECT:[ UseTime:0.000411s ] mysql:dbname=www_lingdayun_co;host=127.0.0.1;port=3306;charset=utf8
[ sql ] [ SQL ] SHOW COLUMNS FROM `ld_ziliao` [ RunTime:0.000922s ]
[ sql ] [ SQL ] SELECT `a`.*,`b`.`kemu_cate`,`c`.`nianji_cate` FROM `ld_ziliao` `a` INNER JOIN `ld_kemu_cate` `b` ON `a`.`kemu_id`=`b`.`id` INNER JOIN `ld_nianji_cate` `c` ON `a`.`nianji_id`=`c`.`id` ORDER BY id desc [ RunTime:0.000893s ]

---------------------------------------------------------------
[ 2023-05-07T15:36:14+08:00 ] 10.0.8.4 221.193.234.251 GET /index.php/index/api/select_nianji
[ log ] www.lingdayun.com/index.php/index/api/select_nianji [运行时间：0.026851s][吞吐率：37.24req/s] [内存消耗：2,497.11kb] [文件加载：52]
[ info ] [ LANG ] /www/wwwroot/yanyanyang/www.lingdayun.com/thinkphp/lang/zh-cn.php
[ info ] [ ROUTE ] array (
  'type' => 'module',
  'module' => 
  array (
    0 => 'index',
    1 => 'api',
    2 => 'select_nianji',
  ),
)
[ info ] [ HEADER ] array (
  'cookie' => 'PHPSESSID=pun2a5h4mjrikr44l8ppmfhifl',
  'accept-language' => 'zh-CN,zh;q=0.9,en-US;q=0.8,en;q=0.7',
  'accept-encoding' => 'gzip, deflate',
  'referer' => 'https://www.lingdayun.com/weishi/means.html',
  'sec-fetch-dest' => 'empty',
  'sec-fetch-mode' => 'cors',
  'sec-fetch-site' => 'same-origin',
  'x-requested-with' => 'XMLHttpRequest',
  'user-agent' => 'Mozilla/5.0 (Linux; Android 12; JER-AN10 Build/HUAWEIJER-AN10; wv) AppleWebKit/537.36 (KHTML, like Gecko) Version/4.0 Chrome/107.0.5304.141 Mobile Safari/537.36 XWEB/5061 MMWEBSDK/20230202 MMWEBID/7980 MicroMessenger/8.0.33.2320(0x28002151) WeChat/arm64 Weixin NetType/WIFI Language/zh_CN ABI/arm64',
  'accept' => 'application/json, text/javascript, */*; q=0.01',
  'host' => 'www.lingdayun.com',
  'content-length' => '',
  'content-type' => '',
)
[ info ] [ PARAM ] array (
)
[ info ] [ RUN ] app\index\controller\Api->select_nianji[ /www/wwwroot/yanyanyang/www.lingdayun.com/application/index/controller/Api.php ]
[ info ] [ DB ] INIT mysql
[ info ] [ LOG ] INIT File
[ sql ] [ DB ] CONNECT:[ UseTime:0.000522s ] mysql:dbname=www_lingdayun_co;host=127.0.0.1;port=3306;charset=utf8
[ sql ] [ SQL ] SHOW COLUMNS FROM `ld_nianji_cate` [ RunTime:0.000592s ]
[ sql ] [ SQL ] SELECT * FROM `ld_nianji_cate` [ RunTime:0.000286s ]

---------------------------------------------------------------
[ 2023-05-07T15:36:49+08:00 ] 10.0.8.4 221.193.234.251 GET /index.php/index/api/select_kemu_ziliao?kemu_id=19&nianji_id=0
[ log ] www.lingdayun.com/index.php/index/api/select_kemu_ziliao?kemu_id=19&nianji_id=0 [运行时间：0.025296s][吞吐率：39.53req/s] [内存消耗：2,501.10kb] [文件加载：52]
[ info ] [ LANG ] /www/wwwroot/yanyanyang/www.lingdayun.com/thinkphp/lang/zh-cn.php
[ info ] [ ROUTE ] array (
  'type' => 'module',
  'module' => 
  array (
    0 => 'index',
    1 => 'api',
    2 => 'select_kemu_ziliao',
  ),
)
[ info ] [ HEADER ] array (
  'cookie' => 'PHPSESSID=pun2a5h4mjrikr44l8ppmfhifl',
  'accept-language' => 'zh-CN,zh;q=0.9,en-US;q=0.8,en;q=0.7',
  'accept-encoding' => 'gzip, deflate',
  'referer' => 'https://www.lingdayun.com/weishi/means.html',
  'sec-fetch-dest' => 'empty',
  'sec-fetch-mode' => 'cors',
  'sec-fetch-site' => 'same-origin',
  'x-requested-with' => 'XMLHttpRequest',
  'user-agent' => 'Mozilla/5.0 (Linux; Android 12; JER-AN10 Build/HUAWEIJER-AN10; wv) AppleWebKit/537.36 (KHTML, like Gecko) Version/4.0 Chrome/107.0.5304.141 Mobile Safari/537.36 XWEB/5061 MMWEBSDK/20230202 MMWEBID/7980 MicroMessenger/8.0.33.2320(0x28002151) WeChat/arm64 Weixin NetType/WIFI Language/zh_CN ABI/arm64',
  'accept' => 'application/json, text/javascript, */*; q=0.01',
  'host' => 'www.lingdayun.com',
  'content-length' => '',
  'content-type' => '',
)
[ info ] [ PARAM ] array (
  'kemu_id' => '19',
  'nianji_id' => '0',
)
[ info ] [ RUN ] app\index\controller\Api->select_kemu_ziliao[ /www/wwwroot/yanyanyang/www.lingdayun.com/application/index/controller/Api.php ]
[ info ] [ DB ] INIT mysql
[ info ] [ LOG ] INIT File
[ sql ] [ DB ] CONNECT:[ UseTime:0.000514s ] mysql:dbname=www_lingdayun_co;host=127.0.0.1;port=3306;charset=utf8
[ sql ] [ SQL ] SHOW COLUMNS FROM `ld_ziliao` [ RunTime:0.000749s ]
[ sql ] [ SQL ] SELECT `a`.*,`b`.`kemu_cate`,`c`.`nianji_cate` FROM `ld_ziliao` `a` INNER JOIN `ld_kemu_cate` `b` ON `a`.`kemu_id`=`b`.`id` INNER JOIN `ld_nianji_cate` `c` ON `a`.`nianji_id`=`c`.`id` WHERE  `kemu_id` = 19 ORDER BY id desc [ RunTime:0.000576s ]

---------------------------------------------------------------
[ 2023-05-07T15:36:54+08:00 ] 10.0.8.4 221.193.234.251 GET /index.php/api/weishi/mingshi
[ log ] www.lingdayun.com/index.php/api/weishi/mingshi [运行时间：0.024677s][吞吐率：40.52req/s] [内存消耗：2,506.43kb] [文件加载：52]
[ info ] [ LANG ] /www/wwwroot/yanyanyang/www.lingdayun.com/thinkphp/lang/zh-cn.php
[ info ] [ ROUTE ] array (
  'type' => 'module',
  'module' => 
  array (
    0 => 'api',
    1 => 'weishi',
    2 => 'mingshi',
  ),
)
[ info ] [ HEADER ] array (
  'cookie' => 'PHPSESSID=pun2a5h4mjrikr44l8ppmfhifl',
  'accept-language' => 'zh-CN,zh;q=0.9,en-US;q=0.8,en;q=0.7',
  'accept-encoding' => 'gzip, deflate',
  'referer' => 'https://www.lingdayun.com/weishi/index.html',
  'sec-fetch-dest' => 'empty',
  'sec-fetch-mode' => 'cors',
  'sec-fetch-site' => 'same-origin',
  'x-requested-with' => 'XMLHttpRequest',
  'user-agent' => 'Mozilla/5.0 (Linux; Android 12; JER-AN10 Build/HUAWEIJER-AN10; wv) AppleWebKit/537.36 (KHTML, like Gecko) Version/4.0 Chrome/107.0.5304.141 Mobile Safari/537.36 XWEB/5061 MMWEBSDK/20230202 MMWEBID/7980 MicroMessenger/8.0.33.2320(0x28002151) WeChat/arm64 Weixin NetType/WIFI Language/zh_CN ABI/arm64',
  'accept' => 'application/json, text/javascript, */*; q=0.01',
  'host' => 'www.lingdayun.com',
  'content-length' => '',
  'content-type' => '',
)
[ info ] [ PARAM ] array (
)
[ info ] [ RUN ] app\api\controller\Weishi->mingshi[ /www/wwwroot/yanyanyang/www.lingdayun.com/application/api/controller/Weishi.php ]
[ info ] [ SESSION ] INIT array (
  'id' => '',
  'var_session_id' => '',
  'prefix' => 'think',
  'type' => '',
  'auto_start' => true,
)
[ info ] [ DB ] INIT mysql
[ info ] [ LOG ] INIT File
[ sql ] [ DB ] CONNECT:[ UseTime:0.000554s ] mysql:dbname=www_lingdayun_co;host=127.0.0.1;port=3306;charset=utf8
[ sql ] [ SQL ] SHOW COLUMNS FROM `ld_teacher` [ RunTime:0.000834s ]
[ sql ] [ SQL ] SELECT * FROM `ld_teacher` WHERE  (  is_mingshi=1 ) [ RunTime:0.000383s ]

---------------------------------------------------------------
[ 2023-05-07T15:36:54+08:00 ] 10.0.8.4 221.193.234.251 GET /index.php/api/weishi/my_shoucang
[ log ] www.lingdayun.com/index.php/api/weishi/my_shoucang [运行时间：0.029513s][吞吐率：33.88req/s] [内存消耗：2,505.44kb] [文件加载：52]
[ info ] [ LANG ] /www/wwwroot/yanyanyang/www.lingdayun.com/thinkphp/lang/zh-cn.php
[ info ] [ ROUTE ] array (
  'type' => 'module',
  'module' => 
  array (
    0 => 'api',
    1 => 'weishi',
    2 => 'my_shoucang',
  ),
)
[ info ] [ HEADER ] array (
  'cookie' => 'PHPSESSID=pun2a5h4mjrikr44l8ppmfhifl',
  'accept-language' => 'zh-CN,zh;q=0.9,en-US;q=0.8,en;q=0.7',
  'accept-encoding' => 'gzip, deflate',
  'referer' => 'https://www.lingdayun.com/weishi/index.html',
  'sec-fetch-dest' => 'empty',
  'sec-fetch-mode' => 'cors',
  'sec-fetch-site' => 'same-origin',
  'x-requested-with' => 'XMLHttpRequest',
  'user-agent' => 'Mozilla/5.0 (Linux; Android 12; JER-AN10 Build/HUAWEIJER-AN10; wv) AppleWebKit/537.36 (KHTML, like Gecko) Version/4.0 Chrome/107.0.5304.141 Mobile Safari/537.36 XWEB/5061 MMWEBSDK/20230202 MMWEBID/7980 MicroMessenger/8.0.33.2320(0x28002151) WeChat/arm64 Weixin NetType/WIFI Language/zh_CN ABI/arm64',
  'accept' => 'application/json, text/javascript, */*; q=0.01',
  'host' => 'www.lingdayun.com',
  'content-length' => '',
  'content-type' => '',
)
[ info ] [ PARAM ] array (
)
[ info ] [ RUN ] app\api\controller\Weishi->my_shoucang[ /www/wwwroot/yanyanyang/www.lingdayun.com/application/api/controller/Weishi.php ]
[ info ] [ SESSION ] INIT array (
  'id' => '',
  'var_session_id' => '',
  'prefix' => 'think',
  'type' => '',
  'auto_start' => true,
)
[ info ] [ DB ] INIT mysql
[ info ] [ LOG ] INIT File
[ sql ] [ DB ] CONNECT:[ UseTime:0.000469s ] mysql:dbname=www_lingdayun_co;host=127.0.0.1;port=3306;charset=utf8
[ sql ] [ SQL ] SHOW COLUMNS FROM `ld_weishi_shoucang` [ RunTime:0.000728s ]
[ sql ] [ SQL ] SELECT * FROM `ld_weishi_shoucang` `a` INNER JOIN `ld_teacher` `b` ON `a`.`teacher_id`=`b`.`id` WHERE  `a`.`openid` = null LIMIT 4 [ RunTime:0.000468s ]

---------------------------------------------------------------
[ 2023-05-07T23:54:47+08:00 ] 10.0.8.4 123.56.163.240 GET /
[ log ] www.lingdayun.com/ [运行时间：0.020182s][吞吐率：49.55req/s] [内存消耗：1,709.72kb] [文件加载：44]
[ info ] [ LANG ] /www/wwwroot/yanyanyang/www.lingdayun.com/thinkphp/lang/zh-cn.php
[ info ] [ ROUTE ] array (
  'type' => 'module',
  'module' => 
  array (
    0 => '',
    1 => NULL,
    2 => NULL,
  ),
)
[ info ] [ HEADER ] array (
  'accept-encoding' => 'gzip',
  'accept' => '*/*',
  'user-agent' => 'Mozilla/5.0 (Windows NT 10.0; Win64; x64) AppleWebKit/537.36 (KHTML, like Gecko) Chrome/102.0.0.0 Safari/537.36',
  'host' => 'www.lingdayun.com',
  'content-length' => '',
  'content-type' => '',
)
[ info ] [ PARAM ] array (
)
[ info ] [ RUN ] app\index\controller\Index->index[ /www/wwwroot/yanyanyang/www.lingdayun.com/application/index/controller/Index.php ]
[ info ] [ VIEW ] /www/wwwroot/yanyanyang/www.lingdayun.com/public/../application/index/view/index/index.html [ array (
) ]
[ info ] [ LOG ] INIT File

---------------------------------------------------------------
