[ 2023-07-17T01:40:16+08:00 ] 10.0.8.4 101.37.31.36 GET /
[ log ] www.lingdayun.com/ [运行时间：0.017044s][吞吐率：58.67req/s] [内存消耗：1,709.99kb] [文件加载：44]
[ info ] [ LANG ] /www/wwwroot/yanyanyang/www.lingdayun.com/thinkphp/lang/zh-cn.php
[ info ] [ ROUTE ] array (
  'type' => 'module',
  'module' => 
  array (
    0 => '',
    1 => NULL,
    2 => NULL,
  ),
)
[ info ] [ HEADER ] array (
  'connection' => 'close',
  'accept-encoding' => 'gzip',
  'accept-charset' => 'utf-8',
  'user-agent' => 'Mozilla/5.0 (iPhone; CPU iPhone OS 15_5 like Mac OS X) AppleWebKit/605.1.15 (KHTML, like Gecko) Version/15.5 Mobile/15E148 Safari/604.1',
  'host' => 'www.lingdayun.com',
  'content-length' => '',
  'content-type' => '',
)
[ info ] [ PARAM ] array (
)
[ info ] [ RUN ] app\index\controller\Index->index[ /www/wwwroot/yanyanyang/www.lingdayun.com/application/index/controller/Index.php ]
[ info ] [ VIEW ] /www/wwwroot/yanyanyang/www.lingdayun.com/public/../application/index/view/index/index.html [ array (
) ]
[ info ] [ LOG ] INIT File

---------------------------------------------------------------
[ 2023-07-17T03:33:18+08:00 ] 10.0.8.4 220.196.160.95 GET /
[ log ] www.lingdayun.com/ [运行时间：0.016749s][吞吐率：59.70req/s] [内存消耗：1,713.11kb] [文件加载：44]
[ info ] [ LANG ] /www/wwwroot/yanyanyang/www.lingdayun.com/thinkphp/lang/zh-cn.php
[ info ] [ ROUTE ] array (
  'type' => 'module',
  'module' => 
  array (
    0 => '',
    1 => NULL,
    2 => NULL,
  ),
)
[ info ] [ HEADER ] array (
  'upgrade-insecure-requests' => '1',
  'referer' => 'http://www.lingdayun.com',
  'connection' => 'keep-alive',
  'cache-control' => 'max-age=0',
  'accept-language' => 'zh-CN,zh;q=0.9',
  'accept-encoding' => 'gzip, deflate',
  'accept' => 'text/html,application/xhtml+xml,application/xml;q=0.9,image/avif,image/webp,image/apng,*/*;q=0.8,application/signed-exchange;v=b3;q=0.9',
  'user-agent' => 'Mozilla/5.0 (iPhone; CPU iPhone os 15_4 like Mac OS X) AppleWebKit/605.1.15 (KHTML, like Gecko) Version/15.4 Mobile/11D257 Safari/604.1',
  'host' => 'www.lingdayun.com',
  'content-length' => '',
  'content-type' => '',
)
[ info ] [ PARAM ] array (
)
[ info ] [ RUN ] app\index\controller\Index->index[ /www/wwwroot/yanyanyang/www.lingdayun.com/application/index/controller/Index.php ]
[ info ] [ VIEW ] /www/wwwroot/yanyanyang/www.lingdayun.com/public/../application/index/view/index/index.html [ array (
) ]
[ info ] [ LOG ] INIT File

---------------------------------------------------------------
[ 2023-07-17T07:21:31+08:00 ] 10.0.8.4 159.75.198.97 GET /
[ log ] www.lingdayun.com/ [运行时间：0.015757s][吞吐率：63.46req/s] [内存消耗：1,710.14kb] [文件加载：44]
[ info ] [ LANG ] /www/wwwroot/yanyanyang/www.lingdayun.com/thinkphp/lang/zh-cn.php
[ info ] [ ROUTE ] array (
  'type' => 'module',
  'module' => 
  array (
    0 => '',
    1 => NULL,
    2 => NULL,
  ),
)
[ info ] [ HEADER ] array (
  'accept-encoding' => 'gzip',
  'referer' => 'http://www.lingdayun.com',
  'user-agent' => 'mozilla/5.0 (iphone; cpu iphone os 13_5_1 like mac os x) applewebkit/605.1.15 (khtml, like gecko) mobile/15e148 micromessenger/7.0.15(0x17000f2b) nettype/4g language/zh_cn miniprogram',
  'host' => 'www.lingdayun.com',
  'content-length' => '',
  'content-type' => '',
)
[ info ] [ PARAM ] array (
)
[ info ] [ RUN ] app\index\controller\Index->index[ /www/wwwroot/yanyanyang/www.lingdayun.com/application/index/controller/Index.php ]
[ info ] [ VIEW ] /www/wwwroot/yanyanyang/www.lingdayun.com/public/../application/index/view/index/index.html [ array (
) ]
[ info ] [ LOG ] INIT File

---------------------------------------------------------------
[ 2023-07-17T09:26:32+08:00 ] 10.0.8.4 107.172.5.251 GET /
[ log ] www.lingdayun.com/ [运行时间：0.018691s][吞吐率：53.50req/s] [内存消耗：1,711.34kb] [文件加载：44]
[ info ] [ LANG ] /www/wwwroot/yanyanyang/www.lingdayun.com/thinkphp/lang/zh-cn.php
[ info ] [ ROUTE ] array (
  'type' => 'module',
  'module' => 
  array (
    0 => '',
    1 => NULL,
    2 => NULL,
  ),
)
[ info ] [ HEADER ] array (
  'accept-encoding' => 'gzip',
  'accept-language' => 'en',
  'accept' => '*/*',
  'connection' => 'close',
  'user-agent' => 'Mozilla/5.0 (Macintosh; Intel Mac OS X 10_9_2) AppleWebKit/537.36 (KHTML, like Gecko) Chrome/52.0.2762.73 Safari/537.36',
  'host' => 'www.lingdayun.com',
  'content-length' => '',
  'content-type' => '',
)
[ info ] [ PARAM ] array (
)
[ info ] [ RUN ] app\index\controller\Index->index[ /www/wwwroot/yanyanyang/www.lingdayun.com/application/index/controller/Index.php ]
[ info ] [ VIEW ] /www/wwwroot/yanyanyang/www.lingdayun.com/public/../application/index/view/index/index.html [ array (
) ]
[ info ] [ LOG ] INIT File

---------------------------------------------------------------
[ 2023-07-17T09:26:34+08:00 ] 10.0.8.4 107.172.5.251 GET /?dev
[ log ] www.lingdayun.com/?dev [运行时间：0.016741s][吞吐率：59.73req/s] [内存消耗：1,711.60kb] [文件加载：44]
[ info ] [ LANG ] /www/wwwroot/yanyanyang/www.lingdayun.com/thinkphp/lang/zh-cn.php
[ info ] [ ROUTE ] array (
  'type' => 'module',
  'module' => 
  array (
    0 => '',
    1 => NULL,
    2 => NULL,
  ),
)
[ info ] [ HEADER ] array (
  'accept-encoding' => 'gzip',
  'accept-language' => 'en',
  'accept' => '*/*',
  'connection' => 'close',
  'user-agent' => 'Mozilla/5.0 (Windows NT 10.0) AppleWebKit/537.36 (KHTML, like Gecko) Chrome/40.0.2214.93 Safari/537.36',
  'host' => 'www.lingdayun.com',
  'content-length' => '',
  'content-type' => '',
)
[ info ] [ PARAM ] array (
  'dev' => '',
)
[ info ] [ RUN ] app\index\controller\Index->index[ /www/wwwroot/yanyanyang/www.lingdayun.com/application/index/controller/Index.php ]
[ info ] [ VIEW ] /www/wwwroot/yanyanyang/www.lingdayun.com/public/../application/index/view/index/index.html [ array (
) ]
[ info ] [ LOG ] INIT File

---------------------------------------------------------------
[ 2023-07-17T09:42:47+08:00 ] 10.0.8.4 51.222.253.9 GET /
[ log ] www.lingdayun.com/ [运行时间：0.016069s][吞吐率：62.23req/s] [内存消耗：1,709.58kb] [文件加载：44]
[ info ] [ LANG ] /www/wwwroot/yanyanyang/www.lingdayun.com/thinkphp/lang/zh-cn.php
[ info ] [ ROUTE ] array (
  'type' => 'module',
  'module' => 
  array (
    0 => '',
    1 => NULL,
    2 => NULL,
  ),
)
[ info ] [ HEADER ] array (
  'accept-encoding' => 'deflate, gzip, br',
  'accept' => '*/*',
  'user-agent' => 'Mozilla/5.0 (compatible; AhrefsBot/7.0; +http://ahrefs.com/robot/)',
  'host' => 'www.lingdayun.com',
  'content-length' => '',
  'content-type' => '',
)
[ info ] [ PARAM ] array (
)
[ info ] [ RUN ] app\index\controller\Index->index[ /www/wwwroot/yanyanyang/www.lingdayun.com/application/index/controller/Index.php ]
[ info ] [ VIEW ] /www/wwwroot/yanyanyang/www.lingdayun.com/public/../application/index/view/index/index.html [ array (
) ]
[ info ] [ LOG ] INIT File

---------------------------------------------------------------
[ 2023-07-17T11:37:53+08:00 ] 10.0.8.4 113.24.224.232 GET /
[ log ] www.lingdayun.com/ [运行时间：0.018586s][吞吐率：53.80req/s] [内存消耗：1,711.49kb] [文件加载：44]
[ info ] [ LANG ] /www/wwwroot/yanyanyang/www.lingdayun.com/thinkphp/lang/zh-cn.php
[ info ] [ ROUTE ] array (
  'type' => 'module',
  'module' => 
  array (
    0 => '',
    1 => NULL,
    2 => NULL,
  ),
)
[ info ] [ HEADER ] array (
  'host' => 'www.lingdayun.com',
  'accept-language' => 'en-US,*',
  'accept-encoding' => 'gzip, deflate',
  'connection' => 'Keep-Alive',
  'user-agent' => 'Mozilla/5.0 (Windows NT 6.1; WOW64; rv:43.0) Gecko/20100101 Firefox/43.0',
  'accept' => 'text/html,application/xhtml+xml,application/xml;q=0.9,*/*;q=0.8',
  'content-length' => '',
  'content-type' => '',
)
[ info ] [ PARAM ] array (
)
[ info ] [ RUN ] app\index\controller\Index->index[ /www/wwwroot/yanyanyang/www.lingdayun.com/application/index/controller/Index.php ]
[ info ] [ VIEW ] /www/wwwroot/yanyanyang/www.lingdayun.com/public/../application/index/view/index/index.html [ array (
) ]
[ info ] [ LOG ] INIT File

---------------------------------------------------------------
[ 2023-07-17T12:25:53+08:00 ] 10.0.8.4 107.172.83.34 GET /?q=%27%3E%22%3Csvg%2Fonload=confirm%28%27q%27%29%3E&s=%27%3E%22%3Csvg%2Fonload=confirm%28%27s%27%29%3E&search=%27%3E%22%3Csvg%2Fonload=confirm%28%27search%27%29%3E&id=%27%3E%22%3Csvg%2Fonload=confirm%28%27id%27%29%3E&action=%27%3E%22%3Csvg%2Fonload=confirm%28%27action%27%29%3E&keyword=%27%3E%22%3Csvg%2Fonload=confirm%28%27keyword%27%29%3E&query=%27%3E%22%3Csvg%2Fonload=confirm%28%27query%27%29%3E&page=%27%3E%22%3Csvg%2Fonload=confirm%28%27page%27%29%3E&keywords=%27%3E%22%3Csvg%2Fonload=confirm%28%27keywords%27%29%3E&url=%27%3E%22%3Csvg%2Fonload=confirm%28%27url%27%29%3E&view=%27%3E%22%3Csvg%2Fonload=confirm%28%27view%27%29%3E&cat=%27%3E%22%3Csvg%2Fonload=confirm%28%27cat%27%29%3E&name=%27%3E%22%3Csvg%2Fonload=confirm%28%27name%27%29%3E&key=%27%3E%22%3Csvg%2Fonload=confirm%28%27key%27%29%3E&p=%27%3E%22%3Csvg%2Fonload=confirm%28%27p%27%29%3E
[ log ] www.lingdayun.com/?q=%27%3E%22%3Csvg%2Fonload=confirm%28%27q%27%29%3E&s=%27%3E%22%3Csvg%2Fonload=confirm%28%27s%27%29%3E&search=%27%3E%22%3Csvg%2Fonload=confirm%28%27search%27%29%3E&id=%27%3E%22%3Csvg%2Fonload=confirm%28%27id%27%29%3E&action=%27%3E%22%3Csvg%2Fonload=confirm%28%27action%27%29%3E&keyword=%27%3E%22%3Csvg%2Fonload=confirm%28%27keyword%27%29%3E&query=%27%3E%22%3Csvg%2Fonload=confirm%28%27query%27%29%3E&page=%27%3E%22%3Csvg%2Fonload=confirm%28%27page%27%29%3E&keywords=%27%3E%22%3Csvg%2Fonload=confirm%28%27keywords%27%29%3E&url=%27%3E%22%3Csvg%2Fonload=confirm%28%27url%27%29%3E&view=%27%3E%22%3Csvg%2Fonload=confirm%28%27view%27%29%3E&cat=%27%3E%22%3Csvg%2Fonload=confirm%28%27cat%27%29%3E&name=%27%3E%22%3Csvg%2Fonload=confirm%28%27name%27%29%3E&key=%27%3E%22%3Csvg%2Fonload=confirm%28%27key%27%29%3E&p=%27%3E%22%3Csvg%2Fonload=confirm%28%27p%27%29%3E [运行时间：0.015892s][吞吐率：62.92req/s] [内存消耗：1,470.92kb] [文件加载：40]
[ info ] [ LANG ] /www/wwwroot/yanyanyang/www.lingdayun.com/thinkphp/lang/zh-cn.php
[ info ] [ ROUTE ] array (
  'type' => 'module',
  'module' => 
  array (
    0 => '\'>"<svg',
    1 => 'onload=confirm(\'s\')>',
    2 => NULL,
  ),
)
[ info ] [ HEADER ] array (
  'accept-encoding' => 'gzip',
  'accept-language' => 'en',
  'accept' => '*/*',
  'connection' => 'close',
  'user-agent' => 'Mozilla/5.0 (X11; OpenBSD i386) AppleWebKit/537.36 (KHTML, like Gecko) Chrome/36.0.1985.125 Safari/537.36',
  'host' => 'www.lingdayun.com',
  'content-length' => '',
  'content-type' => '',
)
[ info ] [ PARAM ] array (
  'q' => '\'>"<svg/onload=confirm(\'q\')>',
  'search' => '\'>"<svg/onload=confirm(\'search\')>',
  'id' => '\'>"<svg/onload=confirm(\'id\')>',
  'action' => '\'>"<svg/onload=confirm(\'action\')>',
  'keyword' => '\'>"<svg/onload=confirm(\'keyword\')>',
  'query' => '\'>"<svg/onload=confirm(\'query\')>',
  'page' => '\'>"<svg/onload=confirm(\'page\')>',
  'keywords' => '\'>"<svg/onload=confirm(\'keywords\')>',
  'url' => '\'>"<svg/onload=confirm(\'url\')>',
  'view' => '\'>"<svg/onload=confirm(\'view\')>',
  'cat' => '\'>"<svg/onload=confirm(\'cat\')>',
  'name' => '\'>"<svg/onload=confirm(\'name\')>',
  'key' => '\'>"<svg/onload=confirm(\'key\')>',
  'p' => '\'>"<svg/onload=confirm(\'p\')>',
)
[ info ] [ LOG ] INIT File

---------------------------------------------------------------
[ 2023-07-17T12:25:53+08:00 ] 10.0.8.4 107.172.83.34 GET /?api=%27%3E%22%3Csvg%2Fonload=confirm%28%27api%27%29%3E&api_key=%27%3E%22%3Csvg%2Fonload=confirm%28%27api_key%27%29%3E&begindate=%27%3E%22%3Csvg%2Fonload=confirm%28%27begindate%27%29%3E&callback=%27%3E%22%3Csvg%2Fonload=confirm%28%27callback%27%29%3E&categoryid=%27%3E%22%3Csvg%2Fonload=confirm%28%27categoryid%27%29%3E&csrf_token=%27%3E%22%3Csvg%2Fonload=confirm%28%27csrf_token%27%29%3E&email=%27%3E%22%3Csvg%2Fonload=confirm%28%27email%27%29%3E&emailto=%27%3E%22%3Csvg%2Fonload=confirm%28%27emailto%27%29%3E&enddate=%27%3E%22%3Csvg%2Fonload=confirm%28%27enddate%27%29%3E&immagine=%27%3E%22%3Csvg%2Fonload=confirm%28%27immagine%27%29%3E&item=%27%3E%22%3Csvg%2Fonload=confirm%28%27item%27%29%3E&jsonp=%27%3E%22%3Csvg%2Fonload=confirm%28%27jsonp%27%29%3E&l=%27%3E%22%3Csvg%2Fonload=confirm%28%27l%27%29%3E&lang=%27%3E%22%3Csvg%2Fonload=confirm%28%27lang%27%29%3E&list_type=%27%3E%22%3Csvg%2Fonload=confirm%28%27list_type%27%29%3E
[ log ] www.lingdayun.com/?api=%27%3E%22%3Csvg%2Fonload=confirm%28%27api%27%29%3E&api_key=%27%3E%22%3Csvg%2Fonload=confirm%28%27api_key%27%29%3E&begindate=%27%3E%22%3Csvg%2Fonload=confirm%28%27begindate%27%29%3E&callback=%27%3E%22%3Csvg%2Fonload=confirm%28%27callback%27%29%3E&categoryid=%27%3E%22%3Csvg%2Fonload=confirm%28%27categoryid%27%29%3E&csrf_token=%27%3E%22%3Csvg%2Fonload=confirm%28%27csrf_token%27%29%3E&email=%27%3E%22%3Csvg%2Fonload=confirm%28%27email%27%29%3E&emailto=%27%3E%22%3Csvg%2Fonload=confirm%28%27emailto%27%29%3E&enddate=%27%3E%22%3Csvg%2Fonload=confirm%28%27enddate%27%29%3E&immagine=%27%3E%22%3Csvg%2Fonload=confirm%28%27immagine%27%29%3E&item=%27%3E%22%3Csvg%2Fonload=confirm%28%27item%27%29%3E&jsonp=%27%3E%22%3Csvg%2Fonload=confirm%28%27jsonp%27%29%3E&l=%27%3E%22%3Csvg%2Fonload=confirm%28%27l%27%29%3E&lang=%27%3E%22%3Csvg%2Fonload=confirm%28%27lang%27%29%3E&list_type=%27%3E%22%3Csvg%2Fonload=confirm%28%27list_type%27%29%3E [运行时间：0.018246s][吞吐率：54.81req/s] [内存消耗：1,717.73kb] [文件加载：44]
[ info ] [ LANG ] /www/wwwroot/yanyanyang/www.lingdayun.com/thinkphp/lang/zh-cn.php
[ info ] [ ROUTE ] array (
  'type' => 'module',
  'module' => 
  array (
    0 => '',
    1 => NULL,
    2 => NULL,
  ),
)
[ info ] [ HEADER ] array (
  'accept-encoding' => 'gzip',
  'accept-language' => 'en',
  'accept' => '*/*',
  'connection' => 'close',
  'user-agent' => 'Mozilla/5.0 (Windows NT 5.1) AppleWebKit/537.36 (KHTML, like Gecko) Chrome/41.0.2224.3 Safari/537.36',
  'host' => 'www.lingdayun.com',
  'content-length' => '',
  'content-type' => '',
)
[ info ] [ PARAM ] array (
  'api' => '\'>"<svg/onload=confirm(\'api\')>',
  'api_key' => '\'>"<svg/onload=confirm(\'api_key\')>',
  'begindate' => '\'>"<svg/onload=confirm(\'begindate\')>',
  'callback' => '\'>"<svg/onload=confirm(\'callback\')>',
  'categoryid' => '\'>"<svg/onload=confirm(\'categoryid\')>',
  'csrf_token' => '\'>"<svg/onload=confirm(\'csrf_token\')>',
  'email' => '\'>"<svg/onload=confirm(\'email\')>',
  'emailto' => '\'>"<svg/onload=confirm(\'emailto\')>',
  'enddate' => '\'>"<svg/onload=confirm(\'enddate\')>',
  'immagine' => '\'>"<svg/onload=confirm(\'immagine\')>',
  'item' => '\'>"<svg/onload=confirm(\'item\')>',
  'jsonp' => '\'>"<svg/onload=confirm(\'jsonp\')>',
  'l' => '\'>"<svg/onload=confirm(\'l\')>',
  'lang' => '\'>"<svg/onload=confirm(\'lang\')>',
  'list_type' => '\'>"<svg/onload=confirm(\'list_type\')>',
)
[ info ] [ RUN ] app\index\controller\Index->index[ /www/wwwroot/yanyanyang/www.lingdayun.com/application/index/controller/Index.php ]
[ info ] [ VIEW ] /www/wwwroot/yanyanyang/www.lingdayun.com/public/../application/index/view/index/index.html [ array (
) ]
[ info ] [ LOG ] INIT File

---------------------------------------------------------------
[ 2023-07-17T12:25:54+08:00 ] 10.0.8.4 107.172.83.34 GET /?month=%27%3E%22%3Csvg%2Fonload=confirm%28%27month%27%29%3E&page_id=%27%3E%22%3Csvg%2Fonload=confirm%28%27page_id%27%29%3E&password=%27%3E%22%3Csvg%2Fonload=confirm%28%27password%27%29%3E&terms=%27%3E%22%3Csvg%2Fonload=confirm%28%27terms%27%29%3E&token=%27%3E%22%3Csvg%2Fonload=confirm%28%27token%27%29%3E&type=%27%3E%22%3Csvg%2Fonload=confirm%28%27type%27%29%3E&unsubscribe_token=%27%3E%22%3Csvg%2Fonload=confirm%28%27unsubscribe_token%27%29%3E&year=%27%3E%22%3Csvg%2Fonload=confirm%28%27year%27%29%3E
[ log ] www.lingdayun.com/?month=%27%3E%22%3Csvg%2Fonload=confirm%28%27month%27%29%3E&page_id=%27%3E%22%3Csvg%2Fonload=confirm%28%27page_id%27%29%3E&password=%27%3E%22%3Csvg%2Fonload=confirm%28%27password%27%29%3E&terms=%27%3E%22%3Csvg%2Fonload=confirm%28%27terms%27%29%3E&token=%27%3E%22%3Csvg%2Fonload=confirm%28%27token%27%29%3E&type=%27%3E%22%3Csvg%2Fonload=confirm%28%27type%27%29%3E&unsubscribe_token=%27%3E%22%3Csvg%2Fonload=confirm%28%27unsubscribe_token%27%29%3E&year=%27%3E%22%3Csvg%2Fonload=confirm%28%27year%27%29%3E [运行时间：0.017275s][吞吐率：57.89req/s] [内存消耗：1,714.96kb] [文件加载：44]
[ info ] [ LANG ] /www/wwwroot/yanyanyang/www.lingdayun.com/thinkphp/lang/zh-cn.php
[ info ] [ ROUTE ] array (
  'type' => 'module',
  'module' => 
  array (
    0 => '',
    1 => NULL,
    2 => NULL,
  ),
)
[ info ] [ HEADER ] array (
  'accept-encoding' => 'gzip',
  'accept-language' => 'en',
  'accept' => '*/*',
  'connection' => 'close',
  'user-agent' => 'Mozilla/5.0 (X11; Linux x86_64) AppleWebKit/537.36 (KHTML, like Gecko) Chrome/41.0.2227.0 Safari/537.36',
  'host' => 'www.lingdayun.com',
  'content-length' => '',
  'content-type' => '',
)
[ info ] [ PARAM ] array (
  'month' => '\'>"<svg/onload=confirm(\'month\')>',
  'page_id' => '\'>"<svg/onload=confirm(\'page_id\')>',
  'password' => '\'>"<svg/onload=confirm(\'password\')>',
  'terms' => '\'>"<svg/onload=confirm(\'terms\')>',
  'token' => '\'>"<svg/onload=confirm(\'token\')>',
  'type' => '\'>"<svg/onload=confirm(\'type\')>',
  'unsubscribe_token' => '\'>"<svg/onload=confirm(\'unsubscribe_token\')>',
  'year' => '\'>"<svg/onload=confirm(\'year\')>',
)
[ info ] [ RUN ] app\index\controller\Index->index[ /www/wwwroot/yanyanyang/www.lingdayun.com/application/index/controller/Index.php ]
[ info ] [ VIEW ] /www/wwwroot/yanyanyang/www.lingdayun.com/public/../application/index/view/index/index.html [ array (
) ]
[ info ] [ LOG ] INIT File

---------------------------------------------------------------
[ 2023-07-17T13:22:50+08:00 ] 10.0.8.4 72.13.62.27 GET /
[ log ] www.lingdayun.com/ [运行时间：0.016517s][吞吐率：60.54req/s] [内存消耗：1,711.70kb] [文件加载：44]
[ info ] [ LANG ] /www/wwwroot/yanyanyang/www.lingdayun.com/thinkphp/lang/zh-cn.php
[ info ] [ ROUTE ] array (
  'type' => 'module',
  'module' => 
  array (
    0 => '',
    1 => NULL,
    2 => NULL,
  ),
)
[ info ] [ HEADER ] array (
  'accept-encoding' => 'gzip,deflate',
  'connection' => 'Keep-Alive',
  'user-agent' => 'Mozilla/5.0 (compatible; ips-agent)',
  'accept-language' => 'en-us,en;q=0.8',
  'accept' => 'text/html,text/plain,*/*',
  'from' => 'wc@verisign.com',
  'host' => 'www.lingdayun.com',
  'content-length' => '',
  'content-type' => '',
)
[ info ] [ PARAM ] array (
)
[ info ] [ RUN ] app\index\controller\Index->index[ /www/wwwroot/yanyanyang/www.lingdayun.com/application/index/controller/Index.php ]
[ info ] [ VIEW ] /www/wwwroot/yanyanyang/www.lingdayun.com/public/../application/index/view/index/index.html [ array (
) ]
[ info ] [ LOG ] INIT File

---------------------------------------------------------------
[ 2023-07-17T13:35:11+08:00 ] 10.0.8.4 195.191.219.133 GET /
[ log ] www.lingdayun.com/ [运行时间：0.016651s][吞吐率：60.06req/s] [内存消耗：1,710.41kb] [文件加载：44]
[ info ] [ LANG ] /www/wwwroot/yanyanyang/www.lingdayun.com/thinkphp/lang/zh-cn.php
[ info ] [ ROUTE ] array (
  'type' => 'module',
  'module' => 
  array (
    0 => '',
    1 => NULL,
    2 => NULL,
  ),
)
[ info ] [ HEADER ] array (
  'host' => 'www.lingdayun.com',
  'accept-language' => 'en',
  'accept-encoding' => 'br,gzip',
  'user-agent' => 'Mozilla/5.0 (compatible; MJ12bot/v1.4.8; http://mj12bot.com/)',
  'accept' => 'text/html,text/plain,text/xml,text/*,application/xml,application/xhtml+xml,application/rss+xml,application/atom+xml,application/rdf+xml,application/php,application/x-php,application/x-httpd-php',
  'content-length' => '',
  'content-type' => '',
)
[ info ] [ PARAM ] array (
)
[ info ] [ RUN ] app\index\controller\Index->index[ /www/wwwroot/yanyanyang/www.lingdayun.com/application/index/controller/Index.php ]
[ info ] [ VIEW ] /www/wwwroot/yanyanyang/www.lingdayun.com/public/../application/index/view/index/index.html [ array (
) ]
[ info ] [ LOG ] INIT File

---------------------------------------------------------------
[ 2023-07-17T13:35:20+08:00 ] 10.0.8.4 195.191.219.133 GET /
[ log ] www.lingdayun.com/ [运行时间：0.019738s][吞吐率：50.66req/s] [内存消耗：1,710.41kb] [文件加载：44]
[ info ] [ LANG ] /www/wwwroot/yanyanyang/www.lingdayun.com/thinkphp/lang/zh-cn.php
[ info ] [ ROUTE ] array (
  'type' => 'module',
  'module' => 
  array (
    0 => '',
    1 => NULL,
    2 => NULL,
  ),
)
[ info ] [ HEADER ] array (
  'host' => 'www.lingdayun.com',
  'accept-language' => 'en',
  'accept-encoding' => 'br,gzip',
  'user-agent' => 'Mozilla/5.0 (compatible; MJ12bot/v1.4.8; http://mj12bot.com/)',
  'accept' => 'text/html,text/plain,text/xml,text/*,application/xml,application/xhtml+xml,application/rss+xml,application/atom+xml,application/rdf+xml,application/php,application/x-php,application/x-httpd-php',
  'content-length' => '',
  'content-type' => '',
)
[ info ] [ PARAM ] array (
)
[ info ] [ RUN ] app\index\controller\Index->index[ /www/wwwroot/yanyanyang/www.lingdayun.com/application/index/controller/Index.php ]
[ info ] [ VIEW ] /www/wwwroot/yanyanyang/www.lingdayun.com/public/../application/index/view/index/index.html [ array (
) ]
[ info ] [ LOG ] INIT File

---------------------------------------------------------------
[ 2023-07-17T14:37:13+08:00 ] 10.0.8.4 123.57.13.121 GET /
[ log ] www.lingdayun.com/ [运行时间：0.016745s][吞吐率：59.72req/s] [内存消耗：1,710.00kb] [文件加载：44]
[ info ] [ LANG ] /www/wwwroot/yanyanyang/www.lingdayun.com/thinkphp/lang/zh-cn.php
[ info ] [ ROUTE ] array (
  'type' => 'module',
  'module' => 
  array (
    0 => '',
    1 => NULL,
    2 => NULL,
  ),
)
[ info ] [ HEADER ] array (
  'host' => 'www.lingdayun.com',
  'connection' => 'keep-alive',
  'accept' => '*/*',
  'accept-encoding' => 'gzip, deflate',
  'user-agent' => 'Mozilla/5.0 (Windows NT 10.0; Win64; x64) AppleWebKit/537.36 (KHTML, like Gecko) Chrome/104.0.0.0 Safari/537.36',
  'content-length' => '',
  'content-type' => '',
)
[ info ] [ PARAM ] array (
)
[ info ] [ RUN ] app\index\controller\Index->index[ /www/wwwroot/yanyanyang/www.lingdayun.com/application/index/controller/Index.php ]
[ info ] [ VIEW ] /www/wwwroot/yanyanyang/www.lingdayun.com/public/../application/index/view/index/index.html [ array (
) ]
[ info ] [ LOG ] INIT File

---------------------------------------------------------------
[ 2023-07-17T15:24:49+08:00 ] 10.0.8.4 123.180.213.191 GET /
[ log ] www.lingdayun.com/ [运行时间：0.018673s][吞吐率：53.55req/s] [内存消耗：1,711.59kb] [文件加载：44]
[ info ] [ LANG ] /www/wwwroot/yanyanyang/www.lingdayun.com/thinkphp/lang/zh-cn.php
[ info ] [ ROUTE ] array (
  'type' => 'module',
  'module' => 
  array (
    0 => '',
    1 => NULL,
    2 => NULL,
  ),
)
[ info ] [ HEADER ] array (
  'authorization' => 'Basic MjAyMjA4MDgxNDE3MDkzOTg0OjMyNDA3Mjcw',
  'connection' => 'close',
  'host' => 'www.lingdayun.com',
  'user-agent' => 'Mozilla/5.0 (Windows NT 10.0; Win64; x64) AppleWebKit/537.36 (KHTML, like Gecko) Chrome/87.0.4280.141 Safari/537.36',
  'accept' => 'application/json, text/plain, */*',
  'content-length' => '',
  'content-type' => '',
)
[ info ] [ PARAM ] array (
)
[ info ] [ RUN ] app\index\controller\Index->index[ /www/wwwroot/yanyanyang/www.lingdayun.com/application/index/controller/Index.php ]
[ info ] [ VIEW ] /www/wwwroot/yanyanyang/www.lingdayun.com/public/../application/index/view/index/index.html [ array (
) ]
[ info ] [ LOG ] INIT File

---------------------------------------------------------------
[ 2023-07-17T17:12:09+08:00 ] 10.0.8.4 114.242.236.157 GET /
[ log ] www.lingdayun.com/ [运行时间：0.018938s][吞吐率：52.80req/s] [内存消耗：1,715.52kb] [文件加载：44]
[ info ] [ LANG ] /www/wwwroot/yanyanyang/www.lingdayun.com/thinkphp/lang/zh-cn.php
[ info ] [ ROUTE ] array (
  'type' => 'module',
  'module' => 
  array (
    0 => '',
    1 => NULL,
    2 => NULL,
  ),
)
[ info ] [ HEADER ] array (
  'accept-language' => 'zh-CN,zh;q=0.9,en;q=0.8,en-GB;q=0.7,en-US;q=0.6',
  'accept-encoding' => 'gzip, deflate, br',
  'sec-fetch-dest' => 'document',
  'sec-fetch-user' => '?1',
  'sec-fetch-mode' => 'navigate',
  'sec-fetch-site' => 'none',
  'accept' => 'text/html,application/xhtml+xml,application/xml;q=0.9,image/webp,image/apng,*/*;q=0.8,application/signed-exchange;v=b3;q=0.7',
  'user-agent' => 'Mozilla/5.0 (Windows NT 10.0; Win64; x64) AppleWebKit/537.36 (KHTML, like Gecko) Chrome/114.0.0.0 Safari/537.36 Edg/114.0.1823.82',
  'upgrade-insecure-requests' => '1',
  'sec-ch-ua-platform' => '"Windows"',
  'sec-ch-ua-mobile' => '?0',
  'sec-ch-ua' => '"Not.A/Brand";v="8", "Chromium";v="114", "Microsoft Edge";v="114"',
  'host' => 'www.lingdayun.com',
  'content-length' => '',
  'content-type' => '',
)
[ info ] [ PARAM ] array (
)
[ info ] [ RUN ] app\index\controller\Index->index[ /www/wwwroot/yanyanyang/www.lingdayun.com/application/index/controller/Index.php ]
[ info ] [ VIEW ] /www/wwwroot/yanyanyang/www.lingdayun.com/public/../application/index/view/index/index.html [ array (
) ]
[ info ] [ LOG ] INIT File

---------------------------------------------------------------
[ 2023-07-17T17:13:36+08:00 ] 10.0.8.4 39.106.11.231 GET /
[ log ] www.lingdayun.com/ [运行时间：0.020094s][吞吐率：49.77req/s] [内存消耗：1,709.72kb] [文件加载：44]
[ info ] [ LANG ] /www/wwwroot/yanyanyang/www.lingdayun.com/thinkphp/lang/zh-cn.php
[ info ] [ ROUTE ] array (
  'type' => 'module',
  'module' => 
  array (
    0 => '',
    1 => NULL,
    2 => NULL,
  ),
)
[ info ] [ HEADER ] array (
  'accept-encoding' => 'gzip',
  'accept' => '*/*',
  'user-agent' => 'Mozilla/5.0 (Windows NT 10.0; Win64; x64) AppleWebKit/537.36 (KHTML, like Gecko) Chrome/102.0.0.0 Safari/537.36',
  'host' => 'www.lingdayun.com',
  'content-length' => '',
  'content-type' => '',
)
[ info ] [ PARAM ] array (
)
[ info ] [ RUN ] app\index\controller\Index->index[ /www/wwwroot/yanyanyang/www.lingdayun.com/application/index/controller/Index.php ]
[ info ] [ VIEW ] /www/wwwroot/yanyanyang/www.lingdayun.com/public/../application/index/view/index/index.html [ array (
) ]
[ info ] [ LOG ] INIT File

---------------------------------------------------------------
[ 2023-07-17T19:14:46+08:00 ] 10.0.8.4 124.71.166.204 GET /
[ log ] www.lingdayun.com/ [运行时间：0.018480s][吞吐率：54.11req/s] [内存消耗：1,711.82kb] [文件加载：44]
[ info ] [ LANG ] /www/wwwroot/yanyanyang/www.lingdayun.com/thinkphp/lang/zh-cn.php
[ info ] [ ROUTE ] array (
  'type' => 'module',
  'module' => 
  array (
    0 => '',
    1 => NULL,
    2 => NULL,
  ),
)
[ info ] [ HEADER ] array (
  'accept-encoding' => 'gzip',
  'upgrade-insecure-requests' => '1',
  'user-agent' => 'Mozilla/5.0 (Windows NT 6.7; Win64; x64) AppleWebKit/537.36 (KHTML, like Gecko) Chrome/74.0.1620.88 Safari/537.36',
  'accept-language' => 'zh-CN, zh; q=0.9, en; q=0.8, ko; q=0.7',
  'accept' => 'text/html, application/xhtml+xml, application/xml; q=0.9, image/webp; q=0.8',
  'host' => 'www.lingdayun.com',
  'content-length' => '',
  'content-type' => '',
)
[ info ] [ PARAM ] array (
)
[ info ] [ RUN ] app\index\controller\Index->index[ /www/wwwroot/yanyanyang/www.lingdayun.com/application/index/controller/Index.php ]
[ info ] [ VIEW ] /www/wwwroot/yanyanyang/www.lingdayun.com/public/../application/index/view/index/index.html [ array (
) ]
[ info ] [ LOG ] INIT File

---------------------------------------------------------------
[ 2023-07-17T19:16:10+08:00 ] 10.0.8.4 124.71.166.204 GET /
[ log ] www.lingdayun.com/ [运行时间：0.016231s][吞吐率：61.61req/s] [内存消耗：1,711.82kb] [文件加载：44]
[ info ] [ LANG ] /www/wwwroot/yanyanyang/www.lingdayun.com/thinkphp/lang/zh-cn.php
[ info ] [ ROUTE ] array (
  'type' => 'module',
  'module' => 
  array (
    0 => '',
    1 => NULL,
    2 => NULL,
  ),
)
[ info ] [ HEADER ] array (
  'accept-encoding' => 'gzip',
  'upgrade-insecure-requests' => '1',
  'user-agent' => 'Mozilla/5.0 (Windows NT 5.8; Win64; x64) AppleWebKit/537.36 (KHTML, like Gecko) Chrome/75.0.2944.88 Safari/537.36',
  'accept-language' => 'zh-CN, zh; q=0.9, en; q=0.8, ko; q=0.7',
  'accept' => 'text/html, application/xhtml+xml, application/xml; q=0.9, image/webp; q=0.8',
  'host' => 'www.lingdayun.com',
  'content-length' => '',
  'content-type' => '',
)
[ info ] [ PARAM ] array (
)
[ info ] [ RUN ] app\index\controller\Index->index[ /www/wwwroot/yanyanyang/www.lingdayun.com/application/index/controller/Index.php ]
[ info ] [ VIEW ] /www/wwwroot/yanyanyang/www.lingdayun.com/public/../application/index/view/index/index.html [ array (
) ]
[ info ] [ LOG ] INIT File

---------------------------------------------------------------
[ 2023-07-17T20:01:06+08:00 ] 10.0.8.4 27.124.45.54 GET /index.php?m=admin&c=index&a=login
[ log ] www.lingdayun.com/index.php?m=admin&c=index&a=login [运行时间：0.020514s][吞吐率：48.75req/s] [内存消耗：1,710.15kb] [文件加载：44]
[ info ] [ LANG ] /www/wwwroot/yanyanyang/www.lingdayun.com/thinkphp/lang/zh-cn.php
[ info ] [ ROUTE ] array (
  'type' => 'module',
  'module' => 
  array (
    0 => '',
    1 => NULL,
    2 => NULL,
  ),
)
[ info ] [ HEADER ] array (
  'connection' => 'keep-alive',
  'accept' => '*/*',
  'accept-encoding' => 'gzip, deflate',
  'user-agent' => 'python-requests/2.24.0',
  'host' => 'www.lingdayun.com',
  'content-length' => '',
  'content-type' => '',
)
[ info ] [ PARAM ] array (
  'm' => 'admin',
  'c' => 'index',
  'a' => 'login',
)
[ info ] [ RUN ] app\index\controller\Index->index[ /www/wwwroot/yanyanyang/www.lingdayun.com/application/index/controller/Index.php ]
[ info ] [ VIEW ] /www/wwwroot/yanyanyang/www.lingdayun.com/public/../application/index/view/index/index.html [ array (
) ]
[ info ] [ LOG ] INIT File

---------------------------------------------------------------
