[ 2023-07-18T00:12:31+08:00 ] 10.0.8.4 144.217.135.131 GET /
[ log ] www.lingdayun.com/ [运行时间：0.016461s][吞吐率：60.75req/s] [内存消耗：1,711.04kb] [文件加载：44]
[ info ] [ LANG ] /www/wwwroot/yanyanyang/www.lingdayun.com/thinkphp/lang/zh-cn.php
[ info ] [ ROUTE ] array (
  'type' => 'module',
  'module' => 
  array (
    0 => '',
    1 => NULL,
    2 => NULL,
  ),
)
[ info ] [ HEADER ] array (
  'connection' => 'keep-alive',
  'host' => 'www.lingdayun.com',
  'accept-encoding' => '',
  'user-agent' => 'Mozilla/5.0 (compatible; Dataprovider.com)',
  'accept-language' => 'en-US,en;q=0.8',
  'accept' => '*/*',
  'content-length' => '',
  'content-type' => '',
)
[ info ] [ PARAM ] array (
)
[ info ] [ RUN ] app\index\controller\Index->index[ /www/wwwroot/yanyanyang/www.lingdayun.com/application/index/controller/Index.php ]
[ info ] [ VIEW ] /www/wwwroot/yanyanyang/www.lingdayun.com/public/../application/index/view/index/index.html [ array (
) ]
[ info ] [ LOG ] INIT File

---------------------------------------------------------------
[ 2023-07-18T00:12:34+08:00 ] 10.0.8.4 144.217.135.131 GET /
[ log ] www.lingdayun.com/ [运行时间：0.016102s][吞吐率：62.10req/s] [内存消耗：1,711.05kb] [文件加载：44]
[ info ] [ LANG ] /www/wwwroot/yanyanyang/www.lingdayun.com/thinkphp/lang/zh-cn.php
[ info ] [ ROUTE ] array (
  'type' => 'module',
  'module' => 
  array (
    0 => '',
    1 => NULL,
    2 => NULL,
  ),
)
[ info ] [ HEADER ] array (
  'connection' => 'keep-alive',
  'host' => 'www.lingdayun.com',
  'accept-encoding' => '',
  'user-agent' => 'Mozilla/5.0 (compatible; Dataprovider.com)',
  'accept-language' => 'en-US,en;q=0.8',
  'accept' => '*/*',
  'content-length' => '',
  'content-type' => '',
)
[ info ] [ PARAM ] array (
)
[ info ] [ RUN ] app\index\controller\Index->index[ /www/wwwroot/yanyanyang/www.lingdayun.com/application/index/controller/Index.php ]
[ info ] [ VIEW ] /www/wwwroot/yanyanyang/www.lingdayun.com/public/../application/index/view/index/index.html [ array (
) ]
[ info ] [ LOG ] INIT File

---------------------------------------------------------------
[ 2023-07-18T00:12:54+08:00 ] 10.0.8.4 144.217.135.131 GET /
[ log ] www.lingdayun.com/ [运行时间：0.017818s][吞吐率：56.12req/s] [内存消耗：1,711.41kb] [文件加载：44]
[ info ] [ LANG ] /www/wwwroot/yanyanyang/www.lingdayun.com/thinkphp/lang/zh-cn.php
[ info ] [ ROUTE ] array (
  'type' => 'module',
  'module' => 
  array (
    0 => '',
    1 => NULL,
    2 => NULL,
  ),
)
[ info ] [ HEADER ] array (
  'connection' => 'keep-alive',
  'host' => 'www.lingdayun.com',
  'accept-encoding' => '',
  'user-agent' => 'Mozilla/5.0 (Linux; Android 10; SM-G981B) AppleWebKit/537.36 (KHTML, like Gecko) Chrome/80.0.3987.162 Mobile Safari/537.36',
  'accept-language' => 'en-US,en;q=0.8',
  'accept' => '*/*',
  'content-length' => '',
  'content-type' => '',
)
[ info ] [ PARAM ] array (
)
[ info ] [ RUN ] app\index\controller\Index->index[ /www/wwwroot/yanyanyang/www.lingdayun.com/application/index/controller/Index.php ]
[ info ] [ VIEW ] /www/wwwroot/yanyanyang/www.lingdayun.com/public/../application/index/view/index/index.html [ array (
) ]
[ info ] [ LOG ] INIT File

---------------------------------------------------------------
[ 2023-07-18T00:13:26+08:00 ] 10.0.8.4 144.217.135.198 GET /
[ log ] www.lingdayun.com/ [运行时间：0.017209s][吞吐率：58.11req/s] [内存消耗：1,714.13kb] [文件加载：44]
[ info ] [ LANG ] /www/wwwroot/yanyanyang/www.lingdayun.com/thinkphp/lang/zh-cn.php
[ info ] [ ROUTE ] array (
  'type' => 'module',
  'module' => 
  array (
    0 => '',
    1 => NULL,
    2 => NULL,
  ),
)
[ info ] [ HEADER ] array (
  'accept-language' => 'en-US',
  'accept-encoding' => 'gzip, deflate, br',
  'sec-fetch-dest' => 'document',
  'sec-fetch-user' => '?1',
  'sec-fetch-mode' => 'navigate',
  'sec-fetch-site' => 'none',
  'accept' => 'text/html,application/xhtml+xml,application/xml;q=0.9,image/avif,image/webp,image/apng,*/*;q=0.8,application/signed-exchange;v=b3;q=0.9',
  'user-agent' => 'Mozilla/5.0 (compatible; Dataprovider.com)',
  'upgrade-insecure-requests' => '1',
  'host' => 'www.lingdayun.com',
  'content-length' => '',
  'content-type' => '',
)
[ info ] [ PARAM ] array (
)
[ info ] [ RUN ] app\index\controller\Index->index[ /www/wwwroot/yanyanyang/www.lingdayun.com/application/index/controller/Index.php ]
[ info ] [ VIEW ] /www/wwwroot/yanyanyang/www.lingdayun.com/public/../application/index/view/index/index.html [ array (
) ]
[ info ] [ LOG ] INIT File

---------------------------------------------------------------
[ 2023-07-18T01:09:06+08:00 ] 10.0.8.4 211.149.202.5 GET /
[ log ] www.lingdayun.com/ [运行时间：0.016140s][吞吐率：61.96req/s] [内存消耗：1,711.86kb] [文件加载：44]
[ info ] [ LANG ] /www/wwwroot/yanyanyang/www.lingdayun.com/thinkphp/lang/zh-cn.php
[ info ] [ ROUTE ] array (
  'type' => 'module',
  'module' => 
  array (
    0 => '',
    1 => NULL,
    2 => NULL,
  ),
)
[ info ] [ HEADER ] array (
  'client-ip' => '255.55.22.2',
  'x-forwarded-for' => '1.99.26.18',
  'referer' => 'http://www.baidu.com/search/spider.html',
  'accept-encoding' => 'deflate, gzip',
  'accept' => '*/*',
  'user-agent' => 'Mozilla/5.0 (compatible; Baiduspider/2.0; +http://www.baidu.com/search/spider.html)',
  'host' => 'www.lingdayun.com',
  'content-length' => '',
  'content-type' => '',
)
[ info ] [ PARAM ] array (
)
[ info ] [ RUN ] app\index\controller\Index->index[ /www/wwwroot/yanyanyang/www.lingdayun.com/application/index/controller/Index.php ]
[ info ] [ VIEW ] /www/wwwroot/yanyanyang/www.lingdayun.com/public/../application/index/view/index/index.html [ array (
) ]
[ info ] [ LOG ] INIT File

---------------------------------------------------------------
[ 2023-07-18T01:11:53+08:00 ] 10.0.8.4 39.106.11.231 GET /
[ log ] www.lingdayun.com/ [运行时间：0.018065s][吞吐率：55.36req/s] [内存消耗：1,709.72kb] [文件加载：44]
[ info ] [ LANG ] /www/wwwroot/yanyanyang/www.lingdayun.com/thinkphp/lang/zh-cn.php
[ info ] [ ROUTE ] array (
  'type' => 'module',
  'module' => 
  array (
    0 => '',
    1 => NULL,
    2 => NULL,
  ),
)
[ info ] [ HEADER ] array (
  'accept-encoding' => 'gzip',
  'accept' => '*/*',
  'user-agent' => 'Mozilla/5.0 (Windows NT 10.0; Win64; x64) AppleWebKit/537.36 (KHTML, like Gecko) Chrome/102.0.0.0 Safari/537.36',
  'host' => 'www.lingdayun.com',
  'content-length' => '',
  'content-type' => '',
)
[ info ] [ PARAM ] array (
)
[ info ] [ RUN ] app\index\controller\Index->index[ /www/wwwroot/yanyanyang/www.lingdayun.com/application/index/controller/Index.php ]
[ info ] [ VIEW ] /www/wwwroot/yanyanyang/www.lingdayun.com/public/../application/index/view/index/index.html [ array (
) ]
[ info ] [ LOG ] INIT File

---------------------------------------------------------------
[ 2023-07-18T01:50:18+08:00 ] 10.0.8.4 51.222.253.10 GET /
[ log ] www.lingdayun.com/ [运行时间：0.017420s][吞吐率：57.41req/s] [内存消耗：1,709.58kb] [文件加载：44]
[ info ] [ LANG ] /www/wwwroot/yanyanyang/www.lingdayun.com/thinkphp/lang/zh-cn.php
[ info ] [ ROUTE ] array (
  'type' => 'module',
  'module' => 
  array (
    0 => '',
    1 => NULL,
    2 => NULL,
  ),
)
[ info ] [ HEADER ] array (
  'accept-encoding' => 'deflate, gzip, br',
  'accept' => '*/*',
  'user-agent' => 'Mozilla/5.0 (compatible; AhrefsBot/7.0; +http://ahrefs.com/robot/)',
  'host' => 'www.lingdayun.com',
  'content-length' => '',
  'content-type' => '',
)
[ info ] [ PARAM ] array (
)
[ info ] [ RUN ] app\index\controller\Index->index[ /www/wwwroot/yanyanyang/www.lingdayun.com/application/index/controller/Index.php ]
[ info ] [ VIEW ] /www/wwwroot/yanyanyang/www.lingdayun.com/public/../application/index/view/index/index.html [ array (
) ]
[ info ] [ LOG ] INIT File

---------------------------------------------------------------
[ 2023-07-18T02:22:40+08:00 ] 10.0.8.4 107.172.5.251 GET /
[ log ] www.lingdayun.com/ [运行时间：0.017858s][吞吐率：56.00req/s] [内存消耗：1,711.34kb] [文件加载：44]
[ info ] [ LANG ] /www/wwwroot/yanyanyang/www.lingdayun.com/thinkphp/lang/zh-cn.php
[ info ] [ ROUTE ] array (
  'type' => 'module',
  'module' => 
  array (
    0 => '',
    1 => NULL,
    2 => NULL,
  ),
)
[ info ] [ HEADER ] array (
  'accept-encoding' => 'gzip',
  'accept-language' => 'en',
  'accept' => '*/*',
  'connection' => 'close',
  'user-agent' => 'Mozilla/5.0 (Windows NT 10.0; Win64; x64) AppleWebKit/537.36 (KHTML, like Gecko) Chrome/70.0.3538.77 Safari/537.36',
  'host' => 'www.lingdayun.com',
  'content-length' => '',
  'content-type' => '',
)
[ info ] [ PARAM ] array (
)
[ info ] [ RUN ] app\index\controller\Index->index[ /www/wwwroot/yanyanyang/www.lingdayun.com/application/index/controller/Index.php ]
[ info ] [ VIEW ] /www/wwwroot/yanyanyang/www.lingdayun.com/public/../application/index/view/index/index.html [ array (
) ]
[ info ] [ LOG ] INIT File

---------------------------------------------------------------
[ 2023-07-18T03:07:20+08:00 ] 10.0.8.4 180.101.245.252 GET /
[ log ] www.lingdayun.com/ [运行时间：0.016744s][吞吐率：59.72req/s] [内存消耗：1,712.75kb] [文件加载：44]
[ info ] [ LANG ] /www/wwwroot/yanyanyang/www.lingdayun.com/thinkphp/lang/zh-cn.php
[ info ] [ ROUTE ] array (
  'type' => 'module',
  'module' => 
  array (
    0 => '',
    1 => NULL,
    2 => NULL,
  ),
)
[ info ] [ HEADER ] array (
  'upgrade-insecure-requests' => '1',
  'connection' => 'keep-alive',
  'cache-control' => 'max-age=0',
  'accept-language' => 'zh-CN,zh;q=0.9',
  'accept-encoding' => 'gzip, deflate',
  'accept' => 'text/html,application/xhtml+xml,application/xml;q=0.9,image/avif,image/webp,image/apng,*/*;q=0.8,application/signed-exchange;v=b3;q=0.9',
  'user-agent' => 'Mozilla/5.0 (iPhone; CPU iPhone os 15_4 like Mac OS X) AppleWebKit/605.1.15 (KHTML, like Gecko) Version/15.4 Mobile/11D257 Safari/604.1',
  'host' => 'www.lingdayun.com',
  'content-length' => '',
  'content-type' => '',
)
[ info ] [ PARAM ] array (
)
[ info ] [ RUN ] app\index\controller\Index->index[ /www/wwwroot/yanyanyang/www.lingdayun.com/application/index/controller/Index.php ]
[ info ] [ VIEW ] /www/wwwroot/yanyanyang/www.lingdayun.com/public/../application/index/view/index/index.html [ array (
) ]
[ info ] [ LOG ] INIT File

---------------------------------------------------------------
[ 2023-07-18T03:07:20+08:00 ] 10.0.8.4 180.101.245.248 GET /
[ log ] www.lingdayun.com/ [运行时间：0.018519s][吞吐率：54.00req/s] [内存消耗：1,713.11kb] [文件加载：44]
[ info ] [ LANG ] /www/wwwroot/yanyanyang/www.lingdayun.com/thinkphp/lang/zh-cn.php
[ info ] [ ROUTE ] array (
  'type' => 'module',
  'module' => 
  array (
    0 => '',
    1 => NULL,
    2 => NULL,
  ),
)
[ info ] [ HEADER ] array (
  'upgrade-insecure-requests' => '1',
  'referer' => 'http://www.lingdayun.com',
  'connection' => 'keep-alive',
  'cache-control' => 'max-age=0',
  'accept-language' => 'zh-CN,zh;q=0.9',
  'accept-encoding' => 'gzip, deflate',
  'accept' => 'text/html,application/xhtml+xml,application/xml;q=0.9,image/avif,image/webp,image/apng,*/*;q=0.8,application/signed-exchange;v=b3;q=0.9',
  'user-agent' => 'Mozilla/5.0 (iPhone; CPU iPhone os 15_4 like Mac OS X) AppleWebKit/605.1.15 (KHTML, like Gecko) Version/15.4 Mobile/11D257 Safari/604.1',
  'host' => 'www.lingdayun.com',
  'content-length' => '',
  'content-type' => '',
)
[ info ] [ PARAM ] array (
)
[ info ] [ RUN ] app\index\controller\Index->index[ /www/wwwroot/yanyanyang/www.lingdayun.com/application/index/controller/Index.php ]
[ info ] [ VIEW ] /www/wwwroot/yanyanyang/www.lingdayun.com/public/../application/index/view/index/index.html [ array (
) ]
[ info ] [ LOG ] INIT File

---------------------------------------------------------------
[ 2023-07-18T04:00:56+08:00 ] 10.0.8.4 107.172.5.251 GET /
[ log ] www.lingdayun.com/ [运行时间：0.015718s][吞吐率：63.62req/s] [内存消耗：1,711.34kb] [文件加载：44]
[ info ] [ LANG ] /www/wwwroot/yanyanyang/www.lingdayun.com/thinkphp/lang/zh-cn.php
[ info ] [ ROUTE ] array (
  'type' => 'module',
  'module' => 
  array (
    0 => '',
    1 => NULL,
    2 => NULL,
  ),
)
[ info ] [ HEADER ] array (
  'accept-encoding' => 'gzip',
  'accept-language' => 'en',
  'accept' => '*/*',
  'connection' => 'close',
  'user-agent' => 'Mozilla/5.0 (Windows NT 6.2; WOW64) AppleWebKit/537.36 (KHTML like Gecko) Chrome/44.0.2403.155 Safari/537.36',
  'host' => 'www.lingdayun.com',
  'content-length' => '',
  'content-type' => '',
)
[ info ] [ PARAM ] array (
)
[ info ] [ RUN ] app\index\controller\Index->index[ /www/wwwroot/yanyanyang/www.lingdayun.com/application/index/controller/Index.php ]
[ info ] [ VIEW ] /www/wwwroot/yanyanyang/www.lingdayun.com/public/../application/index/view/index/index.html [ array (
) ]
[ info ] [ LOG ] INIT File

---------------------------------------------------------------
[ 2023-07-18T05:54:25+08:00 ] 10.0.8.4 66.249.79.34 GET /
[ log ] www.lingdayun.com/ [运行时间：0.018652s][吞吐率：53.61req/s] [内存消耗：1,713.19kb] [文件加载：44]
[ info ] [ LANG ] /www/wwwroot/yanyanyang/www.lingdayun.com/thinkphp/lang/zh-cn.php
[ info ] [ ROUTE ] array (
  'type' => 'module',
  'module' => 
  array (
    0 => '',
    1 => NULL,
    2 => NULL,
  ),
)
[ info ] [ HEADER ] array (
  'if-modified-since' => 'Sat, 15 Jul 2023 15:28:31 GMT',
  'accept-encoding' => 'gzip, deflate, br',
  'user-agent' => 'Mozilla/5.0 (Linux; Android 6.0.1; Nexus 5X Build/MMB29P) AppleWebKit/537.36 (KHTML, like Gecko) Chrome/114.0.5735.179 Mobile Safari/537.36 (compatible; Googlebot/2.1; +http://www.google.com/bot.html)',
  'from' => 'googlebot(at)googlebot.com',
  'accept' => 'text/html,application/xhtml+xml,application/signed-exchange;v=b3,application/xml;q=0.9,*/*;q=0.8',
  'connection' => 'keep-alive',
  'amp-cache-transform' => 'google;v="1..8"',
  'host' => 'www.lingdayun.com',
  'content-length' => '',
  'content-type' => '',
)
[ info ] [ PARAM ] array (
)
[ info ] [ RUN ] app\index\controller\Index->index[ /www/wwwroot/yanyanyang/www.lingdayun.com/application/index/controller/Index.php ]
[ info ] [ VIEW ] /www/wwwroot/yanyanyang/www.lingdayun.com/public/../application/index/view/index/index.html [ array (
) ]
[ info ] [ LOG ] INIT File

---------------------------------------------------------------
[ 2023-07-18T06:45:47+08:00 ] 10.0.8.4 107.172.3.18 GET /%0ASet-Cookie%3Acrlfinjection/..
[ log ] www.lingdayun.com/%0ASet-Cookie%3Acrlfinjection/.. [运行时间：0.017573s][吞吐率：56.91req/s] [内存消耗：1,711.34kb] [文件加载：44]
[ info ] [ LANG ] /www/wwwroot/yanyanyang/www.lingdayun.com/thinkphp/lang/zh-cn.php
[ info ] [ ROUTE ] array (
  'type' => 'module',
  'module' => 
  array (
    0 => '',
    1 => NULL,
    2 => NULL,
  ),
)
[ info ] [ HEADER ] array (
  'accept-encoding' => 'gzip',
  'accept-language' => 'en',
  'accept' => '*/*',
  'connection' => 'close',
  'user-agent' => 'Mozilla/5.0 (Windows NT 5.1) AppleWebKit/537.36 (KHTML, like Gecko) Chrome/36.0.1985.67 Safari/537.36',
  'host' => 'www.lingdayun.com',
  'content-length' => '',
  'content-type' => '',
)
[ info ] [ PARAM ] array (
)
[ info ] [ RUN ] app\index\controller\Index->index[ /www/wwwroot/yanyanyang/www.lingdayun.com/application/index/controller/Index.php ]
[ info ] [ VIEW ] /www/wwwroot/yanyanyang/www.lingdayun.com/public/../application/index/view/index/index.html [ array (
) ]
[ info ] [ LOG ] INIT File

---------------------------------------------------------------
[ 2023-07-18T06:45:48+08:00 ] 10.0.8.4 107.172.3.18 GET /?Page=%0D%0ASet-Cookie:crlfinjection=crlfinjection&_url=%0D%0ASet-Cookie:crlfinjection=crlfinjection&callback=%0D%0ASet-Cookie:crlfinjection=crlfinjection&checkout_url=%0D%0ASet-Cookie:crlfinjection=crlfinjection&content=%0D%0ASet-Cookie:crlfinjection=crlfinjection&continue=%0D%0ASet-Cookie:crlfinjection=crlfinjection&continueTo=%0D%0ASet-Cookie:crlfinjection=crlfinjection&counturl=%0D%0ASet-Cookie:crlfinjection=crlfinjection&data=%0D%0ASet-Cookie:crlfinjection=crlfinjection&dest=%0D%0ASet-Cookie:crlfinjection=crlfinjection&dest_url=%0D%0ASet-Cookie:crlfinjection=crlfinjection&dir=%0D%0ASet-Cookie:crlfinjection=crlfinjection&document=%0D%0ASet-Cookie:crlfinjection=crlfinjection&domain=%0D%0ASet-Cookie:crlfinjection=crlfinjection&done=%0D%0ASet-Cookie:crlfinjection=crlfinjection&download=%0D%0ASet-Cookie:crlfinjection=crlfinjection&feed=%0D%0ASet-Cookie:crlfinjection=crlfinjection&file=%0D%0ASet-Cookie:crlfinjection=crlfinjection&host=%0D%0ASet-Cookie:crlfinjection=crlfinjection&html=%0D%0ASet-Cookie:crlfinjection=crlfinjection&http=%0D%0ASet-Cookie:crlfinjection=crlfinjection&https=%0D%0ASet-Cookie:crlfinjection=crlfinjection&image=%0D%0ASet-Cookie:crlfinjection=crlfinjection&image_src=%0D%0ASet-Cookie:crlfinjection=crlfinjection&image_url=%0D%0ASet-Cookie:crlfinjection=crlfinjection&imageurl=%0D%0ASet-Cookie:crlfinjection=crlfinjection&include=%0D%0ASet-Cookie:crlfinjection=crlfinjection&media=%0D%0ASet-Cookie:crlfinjection=crlfinjection&navigation=%0D%0ASet-Cookie:crlfinjection=crlfinjection&next=%0D%0ASet-Cookie:crlfinjection=crlfinjection&open=%0D%0ASet-Cookie:crlfinjection=crlfinjection&out=%0D%0ASet-Cookie:crlfinjection=crlfinjection&page=%0D%0ASet-Cookie:crlfinjection=crlfinjection&page_url=%0D%0ASet-Cookie:crlfinjection=crlfinjection&pageurl=%0D%0ASet-Cookie:crlfinjection=crlfinjection&path=%0D%0ASet-Cookie:crlfinjection=crlfinjection&picture=%0D%0ASet-Cookie:crlfinjection=crlfinjection&port=%0D%0ASet-Cookie:crlfinjection=crlfinjection&proxy=%0D%0ASet-Cookie:crlfinjection=crlfinjection&redir=%0D%0ASet-Cookie:crlfinjection=crlfinjection&redirect=%0D%0ASet-Cookie:crlfinjection=crlfinjection&redirectUri&redirectUrl=%0D%0ASet-Cookie:crlfinjection=crlfinjection&reference=%0D%0ASet-Cookie:crlfinjection=crlfinjection&referrer=%0D%0ASet-Cookie:crlfinjection=crlfinjection&req=%0D%0ASet-Cookie:crlfinjection=crlfinjection&request=%0D%0ASet-Cookie:crlfinjection=crlfinjection&retUrl=%0D%0ASet-Cookie:crlfinjection=crlfinjection&return=%0D%0ASet-Cookie:crlfinjection=crlfinjection&returnTo=%0D%0ASet-Cookie:crlfinjection=crlfinjection&return_path=%0D%0ASet-Cookie:crlfinjection=crlfinjection&return_to=%0D%0ASet-Cookie:crlfinjection=crlfinjection&rurl=%0D%0ASet-Cookie:crlfinjection=crlfinjection&show=%0D%0ASet-Cookie:crlfinjection=crlfinjection&site=%0D%0ASet-Cookie:crlfinjection=crlfinjection&source=%0D%0ASet-Cookie:crlfinjection=crlfinjection&src=%0D%0ASet-Cookie:crlfinjection=crlfinjection&target=%0D%0ASet-Cookie:crlfinjection=crlfinjection&to=%0D%0ASet-Cookie:crlfinjection=crlfinjection&uri=%0D%0ASet-Cookie:crlfinjection=crlfinjection&url=%0D%0ASet-Cookie:crlfinjection=crlfinjection&val=%0D%0ASet-Cookie:crlfinjection=crlfinjection&validate=%0D%0ASet-Cookie:crlfinjection=crlfinjection&view=%0D%0ASet-Cookie:crlfinjection=crlfinjection&window=%0D%0ASet-Cookie:crlfinjection=crlfinjection&redirect_to=%0D%0ASet-Cookie:crlfinjection=crlfinjection
[ log ] www.lingdayun.com/?Page=%0D%0ASet-Cookie:crlfinjection=crlfinjection&_url=%0D%0ASet-Cookie:crlfinjection=crlfinjection&callback=%0D%0ASet-Cookie:crlfinjection=crlfinjection&checkout_url=%0D%0ASet-Cookie:crlfinjection=crlfinjection&content=%0D%0ASet-Cookie:crlfinjection=crlfinjection&continue=%0D%0ASet-Cookie:crlfinjection=crlfinjection&continueTo=%0D%0ASet-Cookie:crlfinjection=crlfinjection&counturl=%0D%0ASet-Cookie:crlfinjection=crlfinjection&data=%0D%0ASet-Cookie:crlfinjection=crlfinjection&dest=%0D%0ASet-Cookie:crlfinjection=crlfinjection&dest_url=%0D%0ASet-Cookie:crlfinjection=crlfinjection&dir=%0D%0ASet-Cookie:crlfinjection=crlfinjection&document=%0D%0ASet-Cookie:crlfinjection=crlfinjection&domain=%0D%0ASet-Cookie:crlfinjection=crlfinjection&done=%0D%0ASet-Cookie:crlfinjection=crlfinjection&download=%0D%0ASet-Cookie:crlfinjection=crlfinjection&feed=%0D%0ASet-Cookie:crlfinjection=crlfinjection&file=%0D%0ASet-Cookie:crlfinjection=crlfinjection&host=%0D%0ASet-Cookie:crlfinjection=crlfinjection&html=%0D%0ASet-Cookie:crlfinjection=crlfinjection&http=%0D%0ASet-Cookie:crlfinjection=crlfinjection&https=%0D%0ASet-Cookie:crlfinjection=crlfinjection&image=%0D%0ASet-Cookie:crlfinjection=crlfinjection&image_src=%0D%0ASet-Cookie:crlfinjection=crlfinjection&image_url=%0D%0ASet-Cookie:crlfinjection=crlfinjection&imageurl=%0D%0ASet-Cookie:crlfinjection=crlfinjection&include=%0D%0ASet-Cookie:crlfinjection=crlfinjection&media=%0D%0ASet-Cookie:crlfinjection=crlfinjection&navigation=%0D%0ASet-Cookie:crlfinjection=crlfinjection&next=%0D%0ASet-Cookie:crlfinjection=crlfinjection&open=%0D%0ASet-Cookie:crlfinjection=crlfinjection&out=%0D%0ASet-Cookie:crlfinjection=crlfinjection&page=%0D%0ASet-Cookie:crlfinjection=crlfinjection&page_url=%0D%0ASet-Cookie:crlfinjection=crlfinjection&pageurl=%0D%0ASet-Cookie:crlfinjection=crlfinjection&path=%0D%0ASet-Cookie:crlfinjection=crlfinjection&picture=%0D%0ASet-Cookie:crlfinjection=crlfinjection&port=%0D%0ASet-Cookie:crlfinjection=crlfinjection&proxy=%0D%0ASet-Cookie:crlfinjection=crlfinjection&redir=%0D%0ASet-Cookie:crlfinjection=crlfinjection&redirect=%0D%0ASet-Cookie:crlfinjection=crlfinjection&redirectUri&redirectUrl=%0D%0ASet-Cookie:crlfinjection=crlfinjection&reference=%0D%0ASet-Cookie:crlfinjection=crlfinjection&referrer=%0D%0ASet-Cookie:crlfinjection=crlfinjection&req=%0D%0ASet-Cookie:crlfinjection=crlfinjection&request=%0D%0ASet-Cookie:crlfinjection=crlfinjection&retUrl=%0D%0ASet-Cookie:crlfinjection=crlfinjection&return=%0D%0ASet-Cookie:crlfinjection=crlfinjection&returnTo=%0D%0ASet-Cookie:crlfinjection=crlfinjection&return_path=%0D%0ASet-Cookie:crlfinjection=crlfinjection&return_to=%0D%0ASet-Cookie:crlfinjection=crlfinjection&rurl=%0D%0ASet-Cookie:crlfinjection=crlfinjection&show=%0D%0ASet-Cookie:crlfinjection=crlfinjection&site=%0D%0ASet-Cookie:crlfinjection=crlfinjection&source=%0D%0ASet-Cookie:crlfinjection=crlfinjection&src=%0D%0ASet-Cookie:crlfinjection=crlfinjection&target=%0D%0ASet-Cookie:crlfinjection=crlfinjection&to=%0D%0ASet-Cookie:crlfinjection=crlfinjection&uri=%0D%0ASet-Cookie:crlfinjection=crlfinjection&url=%0D%0ASet-Cookie:crlfinjection=crlfinjection&val=%0D%0ASet-Cookie:crlfinjection=crlfinjection&validate=%0D%0ASet-Cookie:crlfinjection=crlfinjection&view=%0D%0ASet-Cookie:crlfinjection=crlfinjection&window=%0D%0ASet-Cookie:crlfinjection=crlfinjection&redirect_to=%0D%0ASet-Cookie:crlfinjection=crlfinjection [运行时间：0.017171s][吞吐率：58.24req/s] [内存消耗：1,750.48kb] [文件加载：44]
[ info ] [ LANG ] /www/wwwroot/yanyanyang/www.lingdayun.com/thinkphp/lang/zh-cn.php
[ info ] [ ROUTE ] array (
  'type' => 'module',
  'module' => 
  array (
    0 => '',
    1 => NULL,
    2 => NULL,
  ),
)
[ info ] [ HEADER ] array (
  'accept-encoding' => 'gzip',
  'accept-language' => 'en',
  'accept' => '*/*',
  'connection' => 'close',
  'user-agent' => 'Mozilla/5.0 (Macintosh; Intel Mac OS X 10_10_1) AppleWebKit/537.36 (KHTML, like Gecko) Chrome/41.0.2227.1 Safari/537.36',
  'host' => 'www.lingdayun.com',
  'content-length' => '',
  'content-type' => '',
)
[ info ] [ PARAM ] array (
  'Page' => '
Set-Cookie:crlfinjection=crlfinjection',
  '_url' => '
Set-Cookie:crlfinjection=crlfinjection',
  'callback' => '
Set-Cookie:crlfinjection=crlfinjection',
  'checkout_url' => '
Set-Cookie:crlfinjection=crlfinjection',
  'content' => '
Set-Cookie:crlfinjection=crlfinjection',
  'continue' => '
Set-Cookie:crlfinjection=crlfinjection',
  'continueTo' => '
Set-Cookie:crlfinjection=crlfinjection',
  'counturl' => '
Set-Cookie:crlfinjection=crlfinjection',
  'data' => '
Set-Cookie:crlfinjection=crlfinjection',
  'dest' => '
Set-Cookie:crlfinjection=crlfinjection',
  'dest_url' => '
Set-Cookie:crlfinjection=crlfinjection',
  'dir' => '
Set-Cookie:crlfinjection=crlfinjection',
  'document' => '
Set-Cookie:crlfinjection=crlfinjection',
  'domain' => '
Set-Cookie:crlfinjection=crlfinjection',
  'done' => '
Set-Cookie:crlfinjection=crlfinjection',
  'download' => '
Set-Cookie:crlfinjection=crlfinjection',
  'feed' => '
Set-Cookie:crlfinjection=crlfinjection',
  'file' => '
Set-Cookie:crlfinjection=crlfinjection',
  'host' => '
Set-Cookie:crlfinjection=crlfinjection',
  'html' => '
Set-Cookie:crlfinjection=crlfinjection',
  'http' => '
Set-Cookie:crlfinjection=crlfinjection',
  'https' => '
Set-Cookie:crlfinjection=crlfinjection',
  'image' => '
Set-Cookie:crlfinjection=crlfinjection',
  'image_src' => '
Set-Cookie:crlfinjection=crlfinjection',
  'image_url' => '
Set-Cookie:crlfinjection=crlfinjection',
  'imageurl' => '
Set-Cookie:crlfinjection=crlfinjection',
  'include' => '
Set-Cookie:crlfinjection=crlfinjection',
  'media' => '
Set-Cookie:crlfinjection=crlfinjection',
  'navigation' => '
Set-Cookie:crlfinjection=crlfinjection',
  'next' => '
Set-Cookie:crlfinjection=crlfinjection',
  'open' => '
Set-Cookie:crlfinjection=crlfinjection',
  'out' => '
Set-Cookie:crlfinjection=crlfinjection',
  'page' => '
Set-Cookie:crlfinjection=crlfinjection',
  'page_url' => '
Set-Cookie:crlfinjection=crlfinjection',
  'pageurl' => '
Set-Cookie:crlfinjection=crlfinjection',
  'path' => '
Set-Cookie:crlfinjection=crlfinjection',
  'picture' => '
Set-Cookie:crlfinjection=crlfinjection',
  'port' => '
Set-Cookie:crlfinjection=crlfinjection',
  'proxy' => '
Set-Cookie:crlfinjection=crlfinjection',
  'redir' => '
Set-Cookie:crlfinjection=crlfinjection',
  'redirect' => '
Set-Cookie:crlfinjection=crlfinjection',
  'redirectUri' => '',
  'redirectUrl' => '
Set-Cookie:crlfinjection=crlfinjection',
  'reference' => '
Set-Cookie:crlfinjection=crlfinjection',
  'referrer' => '
Set-Cookie:crlfinjection=crlfinjection',
  'req' => '
Set-Cookie:crlfinjection=crlfinjection',
  'request' => '
Set-Cookie:crlfinjection=crlfinjection',
  'retUrl' => '
Set-Cookie:crlfinjection=crlfinjection',
  'return' => '
Set-Cookie:crlfinjection=crlfinjection',
  'returnTo' => '
Set-Cookie:crlfinjection=crlfinjection',
  'return_path' => '
Set-Cookie:crlfinjection=crlfinjection',
  'return_to' => '
Set-Cookie:crlfinjection=crlfinjection',
  'rurl' => '
Set-Cookie:crlfinjection=crlfinjection',
  'show' => '
Set-Cookie:crlfinjection=crlfinjection',
  'site' => '
Set-Cookie:crlfinjection=crlfinjection',
  'source' => '
Set-Cookie:crlfinjection=crlfinjection',
  'src' => '
Set-Cookie:crlfinjection=crlfinjection',
  'target' => '
Set-Cookie:crlfinjection=crlfinjection',
  'to' => '
Set-Cookie:crlfinjection=crlfinjection',
  'uri' => '
Set-Cookie:crlfinjection=crlfinjection',
  'url' => '
Set-Cookie:crlfinjection=crlfinjection',
  'val' => '
Set-Cookie:crlfinjection=crlfinjection',
  'validate' => '
Set-Cookie:crlfinjection=crlfinjection',
  'view' => '
Set-Cookie:crlfinjection=crlfinjection',
  'window' => '
Set-Cookie:crlfinjection=crlfinjection',
  'redirect_to' => '
Set-Cookie:crlfinjection=crlfinjection',
)
[ info ] [ RUN ] app\index\controller\Index->index[ /www/wwwroot/yanyanyang/www.lingdayun.com/application/index/controller/Index.php ]
[ info ] [ VIEW ] /www/wwwroot/yanyanyang/www.lingdayun.com/public/../application/index/view/index/index.html [ array (
) ]
[ info ] [ LOG ] INIT File

---------------------------------------------------------------
[ 2023-07-18T06:45:48+08:00 ] 10.0.8.4 107.172.3.18 GET /?Test=%0D%0ASet-Cookie:crlfinjection=crlfinjection
[ log ] www.lingdayun.com/?Test=%0D%0ASet-Cookie:crlfinjection=crlfinjection [运行时间：0.016124s][吞吐率：62.02req/s] [内存消耗：1,711.88kb] [文件加载：44]
[ info ] [ LANG ] /www/wwwroot/yanyanyang/www.lingdayun.com/thinkphp/lang/zh-cn.php
[ info ] [ ROUTE ] array (
  'type' => 'module',
  'module' => 
  array (
    0 => '',
    1 => NULL,
    2 => NULL,
  ),
)
[ info ] [ HEADER ] array (
  'accept-encoding' => 'gzip',
  'accept-language' => 'en',
  'accept' => '*/*',
  'connection' => 'close',
  'user-agent' => 'Mozilla/5.0 (Windows NT 5.1) AppleWebKit/537.36 (KHTML, like Gecko) Chrome/34.0.1866.237 Safari/537.36',
  'host' => 'www.lingdayun.com',
  'content-length' => '',
  'content-type' => '',
)
[ info ] [ PARAM ] array (
  'Test' => '
Set-Cookie:crlfinjection=crlfinjection',
)
[ info ] [ RUN ] app\index\controller\Index->index[ /www/wwwroot/yanyanyang/www.lingdayun.com/application/index/controller/Index.php ]
[ info ] [ VIEW ] /www/wwwroot/yanyanyang/www.lingdayun.com/public/../application/index/view/index/index.html [ array (
) ]
[ info ] [ LOG ] INIT File

---------------------------------------------------------------
[ 2023-07-18T08:58:37+08:00 ] 10.0.8.4 159.75.198.59 GET /
[ log ] www.lingdayun.com/ [运行时间：0.017502s][吞吐率：57.14req/s] [内存消耗：1,710.14kb] [文件加载：44]
[ info ] [ LANG ] /www/wwwroot/yanyanyang/www.lingdayun.com/thinkphp/lang/zh-cn.php
[ info ] [ ROUTE ] array (
  'type' => 'module',
  'module' => 
  array (
    0 => '',
    1 => NULL,
    2 => NULL,
  ),
)
[ info ] [ HEADER ] array (
  'accept-encoding' => 'gzip',
  'referer' => 'http://www.lingdayun.com',
  'user-agent' => 'mozilla/5.0 (iphone; cpu iphone os 13_5_1 like mac os x) applewebkit/605.1.15 (khtml, like gecko) mobile/15e148 micromessenger/7.0.15(0x17000f2b) nettype/4g language/zh_cn miniprogram',
  'host' => 'www.lingdayun.com',
  'content-length' => '',
  'content-type' => '',
)
[ info ] [ PARAM ] array (
)
[ info ] [ RUN ] app\index\controller\Index->index[ /www/wwwroot/yanyanyang/www.lingdayun.com/application/index/controller/Index.php ]
[ info ] [ VIEW ] /www/wwwroot/yanyanyang/www.lingdayun.com/public/../application/index/view/index/index.html [ array (
) ]
[ info ] [ LOG ] INIT File

---------------------------------------------------------------
[ 2023-07-18T18:19:17+08:00 ] 10.0.8.4 106.32.13.214 GET /
[ log ] www.lingdayun.com/ [运行时间：0.016467s][吞吐率：60.73req/s] [内存消耗：1,709.62kb] [文件加载：44]
[ info ] [ LANG ] /www/wwwroot/yanyanyang/www.lingdayun.com/thinkphp/lang/zh-cn.php
[ info ] [ ROUTE ] array (
  'type' => 'module',
  'module' => 
  array (
    0 => '',
    1 => NULL,
    2 => NULL,
  ),
)
[ info ] [ HEADER ] array (
  'connection' => 'close',
  'host' => 'www.lingdayun.com',
  'user-agent' => 'Mozilla/5.0 (Windows NT 10.0; WOW64; Trident/7.0; rv:11.0) like Gecko',
  'accept' => 'application/json, text/plain, */*',
  'content-length' => '',
  'content-type' => '',
)
[ info ] [ PARAM ] array (
)
[ info ] [ RUN ] app\index\controller\Index->index[ /www/wwwroot/yanyanyang/www.lingdayun.com/application/index/controller/Index.php ]
[ info ] [ VIEW ] /www/wwwroot/yanyanyang/www.lingdayun.com/public/../application/index/view/index/index.html [ array (
) ]
[ info ] [ LOG ] INIT File

---------------------------------------------------------------
[ 2023-07-18T19:31:00+08:00 ] 10.0.8.4 107.172.5.251 GET /
[ log ] www.lingdayun.com/ [运行时间：0.016836s][吞吐率：59.40req/s] [内存消耗：1,711.34kb] [文件加载：44]
[ info ] [ LANG ] /www/wwwroot/yanyanyang/www.lingdayun.com/thinkphp/lang/zh-cn.php
[ info ] [ ROUTE ] array (
  'type' => 'module',
  'module' => 
  array (
    0 => '',
    1 => NULL,
    2 => NULL,
  ),
)
[ info ] [ HEADER ] array (
  'accept-encoding' => 'gzip',
  'accept-language' => 'en',
  'accept' => '*/*',
  'connection' => 'close',
  'user-agent' => 'Mozilla/5.0 (Macintosh; Intel Mac OS X 10_9_2) AppleWebKit/537.36 (KHTML, like Gecko) Chrome/36.0.1944.0 Safari/537.36',
  'host' => 'www.lingdayun.com',
  'content-length' => '',
  'content-type' => '',
)
[ info ] [ PARAM ] array (
)
[ info ] [ RUN ] app\index\controller\Index->index[ /www/wwwroot/yanyanyang/www.lingdayun.com/application/index/controller/Index.php ]
[ info ] [ VIEW ] /www/wwwroot/yanyanyang/www.lingdayun.com/public/../application/index/view/index/index.html [ array (
) ]
[ info ] [ LOG ] INIT File

---------------------------------------------------------------
[ 2023-07-18T19:31:05+08:00 ] 10.0.8.4 107.172.5.251 GET /
[ log ] www.lingdayun.com/ [运行时间：0.016699s][吞吐率：59.88req/s] [内存消耗：1,711.24kb] [文件加载：44]
[ info ] [ LANG ] /www/wwwroot/yanyanyang/www.lingdayun.com/thinkphp/lang/zh-cn.php
[ info ] [ ROUTE ] array (
  'type' => 'module',
  'module' => 
  array (
    0 => '',
    1 => NULL,
    2 => NULL,
  ),
)
[ info ] [ HEADER ] array (
  'accept-encoding' => 'gzip',
  'accept-language' => 'en',
  'accept' => '*/*',
  'connection' => 'close',
  'user-agent' => 'Mozilla/5.0 (Windows NT 5.1) AppleWebKit/537.36 (KHTML, like Gecko) Chrome/35.0.2117.157 Safari/537.36',
  'host' => 'www.lingdayun.com',
  'content-length' => '',
  'content-type' => '',
)
[ info ] [ PARAM ] array (
)
[ info ] [ RUN ] app\index\controller\Index->index[ /www/wwwroot/yanyanyang/www.lingdayun.com/application/index/controller/Index.php ]
[ info ] [ VIEW ] /www/wwwroot/yanyanyang/www.lingdayun.com/public/../application/index/view/index/index.html [ array (
) ]
[ info ] [ LOG ] INIT File

---------------------------------------------------------------
[ 2023-07-18T21:25:36+08:00 ] 10.0.8.4 112.232.159.193 GET /
[ log ] www.lingdayun.com/ [运行时间：0.018448s][吞吐率：54.21req/s] [内存消耗：1,709.44kb] [文件加载：44]
[ info ] [ LANG ] /www/wwwroot/yanyanyang/www.lingdayun.com/thinkphp/lang/zh-cn.php
[ info ] [ ROUTE ] array (
  'type' => 'module',
  'module' => 
  array (
    0 => '',
    1 => NULL,
    2 => NULL,
  ),
)
[ info ] [ HEADER ] array (
  'user-agent' => 'Go-http-client/2.0',
  'accept-encoding' => 'gzip',
  'referer' => 'http://www.lingdayun.com',
  'host' => 'www.lingdayun.com',
  'content-length' => '',
  'content-type' => '',
)
[ info ] [ PARAM ] array (
)
[ info ] [ RUN ] app\index\controller\Index->index[ /www/wwwroot/yanyanyang/www.lingdayun.com/application/index/controller/Index.php ]
[ info ] [ VIEW ] /www/wwwroot/yanyanyang/www.lingdayun.com/public/../application/index/view/index/index.html [ array (
) ]
[ info ] [ LOG ] INIT File

---------------------------------------------------------------
[ 2023-07-18T21:49:48+08:00 ] 10.0.8.4 123.57.13.121 GET /
[ log ] www.lingdayun.com/ [运行时间：0.016209s][吞吐率：61.69req/s] [内存消耗：1,710.00kb] [文件加载：44]
[ info ] [ LANG ] /www/wwwroot/yanyanyang/www.lingdayun.com/thinkphp/lang/zh-cn.php
[ info ] [ ROUTE ] array (
  'type' => 'module',
  'module' => 
  array (
    0 => '',
    1 => NULL,
    2 => NULL,
  ),
)
[ info ] [ HEADER ] array (
  'host' => 'www.lingdayun.com',
  'connection' => 'keep-alive',
  'accept' => '*/*',
  'accept-encoding' => 'gzip, deflate',
  'user-agent' => 'Mozilla/5.0 (Windows NT 10.0; Win64; x64) AppleWebKit/537.36 (KHTML, like Gecko) Chrome/104.0.0.0 Safari/537.36',
  'content-length' => '',
  'content-type' => '',
)
[ info ] [ PARAM ] array (
)
[ info ] [ RUN ] app\index\controller\Index->index[ /www/wwwroot/yanyanyang/www.lingdayun.com/application/index/controller/Index.php ]
[ info ] [ VIEW ] /www/wwwroot/yanyanyang/www.lingdayun.com/public/../application/index/view/index/index.html [ array (
) ]
[ info ] [ LOG ] INIT File

---------------------------------------------------------------
