[ 2023-07-19T02:00:30+08:00 ] 10.0.8.4 39.105.112.126 GET /
[ log ] www.lingdayun.com/ [运行时间：0.018044s][吞吐率：55.42req/s] [内存消耗：1,709.70kb] [文件加载：44]
[ info ] [ LANG ] /www/wwwroot/yanyanyang/www.lingdayun.com/thinkphp/lang/zh-cn.php
[ info ] [ ROUTE ] array (
  'type' => 'module',
  'module' => 
  array (
    0 => '',
    1 => NULL,
    2 => NULL,
  ),
)
[ info ] [ HEADER ] array (
  'accept-encoding' => 'gzip',
  'accept' => '*/*',
  'user-agent' => 'Mozilla/5.0 (Windows NT 10.0; Win64; x64) AppleWebKit/537.36 (KHTML, like Gecko) Chrome/102.0.0.0 Safari/537.36',
  'host' => 'www.lingdayun.com',
  'content-length' => '',
  'content-type' => '',
)
[ info ] [ PARAM ] array (
)
[ info ] [ RUN ] app\index\controller\Index->index[ /www/wwwroot/yanyanyang/www.lingdayun.com/application/index/controller/Index.php ]
[ info ] [ VIEW ] /www/wwwroot/yanyanyang/www.lingdayun.com/public/../application/index/view/index/index.html [ array (
) ]
[ info ] [ LOG ] INIT File

---------------------------------------------------------------
[ 2023-07-19T02:36:34+08:00 ] 10.0.8.4 81.71.5.172 GET /
[ log ] www.lingdayun.com/ [运行时间：0.017026s][吞吐率：58.73req/s] [内存消耗：1,714.52kb] [文件加载：44]
[ info ] [ LANG ] /www/wwwroot/yanyanyang/www.lingdayun.com/thinkphp/lang/zh-cn.php
[ info ] [ ROUTE ] array (
  'type' => 'module',
  'module' => 
  array (
    0 => '',
    1 => NULL,
    2 => NULL,
  ),
)
[ info ] [ HEADER ] array (
  'accept-encoding' => 'gzip, deflate, br',
  'sec-fetch-dest' => 'document',
  'sec-fetch-user' => '?1',
  'sec-fetch-mode' => 'navigate',
  'sec-fetch-site' => 'none',
  'accept' => 'text/html,application/xhtml+xml,application/xml;q=0.9,image/avif,image/webp,image/apng,*/*;q=0.8,application/signed-exchange;v=b3;q=0.9',
  'accept-language' => 'zh-CN,zh;q=0.9',
  'user-agent' => 'Mozilla/5.0 (Windows NT 10.0; Win64; x64) AppleWebKit/537.36 (KHTML, like Gecko) Chrome/101.0.4951.64 Safari/537.36',
  'upgrade-insecure-requests' => '1',
  'host' => 'www.lingdayun.com',
  'content-length' => '',
  'content-type' => '',
)
[ info ] [ PARAM ] array (
)
[ info ] [ RUN ] app\index\controller\Index->index[ /www/wwwroot/yanyanyang/www.lingdayun.com/application/index/controller/Index.php ]
[ info ] [ VIEW ] /www/wwwroot/yanyanyang/www.lingdayun.com/public/../application/index/view/index/index.html [ array (
) ]
[ info ] [ LOG ] INIT File

---------------------------------------------------------------
[ 2023-07-19T05:55:34+08:00 ] 10.0.8.4 107.172.5.251 GET /
[ log ] www.lingdayun.com/ [运行时间：0.016980s][吞吐率：58.89req/s] [内存消耗：1,711.34kb] [文件加载：44]
[ info ] [ LANG ] /www/wwwroot/yanyanyang/www.lingdayun.com/thinkphp/lang/zh-cn.php
[ info ] [ ROUTE ] array (
  'type' => 'module',
  'module' => 
  array (
    0 => '',
    1 => NULL,
    2 => NULL,
  ),
)
[ info ] [ HEADER ] array (
  'accept-encoding' => 'gzip',
  'accept-language' => 'en',
  'accept' => '*/*',
  'connection' => 'close',
  'user-agent' => 'Mozilla/5.0 (X11; Ubuntu; Linux i686 on x86_64) AppleWebKit/537.36 (KHTML, like Gecko) Chrome/53.0.2820.59 Safari/537.36',
  'host' => 'www.lingdayun.com',
  'content-length' => '',
  'content-type' => '',
)
[ info ] [ PARAM ] array (
)
[ info ] [ RUN ] app\index\controller\Index->index[ /www/wwwroot/yanyanyang/www.lingdayun.com/application/index/controller/Index.php ]
[ info ] [ VIEW ] /www/wwwroot/yanyanyang/www.lingdayun.com/public/../application/index/view/index/index.html [ array (
) ]
[ info ] [ LOG ] INIT File

---------------------------------------------------------------
[ 2023-07-19T06:16:17+08:00 ] 10.0.8.4 185.191.171.9 GET /
[ log ] www.lingdayun.com/ [运行时间：0.016283s][吞吐率：61.41req/s] [内存消耗：1,710.18kb] [文件加载：44]
[ info ] [ LANG ] /www/wwwroot/yanyanyang/www.lingdayun.com/thinkphp/lang/zh-cn.php
[ info ] [ ROUTE ] array (
  'type' => 'module',
  'module' => 
  array (
    0 => '',
    1 => NULL,
    2 => NULL,
  ),
)
[ info ] [ HEADER ] array (
  'user-agent' => 'Mozilla/5.0 (compatible; SemrushBot/7~bl; +http://www.semrush.com/bot.html)',
  'connection' => 'close',
  'accept-encoding' => 'gzip,deflate',
  'accept' => 'text/html, application/rss+xml, application/atom+xml, text/xml, text/rss+xml, application/xhtml+xml',
  'host' => 'www.lingdayun.com',
  'content-length' => '',
  'content-type' => '',
)
[ info ] [ PARAM ] array (
)
[ info ] [ RUN ] app\index\controller\Index->index[ /www/wwwroot/yanyanyang/www.lingdayun.com/application/index/controller/Index.php ]
[ info ] [ VIEW ] /www/wwwroot/yanyanyang/www.lingdayun.com/public/../application/index/view/index/index.html [ array (
) ]
[ info ] [ LOG ] INIT File

---------------------------------------------------------------
[ 2023-07-19T07:24:45+08:00 ] 10.0.8.4 107.172.83.34 GET /?q=%27%3E%22%3Csvg%2Fonload=confirm%28%27q%27%29%3E&s=%27%3E%22%3Csvg%2Fonload=confirm%28%27s%27%29%3E&search=%27%3E%22%3Csvg%2Fonload=confirm%28%27search%27%29%3E&id=%27%3E%22%3Csvg%2Fonload=confirm%28%27id%27%29%3E&action=%27%3E%22%3Csvg%2Fonload=confirm%28%27action%27%29%3E&keyword=%27%3E%22%3Csvg%2Fonload=confirm%28%27keyword%27%29%3E&query=%27%3E%22%3Csvg%2Fonload=confirm%28%27query%27%29%3E&page=%27%3E%22%3Csvg%2Fonload=confirm%28%27page%27%29%3E&keywords=%27%3E%22%3Csvg%2Fonload=confirm%28%27keywords%27%29%3E&url=%27%3E%22%3Csvg%2Fonload=confirm%28%27url%27%29%3E&view=%27%3E%22%3Csvg%2Fonload=confirm%28%27view%27%29%3E&cat=%27%3E%22%3Csvg%2Fonload=confirm%28%27cat%27%29%3E&name=%27%3E%22%3Csvg%2Fonload=confirm%28%27name%27%29%3E&key=%27%3E%22%3Csvg%2Fonload=confirm%28%27key%27%29%3E&p=%27%3E%22%3Csvg%2Fonload=confirm%28%27p%27%29%3E
[ log ] www.lingdayun.com/?q=%27%3E%22%3Csvg%2Fonload=confirm%28%27q%27%29%3E&s=%27%3E%22%3Csvg%2Fonload=confirm%28%27s%27%29%3E&search=%27%3E%22%3Csvg%2Fonload=confirm%28%27search%27%29%3E&id=%27%3E%22%3Csvg%2Fonload=confirm%28%27id%27%29%3E&action=%27%3E%22%3Csvg%2Fonload=confirm%28%27action%27%29%3E&keyword=%27%3E%22%3Csvg%2Fonload=confirm%28%27keyword%27%29%3E&query=%27%3E%22%3Csvg%2Fonload=confirm%28%27query%27%29%3E&page=%27%3E%22%3Csvg%2Fonload=confirm%28%27page%27%29%3E&keywords=%27%3E%22%3Csvg%2Fonload=confirm%28%27keywords%27%29%3E&url=%27%3E%22%3Csvg%2Fonload=confirm%28%27url%27%29%3E&view=%27%3E%22%3Csvg%2Fonload=confirm%28%27view%27%29%3E&cat=%27%3E%22%3Csvg%2Fonload=confirm%28%27cat%27%29%3E&name=%27%3E%22%3Csvg%2Fonload=confirm%28%27name%27%29%3E&key=%27%3E%22%3Csvg%2Fonload=confirm%28%27key%27%29%3E&p=%27%3E%22%3Csvg%2Fonload=confirm%28%27p%27%29%3E [运行时间：0.015462s][吞吐率：64.68req/s] [内存消耗：1,470.92kb] [文件加载：40]
[ info ] [ LANG ] /www/wwwroot/yanyanyang/www.lingdayun.com/thinkphp/lang/zh-cn.php
[ info ] [ ROUTE ] array (
  'type' => 'module',
  'module' => 
  array (
    0 => '\'>"<svg',
    1 => 'onload=confirm(\'s\')>',
    2 => NULL,
  ),
)
[ info ] [ HEADER ] array (
  'accept-encoding' => 'gzip',
  'accept-language' => 'en',
  'accept' => '*/*',
  'connection' => 'close',
  'user-agent' => 'Mozilla/5.0 (Windows NT 6.1; WOW64) AppleWebKit/537.36 (KHTML, like Gecko) Chrome/36.0.1985.67 Safari/537.36',
  'host' => 'www.lingdayun.com',
  'content-length' => '',
  'content-type' => '',
)
[ info ] [ PARAM ] array (
  'q' => '\'>"<svg/onload=confirm(\'q\')>',
  'search' => '\'>"<svg/onload=confirm(\'search\')>',
  'id' => '\'>"<svg/onload=confirm(\'id\')>',
  'action' => '\'>"<svg/onload=confirm(\'action\')>',
  'keyword' => '\'>"<svg/onload=confirm(\'keyword\')>',
  'query' => '\'>"<svg/onload=confirm(\'query\')>',
  'page' => '\'>"<svg/onload=confirm(\'page\')>',
  'keywords' => '\'>"<svg/onload=confirm(\'keywords\')>',
  'url' => '\'>"<svg/onload=confirm(\'url\')>',
  'view' => '\'>"<svg/onload=confirm(\'view\')>',
  'cat' => '\'>"<svg/onload=confirm(\'cat\')>',
  'name' => '\'>"<svg/onload=confirm(\'name\')>',
  'key' => '\'>"<svg/onload=confirm(\'key\')>',
  'p' => '\'>"<svg/onload=confirm(\'p\')>',
)
[ info ] [ LOG ] INIT File

---------------------------------------------------------------
[ 2023-07-19T07:24:46+08:00 ] 10.0.8.4 107.172.83.34 GET /?api=%27%3E%22%3Csvg%2Fonload=confirm%28%27api%27%29%3E&api_key=%27%3E%22%3Csvg%2Fonload=confirm%28%27api_key%27%29%3E&begindate=%27%3E%22%3Csvg%2Fonload=confirm%28%27begindate%27%29%3E&callback=%27%3E%22%3Csvg%2Fonload=confirm%28%27callback%27%29%3E&categoryid=%27%3E%22%3Csvg%2Fonload=confirm%28%27categoryid%27%29%3E&csrf_token=%27%3E%22%3Csvg%2Fonload=confirm%28%27csrf_token%27%29%3E&email=%27%3E%22%3Csvg%2Fonload=confirm%28%27email%27%29%3E&emailto=%27%3E%22%3Csvg%2Fonload=confirm%28%27emailto%27%29%3E&enddate=%27%3E%22%3Csvg%2Fonload=confirm%28%27enddate%27%29%3E&immagine=%27%3E%22%3Csvg%2Fonload=confirm%28%27immagine%27%29%3E&item=%27%3E%22%3Csvg%2Fonload=confirm%28%27item%27%29%3E&jsonp=%27%3E%22%3Csvg%2Fonload=confirm%28%27jsonp%27%29%3E&l=%27%3E%22%3Csvg%2Fonload=confirm%28%27l%27%29%3E&lang=%27%3E%22%3Csvg%2Fonload=confirm%28%27lang%27%29%3E&list_type=%27%3E%22%3Csvg%2Fonload=confirm%28%27list_type%27%29%3E
[ log ] www.lingdayun.com/?api=%27%3E%22%3Csvg%2Fonload=confirm%28%27api%27%29%3E&api_key=%27%3E%22%3Csvg%2Fonload=confirm%28%27api_key%27%29%3E&begindate=%27%3E%22%3Csvg%2Fonload=confirm%28%27begindate%27%29%3E&callback=%27%3E%22%3Csvg%2Fonload=confirm%28%27callback%27%29%3E&categoryid=%27%3E%22%3Csvg%2Fonload=confirm%28%27categoryid%27%29%3E&csrf_token=%27%3E%22%3Csvg%2Fonload=confirm%28%27csrf_token%27%29%3E&email=%27%3E%22%3Csvg%2Fonload=confirm%28%27email%27%29%3E&emailto=%27%3E%22%3Csvg%2Fonload=confirm%28%27emailto%27%29%3E&enddate=%27%3E%22%3Csvg%2Fonload=confirm%28%27enddate%27%29%3E&immagine=%27%3E%22%3Csvg%2Fonload=confirm%28%27immagine%27%29%3E&item=%27%3E%22%3Csvg%2Fonload=confirm%28%27item%27%29%3E&jsonp=%27%3E%22%3Csvg%2Fonload=confirm%28%27jsonp%27%29%3E&l=%27%3E%22%3Csvg%2Fonload=confirm%28%27l%27%29%3E&lang=%27%3E%22%3Csvg%2Fonload=confirm%28%27lang%27%29%3E&list_type=%27%3E%22%3Csvg%2Fonload=confirm%28%27list_type%27%29%3E [运行时间：0.017261s][吞吐率：57.93req/s] [内存消耗：1,717.73kb] [文件加载：44]
[ info ] [ LANG ] /www/wwwroot/yanyanyang/www.lingdayun.com/thinkphp/lang/zh-cn.php
[ info ] [ ROUTE ] array (
  'type' => 'module',
  'module' => 
  array (
    0 => '',
    1 => NULL,
    2 => NULL,
  ),
)
[ info ] [ HEADER ] array (
  'accept-encoding' => 'gzip',
  'accept-language' => 'en',
  'accept' => '*/*',
  'connection' => 'close',
  'user-agent' => 'Mozilla/5.0 (Windows NT 5.1) AppleWebKit/537.36 (KHTML, like Gecko) Chrome/35.0.3319.102 Safari/537.36',
  'host' => 'www.lingdayun.com',
  'content-length' => '',
  'content-type' => '',
)
[ info ] [ PARAM ] array (
  'api' => '\'>"<svg/onload=confirm(\'api\')>',
  'api_key' => '\'>"<svg/onload=confirm(\'api_key\')>',
  'begindate' => '\'>"<svg/onload=confirm(\'begindate\')>',
  'callback' => '\'>"<svg/onload=confirm(\'callback\')>',
  'categoryid' => '\'>"<svg/onload=confirm(\'categoryid\')>',
  'csrf_token' => '\'>"<svg/onload=confirm(\'csrf_token\')>',
  'email' => '\'>"<svg/onload=confirm(\'email\')>',
  'emailto' => '\'>"<svg/onload=confirm(\'emailto\')>',
  'enddate' => '\'>"<svg/onload=confirm(\'enddate\')>',
  'immagine' => '\'>"<svg/onload=confirm(\'immagine\')>',
  'item' => '\'>"<svg/onload=confirm(\'item\')>',
  'jsonp' => '\'>"<svg/onload=confirm(\'jsonp\')>',
  'l' => '\'>"<svg/onload=confirm(\'l\')>',
  'lang' => '\'>"<svg/onload=confirm(\'lang\')>',
  'list_type' => '\'>"<svg/onload=confirm(\'list_type\')>',
)
[ info ] [ RUN ] app\index\controller\Index->index[ /www/wwwroot/yanyanyang/www.lingdayun.com/application/index/controller/Index.php ]
[ info ] [ VIEW ] /www/wwwroot/yanyanyang/www.lingdayun.com/public/../application/index/view/index/index.html [ array (
) ]
[ info ] [ LOG ] INIT File

---------------------------------------------------------------
[ 2023-07-19T07:24:46+08:00 ] 10.0.8.4 107.172.83.34 GET /?month=%27%3E%22%3Csvg%2Fonload=confirm%28%27month%27%29%3E&page_id=%27%3E%22%3Csvg%2Fonload=confirm%28%27page_id%27%29%3E&password=%27%3E%22%3Csvg%2Fonload=confirm%28%27password%27%29%3E&terms=%27%3E%22%3Csvg%2Fonload=confirm%28%27terms%27%29%3E&token=%27%3E%22%3Csvg%2Fonload=confirm%28%27token%27%29%3E&type=%27%3E%22%3Csvg%2Fonload=confirm%28%27type%27%29%3E&unsubscribe_token=%27%3E%22%3Csvg%2Fonload=confirm%28%27unsubscribe_token%27%29%3E&year=%27%3E%22%3Csvg%2Fonload=confirm%28%27year%27%29%3E
[ log ] www.lingdayun.com/?month=%27%3E%22%3Csvg%2Fonload=confirm%28%27month%27%29%3E&page_id=%27%3E%22%3Csvg%2Fonload=confirm%28%27page_id%27%29%3E&password=%27%3E%22%3Csvg%2Fonload=confirm%28%27password%27%29%3E&terms=%27%3E%22%3Csvg%2Fonload=confirm%28%27terms%27%29%3E&token=%27%3E%22%3Csvg%2Fonload=confirm%28%27token%27%29%3E&type=%27%3E%22%3Csvg%2Fonload=confirm%28%27type%27%29%3E&unsubscribe_token=%27%3E%22%3Csvg%2Fonload=confirm%28%27unsubscribe_token%27%29%3E&year=%27%3E%22%3Csvg%2Fonload=confirm%28%27year%27%29%3E [运行时间：0.016583s][吞吐率：60.30req/s] [内存消耗：1,715.05kb] [文件加载：44]
[ info ] [ LANG ] /www/wwwroot/yanyanyang/www.lingdayun.com/thinkphp/lang/zh-cn.php
[ info ] [ ROUTE ] array (
  'type' => 'module',
  'module' => 
  array (
    0 => '',
    1 => NULL,
    2 => NULL,
  ),
)
[ info ] [ HEADER ] array (
  'accept-encoding' => 'gzip',
  'accept-language' => 'en',
  'accept' => '*/*',
  'connection' => 'close',
  'user-agent' => 'Mozilla/5.0 (Windows NT 6.4; WOW64) AppleWebKit/537.36 (KHTML, like Gecko) Chrome/41.0.2225.0 Safari/537.36',
  'host' => 'www.lingdayun.com',
  'content-length' => '',
  'content-type' => '',
)
[ info ] [ PARAM ] array (
  'month' => '\'>"<svg/onload=confirm(\'month\')>',
  'page_id' => '\'>"<svg/onload=confirm(\'page_id\')>',
  'password' => '\'>"<svg/onload=confirm(\'password\')>',
  'terms' => '\'>"<svg/onload=confirm(\'terms\')>',
  'token' => '\'>"<svg/onload=confirm(\'token\')>',
  'type' => '\'>"<svg/onload=confirm(\'type\')>',
  'unsubscribe_token' => '\'>"<svg/onload=confirm(\'unsubscribe_token\')>',
  'year' => '\'>"<svg/onload=confirm(\'year\')>',
)
[ info ] [ RUN ] app\index\controller\Index->index[ /www/wwwroot/yanyanyang/www.lingdayun.com/application/index/controller/Index.php ]
[ info ] [ VIEW ] /www/wwwroot/yanyanyang/www.lingdayun.com/public/../application/index/view/index/index.html [ array (
) ]
[ info ] [ LOG ] INIT File

---------------------------------------------------------------
[ 2023-07-19T07:39:18+08:00 ] 10.0.8.4 107.172.5.251 GET /
[ log ] www.lingdayun.com/ [运行时间：0.018542s][吞吐率：53.93req/s] [内存消耗：1,711.34kb] [文件加载：44]
[ info ] [ LANG ] /www/wwwroot/yanyanyang/www.lingdayun.com/thinkphp/lang/zh-cn.php
[ info ] [ ROUTE ] array (
  'type' => 'module',
  'module' => 
  array (
    0 => '',
    1 => NULL,
    2 => NULL,
  ),
)
[ info ] [ HEADER ] array (
  'accept-encoding' => 'gzip',
  'accept-language' => 'en',
  'accept' => '*/*',
  'connection' => 'close',
  'user-agent' => 'Mozilla/5.0 (Windows NT 6.3; Win64; x64) AppleWebKit/537.36 (KHTML, like Gecko) Chrome/37.0.2049.0 Safari/537.36',
  'host' => 'www.lingdayun.com',
  'content-length' => '',
  'content-type' => '',
)
[ info ] [ PARAM ] array (
)
[ info ] [ RUN ] app\index\controller\Index->index[ /www/wwwroot/yanyanyang/www.lingdayun.com/application/index/controller/Index.php ]
[ info ] [ VIEW ] /www/wwwroot/yanyanyang/www.lingdayun.com/public/../application/index/view/index/index.html [ array (
) ]
[ info ] [ LOG ] INIT File

---------------------------------------------------------------
[ 2023-07-19T12:10:32+08:00 ] 10.0.8.4 107.172.5.251 GET /
[ log ] www.lingdayun.com/ [运行时间：0.019369s][吞吐率：51.63req/s] [内存消耗：1,711.34kb] [文件加载：44]
[ info ] [ LANG ] /www/wwwroot/yanyanyang/www.lingdayun.com/thinkphp/lang/zh-cn.php
[ info ] [ ROUTE ] array (
  'type' => 'module',
  'module' => 
  array (
    0 => '',
    1 => NULL,
    2 => NULL,
  ),
)
[ info ] [ HEADER ] array (
  'accept-encoding' => 'gzip',
  'accept-language' => 'en',
  'accept' => '*/*',
  'connection' => 'close',
  'user-agent' => 'Mozilla/5.0 (Macintosh; Intel Mac OS X 10_9_2) AppleWebKit/537.36 (KHTML, like Gecko) Chrome/36.0.1944.0 Safari/537.36',
  'host' => 'www.lingdayun.com',
  'content-length' => '',
  'content-type' => '',
)
[ info ] [ PARAM ] array (
)
[ info ] [ RUN ] app\index\controller\Index->index[ /www/wwwroot/yanyanyang/www.lingdayun.com/application/index/controller/Index.php ]
[ info ] [ VIEW ] /www/wwwroot/yanyanyang/www.lingdayun.com/public/../application/index/view/index/index.html [ array (
) ]
[ info ] [ LOG ] INIT File

---------------------------------------------------------------
[ 2023-07-19T13:36:39+08:00 ] 10.0.8.4 101.133.161.22 GET /
[ log ] www.lingdayun.com/ [运行时间：0.016593s][吞吐率：60.27req/s] [内存消耗：1,711.54kb] [文件加载：44]
[ info ] [ LANG ] /www/wwwroot/yanyanyang/www.lingdayun.com/thinkphp/lang/zh-cn.php
[ info ] [ ROUTE ] array (
  'type' => 'module',
  'module' => 
  array (
    0 => '',
    1 => NULL,
    2 => NULL,
  ),
)
[ info ] [ HEADER ] array (
  'accept-language' => 'zh-CN,zh;q=0.8,en-US;q=0.5,en;q=0.3',
  'connection' => 'keep-alive',
  'accept' => '*/*',
  'accept-encoding' => 'gzip, deflate',
  'user-agent' => 'Mozilla/5.0 (Windows NT 10.0; Win64; x64) AppleWebKit/537.36 (KHTML, like Gecko) Chrome/79.0.3945.117 Safari/537.36',
  'host' => 'www.lingdayun.com',
  'content-length' => '',
  'content-type' => '',
)
[ info ] [ PARAM ] array (
)
[ info ] [ RUN ] app\index\controller\Index->index[ /www/wwwroot/yanyanyang/www.lingdayun.com/application/index/controller/Index.php ]
[ info ] [ VIEW ] /www/wwwroot/yanyanyang/www.lingdayun.com/public/../application/index/view/index/index.html [ array (
) ]
[ info ] [ LOG ] INIT File

---------------------------------------------------------------
[ 2023-07-19T13:36:40+08:00 ] 10.0.8.4 101.133.161.22 GET /
[ log ] www.lingdayun.com/ [运行时间：0.016653s][吞吐率：60.05req/s] [内存消耗：1,711.54kb] [文件加载：44]
[ info ] [ LANG ] /www/wwwroot/yanyanyang/www.lingdayun.com/thinkphp/lang/zh-cn.php
[ info ] [ ROUTE ] array (
  'type' => 'module',
  'module' => 
  array (
    0 => '',
    1 => NULL,
    2 => NULL,
  ),
)
[ info ] [ HEADER ] array (
  'accept-language' => 'zh-CN,zh;q=0.8,en-US;q=0.5,en;q=0.3',
  'connection' => 'keep-alive',
  'accept' => '*/*',
  'accept-encoding' => 'gzip, deflate',
  'user-agent' => 'Mozilla/5.0 (Windows NT 10.0; Win64; x64) AppleWebKit/537.36 (KHTML, like Gecko) Chrome/79.0.3945.117 Safari/537.36',
  'host' => 'www.lingdayun.com',
  'content-length' => '',
  'content-type' => '',
)
[ info ] [ PARAM ] array (
)
[ info ] [ RUN ] app\index\controller\Index->index[ /www/wwwroot/yanyanyang/www.lingdayun.com/application/index/controller/Index.php ]
[ info ] [ VIEW ] /www/wwwroot/yanyanyang/www.lingdayun.com/public/../application/index/view/index/index.html [ array (
) ]
[ info ] [ LOG ] INIT File

---------------------------------------------------------------
[ 2023-07-19T13:36:41+08:00 ] 10.0.8.4 101.133.161.22 GET /
[ log ] www.lingdayun.com/ [运行时间：0.016990s][吞吐率：58.86req/s] [内存消耗：1,711.54kb] [文件加载：44]
[ info ] [ LANG ] /www/wwwroot/yanyanyang/www.lingdayun.com/thinkphp/lang/zh-cn.php
[ info ] [ ROUTE ] array (
  'type' => 'module',
  'module' => 
  array (
    0 => '',
    1 => NULL,
    2 => NULL,
  ),
)
[ info ] [ HEADER ] array (
  'accept-language' => 'zh-CN,zh;q=0.8,en-US;q=0.5,en;q=0.3',
  'connection' => 'keep-alive',
  'accept' => '*/*',
  'accept-encoding' => 'gzip, deflate',
  'user-agent' => 'Mozilla/5.0 (Windows NT 10.0; Win64; x64) AppleWebKit/537.36 (KHTML, like Gecko) Chrome/79.0.3945.117 Safari/537.36',
  'host' => 'www.lingdayun.com',
  'content-length' => '',
  'content-type' => '',
)
[ info ] [ PARAM ] array (
)
[ info ] [ RUN ] app\index\controller\Index->index[ /www/wwwroot/yanyanyang/www.lingdayun.com/application/index/controller/Index.php ]
[ info ] [ VIEW ] /www/wwwroot/yanyanyang/www.lingdayun.com/public/../application/index/view/index/index.html [ array (
) ]
[ info ] [ LOG ] INIT File

---------------------------------------------------------------
[ 2023-07-19T13:46:20+08:00 ] 10.0.8.4 123.57.13.121 GET /
[ log ] www.lingdayun.com/ [运行时间：0.017511s][吞吐率：57.11req/s] [内存消耗：1,710.00kb] [文件加载：44]
[ info ] [ LANG ] /www/wwwroot/yanyanyang/www.lingdayun.com/thinkphp/lang/zh-cn.php
[ info ] [ ROUTE ] array (
  'type' => 'module',
  'module' => 
  array (
    0 => '',
    1 => NULL,
    2 => NULL,
  ),
)
[ info ] [ HEADER ] array (
  'host' => 'www.lingdayun.com',
  'connection' => 'keep-alive',
  'accept' => '*/*',
  'accept-encoding' => 'gzip, deflate',
  'user-agent' => 'Mozilla/5.0 (Windows NT 10.0; Win64; x64) AppleWebKit/537.36 (KHTML, like Gecko) Chrome/104.0.0.0 Safari/537.36',
  'content-length' => '',
  'content-type' => '',
)
[ info ] [ PARAM ] array (
)
[ info ] [ RUN ] app\index\controller\Index->index[ /www/wwwroot/yanyanyang/www.lingdayun.com/application/index/controller/Index.php ]
[ info ] [ VIEW ] /www/wwwroot/yanyanyang/www.lingdayun.com/public/../application/index/view/index/index.html [ array (
) ]
[ info ] [ LOG ] INIT File

---------------------------------------------------------------
[ 2023-07-19T15:29:52+08:00 ] 10.0.8.4 51.222.253.8 GET /
[ log ] www.lingdayun.com/ [运行时间：0.019067s][吞吐率：52.45req/s] [内存消耗：1,709.58kb] [文件加载：44]
[ info ] [ LANG ] /www/wwwroot/yanyanyang/www.lingdayun.com/thinkphp/lang/zh-cn.php
[ info ] [ ROUTE ] array (
  'type' => 'module',
  'module' => 
  array (
    0 => '',
    1 => NULL,
    2 => NULL,
  ),
)
[ info ] [ HEADER ] array (
  'accept-encoding' => 'deflate, gzip, br',
  'accept' => '*/*',
  'user-agent' => 'Mozilla/5.0 (compatible; AhrefsBot/7.0; +http://ahrefs.com/robot/)',
  'host' => 'www.lingdayun.com',
  'content-length' => '',
  'content-type' => '',
)
[ info ] [ PARAM ] array (
)
[ info ] [ RUN ] app\index\controller\Index->index[ /www/wwwroot/yanyanyang/www.lingdayun.com/application/index/controller/Index.php ]
[ info ] [ VIEW ] /www/wwwroot/yanyanyang/www.lingdayun.com/public/../application/index/view/index/index.html [ array (
) ]
[ info ] [ LOG ] INIT File

---------------------------------------------------------------
[ 2023-07-19T20:20:49+08:00 ] 10.0.8.4 123.57.13.121 GET /
[ log ] www.lingdayun.com/ [运行时间：0.016641s][吞吐率：60.09req/s] [内存消耗：1,710.00kb] [文件加载：44]
[ info ] [ LANG ] /www/wwwroot/yanyanyang/www.lingdayun.com/thinkphp/lang/zh-cn.php
[ info ] [ ROUTE ] array (
  'type' => 'module',
  'module' => 
  array (
    0 => '',
    1 => NULL,
    2 => NULL,
  ),
)
[ info ] [ HEADER ] array (
  'host' => 'www.lingdayun.com',
  'connection' => 'keep-alive',
  'accept' => '*/*',
  'accept-encoding' => 'gzip, deflate',
  'user-agent' => 'Mozilla/5.0 (Windows NT 10.0; Win64; x64) AppleWebKit/537.36 (KHTML, like Gecko) Chrome/104.0.0.0 Safari/537.36',
  'content-length' => '',
  'content-type' => '',
)
[ info ] [ PARAM ] array (
)
[ info ] [ RUN ] app\index\controller\Index->index[ /www/wwwroot/yanyanyang/www.lingdayun.com/application/index/controller/Index.php ]
[ info ] [ VIEW ] /www/wwwroot/yanyanyang/www.lingdayun.com/public/../application/index/view/index/index.html [ array (
) ]
[ info ] [ LOG ] INIT File

---------------------------------------------------------------
[ 2023-07-19T20:47:34+08:00 ] 10.0.8.4 113.24.224.22 GET /
[ log ] www.lingdayun.com/ [运行时间：0.021714s][吞吐率：46.05req/s] [内存消耗：1,711.49kb] [文件加载：44]
[ info ] [ LANG ] /www/wwwroot/yanyanyang/www.lingdayun.com/thinkphp/lang/zh-cn.php
[ info ] [ ROUTE ] array (
  'type' => 'module',
  'module' => 
  array (
    0 => '',
    1 => NULL,
    2 => NULL,
  ),
)
[ info ] [ HEADER ] array (
  'host' => 'www.lingdayun.com',
  'accept-language' => 'en-US,*',
  'accept-encoding' => 'gzip, deflate',
  'connection' => 'Keep-Alive',
  'user-agent' => 'Mozilla/5.0 (Windows NT 6.1; WOW64; rv:43.0) Gecko/20100101 Firefox/43.0',
  'accept' => 'text/html,application/xhtml+xml,application/xml;q=0.9,*/*;q=0.8',
  'content-length' => '',
  'content-type' => '',
)
[ info ] [ PARAM ] array (
)
[ info ] [ RUN ] app\index\controller\Index->index[ /www/wwwroot/yanyanyang/www.lingdayun.com/application/index/controller/Index.php ]
[ info ] [ VIEW ] /www/wwwroot/yanyanyang/www.lingdayun.com/public/../application/index/view/index/index.html [ array (
) ]
[ info ] [ LOG ] INIT File

---------------------------------------------------------------
[ 2023-07-19T20:48:24+08:00 ] 10.0.8.4 113.24.224.141 GET /
[ log ] www.lingdayun.com/ [运行时间：0.016418s][吞吐率：60.91req/s] [内存消耗：1,711.49kb] [文件加载：44]
[ info ] [ LANG ] /www/wwwroot/yanyanyang/www.lingdayun.com/thinkphp/lang/zh-cn.php
[ info ] [ ROUTE ] array (
  'type' => 'module',
  'module' => 
  array (
    0 => '',
    1 => NULL,
    2 => NULL,
  ),
)
[ info ] [ HEADER ] array (
  'host' => 'www.lingdayun.com',
  'accept-language' => 'en-US,*',
  'accept-encoding' => 'gzip, deflate',
  'connection' => 'Keep-Alive',
  'user-agent' => 'Mozilla/5.0 (Windows NT 6.1; WOW64; rv:43.0) Gecko/20100101 Firefox/43.0',
  'accept' => 'text/html,application/xhtml+xml,application/xml;q=0.9,*/*;q=0.8',
  'content-length' => '',
  'content-type' => '',
)
[ info ] [ PARAM ] array (
)
[ info ] [ RUN ] app\index\controller\Index->index[ /www/wwwroot/yanyanyang/www.lingdayun.com/application/index/controller/Index.php ]
[ info ] [ VIEW ] /www/wwwroot/yanyanyang/www.lingdayun.com/public/../application/index/view/index/index.html [ array (
) ]
[ info ] [ LOG ] INIT File

---------------------------------------------------------------
[ 2023-07-19T22:29:54+08:00 ] 10.0.8.4 147.139.119.45 GET /
[ log ] www.lingdayun.com/ [运行时间：0.020581s][吞吐率：48.59req/s] [内存消耗：1,709.09kb] [文件加载：44]
[ info ] [ LANG ] /www/wwwroot/yanyanyang/www.lingdayun.com/thinkphp/lang/zh-cn.php
[ info ] [ ROUTE ] array (
  'type' => 'module',
  'module' => 
  array (
    0 => '',
    1 => NULL,
    2 => NULL,
  ),
)
[ info ] [ HEADER ] array (
  'accept-language' => 'zh-CN,zh;q=0.9,en;q=0.8,en-GB;q=0.7,en-US;q=0.6',
  'host' => 'www.lingdayun.com',
  'content-length' => '',
  'content-type' => '',
)
[ info ] [ PARAM ] array (
)
[ info ] [ RUN ] app\index\controller\Index->index[ /www/wwwroot/yanyanyang/www.lingdayun.com/application/index/controller/Index.php ]
[ info ] [ VIEW ] /www/wwwroot/yanyanyang/www.lingdayun.com/public/../application/index/view/index/index.html [ array (
) ]
[ info ] [ LOG ] INIT File

---------------------------------------------------------------
[ 2023-07-19T23:26:55+08:00 ] 10.0.8.4 147.139.119.45 GET /
[ log ] www.lingdayun.com/ [运行时间：0.015941s][吞吐率：62.73req/s] [内存消耗：1,709.89kb] [文件加载：44]
[ info ] [ LANG ] /www/wwwroot/yanyanyang/www.lingdayun.com/thinkphp/lang/zh-cn.php
[ info ] [ ROUTE ] array (
  'type' => 'module',
  'module' => 
  array (
    0 => '',
    1 => NULL,
    2 => NULL,
  ),
)
[ info ] [ HEADER ] array (
  'accept-encoding' => 'gzip',
  'referer' => 'http://www.lingdayun.com/',
  'user-agent' => 'Mozilla/5.0 (Macintosh; Intel Mac OS X 10_7_0) AppleWebKit/535.11 (KHTML, like Gecko) Chrome/17.0.963.56 Safari/535.11',
  'host' => 'www.lingdayun.com',
  'content-length' => '',
  'content-type' => '',
)
[ info ] [ PARAM ] array (
)
[ info ] [ RUN ] app\index\controller\Index->index[ /www/wwwroot/yanyanyang/www.lingdayun.com/application/index/controller/Index.php ]
[ info ] [ VIEW ] /www/wwwroot/yanyanyang/www.lingdayun.com/public/../application/index/view/index/index.html [ array (
) ]
[ info ] [ LOG ] INIT File

---------------------------------------------------------------
