[ 2023-03-15T02:45:02+08:00 ] 10.0.8.4 106.55.200.45 GET /
[ log ] www.lingdayun.com/ [运行时间：0.015524s][吞吐率：64.42req/s] [内存消耗：1,465.26kb] [文件加载：40]
[ info ] [ LANG ] /www/wwwroot/yanyanyang/www.lingdayun.com/thinkphp/lang/zh-cn.php
[ info ] [ ROUTE ] array (
  'type' => 'module',
  'module' => 
  array (
    0 => '',
    1 => NULL,
    2 => NULL,
  ),
)
[ info ] [ HEADER ] array (
  'accept-encoding' => 'gzip, deflate, br',
  'sec-fetch-dest' => 'document',
  'sec-fetch-user' => '?1',
  'sec-fetch-mode' => 'navigate',
  'sec-fetch-site' => 'none',
  'accept' => 'text/html,application/xhtml+xml,application/xml;q=0.9,image/avif,image/webp,image/apng,*/*;q=0.8,application/signed-exchange;v=b3;q=0.9',
  'accept-language' => 'zh-CN,zh;q=0.9',
  'user-agent' => 'Mozilla/5.0 (Windows NT 10.0; Win64; x64) AppleWebKit/537.36 (KHTML, like Gecko) Chrome/101.0.4951.64 Safari/537.36',
  'upgrade-insecure-requests' => '1',
  'host' => 'www.lingdayun.com',
  'content-length' => '',
  'content-type' => '',
)
[ info ] [ PARAM ] array (
)
[ info ] [ LOG ] INIT File

---------------------------------------------------------------
[ 2023-03-15T07:19:56+08:00 ] 10.0.8.4 159.75.198.125 GET /
[ log ] www.lingdayun.com/ [运行时间：0.014155s][吞吐率：70.65req/s] [内存消耗：1,460.90kb] [文件加载：40]
[ info ] [ LANG ] /www/wwwroot/yanyanyang/www.lingdayun.com/thinkphp/lang/zh-cn.php
[ info ] [ ROUTE ] array (
  'type' => 'module',
  'module' => 
  array (
    0 => '',
    1 => NULL,
    2 => NULL,
  ),
)
[ info ] [ HEADER ] array (
  'accept-encoding' => 'gzip',
  'referer' => 'http://www.lingdayun.com',
  'user-agent' => 'mozilla/5.0 (iphone; cpu iphone os 13_5_1 like mac os x) applewebkit/605.1.15 (khtml, like gecko) mobile/15e148 micromessenger/7.0.15(0x17000f2b) nettype/4g language/zh_cn miniprogram',
  'host' => 'www.lingdayun.com',
  'content-length' => '',
  'content-type' => '',
)
[ info ] [ PARAM ] array (
)
[ info ] [ LOG ] INIT File

---------------------------------------------------------------
[ 2023-03-15T12:29:25+08:00 ] 10.0.8.4 40.77.167.176 GET /
[ log ] www.lingdayun.com/ [运行时间：0.016330s][吞吐率：61.24req/s] [内存消耗：1,462.97kb] [文件加载：40]
[ info ] [ LANG ] /www/wwwroot/yanyanyang/www.lingdayun.com/thinkphp/lang/zh-cn.php
[ info ] [ ROUTE ] array (
  'type' => 'module',
  'module' => 
  array (
    0 => '',
    1 => NULL,
    2 => NULL,
  ),
)
[ info ] [ HEADER ] array (
  'user-agent' => 'Mozilla/5.0 AppleWebKit/537.36 (KHTML, like Gecko; compatible; bingbot/2.0; +http://www.bing.com/bingbot.htm) Chrome/103.0.5060.134 Safari/537.36',
  'from' => 'bingbot(at)microsoft.com',
  'accept-encoding' => 'gzip, deflate',
  'accept' => '*/*',
  'pragma' => 'no-cache',
  'cache-control' => 'no-cache',
  'host' => 'www.lingdayun.com',
  'content-length' => '',
  'content-type' => '',
)
[ info ] [ PARAM ] array (
)
[ info ] [ LOG ] INIT File

---------------------------------------------------------------
[ 2023-03-15T15:18:03+08:00 ] 10.0.8.4 149.56.150.193 GET /
[ log ] www.lingdayun.com/ [运行时间：0.015615s][吞吐率：64.04req/s] [内存消耗：1,461.81kb] [文件加载：40]
[ info ] [ LANG ] /www/wwwroot/yanyanyang/www.lingdayun.com/thinkphp/lang/zh-cn.php
[ info ] [ ROUTE ] array (
  'type' => 'module',
  'module' => 
  array (
    0 => '',
    1 => NULL,
    2 => NULL,
  ),
)
[ info ] [ HEADER ] array (
  'connection' => 'keep-alive',
  'host' => 'www.lingdayun.com',
  'accept-encoding' => '',
  'user-agent' => 'Mozilla/5.0 (compatible; Dataprovider.com)',
  'accept-language' => 'en-US,en;q=0.8',
  'accept' => '*/*',
  'content-length' => '',
  'content-type' => '',
)
[ info ] [ PARAM ] array (
)
[ info ] [ LOG ] INIT File

---------------------------------------------------------------
[ 2023-03-15T15:23:30+08:00 ] 10.0.8.4 180.101.245.246 GET /
[ log ] www.lingdayun.com/ [运行时间：0.014364s][吞吐率：69.62req/s] [内存消耗：1,464.91kb] [文件加载：40]
[ info ] [ LANG ] /www/wwwroot/yanyanyang/www.lingdayun.com/thinkphp/lang/zh-cn.php
[ info ] [ ROUTE ] array (
  'type' => 'module',
  'module' => 
  array (
    0 => '',
    1 => NULL,
    2 => NULL,
  ),
)
[ info ] [ HEADER ] array (
  'x-forwarded-for' => '82.157.249.182',
  'upgrade-insecure-requests' => '1',
  'referer' => 'http://www.lingdayun.com/',
  'connection' => 'keep-alive',
  'cache-control' => 'max-age=0',
  'accept-language' => 'zh-CN,zh;q=0.9',
  'accept-encoding' => 'gzip, deflate',
  'accept' => 'text/html,application/xhtml+xml,application/xml;q=0.9,image/avif,image/webp,image/apng,*/*;q=0.8,application/signed-exchange;v=b3;q=0.9',
  'user-agent' => 'Mozilla/5.0 (compatible; Dataprovider.com)',
  'host' => 'www.lingdayun.com',
  'content-length' => '',
  'content-type' => '',
)
[ info ] [ PARAM ] array (
)
[ info ] [ LOG ] INIT File

---------------------------------------------------------------
[ 2023-03-15T19:32:26+08:00 ] 10.0.8.4 117.25.139.73 GET /
[ log ] www.lingdayun.com/ [运行时间：0.014460s][吞吐率：69.16req/s] [内存消耗：1,462.88kb] [文件加载：40]
[ info ] [ LANG ] /www/wwwroot/yanyanyang/www.lingdayun.com/thinkphp/lang/zh-cn.php
[ info ] [ ROUTE ] array (
  'type' => 'module',
  'module' => 
  array (
    0 => '',
    1 => NULL,
    2 => NULL,
  ),
)
[ info ] [ HEADER ] array (
  'connection' => 'Close',
  'host' => 'www.lingdayun.com',
  'user-agent' => 'Mozilla/5.0 (compatible; Baiduspider/2.0; +http://www.baidu.com/search/spider.html)',
  'accept-encoding' => 'gzip, deflate',
  'accept' => 'text/html,application/xhtml+xml,application/xml;q=0.9,*/*;q=0.8',
  'accept-charset' => 'GB2312,utf-8;q=0.7,*;q=0.7',
  'accept-language' => 'zh-cn,zh;q=0.5',
  'content-length' => '',
  'content-type' => '',
)
[ info ] [ PARAM ] array (
)
[ info ] [ LOG ] INIT File

---------------------------------------------------------------
[ 2023-03-15T19:32:26+08:00 ] 10.0.8.4 117.25.139.73 GET /
[ log ] www.lingdayun.com/ [运行时间：0.016226s][吞吐率：61.63req/s] [内存消耗：1,462.88kb] [文件加载：40]
[ info ] [ LANG ] /www/wwwroot/yanyanyang/www.lingdayun.com/thinkphp/lang/zh-cn.php
[ info ] [ ROUTE ] array (
  'type' => 'module',
  'module' => 
  array (
    0 => '',
    1 => NULL,
    2 => NULL,
  ),
)
[ info ] [ HEADER ] array (
  'connection' => 'Close',
  'host' => 'www.lingdayun.com',
  'user-agent' => 'Mozilla/5.0 (compatible; Baiduspider/2.0; +http://www.baidu.com/search/spider.html)',
  'accept-encoding' => 'gzip, deflate',
  'accept' => 'text/html,application/xhtml+xml,application/xml;q=0.9,*/*;q=0.8',
  'accept-charset' => 'GB2312,utf-8;q=0.7,*;q=0.7',
  'accept-language' => 'zh-cn,zh;q=0.5',
  'content-length' => '',
  'content-type' => '',
)
[ info ] [ PARAM ] array (
)
[ info ] [ LOG ] INIT File

---------------------------------------------------------------
[ 2023-03-15T22:39:55+08:00 ] 10.0.8.4 116.132.22.46 GET /index.php/api/weishi/mingshi
[ log ] www.lingdayun.com/index.php/api/weishi/mingshi [运行时间：0.022714s][吞吐率：44.03req/s] [内存消耗：2,506.38kb] [文件加载：52]
[ info ] [ LANG ] /www/wwwroot/yanyanyang/www.lingdayun.com/thinkphp/lang/zh-cn.php
[ info ] [ ROUTE ] array (
  'type' => 'module',
  'module' => 
  array (
    0 => 'api',
    1 => 'weishi',
    2 => 'mingshi',
  ),
)
[ info ] [ HEADER ] array (
  'cookie' => 'PHPSESSID=jp8csdd9vhrhlvq0sfaj04qrb5',
  'accept-language' => 'zh-CN,zh;q=0.9,en-US;q=0.8,en;q=0.7',
  'accept-encoding' => 'gzip, deflate',
  'referer' => 'https://www.lingdayun.com/weishi/index.html',
  'sec-fetch-dest' => 'empty',
  'sec-fetch-mode' => 'cors',
  'sec-fetch-site' => 'same-origin',
  'x-requested-with' => 'XMLHttpRequest',
  'user-agent' => 'Mozilla/5.0 (Linux; Android 12; JER-AN10 Build/HUAWEIJER-AN10; wv) AppleWebKit/537.36 (KHTML, like Gecko) Version/4.0 Chrome/107.0.5304.141 Mobile Safari/537.36 XWEB/5015 MMWEBSDK/20230202 MMWEBID/7980 MicroMessenger/8.0.33.2320(0x28002151) WeChat/arm64 Weixin NetType/WIFI Language/zh_CN ABI/arm64',
  'accept' => 'application/json, text/javascript, */*; q=0.01',
  'host' => 'www.lingdayun.com',
  'content-length' => '',
  'content-type' => '',
)
[ info ] [ PARAM ] array (
)
[ info ] [ RUN ] app\api\controller\Weishi->mingshi[ /www/wwwroot/yanyanyang/www.lingdayun.com/application/api/controller/Weishi.php ]
[ info ] [ SESSION ] INIT array (
  'id' => '',
  'var_session_id' => '',
  'prefix' => 'think',
  'type' => '',
  'auto_start' => true,
)
[ info ] [ DB ] INIT mysql
[ info ] [ LOG ] INIT File
[ sql ] [ DB ] CONNECT:[ UseTime:0.000324s ] mysql:dbname=www_lingdayun_co;host=127.0.0.1;port=3306;charset=utf8
[ sql ] [ SQL ] SHOW COLUMNS FROM `ld_teacher` [ RunTime:0.000596s ]
[ sql ] [ SQL ] SELECT * FROM `ld_teacher` WHERE  (  is_mingshi=1 ) [ RunTime:0.000293s ]

---------------------------------------------------------------
[ 2023-03-15T22:39:55+08:00 ] 10.0.8.4 116.132.22.46 GET /index.php/index/api/video_tuijian
[ log ] www.lingdayun.com/index.php/index/api/video_tuijian [运行时间：0.023641s][吞吐率：42.30req/s] [内存消耗：2,496.64kb] [文件加载：52]
[ info ] [ LANG ] /www/wwwroot/yanyanyang/www.lingdayun.com/thinkphp/lang/zh-cn.php
[ info ] [ ROUTE ] array (
  'type' => 'module',
  'module' => 
  array (
    0 => 'index',
    1 => 'api',
    2 => 'video_tuijian',
  ),
)
[ info ] [ HEADER ] array (
  'cookie' => 'PHPSESSID=jp8csdd9vhrhlvq0sfaj04qrb5',
  'accept-language' => 'zh-CN,zh;q=0.9,en-US;q=0.8,en;q=0.7',
  'accept-encoding' => 'gzip, deflate',
  'referer' => 'https://www.lingdayun.com/weishi/index.html',
  'sec-fetch-dest' => 'empty',
  'sec-fetch-mode' => 'cors',
  'sec-fetch-site' => 'same-origin',
  'x-requested-with' => 'XMLHttpRequest',
  'user-agent' => 'Mozilla/5.0 (Linux; Android 12; JER-AN10 Build/HUAWEIJER-AN10; wv) AppleWebKit/537.36 (KHTML, like Gecko) Version/4.0 Chrome/107.0.5304.141 Mobile Safari/537.36 XWEB/5015 MMWEBSDK/20230202 MMWEBID/7980 MicroMessenger/8.0.33.2320(0x28002151) WeChat/arm64 Weixin NetType/WIFI Language/zh_CN ABI/arm64',
  'accept' => 'application/json, text/javascript, */*; q=0.01',
  'host' => 'www.lingdayun.com',
  'content-length' => '',
  'content-type' => '',
)
[ info ] [ PARAM ] array (
)
[ info ] [ RUN ] app\index\controller\Api->video_tuijian[ /www/wwwroot/yanyanyang/www.lingdayun.com/application/index/controller/Api.php ]
[ info ] [ DB ] INIT mysql
[ info ] [ LOG ] INIT File
[ sql ] [ DB ] CONNECT:[ UseTime:0.000405s ] mysql:dbname=www_lingdayun_co;host=127.0.0.1;port=3306;charset=utf8
[ sql ] [ SQL ] SHOW COLUMNS FROM `ld_video` [ RunTime:0.000770s ]
[ sql ] [ SQL ] SELECT `a`.*,`d`.`teacher_name`,`b`.`kemu_cate`,`c`.`nianji_cate` FROM `ld_video` `a` INNER JOIN `ld_teacher` `d` ON `a`.`teacher_id`=`d`.`id` INNER JOIN `ld_kemu_cate` `b` ON `a`.`video_kemu`=`b`.`id` INNER JOIN `ld_nianji_cate` `c` ON `a`.`video_nianji`=`c`.`id` ORDER BY id desc LIMIT 2 [ RunTime:0.000890s ]

---------------------------------------------------------------
[ 2023-03-15T22:39:55+08:00 ] 10.0.8.4 116.132.22.46 GET /index.php/api/weishi/my_shoucang
[ log ] www.lingdayun.com/index.php/api/weishi/my_shoucang [运行时间：0.029629s][吞吐率：33.75req/s] [内存消耗：2,505.44kb] [文件加载：52]
[ info ] [ LANG ] /www/wwwroot/yanyanyang/www.lingdayun.com/thinkphp/lang/zh-cn.php
[ info ] [ ROUTE ] array (
  'type' => 'module',
  'module' => 
  array (
    0 => 'api',
    1 => 'weishi',
    2 => 'my_shoucang',
  ),
)
[ info ] [ HEADER ] array (
  'cookie' => 'PHPSESSID=jp8csdd9vhrhlvq0sfaj04qrb5',
  'accept-language' => 'zh-CN,zh;q=0.9,en-US;q=0.8,en;q=0.7',
  'accept-encoding' => 'gzip, deflate',
  'referer' => 'https://www.lingdayun.com/weishi/index.html',
  'sec-fetch-dest' => 'empty',
  'sec-fetch-mode' => 'cors',
  'sec-fetch-site' => 'same-origin',
  'x-requested-with' => 'XMLHttpRequest',
  'user-agent' => 'Mozilla/5.0 (Linux; Android 12; JER-AN10 Build/HUAWEIJER-AN10; wv) AppleWebKit/537.36 (KHTML, like Gecko) Version/4.0 Chrome/107.0.5304.141 Mobile Safari/537.36 XWEB/5015 MMWEBSDK/20230202 MMWEBID/7980 MicroMessenger/8.0.33.2320(0x28002151) WeChat/arm64 Weixin NetType/WIFI Language/zh_CN ABI/arm64',
  'accept' => 'application/json, text/javascript, */*; q=0.01',
  'host' => 'www.lingdayun.com',
  'content-length' => '',
  'content-type' => '',
)
[ info ] [ PARAM ] array (
)
[ info ] [ RUN ] app\api\controller\Weishi->my_shoucang[ /www/wwwroot/yanyanyang/www.lingdayun.com/application/api/controller/Weishi.php ]
[ info ] [ SESSION ] INIT array (
  'id' => '',
  'var_session_id' => '',
  'prefix' => 'think',
  'type' => '',
  'auto_start' => true,
)
[ info ] [ DB ] INIT mysql
[ info ] [ LOG ] INIT File
[ sql ] [ DB ] CONNECT:[ UseTime:0.000311s ] mysql:dbname=www_lingdayun_co;host=127.0.0.1;port=3306;charset=utf8
[ sql ] [ SQL ] SHOW COLUMNS FROM `ld_weishi_shoucang` [ RunTime:0.000681s ]
[ sql ] [ SQL ] SELECT * FROM `ld_weishi_shoucang` `a` INNER JOIN `ld_teacher` `b` ON `a`.`teacher_id`=`b`.`id` WHERE  `a`.`openid` = null LIMIT 4 [ RunTime:0.000448s ]

---------------------------------------------------------------
[ 2023-03-15T22:39:59+08:00 ] 10.0.8.4 116.132.22.46 GET /index.php/api/weishi/dingyue
[ log ] www.lingdayun.com/index.php/api/weishi/dingyue [运行时间：0.016702s][吞吐率：59.87req/s] [内存消耗：1,781.17kb] [文件加载：45]
[ info ] [ LANG ] /www/wwwroot/yanyanyang/www.lingdayun.com/thinkphp/lang/zh-cn.php
[ info ] [ ROUTE ] array (
  'type' => 'module',
  'module' => 
  array (
    0 => 'api',
    1 => 'weishi',
    2 => 'dingyue',
  ),
)
[ info ] [ HEADER ] array (
  'cookie' => 'PHPSESSID=jp8csdd9vhrhlvq0sfaj04qrb5',
  'accept-language' => 'zh-CN,zh;q=0.9,en-US;q=0.8,en;q=0.7',
  'accept-encoding' => 'gzip, deflate',
  'referer' => 'https://www.lingdayun.com/weishi/subscribe.html',
  'sec-fetch-dest' => 'empty',
  'sec-fetch-mode' => 'cors',
  'sec-fetch-site' => 'same-origin',
  'x-requested-with' => 'XMLHttpRequest',
  'user-agent' => 'Mozilla/5.0 (Linux; Android 12; JER-AN10 Build/HUAWEIJER-AN10; wv) AppleWebKit/537.36 (KHTML, like Gecko) Version/4.0 Chrome/107.0.5304.141 Mobile Safari/537.36 XWEB/5015 MMWEBSDK/20230202 MMWEBID/7980 MicroMessenger/8.0.33.2320(0x28002151) WeChat/arm64 Weixin NetType/WIFI Language/zh_CN ABI/arm64',
  'accept' => 'application/json, text/javascript, */*; q=0.01',
  'host' => 'www.lingdayun.com',
  'content-length' => '',
  'content-type' => '',
)
[ info ] [ PARAM ] array (
)
[ info ] [ RUN ] app\api\controller\Weishi->dingyue[ /www/wwwroot/yanyanyang/www.lingdayun.com/application/api/controller/Weishi.php ]
[ info ] [ SESSION ] INIT array (
  'id' => '',
  'var_session_id' => '',
  'prefix' => 'think',
  'type' => '',
  'auto_start' => true,
)
[ info ] [ LOG ] INIT File

---------------------------------------------------------------
[ 2023-03-15T22:40:03+08:00 ] 10.0.8.4 116.132.22.46 GET /index.php/index/api/select_kemu
[ log ] www.lingdayun.com/index.php/index/api/select_kemu [运行时间：0.024392s][吞吐率：41.00req/s] [内存消耗：2,492.27kb] [文件加载：52]
[ info ] [ LANG ] /www/wwwroot/yanyanyang/www.lingdayun.com/thinkphp/lang/zh-cn.php
[ info ] [ ROUTE ] array (
  'type' => 'module',
  'module' => 
  array (
    0 => 'index',
    1 => 'api',
    2 => 'select_kemu',
  ),
)
[ info ] [ HEADER ] array (
  'cookie' => 'PHPSESSID=jp8csdd9vhrhlvq0sfaj04qrb5',
  'accept-language' => 'zh-CN,zh;q=0.9,en-US;q=0.8,en;q=0.7',
  'accept-encoding' => 'gzip, deflate',
  'referer' => 'https://www.lingdayun.com/weishi/course.html',
  'sec-fetch-dest' => 'empty',
  'sec-fetch-mode' => 'cors',
  'sec-fetch-site' => 'same-origin',
  'x-requested-with' => 'XMLHttpRequest',
  'user-agent' => 'Mozilla/5.0 (Linux; Android 12; JER-AN10 Build/HUAWEIJER-AN10; wv) AppleWebKit/537.36 (KHTML, like Gecko) Version/4.0 Chrome/107.0.5304.141 Mobile Safari/537.36 XWEB/5015 MMWEBSDK/20230202 MMWEBID/7980 MicroMessenger/8.0.33.2320(0x28002151) WeChat/arm64 Weixin NetType/WIFI Language/zh_CN ABI/arm64',
  'accept' => 'application/json, text/javascript, */*; q=0.01',
  'host' => 'www.lingdayun.com',
  'content-length' => '',
  'content-type' => '',
)
[ info ] [ PARAM ] array (
)
[ info ] [ RUN ] app\index\controller\Api->select_kemu[ /www/wwwroot/yanyanyang/www.lingdayun.com/application/index/controller/Api.php ]
[ info ] [ DB ] INIT mysql
[ info ] [ LOG ] INIT File
[ sql ] [ DB ] CONNECT:[ UseTime:0.000537s ] mysql:dbname=www_lingdayun_co;host=127.0.0.1;port=3306;charset=utf8
[ sql ] [ SQL ] SHOW COLUMNS FROM `ld_kemu_cate` [ RunTime:0.000894s ]
[ sql ] [ SQL ] SELECT * FROM `ld_kemu_cate` [ RunTime:0.000320s ]

---------------------------------------------------------------
[ 2023-03-15T22:40:03+08:00 ] 10.0.8.4 116.132.22.46 GET /index.php/index/api/video_quanbu
[ log ] www.lingdayun.com/index.php/index/api/video_quanbu [运行时间：0.024863s][吞吐率：40.22req/s] [内存消耗：2,539.90kb] [文件加载：52]
[ info ] [ LANG ] /www/wwwroot/yanyanyang/www.lingdayun.com/thinkphp/lang/zh-cn.php
[ info ] [ ROUTE ] array (
  'type' => 'module',
  'module' => 
  array (
    0 => 'index',
    1 => 'api',
    2 => 'video_quanbu',
  ),
)
[ info ] [ HEADER ] array (
  'cookie' => 'PHPSESSID=jp8csdd9vhrhlvq0sfaj04qrb5',
  'accept-language' => 'zh-CN,zh;q=0.9,en-US;q=0.8,en;q=0.7',
  'accept-encoding' => 'gzip, deflate',
  'referer' => 'https://www.lingdayun.com/weishi/course.html',
  'sec-fetch-dest' => 'empty',
  'sec-fetch-mode' => 'cors',
  'sec-fetch-site' => 'same-origin',
  'x-requested-with' => 'XMLHttpRequest',
  'user-agent' => 'Mozilla/5.0 (Linux; Android 12; JER-AN10 Build/HUAWEIJER-AN10; wv) AppleWebKit/537.36 (KHTML, like Gecko) Version/4.0 Chrome/107.0.5304.141 Mobile Safari/537.36 XWEB/5015 MMWEBSDK/20230202 MMWEBID/7980 MicroMessenger/8.0.33.2320(0x28002151) WeChat/arm64 Weixin NetType/WIFI Language/zh_CN ABI/arm64',
  'accept' => 'application/json, text/javascript, */*; q=0.01',
  'host' => 'www.lingdayun.com',
  'content-length' => '',
  'content-type' => '',
)
[ info ] [ PARAM ] array (
)
[ info ] [ RUN ] app\index\controller\Api->video_quanbu[ /www/wwwroot/yanyanyang/www.lingdayun.com/application/index/controller/Api.php ]
[ info ] [ DB ] INIT mysql
[ info ] [ LOG ] INIT File
[ sql ] [ DB ] CONNECT:[ UseTime:0.000300s ] mysql:dbname=www_lingdayun_co;host=127.0.0.1;port=3306;charset=utf8
[ sql ] [ SQL ] SHOW COLUMNS FROM `ld_video` [ RunTime:0.000701s ]
[ sql ] [ SQL ] SELECT `a`.*,`d`.`teacher_name`,`b`.`kemu_cate`,`c`.`nianji_cate` FROM `ld_video` `a` INNER JOIN `ld_teacher` `d` ON `a`.`teacher_id`=`d`.`id` INNER JOIN `ld_kemu_cate` `b` ON `a`.`video_kemu`=`b`.`id` INNER JOIN `ld_nianji_cate` `c` ON `a`.`video_nianji`=`c`.`id` ORDER BY id desc [ RunTime:0.000908s ]

---------------------------------------------------------------
[ 2023-03-15T22:40:12+08:00 ] 10.0.8.4 116.132.22.46 GET /index.php/api/weishi/dingyue
[ log ] www.lingdayun.com/index.php/api/weishi/dingyue [运行时间：0.018469s][吞吐率：54.14req/s] [内存消耗：1,781.17kb] [文件加载：45]
[ info ] [ LANG ] /www/wwwroot/yanyanyang/www.lingdayun.com/thinkphp/lang/zh-cn.php
[ info ] [ ROUTE ] array (
  'type' => 'module',
  'module' => 
  array (
    0 => 'api',
    1 => 'weishi',
    2 => 'dingyue',
  ),
)
[ info ] [ HEADER ] array (
  'cookie' => 'PHPSESSID=jp8csdd9vhrhlvq0sfaj04qrb5',
  'accept-language' => 'zh-CN,zh;q=0.9,en-US;q=0.8,en;q=0.7',
  'accept-encoding' => 'gzip, deflate',
  'referer' => 'https://www.lingdayun.com/weishi/subscribe.html',
  'sec-fetch-dest' => 'empty',
  'sec-fetch-mode' => 'cors',
  'sec-fetch-site' => 'same-origin',
  'x-requested-with' => 'XMLHttpRequest',
  'user-agent' => 'Mozilla/5.0 (Linux; Android 12; JER-AN10 Build/HUAWEIJER-AN10; wv) AppleWebKit/537.36 (KHTML, like Gecko) Version/4.0 Chrome/107.0.5304.141 Mobile Safari/537.36 XWEB/5015 MMWEBSDK/20230202 MMWEBID/7980 MicroMessenger/8.0.33.2320(0x28002151) WeChat/arm64 Weixin NetType/WIFI Language/zh_CN ABI/arm64',
  'accept' => 'application/json, text/javascript, */*; q=0.01',
  'host' => 'www.lingdayun.com',
  'content-length' => '',
  'content-type' => '',
)
[ info ] [ PARAM ] array (
)
[ info ] [ RUN ] app\api\controller\Weishi->dingyue[ /www/wwwroot/yanyanyang/www.lingdayun.com/application/api/controller/Weishi.php ]
[ info ] [ SESSION ] INIT array (
  'id' => '',
  'var_session_id' => '',
  'prefix' => 'think',
  'type' => '',
  'auto_start' => true,
)
[ info ] [ LOG ] INIT File

---------------------------------------------------------------
[ 2023-03-15T22:40:13+08:00 ] 10.0.8.4 116.132.22.46 GET /index.php/api/weishi/mingshi
[ log ] www.lingdayun.com/index.php/api/weishi/mingshi [运行时间：0.024159s][吞吐率：41.39req/s] [内存消耗：2,506.38kb] [文件加载：52]
[ info ] [ LANG ] /www/wwwroot/yanyanyang/www.lingdayun.com/thinkphp/lang/zh-cn.php
[ info ] [ ROUTE ] array (
  'type' => 'module',
  'module' => 
  array (
    0 => 'api',
    1 => 'weishi',
    2 => 'mingshi',
  ),
)
[ info ] [ HEADER ] array (
  'cookie' => 'PHPSESSID=jp8csdd9vhrhlvq0sfaj04qrb5',
  'accept-language' => 'zh-CN,zh;q=0.9,en-US;q=0.8,en;q=0.7',
  'accept-encoding' => 'gzip, deflate',
  'referer' => 'https://www.lingdayun.com/weishi/index.html',
  'sec-fetch-dest' => 'empty',
  'sec-fetch-mode' => 'cors',
  'sec-fetch-site' => 'same-origin',
  'x-requested-with' => 'XMLHttpRequest',
  'user-agent' => 'Mozilla/5.0 (Linux; Android 12; JER-AN10 Build/HUAWEIJER-AN10; wv) AppleWebKit/537.36 (KHTML, like Gecko) Version/4.0 Chrome/107.0.5304.141 Mobile Safari/537.36 XWEB/5015 MMWEBSDK/20230202 MMWEBID/7980 MicroMessenger/8.0.33.2320(0x28002151) WeChat/arm64 Weixin NetType/WIFI Language/zh_CN ABI/arm64',
  'accept' => 'application/json, text/javascript, */*; q=0.01',
  'host' => 'www.lingdayun.com',
  'content-length' => '',
  'content-type' => '',
)
[ info ] [ PARAM ] array (
)
[ info ] [ RUN ] app\api\controller\Weishi->mingshi[ /www/wwwroot/yanyanyang/www.lingdayun.com/application/api/controller/Weishi.php ]
[ info ] [ SESSION ] INIT array (
  'id' => '',
  'var_session_id' => '',
  'prefix' => 'think',
  'type' => '',
  'auto_start' => true,
)
[ info ] [ DB ] INIT mysql
[ info ] [ LOG ] INIT File
[ sql ] [ DB ] CONNECT:[ UseTime:0.000865s ] mysql:dbname=www_lingdayun_co;host=127.0.0.1;port=3306;charset=utf8
[ sql ] [ SQL ] SHOW COLUMNS FROM `ld_teacher` [ RunTime:0.000784s ]
[ sql ] [ SQL ] SELECT * FROM `ld_teacher` WHERE  (  is_mingshi=1 ) [ RunTime:0.000331s ]

---------------------------------------------------------------
[ 2023-03-15T22:40:13+08:00 ] 10.0.8.4 116.132.22.46 GET /index.php/api/weishi/my_shoucang
[ log ] www.lingdayun.com/index.php/api/weishi/my_shoucang [运行时间：0.026004s][吞吐率：38.46req/s] [内存消耗：2,505.44kb] [文件加载：52]
[ info ] [ LANG ] /www/wwwroot/yanyanyang/www.lingdayun.com/thinkphp/lang/zh-cn.php
[ info ] [ ROUTE ] array (
  'type' => 'module',
  'module' => 
  array (
    0 => 'api',
    1 => 'weishi',
    2 => 'my_shoucang',
  ),
)
[ info ] [ HEADER ] array (
  'cookie' => 'PHPSESSID=jp8csdd9vhrhlvq0sfaj04qrb5',
  'accept-language' => 'zh-CN,zh;q=0.9,en-US;q=0.8,en;q=0.7',
  'accept-encoding' => 'gzip, deflate',
  'referer' => 'https://www.lingdayun.com/weishi/index.html',
  'sec-fetch-dest' => 'empty',
  'sec-fetch-mode' => 'cors',
  'sec-fetch-site' => 'same-origin',
  'x-requested-with' => 'XMLHttpRequest',
  'user-agent' => 'Mozilla/5.0 (Linux; Android 12; JER-AN10 Build/HUAWEIJER-AN10; wv) AppleWebKit/537.36 (KHTML, like Gecko) Version/4.0 Chrome/107.0.5304.141 Mobile Safari/537.36 XWEB/5015 MMWEBSDK/20230202 MMWEBID/7980 MicroMessenger/8.0.33.2320(0x28002151) WeChat/arm64 Weixin NetType/WIFI Language/zh_CN ABI/arm64',
  'accept' => 'application/json, text/javascript, */*; q=0.01',
  'host' => 'www.lingdayun.com',
  'content-length' => '',
  'content-type' => '',
)
[ info ] [ PARAM ] array (
)
[ info ] [ RUN ] app\api\controller\Weishi->my_shoucang[ /www/wwwroot/yanyanyang/www.lingdayun.com/application/api/controller/Weishi.php ]
[ info ] [ SESSION ] INIT array (
  'id' => '',
  'var_session_id' => '',
  'prefix' => 'think',
  'type' => '',
  'auto_start' => true,
)
[ info ] [ DB ] INIT mysql
[ info ] [ LOG ] INIT File
[ sql ] [ DB ] CONNECT:[ UseTime:0.000338s ] mysql:dbname=www_lingdayun_co;host=127.0.0.1;port=3306;charset=utf8
[ sql ] [ SQL ] SHOW COLUMNS FROM `ld_weishi_shoucang` [ RunTime:0.000631s ]
[ sql ] [ SQL ] SELECT * FROM `ld_weishi_shoucang` `a` INNER JOIN `ld_teacher` `b` ON `a`.`teacher_id`=`b`.`id` WHERE  `a`.`openid` = null LIMIT 4 [ RunTime:0.000371s ]

---------------------------------------------------------------
