[ 2022-11-02T00:47:13+08:00 ] 10.0.8.4 40.77.167.61 GET /sitemap.xml
[ log ] www.lingdayun.com/sitemap.xml [运行时间：0.062151s][吞吐率：16.09req/s] [内存消耗：1,111.05kb] [文件加载：40]
[ info ] [ LANG ] C:\wwwroot\www.lingdayun.com\thinkphp\lang\zh-cn.php
[ info ] [ ROUTE ] array (
  'type' => 'module',
  'module' => 
  array (
    0 => 'sitemap.xml',
    1 => NULL,
    2 => NULL,
  ),
)
[ info ] [ HEADER ] array (
  'user-agent' => 'Mozilla/5.0 (compatible; bingbot/2.0; +http://www.bing.com/bingbot.htm)',
  'host' => 'www.lingdayun.com',
  'from' => 'bingbot(at)microsoft.com',
  'accept-encoding' => 'gzip, deflate',
  'accept' => '*/*',
  'pragma' => 'no-cache',
  'connection' => 'close',
  'cache-control' => 'no-cache',
)
[ info ] [ PARAM ] array (
  '/sitemap_xml' => '',
)
[ info ] [ LOG ] INIT File

---------------------------------------------------------------
[ 2022-11-02T01:04:23+08:00 ] 10.0.8.4 207.46.13.191 GET /sitemaps.xml
[ log ] www.lingdayun.com/sitemaps.xml [运行时间：0.062229s][吞吐率：16.07req/s] [内存消耗：1,111.17kb] [文件加载：40]
[ info ] [ LANG ] C:\wwwroot\www.lingdayun.com\thinkphp\lang\zh-cn.php
[ info ] [ ROUTE ] array (
  'type' => 'module',
  'module' => 
  array (
    0 => 'sitemaps.xml',
    1 => NULL,
    2 => NULL,
  ),
)
[ info ] [ HEADER ] array (
  'user-agent' => 'Mozilla/5.0 AppleWebKit/537.36 (KHTML, like Gecko; compatible; bingbot/2.0; +http://www.bing.com/bingbot.htm) Chrome/103.0.5060.134 Safari/537.36',
  'host' => 'www.lingdayun.com',
  'from' => 'bingbot(at)microsoft.com',
  'accept-encoding' => 'gzip, deflate',
  'accept' => '*/*',
  'pragma' => 'no-cache',
  'connection' => 'close',
  'cache-control' => 'no-cache',
)
[ info ] [ PARAM ] array (
  '/sitemaps_xml' => '',
)
[ info ] [ LOG ] INIT File

---------------------------------------------------------------
[ 2022-11-02T01:25:05+08:00 ] 10.0.8.4 207.46.13.191 GET /atom.xml
[ log ] www.lingdayun.com/atom.xml [运行时间：0.065171s][吞吐率：15.34req/s] [内存消耗：1,111.21kb] [文件加载：40]
[ info ] [ LANG ] C:\wwwroot\www.lingdayun.com\thinkphp\lang\zh-cn.php
[ info ] [ ROUTE ] array (
  'type' => 'module',
  'module' => 
  array (
    0 => 'atom.xml',
    1 => NULL,
    2 => NULL,
  ),
)
[ info ] [ HEADER ] array (
  'user-agent' => 'Mozilla/5.0 (compatible; bingbot/2.0; +http://www.bing.com/bingbot.htm)',
  'host' => 'www.lingdayun.com',
  'from' => 'bingbot(at)microsoft.com',
  'accept-encoding' => 'gzip, deflate',
  'accept' => '*/*',
  'pragma' => 'no-cache',
  'connection' => 'close',
  'cache-control' => 'no-cache',
)
[ info ] [ PARAM ] array (
  '/atom_xml' => '',
)
[ info ] [ LOG ] INIT File

---------------------------------------------------------------
[ 2022-11-02T01:30:16+08:00 ] 10.0.8.4 207.46.13.191 GET /sitemap_index.xml
[ log ] www.lingdayun.com/sitemap_index.xml [运行时间：0.062063s][吞吐率：16.11req/s] [内存消耗：1,111.30kb] [文件加载：40]
[ info ] [ LANG ] C:\wwwroot\www.lingdayun.com\thinkphp\lang\zh-cn.php
[ info ] [ ROUTE ] array (
  'type' => 'module',
  'module' => 
  array (
    0 => 'sitemap_index.xml',
    1 => NULL,
    2 => NULL,
  ),
)
[ info ] [ HEADER ] array (
  'user-agent' => 'Mozilla/5.0 AppleWebKit/537.36 (KHTML, like Gecko; compatible; bingbot/2.0; +http://www.bing.com/bingbot.htm) Chrome/103.0.5060.134 Safari/537.36',
  'host' => 'www.lingdayun.com',
  'from' => 'bingbot(at)microsoft.com',
  'accept-encoding' => 'gzip, deflate',
  'accept' => '*/*',
  'pragma' => 'no-cache',
  'connection' => 'close',
  'cache-control' => 'no-cache',
)
[ info ] [ PARAM ] array (
  '/sitemap_index_xml' => '',
)
[ info ] [ LOG ] INIT File

---------------------------------------------------------------
[ 2022-11-02T01:54:24+08:00 ] 10.0.8.4 207.46.13.22 GET /sitemap.xml.gz
[ log ] www.lingdayun.com/sitemap.xml.gz [运行时间：0.068735s][吞吐率：14.55req/s] [内存消耗：1,111.43kb] [文件加载：40]
[ info ] [ LANG ] C:\wwwroot\www.lingdayun.com\thinkphp\lang\zh-cn.php
[ info ] [ ROUTE ] array (
  'type' => 'module',
  'module' => 
  array (
    0 => 'sitemap.xml.gz',
    1 => NULL,
    2 => NULL,
  ),
)
[ info ] [ HEADER ] array (
  'user-agent' => 'Mozilla/5.0 AppleWebKit/537.36 (KHTML, like Gecko; compatible; bingbot/2.0; +http://www.bing.com/bingbot.htm) Chrome/103.0.5060.134 Safari/537.36',
  'host' => 'www.lingdayun.com',
  'from' => 'bingbot(at)microsoft.com',
  'accept-encoding' => 'gzip, deflate',
  'accept' => '*/*',
  'pragma' => 'no-cache',
  'connection' => 'close',
  'cache-control' => 'no-cache',
)
[ info ] [ PARAM ] array (
  '/sitemap_xml_gz' => '',
)
[ info ] [ LOG ] INIT File

---------------------------------------------------------------
[ 2022-11-02T02:12:01+08:00 ] 10.0.8.4 157.55.39.61 GET /sitemap.txt
[ log ] www.lingdayun.com/sitemap.txt [运行时间：0.061539s][吞吐率：16.25req/s] [内存消耗：1,111.05kb] [文件加载：40]
[ info ] [ LANG ] C:\wwwroot\www.lingdayun.com\thinkphp\lang\zh-cn.php
[ info ] [ ROUTE ] array (
  'type' => 'module',
  'module' => 
  array (
    0 => 'sitemap.txt',
    1 => NULL,
    2 => NULL,
  ),
)
[ info ] [ HEADER ] array (
  'user-agent' => 'Mozilla/5.0 (compatible; bingbot/2.0; +http://www.bing.com/bingbot.htm)',
  'host' => 'www.lingdayun.com',
  'from' => 'bingbot(at)microsoft.com',
  'accept-encoding' => 'gzip, deflate',
  'accept' => '*/*',
  'pragma' => 'no-cache',
  'connection' => 'close',
  'cache-control' => 'no-cache',
)
[ info ] [ PARAM ] array (
  '/sitemap_txt' => '',
)
[ info ] [ LOG ] INIT File

---------------------------------------------------------------
[ 2022-11-02T04:31:13+08:00 ] 10.0.8.4 207.46.13.191 GET /sitemaps.xml
[ log ] www.lingdayun.com/sitemaps.xml [运行时间：0.063925s][吞吐率：15.64req/s] [内存消耗：1,111.06kb] [文件加载：40]
[ info ] [ LANG ] C:\wwwroot\www.lingdayun.com\thinkphp\lang\zh-cn.php
[ info ] [ ROUTE ] array (
  'type' => 'module',
  'module' => 
  array (
    0 => 'sitemaps.xml',
    1 => NULL,
    2 => NULL,
  ),
)
[ info ] [ HEADER ] array (
  'user-agent' => 'Mozilla/5.0 (compatible; bingbot/2.0; +http://www.bing.com/bingbot.htm)',
  'host' => 'www.lingdayun.com',
  'from' => 'bingbot(at)microsoft.com',
  'accept-encoding' => 'gzip, deflate',
  'accept' => '*/*',
  'pragma' => 'no-cache',
  'connection' => 'close',
  'cache-control' => 'no-cache',
)
[ info ] [ PARAM ] array (
  '/sitemaps_xml' => '',
)
[ info ] [ LOG ] INIT File

---------------------------------------------------------------
[ 2022-11-02T04:35:54+08:00 ] 10.0.8.4 207.46.13.191 GET /atom.xml
[ log ] www.lingdayun.com/atom.xml [运行时间：0.062495s][吞吐率：16.00req/s] [内存消耗：1,111.21kb] [文件加载：40]
[ info ] [ LANG ] C:\wwwroot\www.lingdayun.com\thinkphp\lang\zh-cn.php
[ info ] [ ROUTE ] array (
  'type' => 'module',
  'module' => 
  array (
    0 => 'atom.xml',
    1 => NULL,
    2 => NULL,
  ),
)
[ info ] [ HEADER ] array (
  'user-agent' => 'Mozilla/5.0 (compatible; bingbot/2.0; +http://www.bing.com/bingbot.htm)',
  'host' => 'www.lingdayun.com',
  'from' => 'bingbot(at)microsoft.com',
  'accept-encoding' => 'gzip, deflate',
  'accept' => '*/*',
  'pragma' => 'no-cache',
  'connection' => 'close',
  'cache-control' => 'no-cache',
)
[ info ] [ PARAM ] array (
  '/atom_xml' => '',
)
[ info ] [ LOG ] INIT File

---------------------------------------------------------------
[ 2022-11-02T05:17:36+08:00 ] 10.0.8.4 159.75.199.224 GET /
[ log ] www.lingdayun.com/ [运行时间：0.080925s][吞吐率：12.36req/s] [内存消耗：1,274.33kb] [文件加载：44]
[ info ] [ LANG ] C:\wwwroot\www.lingdayun.com\thinkphp\lang\zh-cn.php
[ info ] [ ROUTE ] array (
  'type' => 'module',
  'module' => 
  array (
    0 => '',
    1 => NULL,
    2 => NULL,
  ),
)
[ info ] [ HEADER ] array (
  'connection' => 'close',
  'accept-encoding' => 'gzip',
  'user-agent' => 'mozilla/5.0 (iphone; cpu iphone os 13_5_1 like mac os x) applewebkit/605.1.15 (khtml, like gecko) mobile/15e148 micromessenger/7.0.15(0x17000f2b) nettype/4g language/zh_cn miniprogram',
  'host' => 'www.lingdayun.com',
)
[ info ] [ PARAM ] array (
)
[ info ] [ RUN ] app\index\controller\Index->index[ C:\wwwroot\www.lingdayun.com\application\index\controller\Index.php ]
[ info ] [ VIEW ] C:\wwwroot\www.lingdayun.com\public/../application/index\view\index\index.html [ array (
) ]
[ info ] [ LOG ] INIT File

---------------------------------------------------------------
[ 2022-11-02T05:17:59+08:00 ] 10.0.8.4 106.52.65.240 GET /
[ log ] lingdayun.com/ [运行时间：0.078366s][吞吐率：12.76req/s] [内存消耗：1,274.29kb] [文件加载：44]
[ info ] [ LANG ] C:\wwwroot\www.lingdayun.com\thinkphp\lang\zh-cn.php
[ info ] [ ROUTE ] array (
  'type' => 'module',
  'module' => 
  array (
    0 => '',
    1 => NULL,
    2 => NULL,
  ),
)
[ info ] [ HEADER ] array (
  'connection' => 'close',
  'accept-encoding' => 'gzip',
  'user-agent' => 'mozilla/5.0 (iphone; cpu iphone os 13_5_1 like mac os x) applewebkit/605.1.15 (khtml, like gecko) mobile/15e148 micromessenger/7.0.15(0x17000f2b) nettype/4g language/zh_cn miniprogram',
  'host' => 'lingdayun.com',
)
[ info ] [ PARAM ] array (
)
[ info ] [ RUN ] app\index\controller\Index->index[ C:\wwwroot\www.lingdayun.com\application\index\controller\Index.php ]
[ info ] [ VIEW ] C:\wwwroot\www.lingdayun.com\public/../application/index\view\index\index.html [ array (
) ]
[ info ] [ LOG ] INIT File

---------------------------------------------------------------
[ 2022-11-02T07:24:43+08:00 ] 10.0.8.4 46.161.27.155 GET /wp-login.php
[ log ] lingdayun.com/wp-login.php [运行时间：0.106760s][吞吐率：9.37req/s] [内存消耗：1,110.41kb] [文件加载：40]
[ info ] [ LANG ] C:\wwwroot\www.lingdayun.com\thinkphp\lang\zh-cn.php
[ info ] [ ROUTE ] array (
  'type' => 'module',
  'module' => 
  array (
    0 => 'wp-login.php',
    1 => NULL,
    2 => NULL,
  ),
)
[ info ] [ HEADER ] array (
  'connection' => 'close',
  'accept-encoding' => 'gzip',
  'user-agent' => 'Mozilla/5.0 (Windows NT 10.0; Win64; x64) AppleWebKit/537.36 (KHTML, like Gecko) Chrome/64.0.3282.140 Safari/537.36 Edge/18.17763',
  'host' => 'lingdayun.com',
)
[ info ] [ PARAM ] array (
  '/wp-login_php' => '',
)
[ info ] [ LOG ] INIT File

---------------------------------------------------------------
[ 2022-11-02T07:27:13+08:00 ] 10.0.8.4 51.222.253.16 GET /
[ log ] www.lingdayun.com/ [运行时间：0.078439s][吞吐率：12.75req/s] [内存消耗：1,274.25kb] [文件加载：44]
[ info ] [ LANG ] C:\wwwroot\www.lingdayun.com\thinkphp\lang\zh-cn.php
[ info ] [ ROUTE ] array (
  'type' => 'module',
  'module' => 
  array (
    0 => '',
    1 => NULL,
    2 => NULL,
  ),
)
[ info ] [ HEADER ] array (
  'connection' => 'close',
  'accept-encoding' => 'deflate, gzip, br',
  'accept' => '*/*',
  'user-agent' => 'Mozilla/5.0 (compatible; AhrefsBot/7.0; +http://ahrefs.com/robot/)',
  'host' => 'www.lingdayun.com',
)
[ info ] [ PARAM ] array (
)
[ info ] [ RUN ] app\index\controller\Index->index[ C:\wwwroot\www.lingdayun.com\application\index\controller\Index.php ]
[ info ] [ VIEW ] C:\wwwroot\www.lingdayun.com\public/../application/index\view\index\index.html [ array (
) ]
[ info ] [ LOG ] INIT File

---------------------------------------------------------------
[ 2022-11-02T08:40:54+08:00 ] 10.0.8.4 194.38.20.161 GET /sites/all/libraries/elfinder/elfinder.html
[ log ] lingdayun.com/sites/all/libraries/elfinder/elfinder.html [运行时间：0.064564s][吞吐率：15.49req/s] [内存消耗：1,110.98kb] [文件加载：40]
[ info ] [ LANG ] C:\wwwroot\www.lingdayun.com\thinkphp\lang\zh-cn.php
[ info ] [ ROUTE ] array (
  'type' => 'module',
  'module' => 
  array (
    0 => 'sites',
    1 => 'all',
    2 => 'libraries',
  ),
)
[ info ] [ HEADER ] array (
  'connection' => 'close',
  'content-length' => '0',
  'content-type' => 'application/json',
  'host' => 'lingdayun.com',
  'user-agent' => 'ALittle Client',
  'accept' => '*/*',
)
[ info ] [ PARAM ] array (
  '/sites/all/libraries/elfinder/elfinder_html' => '',
  'elfinder' => 'elfinder',
)
[ info ] [ LOG ] INIT File

---------------------------------------------------------------
[ 2022-11-02T08:54:39+08:00 ] 10.0.8.4 180.101.244.14 GET /sites/all/libraries/elfinder/elfinder.html
[ log ] lingdayun.com/sites/all/libraries/elfinder/elfinder.html [运行时间：0.068711s][吞吐率：14.55req/s] [内存消耗：1,112.05kb] [文件加载：40]
[ info ] [ LANG ] C:\wwwroot\www.lingdayun.com\thinkphp\lang\zh-cn.php
[ info ] [ ROUTE ] array (
  'type' => 'module',
  'module' => 
  array (
    0 => 'sites',
    1 => 'all',
    2 => 'libraries',
  ),
)
[ info ] [ HEADER ] array (
  'x-forwarded-for' => '82.157.249.182',
  'upgrade-insecure-requests' => '1',
  'connection' => 'close',
  'cache-control' => 'max-age=0',
  'accept-language' => 'zh-CN,zh;q=0.9',
  'accept-encoding' => 'gzip, deflate',
  'accept' => 'text/html,application/xhtml+xml,application/xml;q=0.9,image/avif,image/webp,image/apng,*/*;q=0.8,application/signed-exchange;v=b3;q=0.9',
  'user-agent' => 'ALittle Client',
  'host' => 'lingdayun.com',
)
[ info ] [ PARAM ] array (
  '/sites/all/libraries/elfinder/elfinder_html' => '',
  'elfinder' => 'elfinder',
)
[ info ] [ LOG ] INIT File

---------------------------------------------------------------
[ 2022-11-02T08:56:11+08:00 ] 10.0.8.4 180.101.245.248 GET /sites/all/libraries/elfinder/elfinder.html
[ log ] lingdayun.com/sites/all/libraries/elfinder/elfinder.html [运行时间：0.071413s][吞吐率：14.00req/s] [内存消耗：1,112.05kb] [文件加载：40]
[ info ] [ LANG ] C:\wwwroot\www.lingdayun.com\thinkphp\lang\zh-cn.php
[ info ] [ ROUTE ] array (
  'type' => 'module',
  'module' => 
  array (
    0 => 'sites',
    1 => 'all',
    2 => 'libraries',
  ),
)
[ info ] [ HEADER ] array (
  'x-forwarded-for' => '82.157.249.182',
  'upgrade-insecure-requests' => '1',
  'connection' => 'close',
  'cache-control' => 'max-age=0',
  'accept-language' => 'zh-CN,zh;q=0.9',
  'accept-encoding' => 'gzip, deflate',
  'accept' => 'text/html,application/xhtml+xml,application/xml;q=0.9,image/avif,image/webp,image/apng,*/*;q=0.8,application/signed-exchange;v=b3;q=0.9',
  'user-agent' => 'ALittle Client',
  'host' => 'lingdayun.com',
)
[ info ] [ PARAM ] array (
  '/sites/all/libraries/elfinder/elfinder_html' => '',
  'elfinder' => 'elfinder',
)
[ info ] [ LOG ] INIT File

---------------------------------------------------------------
[ 2022-11-02T09:40:47+08:00 ] 10.0.8.4 180.120.170.177 GET /
[ log ] lingdayun.com/ [运行时间：0.074764s][吞吐率：13.38req/s] [内存消耗：1,274.30kb] [文件加载：44]
[ info ] [ LANG ] C:\wwwroot\www.lingdayun.com\thinkphp\lang\zh-cn.php
[ info ] [ ROUTE ] array (
  'type' => 'module',
  'module' => 
  array (
    0 => '',
    1 => NULL,
    2 => NULL,
  ),
)
[ info ] [ HEADER ] array (
  'connection' => 'close',
  'accept-encoding' => 'gzip',
  'accept' => '*/*',
  'user-agent' => 'Mozilla/5.0 (Windows NT 10.0; Win64; x64) AppleWebKit/537.36 (KHTML, like Gecko) Chrome/53.0.2785.143 Safari/537.36',
  'host' => 'lingdayun.com',
)
[ info ] [ PARAM ] array (
)
[ info ] [ RUN ] app\index\controller\Index->index[ C:\wwwroot\www.lingdayun.com\application\index\controller\Index.php ]
[ info ] [ VIEW ] C:\wwwroot\www.lingdayun.com\public/../application/index\view\index\index.html [ array (
) ]
[ info ] [ LOG ] INIT File

---------------------------------------------------------------
[ 2022-11-02T09:40:47+08:00 ] 10.0.8.4 59.59.17.222 GET /
[ log ] www.lingdayun.com/ [运行时间：0.079022s][吞吐率：12.65req/s] [内存消耗：1,274.32kb] [文件加载：44]
[ info ] [ LANG ] C:\wwwroot\www.lingdayun.com\thinkphp\lang\zh-cn.php
[ info ] [ ROUTE ] array (
  'type' => 'module',
  'module' => 
  array (
    0 => '',
    1 => NULL,
    2 => NULL,
  ),
)
[ info ] [ HEADER ] array (
  'connection' => 'close',
  'accept-encoding' => 'gzip',
  'accept' => '*/*',
  'user-agent' => 'Mozilla/5.0 (Windows NT 10.0; Win64; x64) AppleWebKit/537.36 (KHTML, like Gecko) Chrome/53.0.2785.143 Safari/537.36',
  'host' => 'www.lingdayun.com',
)
[ info ] [ PARAM ] array (
)
[ info ] [ RUN ] app\index\controller\Index->index[ C:\wwwroot\www.lingdayun.com\application\index\controller\Index.php ]
[ info ] [ VIEW ] C:\wwwroot\www.lingdayun.com\public/../application/index\view\index\index.html [ array (
) ]
[ info ] [ LOG ] INIT File

---------------------------------------------------------------
[ 2022-11-02T09:41:27+08:00 ] 10.0.8.4 59.59.17.222 GET /
[ log ] www.lingdayun.com/ [运行时间：0.077296s][吞吐率：12.94req/s] [内存消耗：1,274.61kb] [文件加载：44]
[ info ] [ LANG ] C:\wwwroot\www.lingdayun.com\thinkphp\lang\zh-cn.php
[ info ] [ ROUTE ] array (
  'type' => 'module',
  'module' => 
  array (
    0 => '',
    1 => NULL,
    2 => NULL,
  ),
)
[ info ] [ HEADER ] array (
  'connection' => 'close',
  'referer' => 'http://www.lingdayun.com',
  'cookie' => 'ZDEDebuggerPresent=php,phtml,php3',
  'accept-encoding' => 'gzip',
  'accept' => '*/*',
  'user-agent' => 'Mozilla/5.0 (Windows NT 10.0; Win64; x64) AppleWebKit/537.36 (KHTML, like Gecko) Chrome/53.0.2785.143 Safari/537.36',
  'host' => 'www.lingdayun.com',
)
[ info ] [ PARAM ] array (
)
[ info ] [ RUN ] app\index\controller\Index->index[ C:\wwwroot\www.lingdayun.com\application\index\controller\Index.php ]
[ info ] [ VIEW ] C:\wwwroot\www.lingdayun.com\public/../application/index\view\index\index.html [ array (
) ]
[ info ] [ LOG ] INIT File

---------------------------------------------------------------
[ 2022-11-02T09:41:27+08:00 ] 10.0.8.4 180.120.170.177 GET /
[ log ] lingdayun.com/ [运行时间：0.081807s][吞吐率：12.22req/s] [内存消耗：1,274.56kb] [文件加载：44]
[ info ] [ LANG ] C:\wwwroot\www.lingdayun.com\thinkphp\lang\zh-cn.php
[ info ] [ ROUTE ] array (
  'type' => 'module',
  'module' => 
  array (
    0 => '',
    1 => NULL,
    2 => NULL,
  ),
)
[ info ] [ HEADER ] array (
  'connection' => 'close',
  'referer' => 'http://lingdayun.com',
  'cookie' => 'ZDEDebuggerPresent=php,phtml,php3',
  'accept-encoding' => 'gzip',
  'accept' => '*/*',
  'user-agent' => 'Mozilla/5.0 (Windows NT 10.0; Win64; x64) AppleWebKit/537.36 (KHTML, like Gecko) Chrome/53.0.2785.143 Safari/537.36',
  'host' => 'lingdayun.com',
)
[ info ] [ PARAM ] array (
)
[ info ] [ RUN ] app\index\controller\Index->index[ C:\wwwroot\www.lingdayun.com\application\index\controller\Index.php ]
[ info ] [ VIEW ] C:\wwwroot\www.lingdayun.com\public/../application/index\view\index\index.html [ array (
) ]
[ info ] [ LOG ] INIT File

---------------------------------------------------------------
[ 2022-11-02T09:41:27+08:00 ] 10.0.8.4 180.120.170.177 GET /
[ log ] lingdayun.com/ [运行时间：0.076986s][吞吐率：12.99req/s] [内存消耗：1,274.56kb] [文件加载：44]
[ info ] [ LANG ] C:\wwwroot\www.lingdayun.com\thinkphp\lang\zh-cn.php
[ info ] [ ROUTE ] array (
  'type' => 'module',
  'module' => 
  array (
    0 => '',
    1 => NULL,
    2 => NULL,
  ),
)
[ info ] [ HEADER ] array (
  'connection' => 'close',
  'referer' => 'http://lingdayun.com',
  'cookie' => 'ZDEDebuggerPresent=php,phtml,php3',
  'accept-encoding' => 'gzip',
  'accept' => '*/*',
  'user-agent' => 'Mozilla/5.0 (Windows NT 10.0; Win64; x64) AppleWebKit/537.36 (KHTML, like Gecko) Chrome/53.0.2785.143 Safari/537.36',
  'host' => 'lingdayun.com',
)
[ info ] [ PARAM ] array (
)
[ info ] [ RUN ] app\index\controller\Index->index[ C:\wwwroot\www.lingdayun.com\application\index\controller\Index.php ]
[ info ] [ VIEW ] C:\wwwroot\www.lingdayun.com\public/../application/index\view\index\index.html [ array (
) ]
[ info ] [ LOG ] INIT File

---------------------------------------------------------------
[ 2022-11-02T09:41:28+08:00 ] 10.0.8.4 180.120.170.177 GET /
[ log ] www.lingdayun.com/ [运行时间：0.078427s][吞吐率：12.75req/s] [内存消耗：1,274.56kb] [文件加载：44]
[ info ] [ LANG ] C:\wwwroot\www.lingdayun.com\thinkphp\lang\zh-cn.php
[ info ] [ ROUTE ] array (
  'type' => 'module',
  'module' => 
  array (
    0 => '',
    1 => NULL,
    2 => NULL,
  ),
)
[ info ] [ HEADER ] array (
  'connection' => 'close',
  'referer' => 'http://lingdayun.com',
  'cookie' => 'ZDEDebuggerPresent=php,phtml,php3',
  'accept-encoding' => 'gzip',
  'accept' => '*/*',
  'user-agent' => 'Mozilla/5.0 (Windows NT 10.0; Win64; x64) AppleWebKit/537.36 (KHTML, like Gecko) Chrome/53.0.2785.143 Safari/537.36',
  'host' => 'www.lingdayun.com',
)
[ info ] [ PARAM ] array (
)
[ info ] [ RUN ] app\index\controller\Index->index[ C:\wwwroot\www.lingdayun.com\application\index\controller\Index.php ]
[ info ] [ VIEW ] C:\wwwroot\www.lingdayun.com\public/../application/index\view\index\index.html [ array (
) ]
[ info ] [ LOG ] INIT File

---------------------------------------------------------------
[ 2022-11-02T09:41:28+08:00 ] 10.0.8.4 180.120.170.177 GET /
[ log ] www.lingdayun.com/ [运行时间：0.076538s][吞吐率：13.07req/s] [内存消耗：1,274.56kb] [文件加载：44]
[ info ] [ LANG ] C:\wwwroot\www.lingdayun.com\thinkphp\lang\zh-cn.php
[ info ] [ ROUTE ] array (
  'type' => 'module',
  'module' => 
  array (
    0 => '',
    1 => NULL,
    2 => NULL,
  ),
)
[ info ] [ HEADER ] array (
  'connection' => 'close',
  'referer' => 'http://lingdayun.com',
  'cookie' => 'ZDEDebuggerPresent=php,phtml,php3',
  'accept-encoding' => 'gzip',
  'accept' => '*/*',
  'user-agent' => 'Mozilla/5.0 (Windows NT 10.0; Win64; x64) AppleWebKit/537.36 (KHTML, like Gecko) Chrome/53.0.2785.143 Safari/537.36',
  'host' => 'www.lingdayun.com',
)
[ info ] [ PARAM ] array (
)
[ info ] [ RUN ] app\index\controller\Index->index[ C:\wwwroot\www.lingdayun.com\application\index\controller\Index.php ]
[ info ] [ VIEW ] C:\wwwroot\www.lingdayun.com\public/../application/index\view\index\index.html [ array (
) ]
[ info ] [ LOG ] INIT File

---------------------------------------------------------------
[ 2022-11-02T09:41:28+08:00 ] 10.0.8.4 59.59.17.222 GET /
[ log ] lingdayun.com/ [运行时间：0.086841s][吞吐率：11.52req/s] [内存消耗：1,274.59kb] [文件加载：44]
[ info ] [ LANG ] C:\wwwroot\www.lingdayun.com\thinkphp\lang\zh-cn.php
[ info ] [ ROUTE ] array (
  'type' => 'module',
  'module' => 
  array (
    0 => '',
    1 => NULL,
    2 => NULL,
  ),
)
[ info ] [ HEADER ] array (
  'connection' => 'close',
  'referer' => 'http://www.lingdayun.com',
  'cookie' => 'ZDEDebuggerPresent=php,phtml,php3',
  'accept-encoding' => 'gzip',
  'accept' => '*/*',
  'user-agent' => 'Mozilla/5.0 (Windows NT 10.0; Win64; x64) AppleWebKit/537.36 (KHTML, like Gecko) Chrome/53.0.2785.143 Safari/537.36',
  'host' => 'lingdayun.com',
)
[ info ] [ PARAM ] array (
)
[ info ] [ RUN ] app\index\controller\Index->index[ C:\wwwroot\www.lingdayun.com\application\index\controller\Index.php ]
[ info ] [ VIEW ] C:\wwwroot\www.lingdayun.com\public/../application/index\view\index\index.html [ array (
) ]
[ info ] [ LOG ] INIT File

---------------------------------------------------------------
[ 2022-11-02T09:41:29+08:00 ] 10.0.8.4 59.59.17.222 GET /
[ log ] www.lingdayun.com/ [运行时间：0.079435s][吞吐率：12.59req/s] [内存消耗：1,274.70kb] [文件加载：44]
[ info ] [ LANG ] C:\wwwroot\www.lingdayun.com\thinkphp\lang\zh-cn.php
[ info ] [ ROUTE ] array (
  'type' => 'module',
  'module' => 
  array (
    0 => '',
    1 => NULL,
    2 => NULL,
  ),
)
[ info ] [ HEADER ] array (
  'connection' => 'close',
  'referer' => 'http://www.lingdayun.com',
  'cookie' => 'ZDEDebuggerPresent=php,phtml,php3',
  'accept-encoding' => 'gzip',
  'accept' => '*/*',
  'user-agent' => 'Mozilla/5.0 (Windows NT 10.0; Win64; x64) AppleWebKit/537.36 (KHTML, like Gecko) Chrome/53.0.2785.143 Safari/537.36',
  'host' => 'www.lingdayun.com',
)
[ info ] [ PARAM ] array (
)
[ info ] [ RUN ] app\index\controller\Index->index[ C:\wwwroot\www.lingdayun.com\application\index\controller\Index.php ]
[ info ] [ VIEW ] C:\wwwroot\www.lingdayun.com\public/../application/index\view\index\index.html [ array (
) ]
[ info ] [ LOG ] INIT File

---------------------------------------------------------------
[ 2022-11-02T09:41:29+08:00 ] 10.0.8.4 59.59.17.222 GET /
[ log ] lingdayun.com/ [运行时间：0.080023s][吞吐率：12.50req/s] [内存消耗：1,274.53kb] [文件加载：44]
[ info ] [ LANG ] C:\wwwroot\www.lingdayun.com\thinkphp\lang\zh-cn.php
[ info ] [ ROUTE ] array (
  'type' => 'module',
  'module' => 
  array (
    0 => '',
    1 => NULL,
    2 => NULL,
  ),
)
[ info ] [ HEADER ] array (
  'connection' => 'close',
  'referer' => 'http://www.lingdayun.com',
  'cookie' => 'ZDEDebuggerPresent=php,phtml,php3',
  'accept-encoding' => 'gzip',
  'accept' => '*/*',
  'user-agent' => 'Mozilla/5.0 (Windows NT 10.0; Win64; x64) AppleWebKit/537.36 (KHTML, like Gecko) Chrome/53.0.2785.143 Safari/537.36',
  'host' => 'lingdayun.com',
)
[ info ] [ PARAM ] array (
)
[ info ] [ RUN ] app\index\controller\Index->index[ C:\wwwroot\www.lingdayun.com\application\index\controller\Index.php ]
[ info ] [ VIEW ] C:\wwwroot\www.lingdayun.com\public/../application/index\view\index\index.html [ array (
) ]
[ info ] [ LOG ] INIT File

---------------------------------------------------------------
[ 2022-11-02T09:46:37+08:00 ] 10.0.8.4 61.147.15.67 GET /
[ log ] lingdayun.com/ [运行时间：0.082629s][吞吐率：12.10req/s] [内存消耗：1,274.73kb] [文件加载：44]
[ info ] [ LANG ] C:\wwwroot\www.lingdayun.com\thinkphp\lang\zh-cn.php
[ info ] [ ROUTE ] array (
  'type' => 'module',
  'module' => 
  array (
    0 => '',
    1 => NULL,
    2 => NULL,
  ),
)
[ info ] [ HEADER ] array (
  'accept-language' => 'zh-CN,zh;q=0.9',
  'cache-control' => 'no-cache',
  'connection' => 'close',
  'accept' => 'text/html,application/xhtml+xml,application/xml;q=0.9,image/avif,image/webp,image/apng,*/*;q=0.8,application/signed-exchange;v=b3;q=0.9',
  'accept-encoding' => 'gzip, deflate',
  'user-agent' => 'Dalvik/2.1.0 (Linux; U; Android 9.0; ZTE BA520 Build/MRA58K)',
  'host' => 'lingdayun.com',
)
[ info ] [ PARAM ] array (
)
[ info ] [ RUN ] app\index\controller\Index->index[ C:\wwwroot\www.lingdayun.com\application\index\controller\Index.php ]
[ info ] [ VIEW ] C:\wwwroot\www.lingdayun.com\public/../application/index\view\index\index.html [ array (
) ]
[ info ] [ LOG ] INIT File

---------------------------------------------------------------
[ 2022-11-02T09:46:59+08:00 ] 10.0.8.4 61.147.15.65 GET /
[ log ] lingdayun.com/ [运行时间：0.079596s][吞吐率：12.56req/s] [内存消耗：1,274.88kb] [文件加载：44]
[ info ] [ LANG ] C:\wwwroot\www.lingdayun.com\thinkphp\lang\zh-cn.php
[ info ] [ ROUTE ] array (
  'type' => 'module',
  'module' => 
  array (
    0 => '',
    1 => NULL,
    2 => NULL,
  ),
)
[ info ] [ HEADER ] array (
  'accept-language' => 'zh-CN,zh;q=0.9',
  'cache-control' => 'no-cache',
  'connection' => 'close',
  'accept' => 'text/html,application/xhtml+xml,application/xml;q=0.9,image/avif,image/webp,image/apng,*/*;q=0.8,application/signed-exchange;v=b3;q=0.9',
  'accept-encoding' => 'gzip, deflate',
  'user-agent' => 'Mozilla/5.0 (Windows NT 6.1) AppleWebKit/534.30 (KHTML, like Gecko) Chrome/12.0.742.113 Safari/534.30',
  'host' => 'lingdayun.com',
)
[ info ] [ PARAM ] array (
)
[ info ] [ RUN ] app\index\controller\Index->index[ C:\wwwroot\www.lingdayun.com\application\index\controller\Index.php ]
[ info ] [ VIEW ] C:\wwwroot\www.lingdayun.com\public/../application/index\view\index\index.html [ array (
) ]
[ info ] [ LOG ] INIT File

---------------------------------------------------------------
[ 2022-11-02T09:47:20+08:00 ] 10.0.8.4 61.147.15.67 GET /
[ log ] lingdayun.com/ [运行时间：0.084704s][吞吐率：11.81req/s] [内存消耗：1,274.86kb] [文件加载：44]
[ info ] [ LANG ] C:\wwwroot\www.lingdayun.com\thinkphp\lang\zh-cn.php
[ info ] [ ROUTE ] array (
  'type' => 'module',
  'module' => 
  array (
    0 => '',
    1 => NULL,
    2 => NULL,
  ),
)
[ info ] [ HEADER ] array (
  'accept-language' => 'zh-CN,zh;q=0.9',
  'cache-control' => 'no-cache',
  'connection' => 'close',
  'accept' => 'text/html,application/xhtml+xml,application/xml;q=0.9,image/avif,image/webp,image/apng,*/*;q=0.8,application/signed-exchange;v=b3;q=0.9',
  'accept-encoding' => 'gzip, deflate',
  'user-agent' => 'Mozilla/5.0 (Macintosh; Intel Mac OS X 10_11) AppleWebKit/601.1.27 (KHTML, like Gecko) Chrome/47.0.2526.106 Safari/601.1.27',
  'host' => 'lingdayun.com',
)
[ info ] [ PARAM ] array (
)
[ info ] [ RUN ] app\index\controller\Index->index[ C:\wwwroot\www.lingdayun.com\application\index\controller\Index.php ]
[ info ] [ VIEW ] C:\wwwroot\www.lingdayun.com\public/../application/index\view\index\index.html [ array (
) ]
[ info ] [ LOG ] INIT File

---------------------------------------------------------------
[ 2022-11-02T09:47:24+08:00 ] 10.0.8.4 61.147.15.67 GET /
[ log ] www.lingdayun.com/ [运行时间：0.082122s][吞吐率：12.18req/s] [内存消耗：1,274.88kb] [文件加载：44]
[ info ] [ LANG ] C:\wwwroot\www.lingdayun.com\thinkphp\lang\zh-cn.php
[ info ] [ ROUTE ] array (
  'type' => 'module',
  'module' => 
  array (
    0 => '',
    1 => NULL,
    2 => NULL,
  ),
)
[ info ] [ HEADER ] array (
  'accept-language' => 'zh-CN,zh;q=0.9',
  'cache-control' => 'no-cache',
  'connection' => 'close',
  'accept' => 'text/html,application/xhtml+xml,application/xml;q=0.9,image/avif,image/webp,image/apng,*/*;q=0.8,application/signed-exchange;v=b3;q=0.9',
  'accept-encoding' => 'gzip, deflate',
  'user-agent' => 'Mozilla/5.0 (Macintosh; Intel Mac OS X 10_11) AppleWebKit/601.1.27 (KHTML, like Gecko) Chrome/47.0.2526.106 Safari/601.1.27',
  'host' => 'www.lingdayun.com',
)
[ info ] [ PARAM ] array (
)
[ info ] [ RUN ] app\index\controller\Index->index[ C:\wwwroot\www.lingdayun.com\application\index\controller\Index.php ]
[ info ] [ VIEW ] C:\wwwroot\www.lingdayun.com\public/../application/index\view\index\index.html [ array (
) ]
[ info ] [ LOG ] INIT File

---------------------------------------------------------------
[ 2022-11-02T09:47:28+08:00 ] 10.0.8.4 61.147.15.67 GET /
[ log ] www.lingdayun.com/ [运行时间：0.082728s][吞吐率：12.09req/s] [内存消耗：1,274.78kb] [文件加载：44]
[ info ] [ LANG ] C:\wwwroot\www.lingdayun.com\thinkphp\lang\zh-cn.php
[ info ] [ ROUTE ] array (
  'type' => 'module',
  'module' => 
  array (
    0 => '',
    1 => NULL,
    2 => NULL,
  ),
)
[ info ] [ HEADER ] array (
  'accept-language' => 'zh-CN,zh;q=0.9',
  'cache-control' => 'no-cache',
  'connection' => 'close',
  'accept' => 'text/html,application/xhtml+xml,application/xml;q=0.9,image/avif,image/webp,image/apng,*/*;q=0.8,application/signed-exchange;v=b3;q=0.9',
  'accept-encoding' => 'gzip, deflate',
  'user-agent' => 'Dalvik/2.1.0 (Linux; U; Android 9.0; ZTE BA520 Build/MRA58K)',
  'host' => 'www.lingdayun.com',
)
[ info ] [ PARAM ] array (
)
[ info ] [ RUN ] app\index\controller\Index->index[ C:\wwwroot\www.lingdayun.com\application\index\controller\Index.php ]
[ info ] [ VIEW ] C:\wwwroot\www.lingdayun.com\public/../application/index\view\index\index.html [ array (
) ]
[ info ] [ LOG ] INIT File

---------------------------------------------------------------
[ 2022-11-02T09:47:36+08:00 ] 10.0.8.4 61.147.15.65 GET /
[ log ] www.lingdayun.com/ [运行时间：0.093095s][吞吐率：10.74req/s] [内存消耗：1,274.84kb] [文件加载：44]
[ info ] [ LANG ] C:\wwwroot\www.lingdayun.com\thinkphp\lang\zh-cn.php
[ info ] [ ROUTE ] array (
  'type' => 'module',
  'module' => 
  array (
    0 => '',
    1 => NULL,
    2 => NULL,
  ),
)
[ info ] [ HEADER ] array (
  'accept-language' => 'zh-CN,zh;q=0.9',
  'cache-control' => 'no-cache',
  'connection' => 'close',
  'accept' => 'text/html,application/xhtml+xml,application/xml;q=0.9,image/avif,image/webp,image/apng,*/*;q=0.8,application/signed-exchange;v=b3;q=0.9',
  'accept-encoding' => 'gzip, deflate',
  'user-agent' => 'Mozilla/5.0 (Windows; U; Windows NT 5.1; fr) AppleWebKit/522.15.5 (KHTML, like Gecko) Version/3.0.3 Safari/522.15.5',
  'host' => 'www.lingdayun.com',
)
[ info ] [ PARAM ] array (
)
[ info ] [ RUN ] app\index\controller\Index->index[ C:\wwwroot\www.lingdayun.com\application\index\controller\Index.php ]
[ info ] [ VIEW ] C:\wwwroot\www.lingdayun.com\public/../application/index\view\index\index.html [ array (
) ]
[ info ] [ LOG ] INIT File

---------------------------------------------------------------
[ 2022-11-02T10:04:37+08:00 ] 10.0.8.4 113.24.224.52 GET /
[ log ] www.lingdayun.com/ [运行时间：0.081433s][吞吐率：12.28req/s] [内存消耗：1,274.75kb] [文件加载：44]
[ info ] [ LANG ] C:\wwwroot\www.lingdayun.com\thinkphp\lang\zh-cn.php
[ info ] [ ROUTE ] array (
  'type' => 'module',
  'module' => 
  array (
    0 => '',
    1 => NULL,
    2 => NULL,
  ),
)
[ info ] [ HEADER ] array (
  'host' => 'www.lingdayun.com',
  'accept-language' => 'en-US,*',
  'accept-encoding' => 'gzip, deflate',
  'connection' => 'close',
  'referer' => 'http://www.baidu.com/s?wd=inzxi',
  'user-agent' => 'Mozilla/5.0 (Windows NT 6.1; WOW64; rv:43.0) Gecko/20100101 Firefox/43.0',
  'accept' => 'text/html,application/xhtml+xml,application/xml;q=0.9,*/*;q=0.8',
)
[ info ] [ PARAM ] array (
)
[ info ] [ RUN ] app\index\controller\Index->index[ C:\wwwroot\www.lingdayun.com\application\index\controller\Index.php ]
[ info ] [ VIEW ] C:\wwwroot\www.lingdayun.com\public/../application/index\view\index\index.html [ array (
) ]
[ info ] [ LOG ] INIT File

---------------------------------------------------------------
[ 2022-11-02T10:04:37+08:00 ] 10.0.8.4 113.24.224.51 GET /static/js/layer/layer/layer.js
[ log ] www.lingdayun.com/static/js/layer/layer/layer.js [运行时间：0.063857s][吞吐率：15.66req/s] [内存消耗：1,111.62kb] [文件加载：40]
[ info ] [ LANG ] C:\wwwroot\www.lingdayun.com\thinkphp\lang\zh-cn.php
[ info ] [ ROUTE ] array (
  'type' => 'module',
  'module' => 
  array (
    0 => 'static',
    1 => 'js',
    2 => 'layer',
  ),
)
[ info ] [ HEADER ] array (
  'host' => 'www.lingdayun.com',
  'accept-language' => 'en-US,*',
  'accept-encoding' => 'gzip, deflate',
  'connection' => 'close',
  'cookie' => 'ZDEDebuggerPresent=php,phtml,php3',
  'user-agent' => 'Mozilla/5.0 (Windows NT 6.1; WOW64; rv:43.0) Gecko/20100101 Firefox/43.0',
  'referer' => 'http://www.lingdayun.com/',
  'accept' => '*/*',
)
[ info ] [ PARAM ] array (
  '/static/js/layer/layer/layer_js' => '',
  'layer' => 'layer.js',
)
[ info ] [ LOG ] INIT File

---------------------------------------------------------------
[ 2022-11-02T10:05:14+08:00 ] 10.0.8.4 113.24.224.77 GET /
[ log ] www.lingdayun.com/ [运行时间：0.079651s][吞吐率：12.55req/s] [内存消耗：1,274.64kb] [文件加载：44]
[ info ] [ LANG ] C:\wwwroot\www.lingdayun.com\thinkphp\lang\zh-cn.php
[ info ] [ ROUTE ] array (
  'type' => 'module',
  'module' => 
  array (
    0 => '',
    1 => NULL,
    2 => NULL,
  ),
)
[ info ] [ HEADER ] array (
  'host' => 'www.lingdayun.com',
  'accept-language' => 'en-US,*',
  'accept-encoding' => 'gzip, deflate',
  'connection' => 'close',
  'referer' => 'http://www.baidu.com/s?wd=costmsp',
  'user-agent' => 'Mozilla/5.0 (Windows NT 6.1; WOW64; rv:43.0) Gecko/20100101 Firefox/43.0',
  'accept' => 'text/html,application/xhtml+xml,application/xml;q=0.9,*/*;q=0.8',
)
[ info ] [ PARAM ] array (
)
[ info ] [ RUN ] app\index\controller\Index->index[ C:\wwwroot\www.lingdayun.com\application\index\controller\Index.php ]
[ info ] [ VIEW ] C:\wwwroot\www.lingdayun.com\public/../application/index\view\index\index.html [ array (
) ]
[ info ] [ LOG ] INIT File

---------------------------------------------------------------
[ 2022-11-02T10:05:14+08:00 ] 10.0.8.4 113.24.224.235 GET /static/js/layer/layer/layer.js
[ log ] www.lingdayun.com/static/js/layer/layer/layer.js [运行时间：0.065063s][吞吐率：15.37req/s] [内存消耗：1,111.62kb] [文件加载：40]
[ info ] [ LANG ] C:\wwwroot\www.lingdayun.com\thinkphp\lang\zh-cn.php
[ info ] [ ROUTE ] array (
  'type' => 'module',
  'module' => 
  array (
    0 => 'static',
    1 => 'js',
    2 => 'layer',
  ),
)
[ info ] [ HEADER ] array (
  'host' => 'www.lingdayun.com',
  'accept-language' => 'en-US,*',
  'accept-encoding' => 'gzip, deflate',
  'connection' => 'close',
  'cookie' => 'ZDEDebuggerPresent=php,phtml,php3',
  'user-agent' => 'Mozilla/5.0 (Windows NT 6.1; WOW64; rv:43.0) Gecko/20100101 Firefox/43.0',
  'referer' => 'http://www.lingdayun.com/',
  'accept' => '*/*',
)
[ info ] [ PARAM ] array (
  '/static/js/layer/layer/layer_js' => '',
  'layer' => 'layer.js',
)
[ info ] [ LOG ] INIT File

---------------------------------------------------------------
[ 2022-11-02T11:54:19+08:00 ] 10.0.8.4 42.83.147.34 GET /
[ log ] lingdayun.com/ [运行时间：0.083426s][吞吐率：11.99req/s] [内存消耗：1,274.48kb] [文件加载：44]
[ info ] [ LANG ] C:\wwwroot\www.lingdayun.com\thinkphp\lang\zh-cn.php
[ info ] [ ROUTE ] array (
  'type' => 'module',
  'module' => 
  array (
    0 => '',
    1 => NULL,
    2 => NULL,
  ),
)
[ info ] [ HEADER ] array (
  'connection' => 'close',
  'accept-encoding' => 'gzip, deflate',
  'accept' => '*/*',
  'content-type' => 'text/html; charset=utf-8',
  'user-agent' => 'Mozilla/5.0 (Windows NT 6.1; Win64; x64) AppleWebKit/537.36 (KHTML, like Gecko)Chrome/74.0.3729.169 Safari/537.36',
  'host' => 'lingdayun.com',
)
[ info ] [ PARAM ] array (
)
[ info ] [ RUN ] app\index\controller\Index->index[ C:\wwwroot\www.lingdayun.com\application\index\controller\Index.php ]
[ info ] [ VIEW ] C:\wwwroot\www.lingdayun.com\public/../application/index\view\index\index.html [ array (
) ]
[ info ] [ LOG ] INIT File

---------------------------------------------------------------
[ 2022-11-02T12:31:47+08:00 ] 10.0.8.4 207.46.13.22 GET /
[ log ] www.lingdayun.com/ [运行时间：0.082563s][吞吐率：12.11req/s] [内存消耗：1,274.79kb] [文件加载：44]
[ info ] [ LANG ] C:\wwwroot\www.lingdayun.com\thinkphp\lang\zh-cn.php
[ info ] [ ROUTE ] array (
  'type' => 'module',
  'module' => 
  array (
    0 => '',
    1 => NULL,
    2 => NULL,
  ),
)
[ info ] [ HEADER ] array (
  'user-agent' => 'Mozilla/5.0 AppleWebKit/537.36 (KHTML, like Gecko; compatible; bingbot/2.0; +http://www.bing.com/bingbot.htm) Chrome/103.0.5060.134 Safari/537.36',
  'host' => 'www.lingdayun.com',
  'from' => 'bingbot(at)microsoft.com',
  'accept-encoding' => 'gzip, deflate',
  'accept' => '*/*',
  'pragma' => 'no-cache',
  'connection' => 'close',
  'cache-control' => 'no-cache',
)
[ info ] [ PARAM ] array (
)
[ info ] [ RUN ] app\index\controller\Index->index[ C:\wwwroot\www.lingdayun.com\application\index\controller\Index.php ]
[ info ] [ VIEW ] C:\wwwroot\www.lingdayun.com\public/../application/index\view\index\index.html [ array (
) ]
[ info ] [ LOG ] INIT File

---------------------------------------------------------------
[ 2022-11-02T13:46:40+08:00 ] 10.0.8.4 123.125.109.226 GET /
[ log ] www.lingdayun.com/ [运行时间：0.078803s][吞吐率：12.69req/s] [内存消耗：1,274.17kb] [文件加载：44]
[ info ] [ LANG ] C:\wwwroot\www.lingdayun.com\thinkphp\lang\zh-cn.php
[ info ] [ ROUTE ] array (
  'type' => 'module',
  'module' => 
  array (
    0 => '',
    1 => NULL,
    2 => NULL,
  ),
)
[ info ] [ HEADER ] array (
  'accept-encoding' => 'gzip,deflate',
  'connection' => 'close',
  'host' => 'www.lingdayun.com',
  'user-agent' => 'Mozilla/5.0 (Windows NT 10.0; WOW64) AppleWebKit/537.36 (KHTML, like Gecko) Chrome/62.0.3202.94 Safari/537.36',
)
[ info ] [ PARAM ] array (
)
[ info ] [ RUN ] app\index\controller\Index->index[ C:\wwwroot\www.lingdayun.com\application\index\controller\Index.php ]
[ info ] [ VIEW ] C:\wwwroot\www.lingdayun.com\public/../application/index\view\index\index.html [ array (
) ]
[ info ] [ LOG ] INIT File

---------------------------------------------------------------
[ 2022-11-02T14:39:38+08:00 ] 10.0.8.4 14.116.157.23 GET /
[ log ] www.lingdayun.com/ [运行时间：0.108474s][吞吐率：9.22req/s] [内存消耗：1,274.47kb] [文件加载：44]
[ info ] [ LANG ] C:\wwwroot\www.lingdayun.com\thinkphp\lang\zh-cn.php
[ info ] [ ROUTE ] array (
  'type' => 'module',
  'module' => 
  array (
    0 => '',
    1 => NULL,
    2 => NULL,
  ),
)
[ info ] [ HEADER ] array (
  'connection' => 'close',
  'accept-encoding' => 'gzip',
  'accept-language' => 'zh-CN,zh;q=0.9,en-US;q=0.8,en;q=0.7',
  'user-agent' => 'Mozilla/5.0 (iPhone; CPU iPhone OS 13_2_3 like Mac OS X) AppleWebKit/605.1.15 (KHTML, like Gecko) Version/13.0.3 Mobile/15E148 Safari/604.1',
  'host' => 'www.lingdayun.com',
)
[ info ] [ PARAM ] array (
)
[ info ] [ RUN ] app\index\controller\Index->index[ C:\wwwroot\www.lingdayun.com\application\index\controller\Index.php ]
[ info ] [ VIEW ] C:\wwwroot\www.lingdayun.com\public/../application/index\view\index\index.html [ array (
) ]
[ info ] [ LOG ] INIT File

---------------------------------------------------------------
[ 2022-11-02T15:00:38+08:00 ] 10.0.8.4 27.188.8.82 GET /index.php/index/api/video_tuijian
[ log ] www.lingdayun.com/index.php/index/api/video_tuijian [运行时间：0.146463s][吞吐率：6.83req/s] [内存消耗：1,908.46kb] [文件加载：52]
[ info ] [ LANG ] C:\wwwroot\www.lingdayun.com\thinkphp\lang\zh-cn.php
[ info ] [ ROUTE ] array (
  'type' => 'module',
  'module' => 
  array (
    0 => 'index',
    1 => 'api',
    2 => 'video_tuijian',
  ),
)
[ info ] [ HEADER ] array (
  'accept-language' => 'zh-CN,zh;q=0.9,en-US;q=0.8,en;q=0.7',
  'accept-encoding' => 'gzip, deflate',
  'referer' => 'http://www.lingdayun.com/html/index.html',
  'x-requested-with' => 'XMLHttpRequest',
  'user-agent' => 'Mozilla/5.0 (Linux; Android 12; V2148A Build/SP1A.210812.003; wv) AppleWebKit/537.36 (KHTML, like Gecko) Version/4.0 Chrome/86.0.4240.99 XWEB/4317 MMWEBSDK/20220903 Mobile Safari/537.36 MMWEBID/2750 MicroMessenger/8.0.28.2240(0x28001C57) WeChat/arm64 Weixin NetType/WIFI Language/zh_CN ABI/arm64',
  'accept' => 'application/json, text/javascript, */*; q=0.01',
  'connection' => 'close',
  'host' => 'www.lingdayun.com',
)
[ info ] [ PARAM ] array (
)
[ info ] [ RUN ] app\index\controller\Api->video_tuijian[ C:\wwwroot\www.lingdayun.com\application\index\controller\Api.php ]
[ info ] [ DB ] INIT mysql
[ info ] [ LOG ] INIT File
[ sql ] [ DB ] CONNECT:[ UseTime:0.002121s ] mysql:dbname=www_lingdayun_co;host=127.0.0.1;port=3306;charset=utf8
[ sql ] [ SQL ] SHOW COLUMNS FROM `ld_video` [ RunTime:0.004766s ]
[ sql ] [ SQL ] SELECT `a`.*,`d`.`teacher_name`,`b`.`kemu_cate`,`c`.`nianji_cate` FROM `ld_video` `a` INNER JOIN `ld_teacher` `d` ON `a`.`teacher_id`=`d`.`id` INNER JOIN `ld_kemu_cate` `b` ON `a`.`video_kemu`=`b`.`id` INNER JOIN `ld_nianji_cate` `c` ON `a`.`video_nianji`=`c`.`id` ORDER BY id desc LIMIT 3 [ RunTime:0.001660s ]

---------------------------------------------------------------
[ 2022-11-02T15:00:38+08:00 ] 10.0.8.4 27.188.8.82 GET /index.php/index/api/tankuang
[ log ] www.lingdayun.com/index.php/index/api/tankuang [运行时间：0.149022s][吞吐率：6.71req/s] [内存消耗：1,914.73kb] [文件加载：52]
[ info ] [ LANG ] C:\wwwroot\www.lingdayun.com\thinkphp\lang\zh-cn.php
[ info ] [ ROUTE ] array (
  'type' => 'module',
  'module' => 
  array (
    0 => 'index',
    1 => 'api',
    2 => 'tankuang',
  ),
)
[ info ] [ HEADER ] array (
  'accept-language' => 'zh-CN,zh;q=0.9,en-US;q=0.8,en;q=0.7',
  'accept-encoding' => 'gzip, deflate',
  'referer' => 'http://www.lingdayun.com/html/index.html',
  'x-requested-with' => 'XMLHttpRequest',
  'user-agent' => 'Mozilla/5.0 (Linux; Android 12; V2148A Build/SP1A.210812.003; wv) AppleWebKit/537.36 (KHTML, like Gecko) Version/4.0 Chrome/86.0.4240.99 XWEB/4317 MMWEBSDK/20220903 Mobile Safari/537.36 MMWEBID/2750 MicroMessenger/8.0.28.2240(0x28001C57) WeChat/arm64 Weixin NetType/WIFI Language/zh_CN ABI/arm64',
  'accept' => 'application/json, text/javascript, */*; q=0.01',
  'connection' => 'close',
  'host' => 'www.lingdayun.com',
)
[ info ] [ PARAM ] array (
)
[ info ] [ RUN ] app\index\controller\Api->tankuang[ C:\wwwroot\www.lingdayun.com\application\index\controller\Api.php ]
[ info ] [ DB ] INIT mysql
[ info ] [ LOG ] INIT File
[ sql ] [ DB ] CONNECT:[ UseTime:0.002177s ] mysql:dbname=www_lingdayun_co;host=127.0.0.1;port=3306;charset=utf8
[ sql ] [ SQL ] SHOW COLUMNS FROM `ld_wx_user` [ RunTime:0.003017s ]
[ sql ] [ SQL ] SELECT * FROM `ld_wx_user` WHERE  `user_openid` = null LIMIT 1 [ RunTime:0.000405s ]

---------------------------------------------------------------
[ 2022-11-02T18:37:17+08:00 ] 10.0.8.4 180.163.28.143 GET /
[ log ] lingdayun.com/ [运行时间：0.083707s][吞吐率：11.95req/s] [内存消耗：1,274.25kb] [文件加载：44]
[ info ] [ LANG ] C:\wwwroot\www.lingdayun.com\thinkphp\lang\zh-cn.php
[ info ] [ ROUTE ] array (
  'type' => 'module',
  'module' => 
  array (
    0 => '',
    1 => NULL,
    2 => NULL,
  ),
)
[ info ] [ HEADER ] array (
  'connection' => 'close',
  'host' => 'lingdayun.com',
  'accept-language' => 'zh-CN,zh;q=0.8,en-US;q=0.6,en;q=0.4',
  'accept' => '*/*',
  'user-agent' => 'Mozilla/5.0 (Windows NT 6.1; WOW64; rv:50.0) Gecko/20100101 Firefox/50.0',
)
[ info ] [ PARAM ] array (
)
[ info ] [ RUN ] app\index\controller\Index->index[ C:\wwwroot\www.lingdayun.com\application\index\controller\Index.php ]
[ info ] [ VIEW ] C:\wwwroot\www.lingdayun.com\public/../application/index\view\index\index.html [ array (
) ]
[ info ] [ LOG ] INIT File

---------------------------------------------------------------
[ 2022-11-02T18:44:29+08:00 ] 10.0.8.4 180.163.28.143 GET /static/js/layer/layer/layer.js
[ log ] lingdayun.com/static/js/layer/layer/layer.js [运行时间：0.074191s][吞吐率：13.48req/s] [内存消耗：1,111.14kb] [文件加载：40]
[ info ] [ LANG ] C:\wwwroot\www.lingdayun.com\thinkphp\lang\zh-cn.php
[ info ] [ ROUTE ] array (
  'type' => 'module',
  'module' => 
  array (
    0 => 'static',
    1 => 'js',
    2 => 'layer',
  ),
)
[ info ] [ HEADER ] array (
  'connection' => 'close',
  'host' => 'lingdayun.com',
  'accept-language' => 'zh-CN,zh;q=0.8,en-US;q=0.6,en;q=0.4',
  'referer' => 'http://lingdayun.com/',
  'accept' => '*/*',
  'user-agent' => 'Mozilla/5.0 (Windows NT 6.1; WOW64) AppleWebKit/537.36 (KHTML, like Gecko) Chrome/56.0.2924.87 Safari/537.36',
)
[ info ] [ PARAM ] array (
  '/static/js/layer/layer/layer_js' => '',
  'layer' => 'layer.js',
)
[ info ] [ LOG ] INIT File

---------------------------------------------------------------
[ 2022-11-02T19:41:13+08:00 ] 10.0.8.4 175.6.60.118 GET /
[ log ] www.lingdayun.com/ [运行时间：0.086393s][吞吐率：11.57req/s] [内存消耗：1,275.34kb] [文件加载：44]
[ info ] [ LANG ] C:\wwwroot\www.lingdayun.com\thinkphp\lang\zh-cn.php
[ info ] [ ROUTE ] array (
  'type' => 'module',
  'module' => 
  array (
    0 => '',
    1 => NULL,
    2 => NULL,
  ),
)
[ info ] [ HEADER ] array (
  'accept-encoding' => 'gzip',
  'upgrade-insecure-requests' => '1',
  'sec-gpc' => '1',
  'dnt' => '1',
  'connection' => 'close',
  'cache-control' => 'max-age=0',
  'accept-language' => 'en;q=0.9',
  'accept' => 'text/html,application/xhtml+xml,application/xml;q=0.9,image/avif,image/webp,image/apng,*/*;q=0.8,application/signed-exchange;v=b3;q=0.9',
  'user-agent' => 'Mozilla/5.0 (Macintosh; Intel Mac OS X 10_15_7) AppleWebKit/537.36 (KHTML, like Gecko) Chrome/96.0.4664.110 Safari/537.36',
  'host' => 'www.lingdayun.com',
)
[ info ] [ PARAM ] array (
)
[ info ] [ RUN ] app\index\controller\Index->index[ C:\wwwroot\www.lingdayun.com\application\index\controller\Index.php ]
[ info ] [ VIEW ] C:\wwwroot\www.lingdayun.com\public/../application/index\view\index\index.html [ array (
) ]
[ info ] [ LOG ] INIT File

---------------------------------------------------------------
[ 2022-11-02T19:41:13+08:00 ] 10.0.8.4 175.6.60.118 GET /
[ log ] www.lingdayun.com/ [运行时间：0.080595s][吞吐率：12.41req/s] [内存消耗：1,274.72kb] [文件加载：44]
[ info ] [ LANG ] C:\wwwroot\www.lingdayun.com\thinkphp\lang\zh-cn.php
[ info ] [ ROUTE ] array (
  'type' => 'module',
  'module' => 
  array (
    0 => '',
    1 => NULL,
    2 => NULL,
  ),
)
[ info ] [ HEADER ] array (
  'connection' => 'close',
  'accept-encoding' => 'gzip',
  'upgrade-insecure-requests' => '1',
  'accept-language' => 'en',
  'accept' => 'text/html,application/xhtml+xml,application/xml;q=0.9,image/avif,image/webp,image/apng,*/*;q=0.8,application/signed-exchange;v=b3;q=0.9',
  'user-agent' => 'Mozilla/5.0 (Macintosh; Intel Mac OS X 11_0_0) AppleWebKit/537.36 (KHTML, like Gecko) Chrome/87.0.4280.88 Safari/537.36',
  'host' => 'www.lingdayun.com',
)
[ info ] [ PARAM ] array (
)
[ info ] [ RUN ] app\index\controller\Index->index[ C:\wwwroot\www.lingdayun.com\application\index\controller\Index.php ]
[ info ] [ VIEW ] C:\wwwroot\www.lingdayun.com\public/../application/index\view\index\index.html [ array (
) ]
[ info ] [ LOG ] INIT File

---------------------------------------------------------------
[ 2022-11-02T19:41:13+08:00 ] 10.0.8.4 175.6.60.118 GET /static/js/layer/layer/layer.js
[ log ] www.lingdayun.com/static/js/layer/layer/layer.js [运行时间：0.072844s][吞吐率：13.73req/s] [内存消耗：1,111.66kb] [文件加载：40]
[ info ] [ LANG ] C:\wwwroot\www.lingdayun.com\thinkphp\lang\zh-cn.php
[ info ] [ ROUTE ] array (
  'type' => 'module',
  'module' => 
  array (
    0 => 'static',
    1 => 'js',
    2 => 'layer',
  ),
)
[ info ] [ HEADER ] array (
  'connection' => 'close',
  'accept-encoding' => 'gzip',
  'referer' => 'http://www.lingdayun.com/',
  'cookie' => 'ZDEDebuggerPresent=php,phtml,php3',
  'accept-language' => 'en',
  'accept' => '*/*',
  'user-agent' => 'Mozilla/5.0 (Macintosh; Intel Mac OS X 11_0_0) AppleWebKit/537.36 (KHTML, like Gecko) Chrome/87.0.4280.88 Safari/537.36',
  'host' => 'www.lingdayun.com',
)
[ info ] [ PARAM ] array (
  '/static/js/layer/layer/layer_js' => '',
  'layer' => 'layer.js',
)
[ info ] [ LOG ] INIT File

---------------------------------------------------------------
[ 2022-11-02T19:41:18+08:00 ] 10.0.8.4 117.33.174.117 GET /
[ log ] lingdayun.com/ [运行时间：0.083070s][吞吐率：12.04req/s] [内存消耗：1,275.29kb] [文件加载：44]
[ info ] [ LANG ] C:\wwwroot\www.lingdayun.com\thinkphp\lang\zh-cn.php
[ info ] [ ROUTE ] array (
  'type' => 'module',
  'module' => 
  array (
    0 => '',
    1 => NULL,
    2 => NULL,
  ),
)
[ info ] [ HEADER ] array (
  'accept-encoding' => 'gzip',
  'upgrade-insecure-requests' => '1',
  'sec-gpc' => '1',
  'dnt' => '1',
  'connection' => 'close',
  'cache-control' => 'max-age=0',
  'accept-language' => 'en;q=0.9',
  'accept' => 'text/html,application/xhtml+xml,application/xml;q=0.9,image/avif,image/webp,image/apng,*/*;q=0.8,application/signed-exchange;v=b3;q=0.9',
  'user-agent' => 'Mozilla/5.0 (Macintosh; Intel Mac OS X 10_15_7) AppleWebKit/537.36 (KHTML, like Gecko) Chrome/96.0.4664.110 Safari/537.36',
  'host' => 'lingdayun.com',
)
[ info ] [ PARAM ] array (
)
[ info ] [ RUN ] app\index\controller\Index->index[ C:\wwwroot\www.lingdayun.com\application\index\controller\Index.php ]
[ info ] [ VIEW ] C:\wwwroot\www.lingdayun.com\public/../application/index\view\index\index.html [ array (
) ]
[ info ] [ LOG ] INIT File

---------------------------------------------------------------
[ 2022-11-02T22:12:55+08:00 ] 10.0.8.4 175.24.212.154 GET /
[ log ] lingdayun.com/ [运行时间：0.093077s][吞吐率：10.74req/s] [内存消耗：1,274.10kb] [文件加载：44]
[ info ] [ LANG ] C:\wwwroot\www.lingdayun.com\thinkphp\lang\zh-cn.php
[ info ] [ ROUTE ] array (
  'type' => 'module',
  'module' => 
  array (
    0 => '',
    1 => NULL,
    2 => NULL,
  ),
)
[ info ] [ HEADER ] array (
  'user-agent' => 'python-httpx/0.23.0',
  'connection' => 'close',
  'accept-encoding' => 'gzip, deflate',
  'accept' => '*/*',
  'host' => 'lingdayun.com',
)
[ info ] [ PARAM ] array (
)
[ info ] [ RUN ] app\index\controller\Index->index[ C:\wwwroot\www.lingdayun.com\application\index\controller\Index.php ]
[ info ] [ VIEW ] C:\wwwroot\www.lingdayun.com\public/../application/index\view\index\index.html [ array (
) ]
[ info ] [ LOG ] INIT File

---------------------------------------------------------------
[ 2022-11-02T23:47:25+08:00 ] 10.0.8.4 218.76.35.26 GET /
[ log ] lingdayun.com/ [运行时间：0.080987s][吞吐率：12.35req/s] [内存消耗：1,274.44kb] [文件加载：44]
[ info ] [ LANG ] C:\wwwroot\www.lingdayun.com\thinkphp\lang\zh-cn.php
[ info ] [ ROUTE ] array (
  'type' => 'module',
  'module' => 
  array (
    0 => '',
    1 => NULL,
    2 => NULL,
  ),
)
[ info ] [ HEADER ] array (
  'connection' => 'close',
  'accept' => 'text/html, image/gif, image/jpeg, *; q=.2, */*; q=.2',
  'host' => 'lingdayun.com',
  'user-agent' => 'Mozilla/5.0 (Macintosh; Intel Mac OS X 10_11_6) AppleWebKit/537.36 (KHTML, like Gecko) Chrome/53.0.2785.143 Safari/537.36',
  'accept-encoding' => 'gzip',
)
[ info ] [ PARAM ] array (
)
[ info ] [ RUN ] app\index\controller\Index->index[ C:\wwwroot\www.lingdayun.com\application\index\controller\Index.php ]
[ info ] [ VIEW ] C:\wwwroot\www.lingdayun.com\public/../application/index\view\index\index.html [ array (
) ]
[ info ] [ LOG ] INIT File

---------------------------------------------------------------
[ 2022-11-02T23:47:25+08:00 ] 10.0.8.4 218.76.35.26 GET /
[ log ] lingdayun.com/ [运行时间：0.084012s][吞吐率：11.90req/s] [内存消耗：1,274.44kb] [文件加载：44]
[ info ] [ LANG ] C:\wwwroot\www.lingdayun.com\thinkphp\lang\zh-cn.php
[ info ] [ ROUTE ] array (
  'type' => 'module',
  'module' => 
  array (
    0 => '',
    1 => NULL,
    2 => NULL,
  ),
)
[ info ] [ HEADER ] array (
  'connection' => 'close',
  'accept' => 'text/html, image/gif, image/jpeg, *; q=.2, */*; q=.2',
  'host' => 'lingdayun.com',
  'user-agent' => 'Mozilla/5.0 (Macintosh; Intel Mac OS X 10_11_6) AppleWebKit/537.36 (KHTML, like Gecko) Chrome/53.0.2785.143 Safari/537.36',
  'accept-encoding' => 'gzip',
)
[ info ] [ PARAM ] array (
)
[ info ] [ RUN ] app\index\controller\Index->index[ C:\wwwroot\www.lingdayun.com\application\index\controller\Index.php ]
[ info ] [ VIEW ] C:\wwwroot\www.lingdayun.com\public/../application/index\view\index\index.html [ array (
) ]
[ info ] [ LOG ] INIT File

---------------------------------------------------------------
