[ 2022-11-08T02:29:39+08:00 ] 10.0.8.4 42.187.206.2 GET /
[ log ] lingdayun.com/ [运行时间：0.100895s][吞吐率：9.91req/s] [内存消耗：1,274.09kb] [文件加载：44]
[ info ] [ LANG ] C:\wwwroot\www.lingdayun.com\thinkphp\lang\zh-cn.php
[ info ] [ ROUTE ] array (
  'type' => 'module',
  'module' => 
  array (
    0 => '',
    1 => NULL,
    2 => NULL,
  ),
)
[ info ] [ HEADER ] array (
  'user-agent' => 'python-httpx/0.23.0',
  'connection' => 'close',
  'accept-encoding' => 'gzip, deflate',
  'accept' => '*/*',
  'host' => 'lingdayun.com',
)
[ info ] [ PARAM ] array (
)
[ info ] [ RUN ] app\index\controller\Index->index[ C:\wwwroot\www.lingdayun.com\application\index\controller\Index.php ]
[ info ] [ VIEW ] C:\wwwroot\www.lingdayun.com\public/../application/index\view\index\index.html [ array (
) ]
[ info ] [ LOG ] INIT File

---------------------------------------------------------------
[ 2022-11-08T09:37:46+08:00 ] 10.0.8.4 110.14.63.77 HEAD /
[ log ] lingdayun.com/ [运行时间：0.101066s][吞吐率：9.89req/s] [内存消耗：1,274.13kb] [文件加载：44]
[ info ] [ LANG ] C:\wwwroot\www.lingdayun.com\thinkphp\lang\zh-cn.php
[ info ] [ ROUTE ] array (
  'type' => 'module',
  'module' => 
  array (
    0 => '',
    1 => NULL,
    2 => NULL,
  ),
)
[ info ] [ HEADER ] array (
  'connection' => 'close',
  'referer' => 'https://www.bing.com',
  'accept-encoding' => 'gzip,deflate',
  'accept' => '*/*',
  'user-agent' => 'Mozilla/5.0 (Windows NT 5.1) AppleWebKit/537.36 (KHTML, like Gecko) Chrome/31.0.1650.16 Safari/537.36',
  'host' => 'lingdayun.com',
)
[ info ] [ PARAM ] array (
)
[ info ] [ RUN ] app\index\controller\Index->index[ C:\wwwroot\www.lingdayun.com\application\index\controller\Index.php ]
[ info ] [ VIEW ] C:\wwwroot\www.lingdayun.com\public/../application/index\view\index\index.html [ array (
) ]
[ info ] [ LOG ] INIT File

---------------------------------------------------------------
[ 2022-11-08T09:37:46+08:00 ] 10.0.8.4 110.14.63.77 GET /wp-login.php
[ log ] lingdayun.com/wp-login.php [运行时间：0.075754s][吞吐率：13.20req/s] [内存消耗：1,110.76kb] [文件加载：40]
[ info ] [ LANG ] C:\wwwroot\www.lingdayun.com\thinkphp\lang\zh-cn.php
[ info ] [ ROUTE ] array (
  'type' => 'module',
  'module' => 
  array (
    0 => 'wp-login.php',
    1 => NULL,
    2 => NULL,
  ),
)
[ info ] [ HEADER ] array (
  'connection' => 'close',
  'referer' => 'http://lingdayun.com',
  'accept-encoding' => 'gzip,deflate',
  'accept' => '*/*',
  'user-agent' => 'Mozilla/5.0 (Windows NT 5.1) AppleWebKit/537.36 (KHTML, like Gecko) Chrome/31.0.1650.16 Safari/537.36',
  'host' => 'lingdayun.com',
)
[ info ] [ PARAM ] array (
  '/wp-login_php' => '',
)
[ info ] [ LOG ] INIT File

---------------------------------------------------------------
[ 2022-11-08T09:37:46+08:00 ] 10.0.8.4 110.14.63.77 GET /wordpress/wp-login.php
[ log ] lingdayun.com/wordpress/wp-login.php [运行时间：0.069372s][吞吐率：14.42req/s] [内存消耗：1,110.85kb] [文件加载：40]
[ info ] [ LANG ] C:\wwwroot\www.lingdayun.com\thinkphp\lang\zh-cn.php
[ info ] [ ROUTE ] array (
  'type' => 'module',
  'module' => 
  array (
    0 => 'wordpress',
    1 => 'wp-login.php',
    2 => NULL,
  ),
)
[ info ] [ HEADER ] array (
  'connection' => 'close',
  'referer' => 'http://lingdayun.com',
  'accept-encoding' => 'gzip,deflate',
  'accept' => '*/*',
  'user-agent' => 'Mozilla/5.0 (Windows NT 5.1) AppleWebKit/537.36 (KHTML, like Gecko) Chrome/31.0.1650.16 Safari/537.36',
  'host' => 'lingdayun.com',
)
[ info ] [ PARAM ] array (
  '/wordpress/wp-login_php' => '',
)
[ info ] [ LOG ] INIT File

---------------------------------------------------------------
[ 2022-11-08T09:37:46+08:00 ] 10.0.8.4 110.14.63.77 GET /blog/wp-login.php
[ log ] lingdayun.com/blog/wp-login.php [运行时间：0.067929s][吞吐率：14.72req/s] [内存消耗：1,110.84kb] [文件加载：40]
[ info ] [ LANG ] C:\wwwroot\www.lingdayun.com\thinkphp\lang\zh-cn.php
[ info ] [ ROUTE ] array (
  'type' => 'module',
  'module' => 
  array (
    0 => 'blog',
    1 => 'wp-login.php',
    2 => NULL,
  ),
)
[ info ] [ HEADER ] array (
  'connection' => 'close',
  'referer' => 'http://lingdayun.com',
  'accept-encoding' => 'gzip,deflate',
  'accept' => '*/*',
  'user-agent' => 'Mozilla/5.0 (Windows NT 5.1) AppleWebKit/537.36 (KHTML, like Gecko) Chrome/31.0.1650.16 Safari/537.36',
  'host' => 'lingdayun.com',
)
[ info ] [ PARAM ] array (
  '/blog/wp-login_php' => '',
)
[ info ] [ LOG ] INIT File

---------------------------------------------------------------
[ 2022-11-08T09:37:47+08:00 ] 10.0.8.4 110.14.63.77 GET /wp/wp-login.php
[ log ] lingdayun.com/wp/wp-login.php [运行时间：0.076231s][吞吐率：13.12req/s] [内存消耗：1,110.80kb] [文件加载：40]
[ info ] [ LANG ] C:\wwwroot\www.lingdayun.com\thinkphp\lang\zh-cn.php
[ info ] [ ROUTE ] array (
  'type' => 'module',
  'module' => 
  array (
    0 => 'wp',
    1 => 'wp-login.php',
    2 => NULL,
  ),
)
[ info ] [ HEADER ] array (
  'connection' => 'close',
  'referer' => 'http://lingdayun.com',
  'accept-encoding' => 'gzip,deflate',
  'accept' => '*/*',
  'user-agent' => 'Mozilla/5.0 (Windows NT 5.1) AppleWebKit/537.36 (KHTML, like Gecko) Chrome/31.0.1650.16 Safari/537.36',
  'host' => 'lingdayun.com',
)
[ info ] [ PARAM ] array (
  '/wp/wp-login_php' => '',
)
[ info ] [ LOG ] INIT File

---------------------------------------------------------------
[ 2022-11-08T09:56:27+08:00 ] 10.0.8.4 157.55.39.175 GET /
[ log ] www.lingdayun.com/ [运行时间：0.096166s][吞吐率：10.40req/s] [内存消耗：1,274.79kb] [文件加载：44]
[ info ] [ LANG ] C:\wwwroot\www.lingdayun.com\thinkphp\lang\zh-cn.php
[ info ] [ ROUTE ] array (
  'type' => 'module',
  'module' => 
  array (
    0 => '',
    1 => NULL,
    2 => NULL,
  ),
)
[ info ] [ HEADER ] array (
  'user-agent' => 'Mozilla/5.0 AppleWebKit/537.36 (KHTML, like Gecko; compatible; bingbot/2.0; +http://www.bing.com/bingbot.htm) Chrome/103.0.5060.134 Safari/537.36',
  'host' => 'www.lingdayun.com',
  'from' => 'bingbot(at)microsoft.com',
  'accept-encoding' => 'gzip, deflate',
  'accept' => '*/*',
  'pragma' => 'no-cache',
  'connection' => 'close',
  'cache-control' => 'no-cache',
)
[ info ] [ PARAM ] array (
)
[ info ] [ RUN ] app\index\controller\Index->index[ C:\wwwroot\www.lingdayun.com\application\index\controller\Index.php ]
[ info ] [ VIEW ] C:\wwwroot\www.lingdayun.com\public/../application/index\view\index\index.html [ array (
) ]
[ info ] [ LOG ] INIT File

---------------------------------------------------------------
[ 2022-11-08T11:33:56+08:00 ] 10.0.8.4 35.91.124.38 GET /
[ log ] lingdayun.com/ [运行时间：0.100232s][吞吐率：9.98req/s] [内存消耗：1,274.35kb] [文件加载：44]
[ info ] [ LANG ] C:\wwwroot\www.lingdayun.com\thinkphp\lang\zh-cn.php
[ info ] [ ROUTE ] array (
  'type' => 'module',
  'module' => 
  array (
    0 => '',
    1 => NULL,
    2 => NULL,
  ),
)
[ info ] [ HEADER ] array (
  'connection' => 'close',
  'accept' => '*/*',
  'accept-encoding' => 'gzip, deflate',
  'user-agent' => 'Mozilla/5.0 (Windows NT 10.0; Win64; x64)AppleWebKit/537.36 (KHTML, like Gecko) Chrome/66.0.3359.181 Safari/537.36',
  'host' => 'lingdayun.com',
)
[ info ] [ PARAM ] array (
)
[ info ] [ RUN ] app\index\controller\Index->index[ C:\wwwroot\www.lingdayun.com\application\index\controller\Index.php ]
[ info ] [ VIEW ] C:\wwwroot\www.lingdayun.com\public/../application/index\view\index\index.html [ array (
) ]
[ info ] [ LOG ] INIT File

---------------------------------------------------------------
[ 2022-11-08T13:21:48+08:00 ] 10.0.8.4 194.38.20.161 GET /
[ log ] lingdayun.com/ [运行时间：0.082395s][吞吐率：12.14req/s] [内存消耗：1,274.34kb] [文件加载：44]
[ info ] [ LANG ] C:\wwwroot\www.lingdayun.com\thinkphp\lang\zh-cn.php
[ info ] [ ROUTE ] array (
  'type' => 'module',
  'module' => 
  array (
    0 => '',
    1 => NULL,
    2 => NULL,
  ),
)
[ info ] [ HEADER ] array (
  'connection' => 'close',
  'content-length' => '0',
  'content-type' => 'application/json',
  'host' => 'lingdayun.com',
  'user-agent' => 'ALittle Client',
  'accept' => '*/*',
)
[ info ] [ PARAM ] array (
)
[ info ] [ RUN ] app\index\controller\Index->index[ C:\wwwroot\www.lingdayun.com\application\index\controller\Index.php ]
[ info ] [ VIEW ] C:\wwwroot\www.lingdayun.com\public/../application/index\view\index\index.html [ array (
) ]
[ info ] [ LOG ] INIT File

---------------------------------------------------------------
[ 2022-11-08T13:54:32+08:00 ] 10.0.8.4 116.132.85.168 GET /index.php/index/api/video_tuijian
[ log ] www.lingdayun.com/index.php/index/api/video_tuijian [运行时间：0.107463s][吞吐率：9.31req/s] [内存消耗：1,908.73kb] [文件加载：52]
[ info ] [ LANG ] C:\wwwroot\www.lingdayun.com\thinkphp\lang\zh-cn.php
[ info ] [ ROUTE ] array (
  'type' => 'module',
  'module' => 
  array (
    0 => 'index',
    1 => 'api',
    2 => 'video_tuijian',
  ),
)
[ info ] [ HEADER ] array (
  'cookie' => 'ZDEDebuggerPresent=php,phtml,php3; PHPSESSID=t0l28vvamb1od075qau2kum206',
  'accept-language' => 'zh-CN,zh;q=0.9,en-US;q=0.8,en;q=0.7',
  'accept-encoding' => 'gzip, deflate',
  'referer' => 'http://www.lingdayun.com/html/index.html',
  'x-requested-with' => 'XMLHttpRequest',
  'user-agent' => 'Mozilla/5.0 (Linux; Android 10; JER-AN10 Build/HUAWEIJER-AN10; wv) AppleWebKit/537.36 (KHTML, like Gecko) Version/4.0 Chrome/86.0.4240.99 XWEB/4317 MMWEBSDK/20220903 Mobile Safari/537.36 MMWEBID/7980 MicroMessenger/8.0.28.2240(0x28001C57) WeChat/arm64 Weixin NetType/WIFI Language/zh_CN ABI/arm64',
  'accept' => 'application/json, text/javascript, */*; q=0.01',
  'connection' => 'close',
  'host' => 'www.lingdayun.com',
)
[ info ] [ PARAM ] array (
)
[ info ] [ RUN ] app\index\controller\Api->video_tuijian[ C:\wwwroot\www.lingdayun.com\application\index\controller\Api.php ]
[ info ] [ DB ] INIT mysql
[ info ] [ LOG ] INIT File
[ sql ] [ DB ] CONNECT:[ UseTime:0.000872s ] mysql:dbname=www_lingdayun_co;host=127.0.0.1;port=3306;charset=utf8
[ sql ] [ SQL ] SHOW COLUMNS FROM `ld_video` [ RunTime:0.003268s ]
[ sql ] [ SQL ] SELECT `a`.*,`d`.`teacher_name`,`b`.`kemu_cate`,`c`.`nianji_cate` FROM `ld_video` `a` INNER JOIN `ld_teacher` `d` ON `a`.`teacher_id`=`d`.`id` INNER JOIN `ld_kemu_cate` `b` ON `a`.`video_kemu`=`b`.`id` INNER JOIN `ld_nianji_cate` `c` ON `a`.`video_nianji`=`c`.`id` ORDER BY id desc LIMIT 3 [ RunTime:0.001297s ]

---------------------------------------------------------------
[ 2022-11-08T13:54:33+08:00 ] 10.0.8.4 116.132.85.168 GET /index.php/index/api/tankuang
[ log ] www.lingdayun.com/index.php/index/api/tankuang [运行时间：0.124575s][吞吐率：8.03req/s] [内存消耗：1,915.08kb] [文件加载：52]
[ info ] [ LANG ] C:\wwwroot\www.lingdayun.com\thinkphp\lang\zh-cn.php
[ info ] [ ROUTE ] array (
  'type' => 'module',
  'module' => 
  array (
    0 => 'index',
    1 => 'api',
    2 => 'tankuang',
  ),
)
[ info ] [ HEADER ] array (
  'cookie' => 'ZDEDebuggerPresent=php,phtml,php3; PHPSESSID=t0l28vvamb1od075qau2kum206',
  'accept-language' => 'zh-CN,zh;q=0.9,en-US;q=0.8,en;q=0.7',
  'accept-encoding' => 'gzip, deflate',
  'referer' => 'http://www.lingdayun.com/html/index.html',
  'x-requested-with' => 'XMLHttpRequest',
  'user-agent' => 'Mozilla/5.0 (Linux; Android 10; JER-AN10 Build/HUAWEIJER-AN10; wv) AppleWebKit/537.36 (KHTML, like Gecko) Version/4.0 Chrome/86.0.4240.99 XWEB/4317 MMWEBSDK/20220903 Mobile Safari/537.36 MMWEBID/7980 MicroMessenger/8.0.28.2240(0x28001C57) WeChat/arm64 Weixin NetType/WIFI Language/zh_CN ABI/arm64',
  'accept' => 'application/json, text/javascript, */*; q=0.01',
  'connection' => 'close',
  'host' => 'www.lingdayun.com',
)
[ info ] [ PARAM ] array (
)
[ info ] [ RUN ] app\index\controller\Api->tankuang[ C:\wwwroot\www.lingdayun.com\application\index\controller\Api.php ]
[ info ] [ DB ] INIT mysql
[ info ] [ LOG ] INIT File
[ sql ] [ DB ] CONNECT:[ UseTime:0.010753s ] mysql:dbname=www_lingdayun_co;host=127.0.0.1;port=3306;charset=utf8
[ sql ] [ SQL ] SHOW COLUMNS FROM `ld_wx_user` [ RunTime:0.003209s ]
[ sql ] [ SQL ] SELECT * FROM `ld_wx_user` WHERE  `user_openid` = null LIMIT 1 [ RunTime:0.000426s ]

---------------------------------------------------------------
[ 2022-11-08T13:54:37+08:00 ] 10.0.8.4 116.132.85.168 GET /index.php/index/api/select_kemu
[ log ] www.lingdayun.com/index.php/index/api/select_kemu [运行时间：0.115950s][吞吐率：8.62req/s] [内存消耗：1,898.28kb] [文件加载：52]
[ info ] [ LANG ] C:\wwwroot\www.lingdayun.com\thinkphp\lang\zh-cn.php
[ info ] [ ROUTE ] array (
  'type' => 'module',
  'module' => 
  array (
    0 => 'index',
    1 => 'api',
    2 => 'select_kemu',
  ),
)
[ info ] [ HEADER ] array (
  'cookie' => 'ZDEDebuggerPresent=php,phtml,php3; PHPSESSID=t0l28vvamb1od075qau2kum206',
  'accept-language' => 'zh-CN,zh;q=0.9,en-US;q=0.8,en;q=0.7',
  'accept-encoding' => 'gzip, deflate',
  'referer' => 'http://www.lingdayun.com/html/shipin.html',
  'x-requested-with' => 'XMLHttpRequest',
  'user-agent' => 'Mozilla/5.0 (Linux; Android 10; JER-AN10 Build/HUAWEIJER-AN10; wv) AppleWebKit/537.36 (KHTML, like Gecko) Version/4.0 Chrome/86.0.4240.99 XWEB/4317 MMWEBSDK/20220903 Mobile Safari/537.36 MMWEBID/7980 MicroMessenger/8.0.28.2240(0x28001C57) WeChat/arm64 Weixin NetType/WIFI Language/zh_CN ABI/arm64',
  'accept' => 'application/json, text/javascript, */*; q=0.01',
  'connection' => 'close',
  'host' => 'www.lingdayun.com',
)
[ info ] [ PARAM ] array (
)
[ info ] [ RUN ] app\index\controller\Api->select_kemu[ C:\wwwroot\www.lingdayun.com\application\index\controller\Api.php ]
[ info ] [ DB ] INIT mysql
[ info ] [ LOG ] INIT File
[ sql ] [ DB ] CONNECT:[ UseTime:0.012944s ] mysql:dbname=www_lingdayun_co;host=127.0.0.1;port=3306;charset=utf8
[ sql ] [ SQL ] SHOW COLUMNS FROM `ld_kemu_cate` [ RunTime:0.003395s ]
[ sql ] [ SQL ] SELECT * FROM `ld_kemu_cate` [ RunTime:0.000275s ]

---------------------------------------------------------------
[ 2022-11-08T13:54:38+08:00 ] 10.0.8.4 116.132.85.168 GET /index.php/index/api/video_quanbu
[ log ] www.lingdayun.com/index.php/index/api/video_quanbu [运行时间：0.144333s][吞吐率：6.93req/s] [内存消耗：1,926.30kb] [文件加载：52]
[ info ] [ LANG ] C:\wwwroot\www.lingdayun.com\thinkphp\lang\zh-cn.php
[ info ] [ ROUTE ] array (
  'type' => 'module',
  'module' => 
  array (
    0 => 'index',
    1 => 'api',
    2 => 'video_quanbu',
  ),
)
[ info ] [ HEADER ] array (
  'cookie' => 'ZDEDebuggerPresent=php,phtml,php3; PHPSESSID=t0l28vvamb1od075qau2kum206',
  'accept-language' => 'zh-CN,zh;q=0.9,en-US;q=0.8,en;q=0.7',
  'accept-encoding' => 'gzip, deflate',
  'referer' => 'http://www.lingdayun.com/html/shipin.html',
  'x-requested-with' => 'XMLHttpRequest',
  'user-agent' => 'Mozilla/5.0 (Linux; Android 10; JER-AN10 Build/HUAWEIJER-AN10; wv) AppleWebKit/537.36 (KHTML, like Gecko) Version/4.0 Chrome/86.0.4240.99 XWEB/4317 MMWEBSDK/20220903 Mobile Safari/537.36 MMWEBID/7980 MicroMessenger/8.0.28.2240(0x28001C57) WeChat/arm64 Weixin NetType/WIFI Language/zh_CN ABI/arm64',
  'accept' => 'application/json, text/javascript, */*; q=0.01',
  'connection' => 'close',
  'host' => 'www.lingdayun.com',
)
[ info ] [ PARAM ] array (
)
[ info ] [ RUN ] app\index\controller\Api->video_quanbu[ C:\wwwroot\www.lingdayun.com\application\index\controller\Api.php ]
[ info ] [ DB ] INIT mysql
[ info ] [ LOG ] INIT File
[ sql ] [ DB ] CONNECT:[ UseTime:0.016143s ] mysql:dbname=www_lingdayun_co;host=127.0.0.1;port=3306;charset=utf8
[ sql ] [ SQL ] SHOW COLUMNS FROM `ld_video` [ RunTime:0.003210s ]
[ sql ] [ SQL ] SELECT `a`.*,`d`.`teacher_name`,`b`.`kemu_cate`,`c`.`nianji_cate` FROM `ld_video` `a` INNER JOIN `ld_teacher` `d` ON `a`.`teacher_id`=`d`.`id` INNER JOIN `ld_kemu_cate` `b` ON `a`.`video_kemu`=`b`.`id` INNER JOIN `ld_nianji_cate` `c` ON `a`.`video_nianji`=`c`.`id` ORDER BY id desc [ RunTime:0.000428s ]

---------------------------------------------------------------
[ 2022-11-08T15:56:34+08:00 ] 10.0.8.4 120.24.250.155 GET /
[ log ] lingdayun.com/ [运行时间：0.096388s][吞吐率：10.37req/s] [内存消耗：1,275.24kb] [文件加载：44]
[ info ] [ LANG ] C:\wwwroot\www.lingdayun.com\thinkphp\lang\zh-cn.php
[ info ] [ ROUTE ] array (
  'type' => 'module',
  'module' => 
  array (
    0 => '',
    1 => NULL,
    2 => NULL,
  ),
)
[ info ] [ HEADER ] array (
  'user-agent' => 'Mozilla/5.0 (Macintosh; Intel Mac OS X 10_15_7) AppleWebKit/537.36 (KHTML, like Gecko) Chrome/106.0.0.0 Safari/537.36',
  'cache-control' => 'no-cache',
  'pragma' => 'no-cache',
  'connection' => 'close',
  'upgrade-insecure-requests' => '1',
  'accept' => 'text/html,application/xhtml+xml,application/xml;q=0.9,image/avif,image/webp,image/apng,*/*;q=0.8,application/signed-exchange;v=b3;q=0.9',
  'accept-language' => 'zh-CN,zh;q=0.9,en;q=0.8',
  'accept-encoding' => 'gzip,deflate',
  'host' => 'lingdayun.com',
)
[ info ] [ PARAM ] array (
)
[ info ] [ RUN ] app\index\controller\Index->index[ C:\wwwroot\www.lingdayun.com\application\index\controller\Index.php ]
[ info ] [ VIEW ] C:\wwwroot\www.lingdayun.com\public/../application/index\view\index\index.html [ array (
) ]
[ info ] [ LOG ] INIT File

---------------------------------------------------------------
[ 2022-11-08T15:57:21+08:00 ] 10.0.8.4 120.24.250.155 GET /
[ log ] lingdayun.com/ [运行时间：0.103477s][吞吐率：9.66req/s] [内存消耗：1,274.59kb] [文件加载：44]
[ info ] [ LANG ] C:\wwwroot\www.lingdayun.com\thinkphp\lang\zh-cn.php
[ info ] [ ROUTE ] array (
  'type' => 'module',
  'module' => 
  array (
    0 => '',
    1 => NULL,
    2 => NULL,
  ),
)
[ info ] [ HEADER ] array (
  'connection' => 'close',
  'referer' => 'http://lingdayun.com',
  'cookie' => 'ZDEDebuggerPresent=php,phtml,php3',
  'accept-encoding' => 'gzip,deflate',
  'accept' => '*/*',
  'user-agent' => 'Mozilla/5.0 (Windows NT 10.0; Win64; x64) AppleWebKit/537.36 (KHTML, like Gecko) Chrome/53.0.2785.143 Safari/537.36',
  'host' => 'lingdayun.com',
)
[ info ] [ PARAM ] array (
)
[ info ] [ RUN ] app\index\controller\Index->index[ C:\wwwroot\www.lingdayun.com\application\index\controller\Index.php ]
[ info ] [ VIEW ] C:\wwwroot\www.lingdayun.com\public/../application/index\view\index\index.html [ array (
) ]
[ info ] [ LOG ] INIT File

---------------------------------------------------------------
[ 2022-11-08T16:05:38+08:00 ] 10.0.8.4 18.217.68.113 GET /
[ log ] lingdayun.com/ [运行时间：0.085574s][吞吐率：11.69req/s] [内存消耗：1,274.40kb] [文件加载：44]
[ info ] [ LANG ] C:\wwwroot\www.lingdayun.com\thinkphp\lang\zh-cn.php
[ info ] [ ROUTE ] array (
  'type' => 'module',
  'module' => 
  array (
    0 => '',
    1 => NULL,
    2 => NULL,
  ),
)
[ info ] [ HEADER ] array (
  'accept' => 'text/html,application/xhtml+xml,application/xml;q=0.9,*/*;q=0.8',
  'accept-language' => 'en-US,en;q=0.5',
  'user-agent' => 'Mozilla/5.0 (Windows NT 10.0; Win64; x64) AppleWebKit/537.36 (KHTML, like Gecko) Chrome/76.0.3809.132 Safari/537.36',
  'connection' => 'close',
  'host' => 'lingdayun.com',
)
[ info ] [ PARAM ] array (
)
[ info ] [ RUN ] app\index\controller\Index->index[ C:\wwwroot\www.lingdayun.com\application\index\controller\Index.php ]
[ info ] [ VIEW ] C:\wwwroot\www.lingdayun.com\public/../application/index\view\index\index.html [ array (
) ]
[ info ] [ LOG ] INIT File

---------------------------------------------------------------
[ 2022-11-08T16:05:38+08:00 ] 10.0.8.4 18.217.68.113 GET /wp-includes/wlwmanifest.xml
[ log ] lingdayun.com/wp-includes/wlwmanifest.xml [运行时间：0.076380s][吞吐率：13.09req/s] [内存消耗：1,111.09kb] [文件加载：40]
[ info ] [ LANG ] C:\wwwroot\www.lingdayun.com\thinkphp\lang\zh-cn.php
[ info ] [ ROUTE ] array (
  'type' => 'module',
  'module' => 
  array (
    0 => 'wp-includes',
    1 => 'wlwmanifest.xml',
    2 => NULL,
  ),
)
[ info ] [ HEADER ] array (
  'accept' => 'text/html,application/xhtml+xml,application/xml;q=0.9,*/*;q=0.8',
  'accept-language' => 'en-US,en;q=0.5',
  'user-agent' => 'Mozilla/5.0 (Windows NT 10.0; Win64; x64) AppleWebKit/537.36 (KHTML, like Gecko) Chrome/76.0.3809.132 Safari/537.36',
  'cookie' => 'ZDEDebuggerPresent=php,phtml,php3',
  'connection' => 'close',
  'host' => 'lingdayun.com',
)
[ info ] [ PARAM ] array (
  '/wp-includes/wlwmanifest_xml' => '',
)
[ info ] [ LOG ] INIT File

---------------------------------------------------------------
[ 2022-11-08T16:05:40+08:00 ] 10.0.8.4 18.217.68.113 GET /xmlrpc.php?rsd
[ log ] lingdayun.com/xmlrpc.php?rsd [运行时间：0.079265s][吞吐率：12.62req/s] [内存消耗：1,111.06kb] [文件加载：40]
[ info ] [ LANG ] C:\wwwroot\www.lingdayun.com\thinkphp\lang\zh-cn.php
[ info ] [ ROUTE ] array (
  'type' => 'module',
  'module' => 
  array (
    0 => 'xmlrpc.php',
    1 => NULL,
    2 => NULL,
  ),
)
[ info ] [ HEADER ] array (
  'accept' => 'text/html,application/xhtml+xml,application/xml;q=0.9,*/*;q=0.8',
  'accept-language' => 'en-US,en;q=0.5',
  'user-agent' => 'Mozilla/5.0 (Windows NT 10.0; Win64; x64) AppleWebKit/537.36 (KHTML, like Gecko) Chrome/76.0.3809.132 Safari/537.36',
  'cookie' => 'ZDEDebuggerPresent=php,phtml,php3',
  'connection' => 'close',
  'host' => 'lingdayun.com',
)
[ info ] [ PARAM ] array (
  '/xmlrpc_php' => '',
  'rsd' => '',
)
[ info ] [ LOG ] INIT File

---------------------------------------------------------------
[ 2022-11-08T16:05:40+08:00 ] 10.0.8.4 18.217.68.113 GET /
[ log ] lingdayun.com/ [运行时间：0.084354s][吞吐率：11.85req/s] [内存消耗：1,274.65kb] [文件加载：44]
[ info ] [ LANG ] C:\wwwroot\www.lingdayun.com\thinkphp\lang\zh-cn.php
[ info ] [ ROUTE ] array (
  'type' => 'module',
  'module' => 
  array (
    0 => '',
    1 => NULL,
    2 => NULL,
  ),
)
[ info ] [ HEADER ] array (
  'accept' => 'text/html,application/xhtml+xml,application/xml;q=0.9,*/*;q=0.8',
  'accept-language' => 'en-US,en;q=0.5',
  'user-agent' => 'Mozilla/5.0 (Windows NT 10.0; Win64; x64) AppleWebKit/537.36 (KHTML, like Gecko) Chrome/76.0.3809.132 Safari/537.36',
  'cookie' => 'ZDEDebuggerPresent=php,phtml,php3',
  'connection' => 'close',
  'host' => 'lingdayun.com',
)
[ info ] [ PARAM ] array (
)
[ info ] [ RUN ] app\index\controller\Index->index[ C:\wwwroot\www.lingdayun.com\application\index\controller\Index.php ]
[ info ] [ VIEW ] C:\wwwroot\www.lingdayun.com\public/../application/index\view\index\index.html [ array (
) ]
[ info ] [ LOG ] INIT File

---------------------------------------------------------------
[ 2022-11-08T16:05:41+08:00 ] 10.0.8.4 18.217.68.113 GET /blog/wp-includes/wlwmanifest.xml
[ log ] lingdayun.com/blog/wp-includes/wlwmanifest.xml [运行时间：0.079608s][吞吐率：12.56req/s] [内存消耗：1,111.20kb] [文件加载：40]
[ info ] [ LANG ] C:\wwwroot\www.lingdayun.com\thinkphp\lang\zh-cn.php
[ info ] [ ROUTE ] array (
  'type' => 'module',
  'module' => 
  array (
    0 => 'blog',
    1 => 'wp-includes',
    2 => 'wlwmanifest.xml',
  ),
)
[ info ] [ HEADER ] array (
  'accept' => 'text/html,application/xhtml+xml,application/xml;q=0.9,*/*;q=0.8',
  'accept-language' => 'en-US,en;q=0.5',
  'user-agent' => 'Mozilla/5.0 (Windows NT 10.0; Win64; x64) AppleWebKit/537.36 (KHTML, like Gecko) Chrome/76.0.3809.132 Safari/537.36',
  'cookie' => 'ZDEDebuggerPresent=php,phtml,php3',
  'connection' => 'close',
  'host' => 'lingdayun.com',
)
[ info ] [ PARAM ] array (
  '/blog/wp-includes/wlwmanifest_xml' => '',
)
[ info ] [ LOG ] INIT File

---------------------------------------------------------------
[ 2022-11-08T16:05:41+08:00 ] 10.0.8.4 18.217.68.113 GET /web/wp-includes/wlwmanifest.xml
[ log ] lingdayun.com/web/wp-includes/wlwmanifest.xml [运行时间：0.064323s][吞吐率：15.55req/s] [内存消耗：1,111.16kb] [文件加载：40]
[ info ] [ LANG ] C:\wwwroot\www.lingdayun.com\thinkphp\lang\zh-cn.php
[ info ] [ ROUTE ] array (
  'type' => 'module',
  'module' => 
  array (
    0 => 'web',
    1 => 'wp-includes',
    2 => 'wlwmanifest.xml',
  ),
)
[ info ] [ HEADER ] array (
  'accept' => 'text/html,application/xhtml+xml,application/xml;q=0.9,*/*;q=0.8',
  'accept-language' => 'en-US,en;q=0.5',
  'user-agent' => 'Mozilla/5.0 (Windows NT 10.0; Win64; x64) AppleWebKit/537.36 (KHTML, like Gecko) Chrome/76.0.3809.132 Safari/537.36',
  'cookie' => 'ZDEDebuggerPresent=php,phtml,php3',
  'connection' => 'close',
  'host' => 'lingdayun.com',
)
[ info ] [ PARAM ] array (
  '/web/wp-includes/wlwmanifest_xml' => '',
)
[ info ] [ LOG ] INIT File

---------------------------------------------------------------
[ 2022-11-08T16:05:42+08:00 ] 10.0.8.4 18.217.68.113 GET /wordpress/wp-includes/wlwmanifest.xml
[ log ] lingdayun.com/wordpress/wp-includes/wlwmanifest.xml [运行时间：0.076538s][吞吐率：13.07req/s] [内存消耗：1,111.23kb] [文件加载：40]
[ info ] [ LANG ] C:\wwwroot\www.lingdayun.com\thinkphp\lang\zh-cn.php
[ info ] [ ROUTE ] array (
  'type' => 'module',
  'module' => 
  array (
    0 => 'wordpress',
    1 => 'wp-includes',
    2 => 'wlwmanifest.xml',
  ),
)
[ info ] [ HEADER ] array (
  'accept' => 'text/html,application/xhtml+xml,application/xml;q=0.9,*/*;q=0.8',
  'accept-language' => 'en-US,en;q=0.5',
  'user-agent' => 'Mozilla/5.0 (Windows NT 10.0; Win64; x64) AppleWebKit/537.36 (KHTML, like Gecko) Chrome/76.0.3809.132 Safari/537.36',
  'cookie' => 'ZDEDebuggerPresent=php,phtml,php3',
  'connection' => 'close',
  'host' => 'lingdayun.com',
)
[ info ] [ PARAM ] array (
  '/wordpress/wp-includes/wlwmanifest_xml' => '',
)
[ info ] [ LOG ] INIT File

---------------------------------------------------------------
[ 2022-11-08T16:05:42+08:00 ] 10.0.8.4 18.217.68.113 GET /website/wp-includes/wlwmanifest.xml
[ log ] lingdayun.com/website/wp-includes/wlwmanifest.xml [运行时间：0.068537s][吞吐率：14.59req/s] [内存消耗：1,111.18kb] [文件加载：40]
[ info ] [ LANG ] C:\wwwroot\www.lingdayun.com\thinkphp\lang\zh-cn.php
[ info ] [ ROUTE ] array (
  'type' => 'module',
  'module' => 
  array (
    0 => 'website',
    1 => 'wp-includes',
    2 => 'wlwmanifest.xml',
  ),
)
[ info ] [ HEADER ] array (
  'accept' => 'text/html,application/xhtml+xml,application/xml;q=0.9,*/*;q=0.8',
  'accept-language' => 'en-US,en;q=0.5',
  'user-agent' => 'Mozilla/5.0 (Windows NT 10.0; Win64; x64) AppleWebKit/537.36 (KHTML, like Gecko) Chrome/76.0.3809.132 Safari/537.36',
  'cookie' => 'ZDEDebuggerPresent=php,phtml,php3',
  'connection' => 'close',
  'host' => 'lingdayun.com',
)
[ info ] [ PARAM ] array (
  '/website/wp-includes/wlwmanifest_xml' => '',
)
[ info ] [ LOG ] INIT File

---------------------------------------------------------------
[ 2022-11-08T16:05:43+08:00 ] 10.0.8.4 18.217.68.113 GET /wp/wp-includes/wlwmanifest.xml
[ log ] lingdayun.com/wp/wp-includes/wlwmanifest.xml [运行时间：0.070533s][吞吐率：14.18req/s] [内存消耗：1,111.06kb] [文件加载：40]
[ info ] [ LANG ] C:\wwwroot\www.lingdayun.com\thinkphp\lang\zh-cn.php
[ info ] [ ROUTE ] array (
  'type' => 'module',
  'module' => 
  array (
    0 => 'wp',
    1 => 'wp-includes',
    2 => 'wlwmanifest.xml',
  ),
)
[ info ] [ HEADER ] array (
  'accept' => 'text/html,application/xhtml+xml,application/xml;q=0.9,*/*;q=0.8',
  'accept-language' => 'en-US,en;q=0.5',
  'user-agent' => 'Mozilla/5.0 (Windows NT 10.0; Win64; x64) AppleWebKit/537.36 (KHTML, like Gecko) Chrome/76.0.3809.132 Safari/537.36',
  'cookie' => 'ZDEDebuggerPresent=php,phtml,php3',
  'connection' => 'close',
  'host' => 'lingdayun.com',
)
[ info ] [ PARAM ] array (
  '/wp/wp-includes/wlwmanifest_xml' => '',
)
[ info ] [ LOG ] INIT File

---------------------------------------------------------------
[ 2022-11-08T16:05:44+08:00 ] 10.0.8.4 18.217.68.113 GET /news/wp-includes/wlwmanifest.xml
[ log ] lingdayun.com/news/wp-includes/wlwmanifest.xml [运行时间：0.094771s][吞吐率：10.55req/s] [内存消耗：1,111.20kb] [文件加载：40]
[ info ] [ LANG ] C:\wwwroot\www.lingdayun.com\thinkphp\lang\zh-cn.php
[ info ] [ ROUTE ] array (
  'type' => 'module',
  'module' => 
  array (
    0 => 'news',
    1 => 'wp-includes',
    2 => 'wlwmanifest.xml',
  ),
)
[ info ] [ HEADER ] array (
  'accept' => 'text/html,application/xhtml+xml,application/xml;q=0.9,*/*;q=0.8',
  'accept-language' => 'en-US,en;q=0.5',
  'user-agent' => 'Mozilla/5.0 (Windows NT 10.0; Win64; x64) AppleWebKit/537.36 (KHTML, like Gecko) Chrome/76.0.3809.132 Safari/537.36',
  'cookie' => 'ZDEDebuggerPresent=php,phtml,php3',
  'connection' => 'close',
  'host' => 'lingdayun.com',
)
[ info ] [ PARAM ] array (
  '/news/wp-includes/wlwmanifest_xml' => '',
)
[ info ] [ LOG ] INIT File

---------------------------------------------------------------
[ 2022-11-08T16:05:44+08:00 ] 10.0.8.4 18.217.68.113 GET /2018/wp-includes/wlwmanifest.xml
[ log ] lingdayun.com/2018/wp-includes/wlwmanifest.xml [运行时间：0.073358s][吞吐率：13.63req/s] [内存消耗：1,111.20kb] [文件加载：40]
[ info ] [ LANG ] C:\wwwroot\www.lingdayun.com\thinkphp\lang\zh-cn.php
[ info ] [ ROUTE ] array (
  'type' => 'module',
  'module' => 
  array (
    0 => '2018',
    1 => 'wp-includes',
    2 => 'wlwmanifest.xml',
  ),
)
[ info ] [ HEADER ] array (
  'accept' => 'text/html,application/xhtml+xml,application/xml;q=0.9,*/*;q=0.8',
  'accept-language' => 'en-US,en;q=0.5',
  'user-agent' => 'Mozilla/5.0 (Windows NT 10.0; Win64; x64) AppleWebKit/537.36 (KHTML, like Gecko) Chrome/76.0.3809.132 Safari/537.36',
  'cookie' => 'ZDEDebuggerPresent=php,phtml,php3',
  'connection' => 'close',
  'host' => 'lingdayun.com',
)
[ info ] [ PARAM ] array (
  '/2018/wp-includes/wlwmanifest_xml' => '',
)
[ info ] [ LOG ] INIT File

---------------------------------------------------------------
[ 2022-11-08T16:05:45+08:00 ] 10.0.8.4 18.217.68.113 GET /2019/wp-includes/wlwmanifest.xml
[ log ] lingdayun.com/2019/wp-includes/wlwmanifest.xml [运行时间：0.089814s][吞吐率：11.13req/s] [内存消耗：1,111.20kb] [文件加载：40]
[ info ] [ LANG ] C:\wwwroot\www.lingdayun.com\thinkphp\lang\zh-cn.php
[ info ] [ ROUTE ] array (
  'type' => 'module',
  'module' => 
  array (
    0 => '2019',
    1 => 'wp-includes',
    2 => 'wlwmanifest.xml',
  ),
)
[ info ] [ HEADER ] array (
  'accept' => 'text/html,application/xhtml+xml,application/xml;q=0.9,*/*;q=0.8',
  'accept-language' => 'en-US,en;q=0.5',
  'user-agent' => 'Mozilla/5.0 (Windows NT 10.0; Win64; x64) AppleWebKit/537.36 (KHTML, like Gecko) Chrome/76.0.3809.132 Safari/537.36',
  'cookie' => 'ZDEDebuggerPresent=php,phtml,php3',
  'connection' => 'close',
  'host' => 'lingdayun.com',
)
[ info ] [ PARAM ] array (
  '/2019/wp-includes/wlwmanifest_xml' => '',
)
[ info ] [ LOG ] INIT File

---------------------------------------------------------------
[ 2022-11-08T16:05:45+08:00 ] 10.0.8.4 18.217.68.113 GET /shop/wp-includes/wlwmanifest.xml
[ log ] lingdayun.com/shop/wp-includes/wlwmanifest.xml [运行时间：0.069692s][吞吐率：14.35req/s] [内存消耗：1,111.20kb] [文件加载：40]
[ info ] [ LANG ] C:\wwwroot\www.lingdayun.com\thinkphp\lang\zh-cn.php
[ info ] [ ROUTE ] array (
  'type' => 'module',
  'module' => 
  array (
    0 => 'shop',
    1 => 'wp-includes',
    2 => 'wlwmanifest.xml',
  ),
)
[ info ] [ HEADER ] array (
  'accept' => 'text/html,application/xhtml+xml,application/xml;q=0.9,*/*;q=0.8',
  'accept-language' => 'en-US,en;q=0.5',
  'user-agent' => 'Mozilla/5.0 (Windows NT 10.0; Win64; x64) AppleWebKit/537.36 (KHTML, like Gecko) Chrome/76.0.3809.132 Safari/537.36',
  'cookie' => 'ZDEDebuggerPresent=php,phtml,php3',
  'connection' => 'close',
  'host' => 'lingdayun.com',
)
[ info ] [ PARAM ] array (
  '/shop/wp-includes/wlwmanifest_xml' => '',
)
[ info ] [ LOG ] INIT File

---------------------------------------------------------------
[ 2022-11-08T16:05:46+08:00 ] 10.0.8.4 18.217.68.113 GET /wp1/wp-includes/wlwmanifest.xml
[ log ] lingdayun.com/wp1/wp-includes/wlwmanifest.xml [运行时间：0.075645s][吞吐率：13.22req/s] [内存消耗：1,111.16kb] [文件加载：40]
[ info ] [ LANG ] C:\wwwroot\www.lingdayun.com\thinkphp\lang\zh-cn.php
[ info ] [ ROUTE ] array (
  'type' => 'module',
  'module' => 
  array (
    0 => 'wp1',
    1 => 'wp-includes',
    2 => 'wlwmanifest.xml',
  ),
)
[ info ] [ HEADER ] array (
  'accept' => 'text/html,application/xhtml+xml,application/xml;q=0.9,*/*;q=0.8',
  'accept-language' => 'en-US,en;q=0.5',
  'user-agent' => 'Mozilla/5.0 (Windows NT 10.0; Win64; x64) AppleWebKit/537.36 (KHTML, like Gecko) Chrome/76.0.3809.132 Safari/537.36',
  'cookie' => 'ZDEDebuggerPresent=php,phtml,php3',
  'connection' => 'close',
  'host' => 'lingdayun.com',
)
[ info ] [ PARAM ] array (
  '/wp1/wp-includes/wlwmanifest_xml' => '',
)
[ info ] [ LOG ] INIT File

---------------------------------------------------------------
[ 2022-11-08T16:05:46+08:00 ] 10.0.8.4 18.217.68.113 GET /test/wp-includes/wlwmanifest.xml
[ log ] lingdayun.com/test/wp-includes/wlwmanifest.xml [运行时间：0.075932s][吞吐率：13.17req/s] [内存消耗：1,111.20kb] [文件加载：40]
[ info ] [ LANG ] C:\wwwroot\www.lingdayun.com\thinkphp\lang\zh-cn.php
[ info ] [ ROUTE ] array (
  'type' => 'module',
  'module' => 
  array (
    0 => 'test',
    1 => 'wp-includes',
    2 => 'wlwmanifest.xml',
  ),
)
[ info ] [ HEADER ] array (
  'accept' => 'text/html,application/xhtml+xml,application/xml;q=0.9,*/*;q=0.8',
  'accept-language' => 'en-US,en;q=0.5',
  'user-agent' => 'Mozilla/5.0 (Windows NT 10.0; Win64; x64) AppleWebKit/537.36 (KHTML, like Gecko) Chrome/76.0.3809.132 Safari/537.36',
  'cookie' => 'ZDEDebuggerPresent=php,phtml,php3',
  'connection' => 'close',
  'host' => 'lingdayun.com',
)
[ info ] [ PARAM ] array (
  '/test/wp-includes/wlwmanifest_xml' => '',
)
[ info ] [ LOG ] INIT File

---------------------------------------------------------------
[ 2022-11-08T16:05:47+08:00 ] 10.0.8.4 18.217.68.113 GET /media/wp-includes/wlwmanifest.xml
[ log ] lingdayun.com/media/wp-includes/wlwmanifest.xml [运行时间：0.082658s][吞吐率：12.10req/s] [内存消耗：1,111.20kb] [文件加载：40]
[ info ] [ LANG ] C:\wwwroot\www.lingdayun.com\thinkphp\lang\zh-cn.php
[ info ] [ ROUTE ] array (
  'type' => 'module',
  'module' => 
  array (
    0 => 'media',
    1 => 'wp-includes',
    2 => 'wlwmanifest.xml',
  ),
)
[ info ] [ HEADER ] array (
  'accept' => 'text/html,application/xhtml+xml,application/xml;q=0.9,*/*;q=0.8',
  'accept-language' => 'en-US,en;q=0.5',
  'user-agent' => 'Mozilla/5.0 (Windows NT 10.0; Win64; x64) AppleWebKit/537.36 (KHTML, like Gecko) Chrome/76.0.3809.132 Safari/537.36',
  'cookie' => 'ZDEDebuggerPresent=php,phtml,php3',
  'connection' => 'close',
  'host' => 'lingdayun.com',
)
[ info ] [ PARAM ] array (
  '/media/wp-includes/wlwmanifest_xml' => '',
)
[ info ] [ LOG ] INIT File

---------------------------------------------------------------
[ 2022-11-08T16:05:47+08:00 ] 10.0.8.4 18.217.68.113 GET /wp2/wp-includes/wlwmanifest.xml
[ log ] lingdayun.com/wp2/wp-includes/wlwmanifest.xml [运行时间：0.074775s][吞吐率：13.37req/s] [内存消耗：1,111.16kb] [文件加载：40]
[ info ] [ LANG ] C:\wwwroot\www.lingdayun.com\thinkphp\lang\zh-cn.php
[ info ] [ ROUTE ] array (
  'type' => 'module',
  'module' => 
  array (
    0 => 'wp2',
    1 => 'wp-includes',
    2 => 'wlwmanifest.xml',
  ),
)
[ info ] [ HEADER ] array (
  'accept' => 'text/html,application/xhtml+xml,application/xml;q=0.9,*/*;q=0.8',
  'accept-language' => 'en-US,en;q=0.5',
  'user-agent' => 'Mozilla/5.0 (Windows NT 10.0; Win64; x64) AppleWebKit/537.36 (KHTML, like Gecko) Chrome/76.0.3809.132 Safari/537.36',
  'cookie' => 'ZDEDebuggerPresent=php,phtml,php3',
  'connection' => 'close',
  'host' => 'lingdayun.com',
)
[ info ] [ PARAM ] array (
  '/wp2/wp-includes/wlwmanifest_xml' => '',
)
[ info ] [ LOG ] INIT File

---------------------------------------------------------------
[ 2022-11-08T16:05:48+08:00 ] 10.0.8.4 18.217.68.113 GET /site/wp-includes/wlwmanifest.xml
[ log ] lingdayun.com/site/wp-includes/wlwmanifest.xml [运行时间：0.093803s][吞吐率：10.66req/s] [内存消耗：1,111.20kb] [文件加载：40]
[ info ] [ LANG ] C:\wwwroot\www.lingdayun.com\thinkphp\lang\zh-cn.php
[ info ] [ ROUTE ] array (
  'type' => 'module',
  'module' => 
  array (
    0 => 'site',
    1 => 'wp-includes',
    2 => 'wlwmanifest.xml',
  ),
)
[ info ] [ HEADER ] array (
  'accept' => 'text/html,application/xhtml+xml,application/xml;q=0.9,*/*;q=0.8',
  'accept-language' => 'en-US,en;q=0.5',
  'user-agent' => 'Mozilla/5.0 (Windows NT 10.0; Win64; x64) AppleWebKit/537.36 (KHTML, like Gecko) Chrome/76.0.3809.132 Safari/537.36',
  'cookie' => 'ZDEDebuggerPresent=php,phtml,php3',
  'connection' => 'close',
  'host' => 'lingdayun.com',
)
[ info ] [ PARAM ] array (
  '/site/wp-includes/wlwmanifest_xml' => '',
)
[ info ] [ LOG ] INIT File

---------------------------------------------------------------
[ 2022-11-08T16:05:48+08:00 ] 10.0.8.4 18.217.68.113 GET /cms/wp-includes/wlwmanifest.xml
[ log ] lingdayun.com/cms/wp-includes/wlwmanifest.xml [运行时间：0.066533s][吞吐率：15.03req/s] [内存消耗：1,111.16kb] [文件加载：40]
[ info ] [ LANG ] C:\wwwroot\www.lingdayun.com\thinkphp\lang\zh-cn.php
[ info ] [ ROUTE ] array (
  'type' => 'module',
  'module' => 
  array (
    0 => 'cms',
    1 => 'wp-includes',
    2 => 'wlwmanifest.xml',
  ),
)
[ info ] [ HEADER ] array (
  'accept' => 'text/html,application/xhtml+xml,application/xml;q=0.9,*/*;q=0.8',
  'accept-language' => 'en-US,en;q=0.5',
  'user-agent' => 'Mozilla/5.0 (Windows NT 10.0; Win64; x64) AppleWebKit/537.36 (KHTML, like Gecko) Chrome/76.0.3809.132 Safari/537.36',
  'cookie' => 'ZDEDebuggerPresent=php,phtml,php3',
  'connection' => 'close',
  'host' => 'lingdayun.com',
)
[ info ] [ PARAM ] array (
  '/cms/wp-includes/wlwmanifest_xml' => '',
)
[ info ] [ LOG ] INIT File

---------------------------------------------------------------
[ 2022-11-08T16:05:48+08:00 ] 10.0.8.4 18.217.68.113 GET /sito/wp-includes/wlwmanifest.xml
[ log ] lingdayun.com/sito/wp-includes/wlwmanifest.xml [运行时间：0.067876s][吞吐率：14.73req/s] [内存消耗：1,111.20kb] [文件加载：40]
[ info ] [ LANG ] C:\wwwroot\www.lingdayun.com\thinkphp\lang\zh-cn.php
[ info ] [ ROUTE ] array (
  'type' => 'module',
  'module' => 
  array (
    0 => 'sito',
    1 => 'wp-includes',
    2 => 'wlwmanifest.xml',
  ),
)
[ info ] [ HEADER ] array (
  'accept' => 'text/html,application/xhtml+xml,application/xml;q=0.9,*/*;q=0.8',
  'accept-language' => 'en-US,en;q=0.5',
  'user-agent' => 'Mozilla/5.0 (Windows NT 10.0; Win64; x64) AppleWebKit/537.36 (KHTML, like Gecko) Chrome/76.0.3809.132 Safari/537.36',
  'cookie' => 'ZDEDebuggerPresent=php,phtml,php3',
  'connection' => 'close',
  'host' => 'lingdayun.com',
)
[ info ] [ PARAM ] array (
  '/sito/wp-includes/wlwmanifest_xml' => '',
)
[ info ] [ LOG ] INIT File

---------------------------------------------------------------
[ 2022-11-08T16:32:05+08:00 ] 10.0.8.4 51.222.253.15 GET /
[ log ] www.lingdayun.com/ [运行时间：0.087059s][吞吐率：11.49req/s] [内存消耗：1,274.25kb] [文件加载：44]
[ info ] [ LANG ] C:\wwwroot\www.lingdayun.com\thinkphp\lang\zh-cn.php
[ info ] [ ROUTE ] array (
  'type' => 'module',
  'module' => 
  array (
    0 => '',
    1 => NULL,
    2 => NULL,
  ),
)
[ info ] [ HEADER ] array (
  'connection' => 'close',
  'accept-encoding' => 'deflate, gzip, br',
  'accept' => '*/*',
  'user-agent' => 'Mozilla/5.0 (compatible; AhrefsBot/7.0; +http://ahrefs.com/robot/)',
  'host' => 'www.lingdayun.com',
)
[ info ] [ PARAM ] array (
)
[ info ] [ RUN ] app\index\controller\Index->index[ C:\wwwroot\www.lingdayun.com\application\index\controller\Index.php ]
[ info ] [ VIEW ] C:\wwwroot\www.lingdayun.com\public/../application/index\view\index\index.html [ array (
) ]
[ info ] [ LOG ] INIT File

---------------------------------------------------------------
[ 2022-11-08T16:34:42+08:00 ] 10.0.8.4 51.222.253.6 GET /static/js/layer/layer/layer.js
[ log ] www.lingdayun.com/static/js/layer/layer/layer.js [运行时间：0.074264s][吞吐率：13.47req/s] [内存消耗：1,110.84kb] [文件加载：40]
[ info ] [ LANG ] C:\wwwroot\www.lingdayun.com\thinkphp\lang\zh-cn.php
[ info ] [ ROUTE ] array (
  'type' => 'module',
  'module' => 
  array (
    0 => 'static',
    1 => 'js',
    2 => 'layer',
  ),
)
[ info ] [ HEADER ] array (
  'connection' => 'close',
  'accept-encoding' => 'deflate, gzip, br',
  'accept' => '*/*',
  'user-agent' => 'Mozilla/5.0 (compatible; AhrefsBot/7.0; +http://ahrefs.com/robot/)',
  'host' => 'www.lingdayun.com',
)
[ info ] [ PARAM ] array (
  '/static/js/layer/layer/layer_js' => '',
  'layer' => 'layer.js',
)
[ info ] [ LOG ] INIT File

---------------------------------------------------------------
[ 2022-11-08T16:47:25+08:00 ] 10.0.8.4 36.5.188.10 GET /
[ log ] www.lingdayun.com/ [运行时间：0.083039s][吞吐率：12.04req/s] [内存消耗：1,274.79kb] [文件加载：44]
[ info ] [ LANG ] C:\wwwroot\www.lingdayun.com\thinkphp\lang\zh-cn.php
[ info ] [ ROUTE ] array (
  'type' => 'module',
  'module' => 
  array (
    0 => '',
    1 => NULL,
    2 => NULL,
  ),
)
[ info ] [ HEADER ] array (
  'upgrade-insecure-requests' => '1',
  'connection' => 'close',
  'accept-encoding' => 'gzip, deflate',
  'accept-language' => 'zh-CN,zh;q=0.8,zh-TW;q=0.7,zh-HK;q=0.5,en-US;q=0.3,en;q=0.2',
  'accept' => 'text/html,application/xhtml+xml,application/xml;q=0.9,image/avif,image/webp,*/*;q=0.8',
  'user-agent' => 'Mozilla/5.0 (Windows NT 6.1; Win64; x64; rv:106.0) Gecko/20100101 Firefox/106.0',
  'host' => 'www.lingdayun.com',
)
[ info ] [ PARAM ] array (
)
[ info ] [ RUN ] app\index\controller\Index->index[ C:\wwwroot\www.lingdayun.com\application\index\controller\Index.php ]
[ info ] [ VIEW ] C:\wwwroot\www.lingdayun.com\public/../application/index\view\index\index.html [ array (
) ]
[ info ] [ LOG ] INIT File

---------------------------------------------------------------
[ 2022-11-08T16:47:25+08:00 ] 10.0.8.4 36.5.188.10 GET /static/js/layer/layer/layer.js
[ log ] www.lingdayun.com/static/js/layer/layer/layer.js [运行时间：0.070941s][吞吐率：14.10req/s] [内存消耗：1,111.67kb] [文件加载：40]
[ info ] [ LANG ] C:\wwwroot\www.lingdayun.com\thinkphp\lang\zh-cn.php
[ info ] [ ROUTE ] array (
  'type' => 'module',
  'module' => 
  array (
    0 => 'static',
    1 => 'js',
    2 => 'layer',
  ),
)
[ info ] [ HEADER ] array (
  'cookie' => 'ZDEDebuggerPresent=php,phtml,php3',
  'referer' => 'http://www.lingdayun.com/',
  'connection' => 'close',
  'accept-encoding' => 'gzip, deflate',
  'accept-language' => 'zh-CN,zh;q=0.8,zh-TW;q=0.7,zh-HK;q=0.5,en-US;q=0.3,en;q=0.2',
  'accept' => '*/*',
  'user-agent' => 'Mozilla/5.0 (Windows NT 6.1; Win64; x64; rv:106.0) Gecko/20100101 Firefox/106.0',
  'host' => 'www.lingdayun.com',
)
[ info ] [ PARAM ] array (
  '/static/js/layer/layer/layer_js' => '',
  'layer' => 'layer.js',
)
[ info ] [ LOG ] INIT File

---------------------------------------------------------------
[ 2022-11-08T16:47:26+08:00 ] 10.0.8.4 36.5.188.10 GET /static/js/layer/layer/layer.js
[ log ] www.lingdayun.com/static/js/layer/layer/layer.js [运行时间：0.073692s][吞吐率：13.57req/s] [内存消耗：1,111.67kb] [文件加载：40]
[ info ] [ LANG ] C:\wwwroot\www.lingdayun.com\thinkphp\lang\zh-cn.php
[ info ] [ ROUTE ] array (
  'type' => 'module',
  'module' => 
  array (
    0 => 'static',
    1 => 'js',
    2 => 'layer',
  ),
)
[ info ] [ HEADER ] array (
  'cookie' => 'ZDEDebuggerPresent=php,phtml,php3',
  'referer' => 'http://www.lingdayun.com/',
  'connection' => 'close',
  'accept-encoding' => 'gzip, deflate',
  'accept-language' => 'zh-CN,zh;q=0.8,zh-TW;q=0.7,zh-HK;q=0.5,en-US;q=0.3,en;q=0.2',
  'accept' => '*/*',
  'user-agent' => 'Mozilla/5.0 (Windows NT 6.1; Win64; x64; rv:106.0) Gecko/20100101 Firefox/106.0',
  'host' => 'www.lingdayun.com',
)
[ info ] [ PARAM ] array (
  '/static/js/layer/layer/layer_js' => '',
  'layer' => 'layer.js',
)
[ info ] [ LOG ] INIT File

---------------------------------------------------------------
[ 2022-11-08T17:47:26+08:00 ] 10.0.8.4 89.187.163.193 GET /
[ log ] lingdayun.com/ [运行时间：0.084157s][吞吐率：11.88req/s] [内存消耗：1,274.40kb] [文件加载：44]
[ info ] [ LANG ] C:\wwwroot\www.lingdayun.com\thinkphp\lang\zh-cn.php
[ info ] [ ROUTE ] array (
  'type' => 'module',
  'module' => 
  array (
    0 => '',
    1 => NULL,
    2 => NULL,
  ),
)
[ info ] [ HEADER ] array (
  'accept' => 'text/html,application/xhtml+xml,application/xml;q=0.9,*/*;q=0.8',
  'accept-language' => 'en-US,en;q=0.5',
  'user-agent' => 'Mozilla/5.0 (Windows NT 10.0; Win64; x64) AppleWebKit/537.36 (KHTML, like Gecko) Chrome/88.0.4240.193 Safari/537.36',
  'connection' => 'close',
  'host' => 'lingdayun.com',
)
[ info ] [ PARAM ] array (
)
[ info ] [ RUN ] app\index\controller\Index->index[ C:\wwwroot\www.lingdayun.com\application\index\controller\Index.php ]
[ info ] [ VIEW ] C:\wwwroot\www.lingdayun.com\public/../application/index\view\index\index.html [ array (
) ]
[ info ] [ LOG ] INIT File

---------------------------------------------------------------
[ 2022-11-08T17:47:31+08:00 ] 10.0.8.4 89.187.163.193 GET /
[ log ] lingdayun.com/ [运行时间：0.089860s][吞吐率：11.13req/s] [内存消耗：1,274.65kb] [文件加载：44]
[ info ] [ LANG ] C:\wwwroot\www.lingdayun.com\thinkphp\lang\zh-cn.php
[ info ] [ ROUTE ] array (
  'type' => 'module',
  'module' => 
  array (
    0 => '',
    1 => NULL,
    2 => NULL,
  ),
)
[ info ] [ HEADER ] array (
  'accept' => 'text/html,application/xhtml+xml,application/xml;q=0.9,*/*;q=0.8',
  'accept-language' => 'en-US,en;q=0.5',
  'user-agent' => 'Mozilla/5.0 (Windows NT 10.0; Win64; x64) AppleWebKit/537.36 (KHTML, like Gecko) Chrome/88.0.4240.193 Safari/537.36',
  'cookie' => 'ZDEDebuggerPresent=php,phtml,php3',
  'connection' => 'close',
  'host' => 'lingdayun.com',
)
[ info ] [ PARAM ] array (
)
[ info ] [ RUN ] app\index\controller\Index->index[ C:\wwwroot\www.lingdayun.com\application\index\controller\Index.php ]
[ info ] [ VIEW ] C:\wwwroot\www.lingdayun.com\public/../application/index\view\index\index.html [ array (
) ]
[ info ] [ LOG ] INIT File

---------------------------------------------------------------
[ 2022-11-08T17:47:33+08:00 ] 10.0.8.4 89.187.163.193 GET /wp-includes/wlwmanifest.xml
[ log ] lingdayun.com/wp-includes/wlwmanifest.xml [运行时间：0.068008s][吞吐率：14.70req/s] [内存消耗：1,111.09kb] [文件加载：40]
[ info ] [ LANG ] C:\wwwroot\www.lingdayun.com\thinkphp\lang\zh-cn.php
[ info ] [ ROUTE ] array (
  'type' => 'module',
  'module' => 
  array (
    0 => 'wp-includes',
    1 => 'wlwmanifest.xml',
    2 => NULL,
  ),
)
[ info ] [ HEADER ] array (
  'accept' => 'text/html,application/xhtml+xml,application/xml;q=0.9,*/*;q=0.8',
  'accept-language' => 'en-US,en;q=0.5',
  'user-agent' => 'Mozilla/5.0 (Windows NT 10.0; Win64; x64) AppleWebKit/537.36 (KHTML, like Gecko) Chrome/88.0.4240.193 Safari/537.36',
  'cookie' => 'ZDEDebuggerPresent=php,phtml,php3',
  'connection' => 'close',
  'host' => 'lingdayun.com',
)
[ info ] [ PARAM ] array (
  '/wp-includes/wlwmanifest_xml' => '',
)
[ info ] [ LOG ] INIT File

---------------------------------------------------------------
[ 2022-11-08T17:47:34+08:00 ] 10.0.8.4 89.187.163.193 GET /xmlrpc.php?rsd
[ log ] lingdayun.com/xmlrpc.php?rsd [运行时间：0.074543s][吞吐率：13.42req/s] [内存消耗：1,111.06kb] [文件加载：40]
[ info ] [ LANG ] C:\wwwroot\www.lingdayun.com\thinkphp\lang\zh-cn.php
[ info ] [ ROUTE ] array (
  'type' => 'module',
  'module' => 
  array (
    0 => 'xmlrpc.php',
    1 => NULL,
    2 => NULL,
  ),
)
[ info ] [ HEADER ] array (
  'accept' => 'text/html,application/xhtml+xml,application/xml;q=0.9,*/*;q=0.8',
  'accept-language' => 'en-US,en;q=0.5',
  'user-agent' => 'Mozilla/5.0 (Windows NT 10.0; Win64; x64) AppleWebKit/537.36 (KHTML, like Gecko) Chrome/88.0.4240.193 Safari/537.36',
  'cookie' => 'ZDEDebuggerPresent=php,phtml,php3',
  'connection' => 'close',
  'host' => 'lingdayun.com',
)
[ info ] [ PARAM ] array (
  '/xmlrpc_php' => '',
  'rsd' => '',
)
[ info ] [ LOG ] INIT File

---------------------------------------------------------------
[ 2022-11-08T17:47:36+08:00 ] 10.0.8.4 89.187.163.193 GET /
[ log ] lingdayun.com/ [运行时间：0.087601s][吞吐率：11.42req/s] [内存消耗：1,274.65kb] [文件加载：44]
[ info ] [ LANG ] C:\wwwroot\www.lingdayun.com\thinkphp\lang\zh-cn.php
[ info ] [ ROUTE ] array (
  'type' => 'module',
  'module' => 
  array (
    0 => '',
    1 => NULL,
    2 => NULL,
  ),
)
[ info ] [ HEADER ] array (
  'accept' => 'text/html,application/xhtml+xml,application/xml;q=0.9,*/*;q=0.8',
  'accept-language' => 'en-US,en;q=0.5',
  'user-agent' => 'Mozilla/5.0 (Windows NT 10.0; Win64; x64) AppleWebKit/537.36 (KHTML, like Gecko) Chrome/88.0.4240.193 Safari/537.36',
  'cookie' => 'ZDEDebuggerPresent=php,phtml,php3',
  'connection' => 'close',
  'host' => 'lingdayun.com',
)
[ info ] [ PARAM ] array (
)
[ info ] [ RUN ] app\index\controller\Index->index[ C:\wwwroot\www.lingdayun.com\application\index\controller\Index.php ]
[ info ] [ VIEW ] C:\wwwroot\www.lingdayun.com\public/../application/index\view\index\index.html [ array (
) ]
[ info ] [ LOG ] INIT File

---------------------------------------------------------------
[ 2022-11-08T17:47:43+08:00 ] 10.0.8.4 89.187.163.193 GET /web/wp-includes/wlwmanifest.xml
[ log ] lingdayun.com/web/wp-includes/wlwmanifest.xml [运行时间：0.066491s][吞吐率：15.04req/s] [内存消耗：1,111.16kb] [文件加载：40]
[ info ] [ LANG ] C:\wwwroot\www.lingdayun.com\thinkphp\lang\zh-cn.php
[ info ] [ ROUTE ] array (
  'type' => 'module',
  'module' => 
  array (
    0 => 'web',
    1 => 'wp-includes',
    2 => 'wlwmanifest.xml',
  ),
)
[ info ] [ HEADER ] array (
  'accept' => 'text/html,application/xhtml+xml,application/xml;q=0.9,*/*;q=0.8',
  'accept-language' => 'en-US,en;q=0.5',
  'user-agent' => 'Mozilla/5.0 (Windows NT 10.0; Win64; x64) AppleWebKit/537.36 (KHTML, like Gecko) Chrome/88.0.4240.193 Safari/537.36',
  'cookie' => 'ZDEDebuggerPresent=php,phtml,php3',
  'connection' => 'close',
  'host' => 'lingdayun.com',
)
[ info ] [ PARAM ] array (
  '/web/wp-includes/wlwmanifest_xml' => '',
)
[ info ] [ LOG ] INIT File

---------------------------------------------------------------
[ 2022-11-08T17:48:05+08:00 ] 10.0.8.4 89.187.163.193 GET /wordpress/wp-includes/wlwmanifest.xml
[ log ] lingdayun.com/wordpress/wp-includes/wlwmanifest.xml [运行时间：0.066490s][吞吐率：15.04req/s] [内存消耗：1,111.23kb] [文件加载：40]
[ info ] [ LANG ] C:\wwwroot\www.lingdayun.com\thinkphp\lang\zh-cn.php
[ info ] [ ROUTE ] array (
  'type' => 'module',
  'module' => 
  array (
    0 => 'wordpress',
    1 => 'wp-includes',
    2 => 'wlwmanifest.xml',
  ),
)
[ info ] [ HEADER ] array (
  'accept' => 'text/html,application/xhtml+xml,application/xml;q=0.9,*/*;q=0.8',
  'accept-language' => 'en-US,en;q=0.5',
  'user-agent' => 'Mozilla/5.0 (Windows NT 10.0; Win64; x64) AppleWebKit/537.36 (KHTML, like Gecko) Chrome/88.0.4240.193 Safari/537.36',
  'cookie' => 'ZDEDebuggerPresent=php,phtml,php3',
  'connection' => 'close',
  'host' => 'lingdayun.com',
)
[ info ] [ PARAM ] array (
  '/wordpress/wp-includes/wlwmanifest_xml' => '',
)
[ info ] [ LOG ] INIT File

---------------------------------------------------------------
[ 2022-11-08T17:48:38+08:00 ] 10.0.8.4 89.187.163.193 GET /website/wp-includes/wlwmanifest.xml
[ log ] lingdayun.com/website/wp-includes/wlwmanifest.xml [运行时间：0.068714s][吞吐率：14.55req/s] [内存消耗：1,111.18kb] [文件加载：40]
[ info ] [ LANG ] C:\wwwroot\www.lingdayun.com\thinkphp\lang\zh-cn.php
[ info ] [ ROUTE ] array (
  'type' => 'module',
  'module' => 
  array (
    0 => 'website',
    1 => 'wp-includes',
    2 => 'wlwmanifest.xml',
  ),
)
[ info ] [ HEADER ] array (
  'accept' => 'text/html,application/xhtml+xml,application/xml;q=0.9,*/*;q=0.8',
  'accept-language' => 'en-US,en;q=0.5',
  'user-agent' => 'Mozilla/5.0 (Windows NT 10.0; Win64; x64) AppleWebKit/537.36 (KHTML, like Gecko) Chrome/88.0.4240.193 Safari/537.36',
  'cookie' => 'ZDEDebuggerPresent=php,phtml,php3',
  'connection' => 'close',
  'host' => 'lingdayun.com',
)
[ info ] [ PARAM ] array (
  '/website/wp-includes/wlwmanifest_xml' => '',
)
[ info ] [ LOG ] INIT File

---------------------------------------------------------------
[ 2022-11-08T17:48:39+08:00 ] 10.0.8.4 89.187.163.193 GET /wp/wp-includes/wlwmanifest.xml
[ log ] lingdayun.com/wp/wp-includes/wlwmanifest.xml [运行时间：0.070953s][吞吐率：14.09req/s] [内存消耗：1,111.06kb] [文件加载：40]
[ info ] [ LANG ] C:\wwwroot\www.lingdayun.com\thinkphp\lang\zh-cn.php
[ info ] [ ROUTE ] array (
  'type' => 'module',
  'module' => 
  array (
    0 => 'wp',
    1 => 'wp-includes',
    2 => 'wlwmanifest.xml',
  ),
)
[ info ] [ HEADER ] array (
  'accept' => 'text/html,application/xhtml+xml,application/xml;q=0.9,*/*;q=0.8',
  'accept-language' => 'en-US,en;q=0.5',
  'user-agent' => 'Mozilla/5.0 (Windows NT 10.0; Win64; x64) AppleWebKit/537.36 (KHTML, like Gecko) Chrome/88.0.4240.193 Safari/537.36',
  'cookie' => 'ZDEDebuggerPresent=php,phtml,php3',
  'connection' => 'close',
  'host' => 'lingdayun.com',
)
[ info ] [ PARAM ] array (
  '/wp/wp-includes/wlwmanifest_xml' => '',
)
[ info ] [ LOG ] INIT File

---------------------------------------------------------------
[ 2022-11-08T17:48:49+08:00 ] 10.0.8.4 89.187.163.193 GET /2020/wp-includes/wlwmanifest.xml
[ log ] lingdayun.com/2020/wp-includes/wlwmanifest.xml [运行时间：0.094313s][吞吐率：10.60req/s] [内存消耗：1,111.20kb] [文件加载：40]
[ info ] [ LANG ] C:\wwwroot\www.lingdayun.com\thinkphp\lang\zh-cn.php
[ info ] [ ROUTE ] array (
  'type' => 'module',
  'module' => 
  array (
    0 => '2020',
    1 => 'wp-includes',
    2 => 'wlwmanifest.xml',
  ),
)
[ info ] [ HEADER ] array (
  'accept' => 'text/html,application/xhtml+xml,application/xml;q=0.9,*/*;q=0.8',
  'accept-language' => 'en-US,en;q=0.5',
  'user-agent' => 'Mozilla/5.0 (Windows NT 10.0; Win64; x64) AppleWebKit/537.36 (KHTML, like Gecko) Chrome/88.0.4240.193 Safari/537.36',
  'cookie' => 'ZDEDebuggerPresent=php,phtml,php3',
  'connection' => 'close',
  'host' => 'lingdayun.com',
)
[ info ] [ PARAM ] array (
  '/2020/wp-includes/wlwmanifest_xml' => '',
)
[ info ] [ LOG ] INIT File

---------------------------------------------------------------
[ 2022-11-08T17:48:52+08:00 ] 10.0.8.4 89.187.163.193 GET /2019/wp-includes/wlwmanifest.xml
[ log ] lingdayun.com/2019/wp-includes/wlwmanifest.xml [运行时间：0.074980s][吞吐率：13.34req/s] [内存消耗：1,111.20kb] [文件加载：40]
[ info ] [ LANG ] C:\wwwroot\www.lingdayun.com\thinkphp\lang\zh-cn.php
[ info ] [ ROUTE ] array (
  'type' => 'module',
  'module' => 
  array (
    0 => '2019',
    1 => 'wp-includes',
    2 => 'wlwmanifest.xml',
  ),
)
[ info ] [ HEADER ] array (
  'accept' => 'text/html,application/xhtml+xml,application/xml;q=0.9,*/*;q=0.8',
  'accept-language' => 'en-US,en;q=0.5',
  'user-agent' => 'Mozilla/5.0 (Windows NT 10.0; Win64; x64) AppleWebKit/537.36 (KHTML, like Gecko) Chrome/88.0.4240.193 Safari/537.36',
  'cookie' => 'ZDEDebuggerPresent=php,phtml,php3',
  'connection' => 'close',
  'host' => 'lingdayun.com',
)
[ info ] [ PARAM ] array (
  '/2019/wp-includes/wlwmanifest_xml' => '',
)
[ info ] [ LOG ] INIT File

---------------------------------------------------------------
[ 2022-11-08T17:48:53+08:00 ] 10.0.8.4 89.187.163.193 GET /shop/wp-includes/wlwmanifest.xml
[ log ] lingdayun.com/shop/wp-includes/wlwmanifest.xml [运行时间：0.073680s][吞吐率：13.57req/s] [内存消耗：1,111.20kb] [文件加载：40]
[ info ] [ LANG ] C:\wwwroot\www.lingdayun.com\thinkphp\lang\zh-cn.php
[ info ] [ ROUTE ] array (
  'type' => 'module',
  'module' => 
  array (
    0 => 'shop',
    1 => 'wp-includes',
    2 => 'wlwmanifest.xml',
  ),
)
[ info ] [ HEADER ] array (
  'accept' => 'text/html,application/xhtml+xml,application/xml;q=0.9,*/*;q=0.8',
  'accept-language' => 'en-US,en;q=0.5',
  'user-agent' => 'Mozilla/5.0 (Windows NT 10.0; Win64; x64) AppleWebKit/537.36 (KHTML, like Gecko) Chrome/88.0.4240.193 Safari/537.36',
  'cookie' => 'ZDEDebuggerPresent=php,phtml,php3',
  'connection' => 'close',
  'host' => 'lingdayun.com',
)
[ info ] [ PARAM ] array (
  '/shop/wp-includes/wlwmanifest_xml' => '',
)
[ info ] [ LOG ] INIT File

---------------------------------------------------------------
[ 2022-11-08T17:48:57+08:00 ] 10.0.8.4 89.187.163.193 GET /wp1/wp-includes/wlwmanifest.xml
[ log ] lingdayun.com/wp1/wp-includes/wlwmanifest.xml [运行时间：0.065215s][吞吐率：15.33req/s] [内存消耗：1,111.16kb] [文件加载：40]
[ info ] [ LANG ] C:\wwwroot\www.lingdayun.com\thinkphp\lang\zh-cn.php
[ info ] [ ROUTE ] array (
  'type' => 'module',
  'module' => 
  array (
    0 => 'wp1',
    1 => 'wp-includes',
    2 => 'wlwmanifest.xml',
  ),
)
[ info ] [ HEADER ] array (
  'accept' => 'text/html,application/xhtml+xml,application/xml;q=0.9,*/*;q=0.8',
  'accept-language' => 'en-US,en;q=0.5',
  'user-agent' => 'Mozilla/5.0 (Windows NT 10.0; Win64; x64) AppleWebKit/537.36 (KHTML, like Gecko) Chrome/88.0.4240.193 Safari/537.36',
  'cookie' => 'ZDEDebuggerPresent=php,phtml,php3',
  'connection' => 'close',
  'host' => 'lingdayun.com',
)
[ info ] [ PARAM ] array (
  '/wp1/wp-includes/wlwmanifest_xml' => '',
)
[ info ] [ LOG ] INIT File

---------------------------------------------------------------
[ 2022-11-08T17:49:06+08:00 ] 10.0.8.4 89.187.163.193 GET /test/wp-includes/wlwmanifest.xml
[ log ] lingdayun.com/test/wp-includes/wlwmanifest.xml [运行时间：0.069180s][吞吐率：14.46req/s] [内存消耗：1,111.20kb] [文件加载：40]
[ info ] [ LANG ] C:\wwwroot\www.lingdayun.com\thinkphp\lang\zh-cn.php
[ info ] [ ROUTE ] array (
  'type' => 'module',
  'module' => 
  array (
    0 => 'test',
    1 => 'wp-includes',
    2 => 'wlwmanifest.xml',
  ),
)
[ info ] [ HEADER ] array (
  'accept' => 'text/html,application/xhtml+xml,application/xml;q=0.9,*/*;q=0.8',
  'accept-language' => 'en-US,en;q=0.5',
  'user-agent' => 'Mozilla/5.0 (Windows NT 10.0; Win64; x64) AppleWebKit/537.36 (KHTML, like Gecko) Chrome/88.0.4240.193 Safari/537.36',
  'cookie' => 'ZDEDebuggerPresent=php,phtml,php3',
  'connection' => 'close',
  'host' => 'lingdayun.com',
)
[ info ] [ PARAM ] array (
  '/test/wp-includes/wlwmanifest_xml' => '',
)
[ info ] [ LOG ] INIT File

---------------------------------------------------------------
[ 2022-11-08T17:49:07+08:00 ] 10.0.8.4 89.187.163.193 GET /wp2/wp-includes/wlwmanifest.xml
[ log ] lingdayun.com/wp2/wp-includes/wlwmanifest.xml [运行时间：0.070406s][吞吐率：14.20req/s] [内存消耗：1,111.16kb] [文件加载：40]
[ info ] [ LANG ] C:\wwwroot\www.lingdayun.com\thinkphp\lang\zh-cn.php
[ info ] [ ROUTE ] array (
  'type' => 'module',
  'module' => 
  array (
    0 => 'wp2',
    1 => 'wp-includes',
    2 => 'wlwmanifest.xml',
  ),
)
[ info ] [ HEADER ] array (
  'accept' => 'text/html,application/xhtml+xml,application/xml;q=0.9,*/*;q=0.8',
  'accept-language' => 'en-US,en;q=0.5',
  'user-agent' => 'Mozilla/5.0 (Windows NT 10.0; Win64; x64) AppleWebKit/537.36 (KHTML, like Gecko) Chrome/88.0.4240.193 Safari/537.36',
  'cookie' => 'ZDEDebuggerPresent=php,phtml,php3',
  'connection' => 'close',
  'host' => 'lingdayun.com',
)
[ info ] [ PARAM ] array (
  '/wp2/wp-includes/wlwmanifest_xml' => '',
)
[ info ] [ LOG ] INIT File

---------------------------------------------------------------
[ 2022-11-08T17:49:08+08:00 ] 10.0.8.4 89.187.163.193 GET /site/wp-includes/wlwmanifest.xml
[ log ] lingdayun.com/site/wp-includes/wlwmanifest.xml [运行时间：0.071993s][吞吐率：13.89req/s] [内存消耗：1,111.20kb] [文件加载：40]
[ info ] [ LANG ] C:\wwwroot\www.lingdayun.com\thinkphp\lang\zh-cn.php
[ info ] [ ROUTE ] array (
  'type' => 'module',
  'module' => 
  array (
    0 => 'site',
    1 => 'wp-includes',
    2 => 'wlwmanifest.xml',
  ),
)
[ info ] [ HEADER ] array (
  'accept' => 'text/html,application/xhtml+xml,application/xml;q=0.9,*/*;q=0.8',
  'accept-language' => 'en-US,en;q=0.5',
  'user-agent' => 'Mozilla/5.0 (Windows NT 10.0; Win64; x64) AppleWebKit/537.36 (KHTML, like Gecko) Chrome/88.0.4240.193 Safari/537.36',
  'cookie' => 'ZDEDebuggerPresent=php,phtml,php3',
  'connection' => 'close',
  'host' => 'lingdayun.com',
)
[ info ] [ PARAM ] array (
  '/site/wp-includes/wlwmanifest_xml' => '',
)
[ info ] [ LOG ] INIT File

---------------------------------------------------------------
[ 2022-11-08T17:49:08+08:00 ] 10.0.8.4 89.187.163.193 GET /cms/wp-includes/wlwmanifest.xml
[ log ] lingdayun.com/cms/wp-includes/wlwmanifest.xml [运行时间：0.067800s][吞吐率：14.75req/s] [内存消耗：1,111.16kb] [文件加载：40]
[ info ] [ LANG ] C:\wwwroot\www.lingdayun.com\thinkphp\lang\zh-cn.php
[ info ] [ ROUTE ] array (
  'type' => 'module',
  'module' => 
  array (
    0 => 'cms',
    1 => 'wp-includes',
    2 => 'wlwmanifest.xml',
  ),
)
[ info ] [ HEADER ] array (
  'accept' => 'text/html,application/xhtml+xml,application/xml;q=0.9,*/*;q=0.8',
  'accept-language' => 'en-US,en;q=0.5',
  'user-agent' => 'Mozilla/5.0 (Windows NT 10.0; Win64; x64) AppleWebKit/537.36 (KHTML, like Gecko) Chrome/88.0.4240.193 Safari/537.36',
  'cookie' => 'ZDEDebuggerPresent=php,phtml,php3',
  'connection' => 'close',
  'host' => 'lingdayun.com',
)
[ info ] [ PARAM ] array (
  '/cms/wp-includes/wlwmanifest_xml' => '',
)
[ info ] [ LOG ] INIT File

---------------------------------------------------------------
[ 2022-11-08T17:49:09+08:00 ] 10.0.8.4 89.187.163.193 GET /sito/wp-includes/wlwmanifest.xml
[ log ] lingdayun.com/sito/wp-includes/wlwmanifest.xml [运行时间：0.066380s][吞吐率：15.06req/s] [内存消耗：1,111.20kb] [文件加载：40]
[ info ] [ LANG ] C:\wwwroot\www.lingdayun.com\thinkphp\lang\zh-cn.php
[ info ] [ ROUTE ] array (
  'type' => 'module',
  'module' => 
  array (
    0 => 'sito',
    1 => 'wp-includes',
    2 => 'wlwmanifest.xml',
  ),
)
[ info ] [ HEADER ] array (
  'accept' => 'text/html,application/xhtml+xml,application/xml;q=0.9,*/*;q=0.8',
  'accept-language' => 'en-US,en;q=0.5',
  'user-agent' => 'Mozilla/5.0 (Windows NT 10.0; Win64; x64) AppleWebKit/537.36 (KHTML, like Gecko) Chrome/88.0.4240.193 Safari/537.36',
  'cookie' => 'ZDEDebuggerPresent=php,phtml,php3',
  'connection' => 'close',
  'host' => 'lingdayun.com',
)
[ info ] [ PARAM ] array (
  '/sito/wp-includes/wlwmanifest_xml' => '',
)
[ info ] [ LOG ] INIT File

---------------------------------------------------------------
[ 2022-11-08T18:14:03+08:00 ] 10.0.8.4 107.178.207.55 GET /
[ log ] lingdayun.com/ [运行时间：0.088417s][吞吐率：11.31req/s] [内存消耗：1,274.29kb] [文件加载：44]
[ info ] [ LANG ] C:\wwwroot\www.lingdayun.com\thinkphp\lang\zh-cn.php
[ info ] [ ROUTE ] array (
  'type' => 'module',
  'module' => 
  array (
    0 => '',
    1 => NULL,
    2 => NULL,
  ),
)
[ info ] [ HEADER ] array (
  'connection' => 'close',
  'accept' => '*/*',
  'accept-encoding' => 'gzip, deflate',
  'user-agent' => 'Mozilla/5.0 (Windows NT 10.0; Win64; x64) AppleWebKit/537.36 (KHTML, like Gecko) Chrome/70.0.3538.102 Safari/537.36 Edge/18.19582',
  'host' => 'lingdayun.com',
)
[ info ] [ PARAM ] array (
)
[ info ] [ RUN ] app\index\controller\Index->index[ C:\wwwroot\www.lingdayun.com\application\index\controller\Index.php ]
[ info ] [ VIEW ] C:\wwwroot\www.lingdayun.com\public/../application/index\view\index\index.html [ array (
) ]
[ info ] [ LOG ] INIT File

---------------------------------------------------------------
[ 2022-11-08T18:22:04+08:00 ] 10.0.8.4 42.83.147.34 GET /
[ log ] lingdayun.com/ [运行时间：0.081661s][吞吐率：12.25req/s] [内存消耗：1,274.48kb] [文件加载：44]
[ info ] [ LANG ] C:\wwwroot\www.lingdayun.com\thinkphp\lang\zh-cn.php
[ info ] [ ROUTE ] array (
  'type' => 'module',
  'module' => 
  array (
    0 => '',
    1 => NULL,
    2 => NULL,
  ),
)
[ info ] [ HEADER ] array (
  'connection' => 'close',
  'accept-encoding' => 'gzip, deflate',
  'accept' => '*/*',
  'content-type' => 'text/html; charset=utf-8',
  'user-agent' => 'Mozilla/5.0 (Windows NT 6.1; Win64; x64) AppleWebKit/537.36 (KHTML, like Gecko)Chrome/74.0.3729.169 Safari/537.36',
  'host' => 'lingdayun.com',
)
[ info ] [ PARAM ] array (
)
[ info ] [ RUN ] app\index\controller\Index->index[ C:\wwwroot\www.lingdayun.com\application\index\controller\Index.php ]
[ info ] [ VIEW ] C:\wwwroot\www.lingdayun.com\public/../application/index\view\index\index.html [ array (
) ]
[ info ] [ LOG ] INIT File

---------------------------------------------------------------
[ 2022-11-08T19:57:16+08:00 ] 10.0.8.4 113.24.224.217 GET /
[ log ] www.lingdayun.com/ [运行时间：0.086348s][吞吐率：11.58req/s] [内存消耗：1,274.64kb] [文件加载：44]
[ info ] [ LANG ] C:\wwwroot\www.lingdayun.com\thinkphp\lang\zh-cn.php
[ info ] [ ROUTE ] array (
  'type' => 'module',
  'module' => 
  array (
    0 => '',
    1 => NULL,
    2 => NULL,
  ),
)
[ info ] [ HEADER ] array (
  'host' => 'www.lingdayun.com',
  'accept-language' => 'en-US,*',
  'accept-encoding' => 'gzip, deflate',
  'connection' => 'close',
  'referer' => 'http://www.baidu.com/s?wd=politicalica',
  'user-agent' => 'Mozilla/5.0 (Windows NT 6.1; WOW64; rv:43.0) Gecko/20100101 Firefox/43.0',
  'accept' => 'text/html,application/xhtml+xml,application/xml;q=0.9,*/*;q=0.8',
)
[ info ] [ PARAM ] array (
)
[ info ] [ RUN ] app\index\controller\Index->index[ C:\wwwroot\www.lingdayun.com\application\index\controller\Index.php ]
[ info ] [ VIEW ] C:\wwwroot\www.lingdayun.com\public/../application/index\view\index\index.html [ array (
) ]
[ info ] [ LOG ] INIT File

---------------------------------------------------------------
[ 2022-11-08T19:57:16+08:00 ] 10.0.8.4 113.24.224.106 GET /static/js/layer/layer/layer.js
[ log ] www.lingdayun.com/static/js/layer/layer/layer.js [运行时间：0.071948s][吞吐率：13.90req/s] [内存消耗：1,111.62kb] [文件加载：40]
[ info ] [ LANG ] C:\wwwroot\www.lingdayun.com\thinkphp\lang\zh-cn.php
[ info ] [ ROUTE ] array (
  'type' => 'module',
  'module' => 
  array (
    0 => 'static',
    1 => 'js',
    2 => 'layer',
  ),
)
[ info ] [ HEADER ] array (
  'host' => 'www.lingdayun.com',
  'accept-language' => 'en-US,*',
  'accept-encoding' => 'gzip, deflate',
  'connection' => 'close',
  'cookie' => 'ZDEDebuggerPresent=php,phtml,php3',
  'user-agent' => 'Mozilla/5.0 (Windows NT 6.1; WOW64; rv:43.0) Gecko/20100101 Firefox/43.0',
  'referer' => 'http://www.lingdayun.com/',
  'accept' => '*/*',
)
[ info ] [ PARAM ] array (
  '/static/js/layer/layer/layer_js' => '',
  'layer' => 'layer.js',
)
[ info ] [ LOG ] INIT File

---------------------------------------------------------------
[ 2022-11-08T20:59:00+08:00 ] 10.0.8.4 157.55.39.175 GET /
[ log ] www.lingdayun.com/ [运行时间：0.099355s][吞吐率：10.06req/s] [内存消耗：1,274.70kb] [文件加载：44]
[ info ] [ LANG ] C:\wwwroot\www.lingdayun.com\thinkphp\lang\zh-cn.php
[ info ] [ ROUTE ] array (
  'type' => 'module',
  'module' => 
  array (
    0 => '',
    1 => NULL,
    2 => NULL,
  ),
)
[ info ] [ HEADER ] array (
  'user-agent' => 'Mozilla/5.0 (compatible; bingbot/2.0; +http://www.bing.com/bingbot.htm)',
  'host' => 'www.lingdayun.com',
  'from' => 'bingbot(at)microsoft.com',
  'accept-encoding' => 'gzip, deflate',
  'accept' => '*/*',
  'pragma' => 'no-cache',
  'connection' => 'close',
  'cache-control' => 'no-cache',
)
[ info ] [ PARAM ] array (
)
[ info ] [ RUN ] app\index\controller\Index->index[ C:\wwwroot\www.lingdayun.com\application\index\controller\Index.php ]
[ info ] [ VIEW ] C:\wwwroot\www.lingdayun.com\public/../application/index\view\index\index.html [ array (
) ]
[ info ] [ LOG ] INIT File

---------------------------------------------------------------
[ 2022-11-08T21:32:57+08:00 ] 10.0.8.4 123.125.109.233 GET /
[ log ] www.lingdayun.com/ [运行时间：0.081672s][吞吐率：12.24req/s] [内存消耗：1,274.17kb] [文件加载：44]
[ info ] [ LANG ] C:\wwwroot\www.lingdayun.com\thinkphp\lang\zh-cn.php
[ info ] [ ROUTE ] array (
  'type' => 'module',
  'module' => 
  array (
    0 => '',
    1 => NULL,
    2 => NULL,
  ),
)
[ info ] [ HEADER ] array (
  'accept-encoding' => 'gzip,deflate',
  'connection' => 'close',
  'host' => 'www.lingdayun.com',
  'user-agent' => 'Mozilla/5.0 (Windows NT 10.0; WOW64) AppleWebKit/537.36 (KHTML, like Gecko) Chrome/62.0.3202.94 Safari/537.36',
)
[ info ] [ PARAM ] array (
)
[ info ] [ RUN ] app\index\controller\Index->index[ C:\wwwroot\www.lingdayun.com\application\index\controller\Index.php ]
[ info ] [ VIEW ] C:\wwwroot\www.lingdayun.com\public/../application/index\view\index\index.html [ array (
) ]
[ info ] [ LOG ] INIT File

---------------------------------------------------------------
[ 2022-11-08T23:11:20+08:00 ] 10.0.8.4 103.179.242.60 GET /
[ log ] lingdayun.com/ [运行时间：0.081106s][吞吐率：12.33req/s] [内存消耗：1,274.45kb] [文件加载：44]
[ info ] [ LANG ] C:\wwwroot\www.lingdayun.com\thinkphp\lang\zh-cn.php
[ info ] [ ROUTE ] array (
  'type' => 'module',
  'module' => 
  array (
    0 => '',
    1 => NULL,
    2 => NULL,
  ),
)
[ info ] [ HEADER ] array (
  'connection' => 'close',
  'accept-encoding' => 'gzip',
  'accept' => '*/*',
  'user-agent' => 'Mozilla/5.0 (iPhone; CPU iPhone OS 12_1_4 like Mac OS X) AppleWebKit/605.1.15 (KHTML, like Gecko) Mobile/16D57 MicroMessenger/7.0.3(0x17000321) NetType/WIFI Language/zh_CN',
  'host' => 'lingdayun.com',
)
[ info ] [ PARAM ] array (
)
[ info ] [ RUN ] app\index\controller\Index->index[ C:\wwwroot\www.lingdayun.com\application\index\controller\Index.php ]
[ info ] [ VIEW ] C:\wwwroot\www.lingdayun.com\public/../application/index\view\index\index.html [ array (
) ]
[ info ] [ LOG ] INIT File

---------------------------------------------------------------
[ 2022-11-08T23:38:19+08:00 ] 10.0.8.4 104.243.26.114 GET /wp-login.php
[ log ] lingdayun.com/wp-login.php [运行时间：0.064849s][吞吐率：15.42req/s] [内存消耗：1,110.29kb] [文件加载：40]
[ info ] [ LANG ] C:\wwwroot\www.lingdayun.com\thinkphp\lang\zh-cn.php
[ info ] [ ROUTE ] array (
  'type' => 'module',
  'module' => 
  array (
    0 => 'wp-login.php',
    1 => NULL,
    2 => NULL,
  ),
)
[ info ] [ HEADER ] array (
  'connection' => 'close',
  'accept-encoding' => 'gzip',
  'user-agent' => 'Mozilla/5.0 (Windows NT 10.0; Win64; x64; rv:96.0) Gecko/20100101 Firefox/96',
  'host' => 'lingdayun.com',
)
[ info ] [ PARAM ] array (
  '/wp-login_php' => '',
)
[ info ] [ LOG ] INIT File

---------------------------------------------------------------
