[ 2023-06-01T00:50:54+08:00 ] 10.0.8.4 123.232.239.243 GET /
[ log ] www.lingdayun.com/ [运行时间：0.016523s][吞吐率：60.52req/s] [内存消耗：1,709.45kb] [文件加载：44]
[ info ] [ LANG ] /www/wwwroot/yanyanyang/www.lingdayun.com/thinkphp/lang/zh-cn.php
[ info ] [ ROUTE ] array (
  'type' => 'module',
  'module' => 
  array (
    0 => '',
    1 => NULL,
    2 => NULL,
  ),
)
[ info ] [ HEADER ] array (
  'user-agent' => 'Go-http-client/2.0',
  'accept-encoding' => 'gzip',
  'referer' => 'http://www.lingdayun.com',
  'host' => 'www.lingdayun.com',
  'content-length' => '',
  'content-type' => '',
)
[ info ] [ PARAM ] array (
)
[ info ] [ RUN ] app\index\controller\Index->index[ /www/wwwroot/yanyanyang/www.lingdayun.com/application/index/controller/Index.php ]
[ info ] [ VIEW ] /www/wwwroot/yanyanyang/www.lingdayun.com/public/../application/index/view/index/index.html [ array (
) ]
[ info ] [ LOG ] INIT File

---------------------------------------------------------------
[ 2023-06-01T06:47:02+08:00 ] 10.0.8.4 51.222.253.17 GET /
[ log ] www.lingdayun.com/ [运行时间：0.018909s][吞吐率：52.88req/s] [内存消耗：1,709.58kb] [文件加载：44]
[ info ] [ LANG ] /www/wwwroot/yanyanyang/www.lingdayun.com/thinkphp/lang/zh-cn.php
[ info ] [ ROUTE ] array (
  'type' => 'module',
  'module' => 
  array (
    0 => '',
    1 => NULL,
    2 => NULL,
  ),
)
[ info ] [ HEADER ] array (
  'accept-encoding' => 'deflate, gzip, br',
  'accept' => '*/*',
  'user-agent' => 'Mozilla/5.0 (compatible; AhrefsBot/7.0; +http://ahrefs.com/robot/)',
  'host' => 'www.lingdayun.com',
  'content-length' => '',
  'content-type' => '',
)
[ info ] [ PARAM ] array (
)
[ info ] [ RUN ] app\index\controller\Index->index[ /www/wwwroot/yanyanyang/www.lingdayun.com/application/index/controller/Index.php ]
[ info ] [ VIEW ] /www/wwwroot/yanyanyang/www.lingdayun.com/public/../application/index/view/index/index.html [ array (
) ]
[ info ] [ LOG ] INIT File

---------------------------------------------------------------
[ 2023-06-01T06:51:56+08:00 ] 10.0.8.4 106.52.79.248 GET /
[ log ] www.lingdayun.com/ [运行时间：0.016666s][吞吐率：60.00req/s] [内存消耗：1,710.14kb] [文件加载：44]
[ info ] [ LANG ] /www/wwwroot/yanyanyang/www.lingdayun.com/thinkphp/lang/zh-cn.php
[ info ] [ ROUTE ] array (
  'type' => 'module',
  'module' => 
  array (
    0 => '',
    1 => NULL,
    2 => NULL,
  ),
)
[ info ] [ HEADER ] array (
  'accept-encoding' => 'gzip',
  'referer' => 'http://www.lingdayun.com',
  'user-agent' => 'mozilla/5.0 (iphone; cpu iphone os 13_5_1 like mac os x) applewebkit/605.1.15 (khtml, like gecko) mobile/15e148 micromessenger/7.0.15(0x17000f2b) nettype/4g language/zh_cn miniprogram',
  'host' => 'www.lingdayun.com',
  'content-length' => '',
  'content-type' => '',
)
[ info ] [ PARAM ] array (
)
[ info ] [ RUN ] app\index\controller\Index->index[ /www/wwwroot/yanyanyang/www.lingdayun.com/application/index/controller/Index.php ]
[ info ] [ VIEW ] /www/wwwroot/yanyanyang/www.lingdayun.com/public/../application/index/view/index/index.html [ array (
) ]
[ info ] [ LOG ] INIT File

---------------------------------------------------------------
[ 2023-06-01T08:07:55+08:00 ] 10.0.8.4 159.75.198.125 GET /
[ log ] www.lingdayun.com/ [运行时间：0.018826s][吞吐率：53.12req/s] [内存消耗：1,710.14kb] [文件加载：44]
[ info ] [ LANG ] /www/wwwroot/yanyanyang/www.lingdayun.com/thinkphp/lang/zh-cn.php
[ info ] [ ROUTE ] array (
  'type' => 'module',
  'module' => 
  array (
    0 => '',
    1 => NULL,
    2 => NULL,
  ),
)
[ info ] [ HEADER ] array (
  'accept-encoding' => 'gzip',
  'referer' => 'http://www.lingdayun.com',
  'user-agent' => 'mozilla/5.0 (iphone; cpu iphone os 13_5_1 like mac os x) applewebkit/605.1.15 (khtml, like gecko) mobile/15e148 micromessenger/7.0.15(0x17000f2b) nettype/4g language/zh_cn miniprogram',
  'host' => 'www.lingdayun.com',
  'content-length' => '',
  'content-type' => '',
)
[ info ] [ PARAM ] array (
)
[ info ] [ RUN ] app\index\controller\Index->index[ /www/wwwroot/yanyanyang/www.lingdayun.com/application/index/controller/Index.php ]
[ info ] [ VIEW ] /www/wwwroot/yanyanyang/www.lingdayun.com/public/../application/index/view/index/index.html [ array (
) ]
[ info ] [ LOG ] INIT File

---------------------------------------------------------------
[ 2023-06-01T08:15:24+08:00 ] 10.0.8.4 42.193.132.157 GET /
[ log ] www.lingdayun.com/ [运行时间：0.016246s][吞吐率：61.55req/s] [内存消耗：1,709.84kb] [文件加载：44]
[ info ] [ LANG ] /www/wwwroot/yanyanyang/www.lingdayun.com/thinkphp/lang/zh-cn.php
[ info ] [ ROUTE ] array (
  'type' => 'module',
  'module' => 
  array (
    0 => '',
    1 => NULL,
    2 => NULL,
  ),
)
[ info ] [ HEADER ] array (
  'accept-encoding' => 'gzip',
  'user-agent' => 'mozilla/5.0 (iphone; cpu iphone os 13_5_1 like mac os x) applewebkit/605.1.15 (khtml, like gecko) mobile/15e148 micromessenger/7.0.15(0x17000f2b) nettype/4g language/zh_cn miniprogram',
  'host' => 'www.lingdayun.com',
  'content-length' => '',
  'content-type' => '',
)
[ info ] [ PARAM ] array (
)
[ info ] [ RUN ] app\index\controller\Index->index[ /www/wwwroot/yanyanyang/www.lingdayun.com/application/index/controller/Index.php ]
[ info ] [ VIEW ] /www/wwwroot/yanyanyang/www.lingdayun.com/public/../application/index/view/index/index.html [ array (
) ]
[ info ] [ LOG ] INIT File

---------------------------------------------------------------
[ 2023-06-01T13:29:58+08:00 ] 10.0.8.4 103.20.61.17 GET /
[ log ] www.lingdayun.com/ [运行时间：0.017671s][吞吐率：56.59req/s] [内存消耗：1,709.72kb] [文件加载：44]
[ info ] [ LANG ] /www/wwwroot/yanyanyang/www.lingdayun.com/thinkphp/lang/zh-cn.php
[ info ] [ ROUTE ] array (
  'type' => 'module',
  'module' => 
  array (
    0 => '',
    1 => NULL,
    2 => NULL,
  ),
)
[ info ] [ HEADER ] array (
  'accept-encoding' => 'gzip',
  'accept' => '*/*',
  'user-agent' => 'Mozilla/5.0 (Windows NT 10.0; Win64; x64) AppleWebKit/537.36 (KHTML, like Gecko) Chrome/102.0.0.0 Safari/537.36',
  'host' => 'www.lingdayun.com',
  'content-length' => '',
  'content-type' => '',
)
[ info ] [ PARAM ] array (
)
[ info ] [ RUN ] app\index\controller\Index->index[ /www/wwwroot/yanyanyang/www.lingdayun.com/application/index/controller/Index.php ]
[ info ] [ VIEW ] /www/wwwroot/yanyanyang/www.lingdayun.com/public/../application/index/view/index/index.html [ array (
) ]
[ info ] [ LOG ] INIT File

---------------------------------------------------------------
[ 2023-06-01T15:12:30+08:00 ] 10.0.8.4 218.12.19.166 GET /index.php/index/api/select_kemu
[ log ] www.lingdayun.com/index.php/index/api/select_kemu [运行时间：0.025011s][吞吐率：39.98req/s] [内存消耗：2,497.47kb] [文件加载：52]
[ info ] [ LANG ] /www/wwwroot/yanyanyang/www.lingdayun.com/thinkphp/lang/zh-cn.php
[ info ] [ ROUTE ] array (
  'type' => 'module',
  'module' => 
  array (
    0 => 'index',
    1 => 'api',
    2 => 'select_kemu',
  ),
)
[ info ] [ HEADER ] array (
  'cookie' => 'PHPSESSID=ra8s2vafnd3qrgt11cnqabe5dd',
  'accept-language' => 'zh-CN,zh;q=0.9,en-US;q=0.8,en;q=0.7',
  'accept-encoding' => 'gzip, deflate',
  'referer' => 'https://www.lingdayun.com/weishinew/index.html',
  'sec-fetch-dest' => 'empty',
  'sec-fetch-mode' => 'cors',
  'sec-fetch-site' => 'same-origin',
  'x-requested-with' => 'XMLHttpRequest',
  'user-agent' => 'Mozilla/5.0 (Linux; Android 13; PGJM10 Build/TP1A.220905.001; wv) AppleWebKit/537.36 (KHTML, like Gecko) Version/4.0 Chrome/107.0.5304.141 Mobile Safari/537.36 XWEB/5075 MMWEBSDK/20230405 MMWEBID/1876 MicroMessenger/8.0.35.2360(0x2800235D) WeChat/arm64 Weixin NetType/5G Language/zh_CN ABI/arm64',
  'accept' => 'application/json, text/javascript, */*; q=0.01',
  'host' => 'www.lingdayun.com',
  'content-length' => '',
  'content-type' => '',
)
[ info ] [ PARAM ] array (
)
[ info ] [ RUN ] app\index\controller\Api->select_kemu[ /www/wwwroot/yanyanyang/www.lingdayun.com/application/index/controller/Api.php ]
[ info ] [ DB ] INIT mysql
[ info ] [ LOG ] INIT File
[ sql ] [ DB ] CONNECT:[ UseTime:0.000478s ] mysql:dbname=www_lingdayun_co;host=127.0.0.1;port=3306;charset=utf8
[ sql ] [ SQL ] SHOW COLUMNS FROM `ld_kemu_cate` [ RunTime:0.000748s ]
[ sql ] [ SQL ] SELECT * FROM `ld_kemu_cate` [ RunTime:0.000298s ]

---------------------------------------------------------------
[ 2023-06-01T15:12:30+08:00 ] 10.0.8.4 218.12.19.166 GET /index.php/index/api/video_tuijian
[ log ] www.lingdayun.com/index.php/index/api/video_tuijian [运行时间：0.026318s][吞吐率：38.00req/s] [内存消耗：2,503.20kb] [文件加载：52]
[ info ] [ LANG ] /www/wwwroot/yanyanyang/www.lingdayun.com/thinkphp/lang/zh-cn.php
[ info ] [ ROUTE ] array (
  'type' => 'module',
  'module' => 
  array (
    0 => 'index',
    1 => 'api',
    2 => 'video_tuijian',
  ),
)
[ info ] [ HEADER ] array (
  'cookie' => 'PHPSESSID=ra8s2vafnd3qrgt11cnqabe5dd',
  'accept-language' => 'zh-CN,zh;q=0.9,en-US;q=0.8,en;q=0.7',
  'accept-encoding' => 'gzip, deflate',
  'referer' => 'https://www.lingdayun.com/weishinew/index.html',
  'sec-fetch-dest' => 'empty',
  'sec-fetch-mode' => 'cors',
  'sec-fetch-site' => 'same-origin',
  'x-requested-with' => 'XMLHttpRequest',
  'user-agent' => 'Mozilla/5.0 (Linux; Android 13; PGJM10 Build/TP1A.220905.001; wv) AppleWebKit/537.36 (KHTML, like Gecko) Version/4.0 Chrome/107.0.5304.141 Mobile Safari/537.36 XWEB/5075 MMWEBSDK/20230405 MMWEBID/1876 MicroMessenger/8.0.35.2360(0x2800235D) WeChat/arm64 Weixin NetType/5G Language/zh_CN ABI/arm64',
  'accept' => 'application/json, text/javascript, */*; q=0.01',
  'host' => 'www.lingdayun.com',
  'content-length' => '',
  'content-type' => '',
)
[ info ] [ PARAM ] array (
)
[ info ] [ RUN ] app\index\controller\Api->video_tuijian[ /www/wwwroot/yanyanyang/www.lingdayun.com/application/index/controller/Api.php ]
[ info ] [ DB ] INIT mysql
[ info ] [ LOG ] INIT File
[ sql ] [ DB ] CONNECT:[ UseTime:0.000374s ] mysql:dbname=www_lingdayun_co;host=127.0.0.1;port=3306;charset=utf8
[ sql ] [ SQL ] SHOW COLUMNS FROM `ld_video` [ RunTime:0.000733s ]
[ sql ] [ SQL ] SELECT `a`.*,`d`.`teacher_name`,`b`.`kemu_cate`,`c`.`nianji_cate` FROM `ld_video` `a` INNER JOIN `ld_teacher` `d` ON `a`.`teacher_id`=`d`.`id` INNER JOIN `ld_kemu_cate` `b` ON `a`.`video_kemu`=`b`.`id` INNER JOIN `ld_nianji_cate` `c` ON `a`.`video_nianji`=`c`.`id` ORDER BY id desc LIMIT 4 [ RunTime:0.001117s ]

---------------------------------------------------------------
[ 2023-06-01T15:12:30+08:00 ] 10.0.8.4 218.12.19.166 GET /index.php/index/api/select_kemu_video?id=1
[ log ] www.lingdayun.com/index.php/index/api/select_kemu_video?id=1 [运行时间：0.024749s][吞吐率：40.41req/s] [内存消耗：2,502.73kb] [文件加载：52]
[ info ] [ LANG ] /www/wwwroot/yanyanyang/www.lingdayun.com/thinkphp/lang/zh-cn.php
[ info ] [ ROUTE ] array (
  'type' => 'module',
  'module' => 
  array (
    0 => 'index',
    1 => 'api',
    2 => 'select_kemu_video',
  ),
)
[ info ] [ HEADER ] array (
  'cookie' => 'PHPSESSID=ra8s2vafnd3qrgt11cnqabe5dd',
  'accept-language' => 'zh-CN,zh;q=0.9,en-US;q=0.8,en;q=0.7',
  'accept-encoding' => 'gzip, deflate',
  'referer' => 'https://www.lingdayun.com/weishinew/index.html',
  'sec-fetch-dest' => 'empty',
  'sec-fetch-mode' => 'cors',
  'sec-fetch-site' => 'same-origin',
  'x-requested-with' => 'XMLHttpRequest',
  'user-agent' => 'Mozilla/5.0 (Linux; Android 13; PGJM10 Build/TP1A.220905.001; wv) AppleWebKit/537.36 (KHTML, like Gecko) Version/4.0 Chrome/107.0.5304.141 Mobile Safari/537.36 XWEB/5075 MMWEBSDK/20230405 MMWEBID/1876 MicroMessenger/8.0.35.2360(0x2800235D) WeChat/arm64 Weixin NetType/5G Language/zh_CN ABI/arm64',
  'accept' => 'application/json, text/javascript, */*; q=0.01',
  'host' => 'www.lingdayun.com',
  'content-length' => '',
  'content-type' => '',
)
[ info ] [ PARAM ] array (
  'id' => '1',
)
[ info ] [ RUN ] app\index\controller\Api->select_kemu_video[ /www/wwwroot/yanyanyang/www.lingdayun.com/application/index/controller/Api.php ]
[ info ] [ DB ] INIT mysql
[ info ] [ LOG ] INIT File
[ sql ] [ DB ] CONNECT:[ UseTime:0.000571s ] mysql:dbname=www_lingdayun_co;host=127.0.0.1;port=3306;charset=utf8
[ sql ] [ SQL ] SHOW COLUMNS FROM `ld_video` [ RunTime:0.001104s ]
[ sql ] [ SQL ] SELECT `a`.*,`d`.`teacher_name`,`b`.`kemu_cate`,`c`.`nianji_cate` FROM `ld_video` `a` INNER JOIN `ld_teacher` `d` ON `a`.`teacher_id`=`d`.`id` INNER JOIN `ld_kemu_cate` `b` ON `a`.`video_kemu`=`b`.`id` INNER JOIN `ld_nianji_cate` `c` ON `a`.`video_nianji`=`c`.`id` WHERE  (  a.video_kemu=1 ) ORDER BY id desc [ RunTime:0.000746s ]

---------------------------------------------------------------
[ 2023-06-01T15:12:32+08:00 ] 10.0.8.4 218.12.19.166 GET /index.php/api/weishi/teacher
[ log ] www.lingdayun.com/index.php/api/weishi/teacher [运行时间：0.024240s][吞吐率：41.25req/s] [内存消耗：2,507.63kb] [文件加载：52]
[ info ] [ LANG ] /www/wwwroot/yanyanyang/www.lingdayun.com/thinkphp/lang/zh-cn.php
[ info ] [ ROUTE ] array (
  'type' => 'module',
  'module' => 
  array (
    0 => 'api',
    1 => 'weishi',
    2 => 'teacher',
  ),
)
[ info ] [ HEADER ] array (
  'cookie' => 'PHPSESSID=ra8s2vafnd3qrgt11cnqabe5dd',
  'accept-language' => 'zh-CN,zh;q=0.9,en-US;q=0.8,en;q=0.7',
  'accept-encoding' => 'gzip, deflate',
  'referer' => 'https://www.lingdayun.com/weishinew/teacher.html',
  'sec-fetch-dest' => 'empty',
  'sec-fetch-mode' => 'cors',
  'sec-fetch-site' => 'same-origin',
  'x-requested-with' => 'XMLHttpRequest',
  'user-agent' => 'Mozilla/5.0 (Linux; Android 13; PGJM10 Build/TP1A.220905.001; wv) AppleWebKit/537.36 (KHTML, like Gecko) Version/4.0 Chrome/107.0.5304.141 Mobile Safari/537.36 XWEB/5075 MMWEBSDK/20230405 MMWEBID/1876 MicroMessenger/8.0.35.2360(0x2800235D) WeChat/arm64 Weixin NetType/5G Language/zh_CN ABI/arm64',
  'accept' => 'application/json, text/javascript, */*; q=0.01',
  'host' => 'www.lingdayun.com',
  'content-length' => '',
  'content-type' => '',
)
[ info ] [ PARAM ] array (
)
[ info ] [ RUN ] app\api\controller\Weishi->teacher[ /www/wwwroot/yanyanyang/www.lingdayun.com/application/api/controller/Weishi.php ]
[ info ] [ SESSION ] INIT array (
  'id' => '',
  'var_session_id' => '',
  'prefix' => 'think',
  'type' => '',
  'auto_start' => true,
)
[ info ] [ DB ] INIT mysql
[ info ] [ LOG ] INIT File
[ sql ] [ DB ] CONNECT:[ UseTime:0.000479s ] mysql:dbname=www_lingdayun_co;host=127.0.0.1;port=3306;charset=utf8
[ sql ] [ SQL ] SHOW COLUMNS FROM `ld_teacher` [ RunTime:0.000744s ]
[ sql ] [ SQL ] SELECT * FROM `ld_teacher` [ RunTime:0.000302s ]

---------------------------------------------------------------
[ 2023-06-01T15:12:36+08:00 ] 10.0.8.4 218.12.19.166 GET /index.php/api/weishi/teacher
[ log ] www.lingdayun.com/index.php/api/weishi/teacher [运行时间：0.023459s][吞吐率：42.63req/s] [内存消耗：2,507.63kb] [文件加载：52]
[ info ] [ LANG ] /www/wwwroot/yanyanyang/www.lingdayun.com/thinkphp/lang/zh-cn.php
[ info ] [ ROUTE ] array (
  'type' => 'module',
  'module' => 
  array (
    0 => 'api',
    1 => 'weishi',
    2 => 'teacher',
  ),
)
[ info ] [ HEADER ] array (
  'cookie' => 'PHPSESSID=ra8s2vafnd3qrgt11cnqabe5dd',
  'accept-language' => 'zh-CN,zh;q=0.9,en-US;q=0.8,en;q=0.7',
  'accept-encoding' => 'gzip, deflate',
  'referer' => 'https://www.lingdayun.com/weishinew/teacher.html',
  'sec-fetch-dest' => 'empty',
  'sec-fetch-mode' => 'cors',
  'sec-fetch-site' => 'same-origin',
  'x-requested-with' => 'XMLHttpRequest',
  'user-agent' => 'Mozilla/5.0 (Linux; Android 13; PGJM10 Build/TP1A.220905.001; wv) AppleWebKit/537.36 (KHTML, like Gecko) Version/4.0 Chrome/107.0.5304.141 Mobile Safari/537.36 XWEB/5075 MMWEBSDK/20230405 MMWEBID/1876 MicroMessenger/8.0.35.2360(0x2800235D) WeChat/arm64 Weixin NetType/5G Language/zh_CN ABI/arm64',
  'accept' => 'application/json, text/javascript, */*; q=0.01',
  'host' => 'www.lingdayun.com',
  'content-length' => '',
  'content-type' => '',
)
[ info ] [ PARAM ] array (
)
[ info ] [ RUN ] app\api\controller\Weishi->teacher[ /www/wwwroot/yanyanyang/www.lingdayun.com/application/api/controller/Weishi.php ]
[ info ] [ SESSION ] INIT array (
  'id' => '',
  'var_session_id' => '',
  'prefix' => 'think',
  'type' => '',
  'auto_start' => true,
)
[ info ] [ DB ] INIT mysql
[ info ] [ LOG ] INIT File
[ sql ] [ DB ] CONNECT:[ UseTime:0.000518s ] mysql:dbname=www_lingdayun_co;host=127.0.0.1;port=3306;charset=utf8
[ sql ] [ SQL ] SHOW COLUMNS FROM `ld_teacher` [ RunTime:0.000787s ]
[ sql ] [ SQL ] SELECT * FROM `ld_teacher` [ RunTime:0.000279s ]

---------------------------------------------------------------
[ 2023-06-01T15:12:37+08:00 ] 10.0.8.4 218.12.19.166 GET /index.php/api/weishi/teacher
[ log ] www.lingdayun.com/index.php/api/weishi/teacher [运行时间：0.024422s][吞吐率：40.95req/s] [内存消耗：2,507.63kb] [文件加载：52]
[ info ] [ LANG ] /www/wwwroot/yanyanyang/www.lingdayun.com/thinkphp/lang/zh-cn.php
[ info ] [ ROUTE ] array (
  'type' => 'module',
  'module' => 
  array (
    0 => 'api',
    1 => 'weishi',
    2 => 'teacher',
  ),
)
[ info ] [ HEADER ] array (
  'cookie' => 'PHPSESSID=ra8s2vafnd3qrgt11cnqabe5dd',
  'accept-language' => 'zh-CN,zh;q=0.9,en-US;q=0.8,en;q=0.7',
  'accept-encoding' => 'gzip, deflate',
  'referer' => 'https://www.lingdayun.com/weishinew/teacher.html',
  'sec-fetch-dest' => 'empty',
  'sec-fetch-mode' => 'cors',
  'sec-fetch-site' => 'same-origin',
  'x-requested-with' => 'XMLHttpRequest',
  'user-agent' => 'Mozilla/5.0 (Linux; Android 13; PGJM10 Build/TP1A.220905.001; wv) AppleWebKit/537.36 (KHTML, like Gecko) Version/4.0 Chrome/107.0.5304.141 Mobile Safari/537.36 XWEB/5075 MMWEBSDK/20230405 MMWEBID/1876 MicroMessenger/8.0.35.2360(0x2800235D) WeChat/arm64 Weixin NetType/5G Language/zh_CN ABI/arm64',
  'accept' => 'application/json, text/javascript, */*; q=0.01',
  'host' => 'www.lingdayun.com',
  'content-length' => '',
  'content-type' => '',
)
[ info ] [ PARAM ] array (
)
[ info ] [ RUN ] app\api\controller\Weishi->teacher[ /www/wwwroot/yanyanyang/www.lingdayun.com/application/api/controller/Weishi.php ]
[ info ] [ SESSION ] INIT array (
  'id' => '',
  'var_session_id' => '',
  'prefix' => 'think',
  'type' => '',
  'auto_start' => true,
)
[ info ] [ DB ] INIT mysql
[ info ] [ LOG ] INIT File
[ sql ] [ DB ] CONNECT:[ UseTime:0.000446s ] mysql:dbname=www_lingdayun_co;host=127.0.0.1;port=3306;charset=utf8
[ sql ] [ SQL ] SHOW COLUMNS FROM `ld_teacher` [ RunTime:0.000659s ]
[ sql ] [ SQL ] SELECT * FROM `ld_teacher` [ RunTime:0.000291s ]

---------------------------------------------------------------
[ 2023-06-01T15:12:39+08:00 ] 10.0.8.4 218.12.19.166 GET /index.php/api/weishi/teacher
[ log ] www.lingdayun.com/index.php/api/weishi/teacher [运行时间：0.024261s][吞吐率：41.22req/s] [内存消耗：2,507.63kb] [文件加载：52]
[ info ] [ LANG ] /www/wwwroot/yanyanyang/www.lingdayun.com/thinkphp/lang/zh-cn.php
[ info ] [ ROUTE ] array (
  'type' => 'module',
  'module' => 
  array (
    0 => 'api',
    1 => 'weishi',
    2 => 'teacher',
  ),
)
[ info ] [ HEADER ] array (
  'cookie' => 'PHPSESSID=ra8s2vafnd3qrgt11cnqabe5dd',
  'accept-language' => 'zh-CN,zh;q=0.9,en-US;q=0.8,en;q=0.7',
  'accept-encoding' => 'gzip, deflate',
  'referer' => 'https://www.lingdayun.com/weishinew/teacher.html',
  'sec-fetch-dest' => 'empty',
  'sec-fetch-mode' => 'cors',
  'sec-fetch-site' => 'same-origin',
  'x-requested-with' => 'XMLHttpRequest',
  'user-agent' => 'Mozilla/5.0 (Linux; Android 13; PGJM10 Build/TP1A.220905.001; wv) AppleWebKit/537.36 (KHTML, like Gecko) Version/4.0 Chrome/107.0.5304.141 Mobile Safari/537.36 XWEB/5075 MMWEBSDK/20230405 MMWEBID/1876 MicroMessenger/8.0.35.2360(0x2800235D) WeChat/arm64 Weixin NetType/5G Language/zh_CN ABI/arm64',
  'accept' => 'application/json, text/javascript, */*; q=0.01',
  'host' => 'www.lingdayun.com',
  'content-length' => '',
  'content-type' => '',
)
[ info ] [ PARAM ] array (
)
[ info ] [ RUN ] app\api\controller\Weishi->teacher[ /www/wwwroot/yanyanyang/www.lingdayun.com/application/api/controller/Weishi.php ]
[ info ] [ SESSION ] INIT array (
  'id' => '',
  'var_session_id' => '',
  'prefix' => 'think',
  'type' => '',
  'auto_start' => true,
)
[ info ] [ DB ] INIT mysql
[ info ] [ LOG ] INIT File
[ sql ] [ DB ] CONNECT:[ UseTime:0.000454s ] mysql:dbname=www_lingdayun_co;host=127.0.0.1;port=3306;charset=utf8
[ sql ] [ SQL ] SHOW COLUMNS FROM `ld_teacher` [ RunTime:0.000660s ]
[ sql ] [ SQL ] SELECT * FROM `ld_teacher` [ RunTime:0.000283s ]

---------------------------------------------------------------
[ 2023-06-01T15:12:52+08:00 ] 10.0.8.4 218.12.19.166 GET /index.php/index/api/video_tuijian
[ log ] www.lingdayun.com/index.php/index/api/video_tuijian [运行时间：0.024513s][吞吐率：40.79req/s] [内存消耗：2,503.20kb] [文件加载：52]
[ info ] [ LANG ] /www/wwwroot/yanyanyang/www.lingdayun.com/thinkphp/lang/zh-cn.php
[ info ] [ ROUTE ] array (
  'type' => 'module',
  'module' => 
  array (
    0 => 'index',
    1 => 'api',
    2 => 'video_tuijian',
  ),
)
[ info ] [ HEADER ] array (
  'cookie' => 'PHPSESSID=ra8s2vafnd3qrgt11cnqabe5dd',
  'accept-language' => 'zh-CN,zh;q=0.9,en-US;q=0.8,en;q=0.7',
  'accept-encoding' => 'gzip, deflate',
  'referer' => 'https://www.lingdayun.com/weishinew/index.html',
  'sec-fetch-dest' => 'empty',
  'sec-fetch-mode' => 'cors',
  'sec-fetch-site' => 'same-origin',
  'x-requested-with' => 'XMLHttpRequest',
  'user-agent' => 'Mozilla/5.0 (Linux; Android 13; PGJM10 Build/TP1A.220905.001; wv) AppleWebKit/537.36 (KHTML, like Gecko) Version/4.0 Chrome/107.0.5304.141 Mobile Safari/537.36 XWEB/5075 MMWEBSDK/20230405 MMWEBID/1876 MicroMessenger/8.0.35.2360(0x2800235D) WeChat/arm64 Weixin NetType/5G Language/zh_CN ABI/arm64',
  'accept' => 'application/json, text/javascript, */*; q=0.01',
  'host' => 'www.lingdayun.com',
  'content-length' => '',
  'content-type' => '',
)
[ info ] [ PARAM ] array (
)
[ info ] [ RUN ] app\index\controller\Api->video_tuijian[ /www/wwwroot/yanyanyang/www.lingdayun.com/application/index/controller/Api.php ]
[ info ] [ DB ] INIT mysql
[ info ] [ LOG ] INIT File
[ sql ] [ DB ] CONNECT:[ UseTime:0.000538s ] mysql:dbname=www_lingdayun_co;host=127.0.0.1;port=3306;charset=utf8
[ sql ] [ SQL ] SHOW COLUMNS FROM `ld_video` [ RunTime:0.000855s ]
[ sql ] [ SQL ] SELECT `a`.*,`d`.`teacher_name`,`b`.`kemu_cate`,`c`.`nianji_cate` FROM `ld_video` `a` INNER JOIN `ld_teacher` `d` ON `a`.`teacher_id`=`d`.`id` INNER JOIN `ld_kemu_cate` `b` ON `a`.`video_kemu`=`b`.`id` INNER JOIN `ld_nianji_cate` `c` ON `a`.`video_nianji`=`c`.`id` ORDER BY id desc LIMIT 4 [ RunTime:0.000947s ]

---------------------------------------------------------------
[ 2023-06-01T15:12:52+08:00 ] 10.0.8.4 218.12.19.166 GET /index.php/index/api/select_kemu
[ log ] www.lingdayun.com/index.php/index/api/select_kemu [运行时间：0.024399s][吞吐率：40.99req/s] [内存消耗：2,497.47kb] [文件加载：52]
[ info ] [ LANG ] /www/wwwroot/yanyanyang/www.lingdayun.com/thinkphp/lang/zh-cn.php
[ info ] [ ROUTE ] array (
  'type' => 'module',
  'module' => 
  array (
    0 => 'index',
    1 => 'api',
    2 => 'select_kemu',
  ),
)
[ info ] [ HEADER ] array (
  'cookie' => 'PHPSESSID=ra8s2vafnd3qrgt11cnqabe5dd',
  'accept-language' => 'zh-CN,zh;q=0.9,en-US;q=0.8,en;q=0.7',
  'accept-encoding' => 'gzip, deflate',
  'referer' => 'https://www.lingdayun.com/weishinew/index.html',
  'sec-fetch-dest' => 'empty',
  'sec-fetch-mode' => 'cors',
  'sec-fetch-site' => 'same-origin',
  'x-requested-with' => 'XMLHttpRequest',
  'user-agent' => 'Mozilla/5.0 (Linux; Android 13; PGJM10 Build/TP1A.220905.001; wv) AppleWebKit/537.36 (KHTML, like Gecko) Version/4.0 Chrome/107.0.5304.141 Mobile Safari/537.36 XWEB/5075 MMWEBSDK/20230405 MMWEBID/1876 MicroMessenger/8.0.35.2360(0x2800235D) WeChat/arm64 Weixin NetType/5G Language/zh_CN ABI/arm64',
  'accept' => 'application/json, text/javascript, */*; q=0.01',
  'host' => 'www.lingdayun.com',
  'content-length' => '',
  'content-type' => '',
)
[ info ] [ PARAM ] array (
)
[ info ] [ RUN ] app\index\controller\Api->select_kemu[ /www/wwwroot/yanyanyang/www.lingdayun.com/application/index/controller/Api.php ]
[ info ] [ DB ] INIT mysql
[ info ] [ LOG ] INIT File
[ sql ] [ DB ] CONNECT:[ UseTime:0.000355s ] mysql:dbname=www_lingdayun_co;host=127.0.0.1;port=3306;charset=utf8
[ sql ] [ SQL ] SHOW COLUMNS FROM `ld_kemu_cate` [ RunTime:0.000701s ]
[ sql ] [ SQL ] SELECT * FROM `ld_kemu_cate` [ RunTime:0.000382s ]

---------------------------------------------------------------
[ 2023-06-01T15:12:52+08:00 ] 10.0.8.4 218.12.19.166 GET /index.php/index/api/select_kemu_video?id=1
[ log ] www.lingdayun.com/index.php/index/api/select_kemu_video?id=1 [运行时间：0.024208s][吞吐率：41.31req/s] [内存消耗：2,502.73kb] [文件加载：52]
[ info ] [ LANG ] /www/wwwroot/yanyanyang/www.lingdayun.com/thinkphp/lang/zh-cn.php
[ info ] [ ROUTE ] array (
  'type' => 'module',
  'module' => 
  array (
    0 => 'index',
    1 => 'api',
    2 => 'select_kemu_video',
  ),
)
[ info ] [ HEADER ] array (
  'cookie' => 'PHPSESSID=ra8s2vafnd3qrgt11cnqabe5dd',
  'accept-language' => 'zh-CN,zh;q=0.9,en-US;q=0.8,en;q=0.7',
  'accept-encoding' => 'gzip, deflate',
  'referer' => 'https://www.lingdayun.com/weishinew/index.html',
  'sec-fetch-dest' => 'empty',
  'sec-fetch-mode' => 'cors',
  'sec-fetch-site' => 'same-origin',
  'x-requested-with' => 'XMLHttpRequest',
  'user-agent' => 'Mozilla/5.0 (Linux; Android 13; PGJM10 Build/TP1A.220905.001; wv) AppleWebKit/537.36 (KHTML, like Gecko) Version/4.0 Chrome/107.0.5304.141 Mobile Safari/537.36 XWEB/5075 MMWEBSDK/20230405 MMWEBID/1876 MicroMessenger/8.0.35.2360(0x2800235D) WeChat/arm64 Weixin NetType/5G Language/zh_CN ABI/arm64',
  'accept' => 'application/json, text/javascript, */*; q=0.01',
  'host' => 'www.lingdayun.com',
  'content-length' => '',
  'content-type' => '',
)
[ info ] [ PARAM ] array (
  'id' => '1',
)
[ info ] [ RUN ] app\index\controller\Api->select_kemu_video[ /www/wwwroot/yanyanyang/www.lingdayun.com/application/index/controller/Api.php ]
[ info ] [ DB ] INIT mysql
[ info ] [ LOG ] INIT File
[ sql ] [ DB ] CONNECT:[ UseTime:0.000490s ] mysql:dbname=www_lingdayun_co;host=127.0.0.1;port=3306;charset=utf8
[ sql ] [ SQL ] SHOW COLUMNS FROM `ld_video` [ RunTime:0.000766s ]
[ sql ] [ SQL ] SELECT `a`.*,`d`.`teacher_name`,`b`.`kemu_cate`,`c`.`nianji_cate` FROM `ld_video` `a` INNER JOIN `ld_teacher` `d` ON `a`.`teacher_id`=`d`.`id` INNER JOIN `ld_kemu_cate` `b` ON `a`.`video_kemu`=`b`.`id` INNER JOIN `ld_nianji_cate` `c` ON `a`.`video_nianji`=`c`.`id` WHERE  (  a.video_kemu=1 ) ORDER BY id desc [ RunTime:0.000603s ]

---------------------------------------------------------------
[ 2023-06-01T15:41:06+08:00 ] 10.0.8.4 137.226.113.44 GET /
[ log ] www.lingdayun.com/ [运行时间：0.015918s][吞吐率：62.82req/s] [内存消耗：1,709.42kb] [文件加载：44]
[ info ] [ LANG ] /www/wwwroot/yanyanyang/www.lingdayun.com/thinkphp/lang/zh-cn.php
[ info ] [ ROUTE ] array (
  'type' => 'module',
  'module' => 
  array (
    0 => '',
    1 => NULL,
    2 => NULL,
  ),
)
[ info ] [ HEADER ] array (
  'accept-encoding' => 'gzip',
  'user-agent' => 'Mozilla/5.0 researchscan.comsys.rwth-aachen.de',
  'accept' => '*/*',
  'host' => 'www.lingdayun.com',
  'content-length' => '',
  'content-type' => '',
)
[ info ] [ PARAM ] array (
)
[ info ] [ RUN ] app\index\controller\Index->index[ /www/wwwroot/yanyanyang/www.lingdayun.com/application/index/controller/Index.php ]
[ info ] [ VIEW ] /www/wwwroot/yanyanyang/www.lingdayun.com/public/../application/index/view/index/index.html [ array (
) ]
[ info ] [ LOG ] INIT File

---------------------------------------------------------------
[ 2023-06-01T18:24:11+08:00 ] 10.0.8.4 116.179.32.52 GET /
[ log ] www.lingdayun.com/ [运行时间：0.018267s][吞吐率：54.74req/s] [内存消耗：1,711.49kb] [文件加载：44]
[ info ] [ LANG ] /www/wwwroot/yanyanyang/www.lingdayun.com/thinkphp/lang/zh-cn.php
[ info ] [ ROUTE ] array (
  'type' => 'module',
  'module' => 
  array (
    0 => '',
    1 => NULL,
    2 => NULL,
  ),
)
[ info ] [ HEADER ] array (
  'host' => 'www.lingdayun.com',
  'accept-language' => 'en-US,*',
  'accept-encoding' => 'gzip, deflate',
  'connection' => 'Keep-Alive',
  'user-agent' => 'Mozilla/5.0 (Windows NT 6.1; WOW64; rv:43.0) Gecko/20100101 Firefox/43.0',
  'accept' => 'text/html,application/xhtml+xml,application/xml;q=0.9,*/*;q=0.8',
  'content-length' => '',
  'content-type' => '',
)
[ info ] [ PARAM ] array (
)
[ info ] [ RUN ] app\index\controller\Index->index[ /www/wwwroot/yanyanyang/www.lingdayun.com/application/index/controller/Index.php ]
[ info ] [ VIEW ] /www/wwwroot/yanyanyang/www.lingdayun.com/public/../application/index/view/index/index.html [ array (
) ]
[ info ] [ LOG ] INIT File

---------------------------------------------------------------
