[ 2023-06-02T00:59:52+08:00 ] 10.0.8.4 180.101.245.251 GET /
[ log ] www.lingdayun.com/ [运行时间：0.016724s][吞吐率：59.79req/s] [内存消耗：1,713.09kb] [文件加载：44]
[ info ] [ LANG ] /www/wwwroot/yanyanyang/www.lingdayun.com/thinkphp/lang/zh-cn.php
[ info ] [ ROUTE ] array (
  'type' => 'module',
  'module' => 
  array (
    0 => '',
    1 => NULL,
    2 => NULL,
  ),
)
[ info ] [ HEADER ] array (
  'upgrade-insecure-requests' => '1',
  'referer' => 'http://www.lingdayun.com',
  'connection' => 'keep-alive',
  'cache-control' => 'max-age=0',
  'accept-language' => 'zh-CN,zh;q=0.9',
  'accept-encoding' => 'gzip, deflate',
  'accept' => 'text/html,application/xhtml+xml,application/xml;q=0.9,image/avif,image/webp,image/apng,*/*;q=0.8,application/signed-exchange;v=b3;q=0.9',
  'user-agent' => 'Mozilla/5.0 (iPhone; CPU iPhone os 15_4 like Mac OS X) AppleWebKit/605.1.15 (KHTML, like Gecko) Version/15.4 Mobile/11D257 Safari/604.1',
  'host' => 'www.lingdayun.com',
  'content-length' => '',
  'content-type' => '',
)
[ info ] [ PARAM ] array (
)
[ info ] [ RUN ] app\index\controller\Index->index[ /www/wwwroot/yanyanyang/www.lingdayun.com/application/index/controller/Index.php ]
[ info ] [ VIEW ] /www/wwwroot/yanyanyang/www.lingdayun.com/public/../application/index/view/index/index.html [ array (
) ]
[ info ] [ LOG ] INIT File

---------------------------------------------------------------
[ 2023-06-02T05:38:14+08:00 ] 10.0.8.4 159.75.198.113 GET /
[ log ] www.lingdayun.com/ [运行时间：0.017268s][吞吐率：57.91req/s] [内存消耗：1,710.14kb] [文件加载：44]
[ info ] [ LANG ] /www/wwwroot/yanyanyang/www.lingdayun.com/thinkphp/lang/zh-cn.php
[ info ] [ ROUTE ] array (
  'type' => 'module',
  'module' => 
  array (
    0 => '',
    1 => NULL,
    2 => NULL,
  ),
)
[ info ] [ HEADER ] array (
  'accept-encoding' => 'gzip',
  'referer' => 'http://www.lingdayun.com',
  'user-agent' => 'mozilla/5.0 (iphone; cpu iphone os 13_5_1 like mac os x) applewebkit/605.1.15 (khtml, like gecko) mobile/15e148 micromessenger/7.0.15(0x17000f2b) nettype/4g language/zh_cn miniprogram',
  'host' => 'www.lingdayun.com',
  'content-length' => '',
  'content-type' => '',
)
[ info ] [ PARAM ] array (
)
[ info ] [ RUN ] app\index\controller\Index->index[ /www/wwwroot/yanyanyang/www.lingdayun.com/application/index/controller/Index.php ]
[ info ] [ VIEW ] /www/wwwroot/yanyanyang/www.lingdayun.com/public/../application/index/view/index/index.html [ array (
) ]
[ info ] [ LOG ] INIT File

---------------------------------------------------------------
[ 2023-06-02T10:02:42+08:00 ] 10.0.8.4 218.12.14.80 GET /index.php/index/api/select_kemu
[ log ] www.lingdayun.com/index.php/index/api/select_kemu [运行时间：0.024728s][吞吐率：40.44req/s] [内存消耗：2,497.47kb] [文件加载：52]
[ info ] [ LANG ] /www/wwwroot/yanyanyang/www.lingdayun.com/thinkphp/lang/zh-cn.php
[ info ] [ ROUTE ] array (
  'type' => 'module',
  'module' => 
  array (
    0 => 'index',
    1 => 'api',
    2 => 'select_kemu',
  ),
)
[ info ] [ HEADER ] array (
  'cookie' => 'PHPSESSID=2ukj300oafd72l8h8s6eb1d83v',
  'accept-language' => 'zh-CN,zh;q=0.9,en-US;q=0.8,en;q=0.7',
  'accept-encoding' => 'gzip, deflate',
  'referer' => 'https://www.lingdayun.com/weishinew/index.html',
  'sec-fetch-dest' => 'empty',
  'sec-fetch-mode' => 'cors',
  'sec-fetch-site' => 'same-origin',
  'x-requested-with' => 'XMLHttpRequest',
  'user-agent' => 'Mozilla/5.0 (Linux; Android 9; V1901A Build/P00610; wv) AppleWebKit/537.36 (KHTML, like Gecko) Version/4.0 Chrome/107.0.5304.141 Mobile Safari/537.36 XWEB/5075 MMWEBSDK/20230405 MMWEBID/2321 MicroMessenger/8.0.35.2360(0x28002339) WeChat/arm64 Weixin NetType/4G Language/zh_CN ABI/arm64',
  'accept' => 'application/json, text/javascript, */*; q=0.01',
  'host' => 'www.lingdayun.com',
  'content-length' => '',
  'content-type' => '',
)
[ info ] [ PARAM ] array (
)
[ info ] [ RUN ] app\index\controller\Api->select_kemu[ /www/wwwroot/yanyanyang/www.lingdayun.com/application/index/controller/Api.php ]
[ info ] [ DB ] INIT mysql
[ info ] [ LOG ] INIT File
[ sql ] [ DB ] CONNECT:[ UseTime:0.000531s ] mysql:dbname=www_lingdayun_co;host=127.0.0.1;port=3306;charset=utf8
[ sql ] [ SQL ] SHOW COLUMNS FROM `ld_kemu_cate` [ RunTime:0.000945s ]
[ sql ] [ SQL ] SELECT * FROM `ld_kemu_cate` [ RunTime:0.000342s ]

---------------------------------------------------------------
[ 2023-06-02T10:02:42+08:00 ] 10.0.8.4 218.12.14.80 GET /index.php/index/api/video_tuijian
[ log ] www.lingdayun.com/index.php/index/api/video_tuijian [运行时间：0.025664s][吞吐率：38.96req/s] [内存消耗：2,503.20kb] [文件加载：52]
[ info ] [ LANG ] /www/wwwroot/yanyanyang/www.lingdayun.com/thinkphp/lang/zh-cn.php
[ info ] [ ROUTE ] array (
  'type' => 'module',
  'module' => 
  array (
    0 => 'index',
    1 => 'api',
    2 => 'video_tuijian',
  ),
)
[ info ] [ HEADER ] array (
  'cookie' => 'PHPSESSID=2ukj300oafd72l8h8s6eb1d83v',
  'accept-language' => 'zh-CN,zh;q=0.9,en-US;q=0.8,en;q=0.7',
  'accept-encoding' => 'gzip, deflate',
  'referer' => 'https://www.lingdayun.com/weishinew/index.html',
  'sec-fetch-dest' => 'empty',
  'sec-fetch-mode' => 'cors',
  'sec-fetch-site' => 'same-origin',
  'x-requested-with' => 'XMLHttpRequest',
  'user-agent' => 'Mozilla/5.0 (Linux; Android 9; V1901A Build/P00610; wv) AppleWebKit/537.36 (KHTML, like Gecko) Version/4.0 Chrome/107.0.5304.141 Mobile Safari/537.36 XWEB/5075 MMWEBSDK/20230405 MMWEBID/2321 MicroMessenger/8.0.35.2360(0x28002339) WeChat/arm64 Weixin NetType/4G Language/zh_CN ABI/arm64',
  'accept' => 'application/json, text/javascript, */*; q=0.01',
  'host' => 'www.lingdayun.com',
  'content-length' => '',
  'content-type' => '',
)
[ info ] [ PARAM ] array (
)
[ info ] [ RUN ] app\index\controller\Api->video_tuijian[ /www/wwwroot/yanyanyang/www.lingdayun.com/application/index/controller/Api.php ]
[ info ] [ DB ] INIT mysql
[ info ] [ LOG ] INIT File
[ sql ] [ DB ] CONNECT:[ UseTime:0.000559s ] mysql:dbname=www_lingdayun_co;host=127.0.0.1;port=3306;charset=utf8
[ sql ] [ SQL ] SHOW COLUMNS FROM `ld_video` [ RunTime:0.000945s ]
[ sql ] [ SQL ] SELECT `a`.*,`d`.`teacher_name`,`b`.`kemu_cate`,`c`.`nianji_cate` FROM `ld_video` `a` INNER JOIN `ld_teacher` `d` ON `a`.`teacher_id`=`d`.`id` INNER JOIN `ld_kemu_cate` `b` ON `a`.`video_kemu`=`b`.`id` INNER JOIN `ld_nianji_cate` `c` ON `a`.`video_nianji`=`c`.`id` ORDER BY id desc LIMIT 4 [ RunTime:0.001088s ]

---------------------------------------------------------------
[ 2023-06-02T10:02:43+08:00 ] 10.0.8.4 218.12.14.80 GET /index.php/index/api/select_kemu_video?id=1
[ log ] www.lingdayun.com/index.php/index/api/select_kemu_video?id=1 [运行时间：0.024165s][吞吐率：41.38req/s] [内存消耗：2,502.73kb] [文件加载：52]
[ info ] [ LANG ] /www/wwwroot/yanyanyang/www.lingdayun.com/thinkphp/lang/zh-cn.php
[ info ] [ ROUTE ] array (
  'type' => 'module',
  'module' => 
  array (
    0 => 'index',
    1 => 'api',
    2 => 'select_kemu_video',
  ),
)
[ info ] [ HEADER ] array (
  'cookie' => 'PHPSESSID=2ukj300oafd72l8h8s6eb1d83v',
  'accept-language' => 'zh-CN,zh;q=0.9,en-US;q=0.8,en;q=0.7',
  'accept-encoding' => 'gzip, deflate',
  'referer' => 'https://www.lingdayun.com/weishinew/index.html',
  'sec-fetch-dest' => 'empty',
  'sec-fetch-mode' => 'cors',
  'sec-fetch-site' => 'same-origin',
  'x-requested-with' => 'XMLHttpRequest',
  'user-agent' => 'Mozilla/5.0 (Linux; Android 9; V1901A Build/P00610; wv) AppleWebKit/537.36 (KHTML, like Gecko) Version/4.0 Chrome/107.0.5304.141 Mobile Safari/537.36 XWEB/5075 MMWEBSDK/20230405 MMWEBID/2321 MicroMessenger/8.0.35.2360(0x28002339) WeChat/arm64 Weixin NetType/4G Language/zh_CN ABI/arm64',
  'accept' => 'application/json, text/javascript, */*; q=0.01',
  'host' => 'www.lingdayun.com',
  'content-length' => '',
  'content-type' => '',
)
[ info ] [ PARAM ] array (
  'id' => '1',
)
[ info ] [ RUN ] app\index\controller\Api->select_kemu_video[ /www/wwwroot/yanyanyang/www.lingdayun.com/application/index/controller/Api.php ]
[ info ] [ DB ] INIT mysql
[ info ] [ LOG ] INIT File
[ sql ] [ DB ] CONNECT:[ UseTime:0.000433s ] mysql:dbname=www_lingdayun_co;host=127.0.0.1;port=3306;charset=utf8
[ sql ] [ SQL ] SHOW COLUMNS FROM `ld_video` [ RunTime:0.000777s ]
[ sql ] [ SQL ] SELECT `a`.*,`d`.`teacher_name`,`b`.`kemu_cate`,`c`.`nianji_cate` FROM `ld_video` `a` INNER JOIN `ld_teacher` `d` ON `a`.`teacher_id`=`d`.`id` INNER JOIN `ld_kemu_cate` `b` ON `a`.`video_kemu`=`b`.`id` INNER JOIN `ld_nianji_cate` `c` ON `a`.`video_nianji`=`c`.`id` WHERE  (  a.video_kemu=1 ) ORDER BY id desc [ RunTime:0.000642s ]

---------------------------------------------------------------
[ 2023-06-02T10:03:04+08:00 ] 10.0.8.4 218.12.14.80 GET /index.php/index/api/select_kemu
[ log ] www.lingdayun.com/index.php/index/api/select_kemu [运行时间：0.024710s][吞吐率：40.47req/s] [内存消耗：2,497.47kb] [文件加载：52]
[ info ] [ LANG ] /www/wwwroot/yanyanyang/www.lingdayun.com/thinkphp/lang/zh-cn.php
[ info ] [ ROUTE ] array (
  'type' => 'module',
  'module' => 
  array (
    0 => 'index',
    1 => 'api',
    2 => 'select_kemu',
  ),
)
[ info ] [ HEADER ] array (
  'cookie' => 'PHPSESSID=2ukj300oafd72l8h8s6eb1d83v',
  'accept-language' => 'zh-CN,zh;q=0.9,en-US;q=0.8,en;q=0.7',
  'accept-encoding' => 'gzip, deflate',
  'referer' => 'https://www.lingdayun.com/weishinew/index.html',
  'sec-fetch-dest' => 'empty',
  'sec-fetch-mode' => 'cors',
  'sec-fetch-site' => 'same-origin',
  'x-requested-with' => 'XMLHttpRequest',
  'user-agent' => 'Mozilla/5.0 (Linux; Android 9; V1901A Build/P00610; wv) AppleWebKit/537.36 (KHTML, like Gecko) Version/4.0 Chrome/107.0.5304.141 Mobile Safari/537.36 XWEB/5075 MMWEBSDK/20230405 MMWEBID/2321 MicroMessenger/8.0.35.2360(0x28002339) WeChat/arm64 Weixin NetType/4G Language/zh_CN ABI/arm64',
  'accept' => 'application/json, text/javascript, */*; q=0.01',
  'host' => 'www.lingdayun.com',
  'content-length' => '',
  'content-type' => '',
)
[ info ] [ PARAM ] array (
)
[ info ] [ RUN ] app\index\controller\Api->select_kemu[ /www/wwwroot/yanyanyang/www.lingdayun.com/application/index/controller/Api.php ]
[ info ] [ DB ] INIT mysql
[ info ] [ LOG ] INIT File
[ sql ] [ DB ] CONNECT:[ UseTime:0.000358s ] mysql:dbname=www_lingdayun_co;host=127.0.0.1;port=3306;charset=utf8
[ sql ] [ SQL ] SHOW COLUMNS FROM `ld_kemu_cate` [ RunTime:0.000636s ]
[ sql ] [ SQL ] SELECT * FROM `ld_kemu_cate` [ RunTime:0.000264s ]

---------------------------------------------------------------
[ 2023-06-02T10:03:04+08:00 ] 10.0.8.4 218.12.14.80 GET /index.php/index/api/video_tuijian
[ log ] www.lingdayun.com/index.php/index/api/video_tuijian [运行时间：0.025560s][吞吐率：39.12req/s] [内存消耗：2,503.20kb] [文件加载：52]
[ info ] [ LANG ] /www/wwwroot/yanyanyang/www.lingdayun.com/thinkphp/lang/zh-cn.php
[ info ] [ ROUTE ] array (
  'type' => 'module',
  'module' => 
  array (
    0 => 'index',
    1 => 'api',
    2 => 'video_tuijian',
  ),
)
[ info ] [ HEADER ] array (
  'cookie' => 'PHPSESSID=2ukj300oafd72l8h8s6eb1d83v',
  'accept-language' => 'zh-CN,zh;q=0.9,en-US;q=0.8,en;q=0.7',
  'accept-encoding' => 'gzip, deflate',
  'referer' => 'https://www.lingdayun.com/weishinew/index.html',
  'sec-fetch-dest' => 'empty',
  'sec-fetch-mode' => 'cors',
  'sec-fetch-site' => 'same-origin',
  'x-requested-with' => 'XMLHttpRequest',
  'user-agent' => 'Mozilla/5.0 (Linux; Android 9; V1901A Build/P00610; wv) AppleWebKit/537.36 (KHTML, like Gecko) Version/4.0 Chrome/107.0.5304.141 Mobile Safari/537.36 XWEB/5075 MMWEBSDK/20230405 MMWEBID/2321 MicroMessenger/8.0.35.2360(0x28002339) WeChat/arm64 Weixin NetType/4G Language/zh_CN ABI/arm64',
  'accept' => 'application/json, text/javascript, */*; q=0.01',
  'host' => 'www.lingdayun.com',
  'content-length' => '',
  'content-type' => '',
)
[ info ] [ PARAM ] array (
)
[ info ] [ RUN ] app\index\controller\Api->video_tuijian[ /www/wwwroot/yanyanyang/www.lingdayun.com/application/index/controller/Api.php ]
[ info ] [ DB ] INIT mysql
[ info ] [ LOG ] INIT File
[ sql ] [ DB ] CONNECT:[ UseTime:0.000543s ] mysql:dbname=www_lingdayun_co;host=127.0.0.1;port=3306;charset=utf8
[ sql ] [ SQL ] SHOW COLUMNS FROM `ld_video` [ RunTime:0.000898s ]
[ sql ] [ SQL ] SELECT `a`.*,`d`.`teacher_name`,`b`.`kemu_cate`,`c`.`nianji_cate` FROM `ld_video` `a` INNER JOIN `ld_teacher` `d` ON `a`.`teacher_id`=`d`.`id` INNER JOIN `ld_kemu_cate` `b` ON `a`.`video_kemu`=`b`.`id` INNER JOIN `ld_nianji_cate` `c` ON `a`.`video_nianji`=`c`.`id` ORDER BY id desc LIMIT 4 [ RunTime:0.000981s ]

---------------------------------------------------------------
[ 2023-06-02T10:03:04+08:00 ] 10.0.8.4 218.12.14.80 GET /index.php/index/api/select_kemu_video?id=1
[ log ] www.lingdayun.com/index.php/index/api/select_kemu_video?id=1 [运行时间：0.025355s][吞吐率：39.44req/s] [内存消耗：2,502.73kb] [文件加载：52]
[ info ] [ LANG ] /www/wwwroot/yanyanyang/www.lingdayun.com/thinkphp/lang/zh-cn.php
[ info ] [ ROUTE ] array (
  'type' => 'module',
  'module' => 
  array (
    0 => 'index',
    1 => 'api',
    2 => 'select_kemu_video',
  ),
)
[ info ] [ HEADER ] array (
  'cookie' => 'PHPSESSID=2ukj300oafd72l8h8s6eb1d83v',
  'accept-language' => 'zh-CN,zh;q=0.9,en-US;q=0.8,en;q=0.7',
  'accept-encoding' => 'gzip, deflate',
  'referer' => 'https://www.lingdayun.com/weishinew/index.html',
  'sec-fetch-dest' => 'empty',
  'sec-fetch-mode' => 'cors',
  'sec-fetch-site' => 'same-origin',
  'x-requested-with' => 'XMLHttpRequest',
  'user-agent' => 'Mozilla/5.0 (Linux; Android 9; V1901A Build/P00610; wv) AppleWebKit/537.36 (KHTML, like Gecko) Version/4.0 Chrome/107.0.5304.141 Mobile Safari/537.36 XWEB/5075 MMWEBSDK/20230405 MMWEBID/2321 MicroMessenger/8.0.35.2360(0x28002339) WeChat/arm64 Weixin NetType/4G Language/zh_CN ABI/arm64',
  'accept' => 'application/json, text/javascript, */*; q=0.01',
  'host' => 'www.lingdayun.com',
  'content-length' => '',
  'content-type' => '',
)
[ info ] [ PARAM ] array (
  'id' => '1',
)
[ info ] [ RUN ] app\index\controller\Api->select_kemu_video[ /www/wwwroot/yanyanyang/www.lingdayun.com/application/index/controller/Api.php ]
[ info ] [ DB ] INIT mysql
[ info ] [ LOG ] INIT File
[ sql ] [ DB ] CONNECT:[ UseTime:0.000593s ] mysql:dbname=www_lingdayun_co;host=127.0.0.1;port=3306;charset=utf8
[ sql ] [ SQL ] SHOW COLUMNS FROM `ld_video` [ RunTime:0.000972s ]
[ sql ] [ SQL ] SELECT `a`.*,`d`.`teacher_name`,`b`.`kemu_cate`,`c`.`nianji_cate` FROM `ld_video` `a` INNER JOIN `ld_teacher` `d` ON `a`.`teacher_id`=`d`.`id` INNER JOIN `ld_kemu_cate` `b` ON `a`.`video_kemu`=`b`.`id` INNER JOIN `ld_nianji_cate` `c` ON `a`.`video_nianji`=`c`.`id` WHERE  (  a.video_kemu=1 ) ORDER BY id desc [ RunTime:0.000803s ]

---------------------------------------------------------------
[ 2023-06-02T10:03:07+08:00 ] 10.0.8.4 218.12.14.80 GET /index.php/index/api/select_kemu_video?id=2
[ log ] www.lingdayun.com/index.php/index/api/select_kemu_video?id=2 [运行时间：0.026819s][吞吐率：37.29req/s] [内存消耗：2,500.44kb] [文件加载：52]
[ info ] [ LANG ] /www/wwwroot/yanyanyang/www.lingdayun.com/thinkphp/lang/zh-cn.php
[ info ] [ ROUTE ] array (
  'type' => 'module',
  'module' => 
  array (
    0 => 'index',
    1 => 'api',
    2 => 'select_kemu_video',
  ),
)
[ info ] [ HEADER ] array (
  'cookie' => 'PHPSESSID=2ukj300oafd72l8h8s6eb1d83v',
  'accept-language' => 'zh-CN,zh;q=0.9,en-US;q=0.8,en;q=0.7',
  'accept-encoding' => 'gzip, deflate',
  'referer' => 'https://www.lingdayun.com/weishinew/index.html',
  'sec-fetch-dest' => 'empty',
  'sec-fetch-mode' => 'cors',
  'sec-fetch-site' => 'same-origin',
  'x-requested-with' => 'XMLHttpRequest',
  'user-agent' => 'Mozilla/5.0 (Linux; Android 9; V1901A Build/P00610; wv) AppleWebKit/537.36 (KHTML, like Gecko) Version/4.0 Chrome/107.0.5304.141 Mobile Safari/537.36 XWEB/5075 MMWEBSDK/20230405 MMWEBID/2321 MicroMessenger/8.0.35.2360(0x28002339) WeChat/arm64 Weixin NetType/4G Language/zh_CN ABI/arm64',
  'accept' => 'application/json, text/javascript, */*; q=0.01',
  'host' => 'www.lingdayun.com',
  'content-length' => '',
  'content-type' => '',
)
[ info ] [ PARAM ] array (
  'id' => '2',
)
[ info ] [ RUN ] app\index\controller\Api->select_kemu_video[ /www/wwwroot/yanyanyang/www.lingdayun.com/application/index/controller/Api.php ]
[ info ] [ DB ] INIT mysql
[ info ] [ LOG ] INIT File
[ sql ] [ DB ] CONNECT:[ UseTime:0.000548s ] mysql:dbname=www_lingdayun_co;host=127.0.0.1;port=3306;charset=utf8
[ sql ] [ SQL ] SHOW COLUMNS FROM `ld_video` [ RunTime:0.000751s ]
[ sql ] [ SQL ] SELECT `a`.*,`d`.`teacher_name`,`b`.`kemu_cate`,`c`.`nianji_cate` FROM `ld_video` `a` INNER JOIN `ld_teacher` `d` ON `a`.`teacher_id`=`d`.`id` INNER JOIN `ld_kemu_cate` `b` ON `a`.`video_kemu`=`b`.`id` INNER JOIN `ld_nianji_cate` `c` ON `a`.`video_nianji`=`c`.`id` WHERE  (  a.video_kemu=2 ) ORDER BY id desc [ RunTime:0.000562s ]

---------------------------------------------------------------
[ 2023-06-02T10:03:08+08:00 ] 10.0.8.4 218.12.14.80 GET /index.php/index/api/select_kemu_video?id=3
[ log ] www.lingdayun.com/index.php/index/api/select_kemu_video?id=3 [运行时间：0.024693s][吞吐率：40.50req/s] [内存消耗：2,504.03kb] [文件加载：52]
[ info ] [ LANG ] /www/wwwroot/yanyanyang/www.lingdayun.com/thinkphp/lang/zh-cn.php
[ info ] [ ROUTE ] array (
  'type' => 'module',
  'module' => 
  array (
    0 => 'index',
    1 => 'api',
    2 => 'select_kemu_video',
  ),
)
[ info ] [ HEADER ] array (
  'cookie' => 'PHPSESSID=2ukj300oafd72l8h8s6eb1d83v',
  'accept-language' => 'zh-CN,zh;q=0.9,en-US;q=0.8,en;q=0.7',
  'accept-encoding' => 'gzip, deflate',
  'referer' => 'https://www.lingdayun.com/weishinew/index.html',
  'sec-fetch-dest' => 'empty',
  'sec-fetch-mode' => 'cors',
  'sec-fetch-site' => 'same-origin',
  'x-requested-with' => 'XMLHttpRequest',
  'user-agent' => 'Mozilla/5.0 (Linux; Android 9; V1901A Build/P00610; wv) AppleWebKit/537.36 (KHTML, like Gecko) Version/4.0 Chrome/107.0.5304.141 Mobile Safari/537.36 XWEB/5075 MMWEBSDK/20230405 MMWEBID/2321 MicroMessenger/8.0.35.2360(0x28002339) WeChat/arm64 Weixin NetType/4G Language/zh_CN ABI/arm64',
  'accept' => 'application/json, text/javascript, */*; q=0.01',
  'host' => 'www.lingdayun.com',
  'content-length' => '',
  'content-type' => '',
)
[ info ] [ PARAM ] array (
  'id' => '3',
)
[ info ] [ RUN ] app\index\controller\Api->select_kemu_video[ /www/wwwroot/yanyanyang/www.lingdayun.com/application/index/controller/Api.php ]
[ info ] [ DB ] INIT mysql
[ info ] [ LOG ] INIT File
[ sql ] [ DB ] CONNECT:[ UseTime:0.000499s ] mysql:dbname=www_lingdayun_co;host=127.0.0.1;port=3306;charset=utf8
[ sql ] [ SQL ] SHOW COLUMNS FROM `ld_video` [ RunTime:0.000724s ]
[ sql ] [ SQL ] SELECT `a`.*,`d`.`teacher_name`,`b`.`kemu_cate`,`c`.`nianji_cate` FROM `ld_video` `a` INNER JOIN `ld_teacher` `d` ON `a`.`teacher_id`=`d`.`id` INNER JOIN `ld_kemu_cate` `b` ON `a`.`video_kemu`=`b`.`id` INNER JOIN `ld_nianji_cate` `c` ON `a`.`video_nianji`=`c`.`id` WHERE  (  a.video_kemu=3 ) ORDER BY id desc [ RunTime:0.000582s ]

---------------------------------------------------------------
[ 2023-06-02T10:03:12+08:00 ] 10.0.8.4 218.12.14.80 GET /index.php/index/api/select_kemu_video?id=4
[ log ] www.lingdayun.com/index.php/index/api/select_kemu_video?id=4 [运行时间：0.025360s][吞吐率：39.43req/s] [内存消耗：2,506.81kb] [文件加载：52]
[ info ] [ LANG ] /www/wwwroot/yanyanyang/www.lingdayun.com/thinkphp/lang/zh-cn.php
[ info ] [ ROUTE ] array (
  'type' => 'module',
  'module' => 
  array (
    0 => 'index',
    1 => 'api',
    2 => 'select_kemu_video',
  ),
)
[ info ] [ HEADER ] array (
  'cookie' => 'PHPSESSID=2ukj300oafd72l8h8s6eb1d83v',
  'accept-language' => 'zh-CN,zh;q=0.9,en-US;q=0.8,en;q=0.7',
  'accept-encoding' => 'gzip, deflate',
  'referer' => 'https://www.lingdayun.com/weishinew/index.html',
  'sec-fetch-dest' => 'empty',
  'sec-fetch-mode' => 'cors',
  'sec-fetch-site' => 'same-origin',
  'x-requested-with' => 'XMLHttpRequest',
  'user-agent' => 'Mozilla/5.0 (Linux; Android 9; V1901A Build/P00610; wv) AppleWebKit/537.36 (KHTML, like Gecko) Version/4.0 Chrome/107.0.5304.141 Mobile Safari/537.36 XWEB/5075 MMWEBSDK/20230405 MMWEBID/2321 MicroMessenger/8.0.35.2360(0x28002339) WeChat/arm64 Weixin NetType/4G Language/zh_CN ABI/arm64',
  'accept' => 'application/json, text/javascript, */*; q=0.01',
  'host' => 'www.lingdayun.com',
  'content-length' => '',
  'content-type' => '',
)
[ info ] [ PARAM ] array (
  'id' => '4',
)
[ info ] [ RUN ] app\index\controller\Api->select_kemu_video[ /www/wwwroot/yanyanyang/www.lingdayun.com/application/index/controller/Api.php ]
[ info ] [ DB ] INIT mysql
[ info ] [ LOG ] INIT File
[ sql ] [ DB ] CONNECT:[ UseTime:0.000446s ] mysql:dbname=www_lingdayun_co;host=127.0.0.1;port=3306;charset=utf8
[ sql ] [ SQL ] SHOW COLUMNS FROM `ld_video` [ RunTime:0.000672s ]
[ sql ] [ SQL ] SELECT `a`.*,`d`.`teacher_name`,`b`.`kemu_cate`,`c`.`nianji_cate` FROM `ld_video` `a` INNER JOIN `ld_teacher` `d` ON `a`.`teacher_id`=`d`.`id` INNER JOIN `ld_kemu_cate` `b` ON `a`.`video_kemu`=`b`.`id` INNER JOIN `ld_nianji_cate` `c` ON `a`.`video_nianji`=`c`.`id` WHERE  (  a.video_kemu=4 ) ORDER BY id desc [ RunTime:0.000517s ]

---------------------------------------------------------------
[ 2023-06-02T10:06:45+08:00 ] 10.0.8.4 218.12.14.80 GET /index.php/index/api/select_kemu
[ log ] www.lingdayun.com/index.php/index/api/select_kemu [运行时间：0.023718s][吞吐率：42.16req/s] [内存消耗：2,497.47kb] [文件加载：52]
[ info ] [ LANG ] /www/wwwroot/yanyanyang/www.lingdayun.com/thinkphp/lang/zh-cn.php
[ info ] [ ROUTE ] array (
  'type' => 'module',
  'module' => 
  array (
    0 => 'index',
    1 => 'api',
    2 => 'select_kemu',
  ),
)
[ info ] [ HEADER ] array (
  'cookie' => 'PHPSESSID=2ukj300oafd72l8h8s6eb1d83v',
  'accept-language' => 'zh-CN,zh;q=0.9,en-US;q=0.8,en;q=0.7',
  'accept-encoding' => 'gzip, deflate',
  'referer' => 'https://www.lingdayun.com/weishinew/index.html',
  'sec-fetch-dest' => 'empty',
  'sec-fetch-mode' => 'cors',
  'sec-fetch-site' => 'same-origin',
  'x-requested-with' => 'XMLHttpRequest',
  'user-agent' => 'Mozilla/5.0 (Linux; Android 9; V1901A Build/P00610; wv) AppleWebKit/537.36 (KHTML, like Gecko) Version/4.0 Chrome/107.0.5304.141 Mobile Safari/537.36 XWEB/5075 MMWEBSDK/20230405 MMWEBID/2321 MicroMessenger/8.0.35.2360(0x28002339) WeChat/arm64 Weixin NetType/4G Language/zh_CN ABI/arm64',
  'accept' => 'application/json, text/javascript, */*; q=0.01',
  'host' => 'www.lingdayun.com',
  'content-length' => '',
  'content-type' => '',
)
[ info ] [ PARAM ] array (
)
[ info ] [ RUN ] app\index\controller\Api->select_kemu[ /www/wwwroot/yanyanyang/www.lingdayun.com/application/index/controller/Api.php ]
[ info ] [ DB ] INIT mysql
[ info ] [ LOG ] INIT File
[ sql ] [ DB ] CONNECT:[ UseTime:0.000364s ] mysql:dbname=www_lingdayun_co;host=127.0.0.1;port=3306;charset=utf8
[ sql ] [ SQL ] SHOW COLUMNS FROM `ld_kemu_cate` [ RunTime:0.000625s ]
[ sql ] [ SQL ] SELECT * FROM `ld_kemu_cate` [ RunTime:0.000270s ]

---------------------------------------------------------------
[ 2023-06-02T10:06:45+08:00 ] 10.0.8.4 218.12.14.80 GET /index.php/index/api/video_tuijian
[ log ] www.lingdayun.com/index.php/index/api/video_tuijian [运行时间：0.024408s][吞吐率：40.97req/s] [内存消耗：2,503.20kb] [文件加载：52]
[ info ] [ LANG ] /www/wwwroot/yanyanyang/www.lingdayun.com/thinkphp/lang/zh-cn.php
[ info ] [ ROUTE ] array (
  'type' => 'module',
  'module' => 
  array (
    0 => 'index',
    1 => 'api',
    2 => 'video_tuijian',
  ),
)
[ info ] [ HEADER ] array (
  'cookie' => 'PHPSESSID=2ukj300oafd72l8h8s6eb1d83v',
  'accept-language' => 'zh-CN,zh;q=0.9,en-US;q=0.8,en;q=0.7',
  'accept-encoding' => 'gzip, deflate',
  'referer' => 'https://www.lingdayun.com/weishinew/index.html',
  'sec-fetch-dest' => 'empty',
  'sec-fetch-mode' => 'cors',
  'sec-fetch-site' => 'same-origin',
  'x-requested-with' => 'XMLHttpRequest',
  'user-agent' => 'Mozilla/5.0 (Linux; Android 9; V1901A Build/P00610; wv) AppleWebKit/537.36 (KHTML, like Gecko) Version/4.0 Chrome/107.0.5304.141 Mobile Safari/537.36 XWEB/5075 MMWEBSDK/20230405 MMWEBID/2321 MicroMessenger/8.0.35.2360(0x28002339) WeChat/arm64 Weixin NetType/4G Language/zh_CN ABI/arm64',
  'accept' => 'application/json, text/javascript, */*; q=0.01',
  'host' => 'www.lingdayun.com',
  'content-length' => '',
  'content-type' => '',
)
[ info ] [ PARAM ] array (
)
[ info ] [ RUN ] app\index\controller\Api->video_tuijian[ /www/wwwroot/yanyanyang/www.lingdayun.com/application/index/controller/Api.php ]
[ info ] [ DB ] INIT mysql
[ info ] [ LOG ] INIT File
[ sql ] [ DB ] CONNECT:[ UseTime:0.000415s ] mysql:dbname=www_lingdayun_co;host=127.0.0.1;port=3306;charset=utf8
[ sql ] [ SQL ] SHOW COLUMNS FROM `ld_video` [ RunTime:0.000736s ]
[ sql ] [ SQL ] SELECT `a`.*,`d`.`teacher_name`,`b`.`kemu_cate`,`c`.`nianji_cate` FROM `ld_video` `a` INNER JOIN `ld_teacher` `d` ON `a`.`teacher_id`=`d`.`id` INNER JOIN `ld_kemu_cate` `b` ON `a`.`video_kemu`=`b`.`id` INNER JOIN `ld_nianji_cate` `c` ON `a`.`video_nianji`=`c`.`id` ORDER BY id desc LIMIT 4 [ RunTime:0.000769s ]

---------------------------------------------------------------
[ 2023-06-02T10:06:46+08:00 ] 10.0.8.4 218.12.14.80 GET /index.php/index/api/select_kemu_video?id=1
[ log ] www.lingdayun.com/index.php/index/api/select_kemu_video?id=1 [运行时间：0.024485s][吞吐率：40.84req/s] [内存消耗：2,502.73kb] [文件加载：52]
[ info ] [ LANG ] /www/wwwroot/yanyanyang/www.lingdayun.com/thinkphp/lang/zh-cn.php
[ info ] [ ROUTE ] array (
  'type' => 'module',
  'module' => 
  array (
    0 => 'index',
    1 => 'api',
    2 => 'select_kemu_video',
  ),
)
[ info ] [ HEADER ] array (
  'cookie' => 'PHPSESSID=2ukj300oafd72l8h8s6eb1d83v',
  'accept-language' => 'zh-CN,zh;q=0.9,en-US;q=0.8,en;q=0.7',
  'accept-encoding' => 'gzip, deflate',
  'referer' => 'https://www.lingdayun.com/weishinew/index.html',
  'sec-fetch-dest' => 'empty',
  'sec-fetch-mode' => 'cors',
  'sec-fetch-site' => 'same-origin',
  'x-requested-with' => 'XMLHttpRequest',
  'user-agent' => 'Mozilla/5.0 (Linux; Android 9; V1901A Build/P00610; wv) AppleWebKit/537.36 (KHTML, like Gecko) Version/4.0 Chrome/107.0.5304.141 Mobile Safari/537.36 XWEB/5075 MMWEBSDK/20230405 MMWEBID/2321 MicroMessenger/8.0.35.2360(0x28002339) WeChat/arm64 Weixin NetType/4G Language/zh_CN ABI/arm64',
  'accept' => 'application/json, text/javascript, */*; q=0.01',
  'host' => 'www.lingdayun.com',
  'content-length' => '',
  'content-type' => '',
)
[ info ] [ PARAM ] array (
  'id' => '1',
)
[ info ] [ RUN ] app\index\controller\Api->select_kemu_video[ /www/wwwroot/yanyanyang/www.lingdayun.com/application/index/controller/Api.php ]
[ info ] [ DB ] INIT mysql
[ info ] [ LOG ] INIT File
[ sql ] [ DB ] CONNECT:[ UseTime:0.000446s ] mysql:dbname=www_lingdayun_co;host=127.0.0.1;port=3306;charset=utf8
[ sql ] [ SQL ] SHOW COLUMNS FROM `ld_video` [ RunTime:0.000745s ]
[ sql ] [ SQL ] SELECT `a`.*,`d`.`teacher_name`,`b`.`kemu_cate`,`c`.`nianji_cate` FROM `ld_video` `a` INNER JOIN `ld_teacher` `d` ON `a`.`teacher_id`=`d`.`id` INNER JOIN `ld_kemu_cate` `b` ON `a`.`video_kemu`=`b`.`id` INNER JOIN `ld_nianji_cate` `c` ON `a`.`video_nianji`=`c`.`id` WHERE  (  a.video_kemu=1 ) ORDER BY id desc [ RunTime:0.000614s ]

---------------------------------------------------------------
[ 2023-06-02T10:06:54+08:00 ] 10.0.8.4 218.12.14.80 GET /index.php/index/api/select_kemu
[ log ] www.lingdayun.com/index.php/index/api/select_kemu [运行时间：0.028053s][吞吐率：35.65req/s] [内存消耗：2,497.47kb] [文件加载：52]
[ info ] [ LANG ] /www/wwwroot/yanyanyang/www.lingdayun.com/thinkphp/lang/zh-cn.php
[ info ] [ ROUTE ] array (
  'type' => 'module',
  'module' => 
  array (
    0 => 'index',
    1 => 'api',
    2 => 'select_kemu',
  ),
)
[ info ] [ HEADER ] array (
  'cookie' => 'PHPSESSID=2ukj300oafd72l8h8s6eb1d83v',
  'accept-language' => 'zh-CN,zh;q=0.9,en-US;q=0.8,en;q=0.7',
  'accept-encoding' => 'gzip, deflate',
  'referer' => 'https://www.lingdayun.com/weishinew/course.html',
  'sec-fetch-dest' => 'empty',
  'sec-fetch-mode' => 'cors',
  'sec-fetch-site' => 'same-origin',
  'x-requested-with' => 'XMLHttpRequest',
  'user-agent' => 'Mozilla/5.0 (Linux; Android 9; V1901A Build/P00610; wv) AppleWebKit/537.36 (KHTML, like Gecko) Version/4.0 Chrome/107.0.5304.141 Mobile Safari/537.36 XWEB/5075 MMWEBSDK/20230405 MMWEBID/2321 MicroMessenger/8.0.35.2360(0x28002339) WeChat/arm64 Weixin NetType/4G Language/zh_CN ABI/arm64',
  'accept' => 'application/json, text/javascript, */*; q=0.01',
  'host' => 'www.lingdayun.com',
  'content-length' => '',
  'content-type' => '',
)
[ info ] [ PARAM ] array (
)
[ info ] [ RUN ] app\index\controller\Api->select_kemu[ /www/wwwroot/yanyanyang/www.lingdayun.com/application/index/controller/Api.php ]
[ info ] [ DB ] INIT mysql
[ info ] [ LOG ] INIT File
[ sql ] [ DB ] CONNECT:[ UseTime:0.000473s ] mysql:dbname=www_lingdayun_co;host=127.0.0.1;port=3306;charset=utf8
[ sql ] [ SQL ] SHOW COLUMNS FROM `ld_kemu_cate` [ RunTime:0.000957s ]
[ sql ] [ SQL ] SELECT * FROM `ld_kemu_cate` [ RunTime:0.000319s ]

---------------------------------------------------------------
[ 2023-06-02T10:06:54+08:00 ] 10.0.8.4 218.12.14.80 GET /index.php/index/api/select_kemu_video?id=1
[ log ] www.lingdayun.com/index.php/index/api/select_kemu_video?id=1 [运行时间：0.027434s][吞吐率：36.45req/s] [内存消耗：2,502.73kb] [文件加载：52]
[ info ] [ LANG ] /www/wwwroot/yanyanyang/www.lingdayun.com/thinkphp/lang/zh-cn.php
[ info ] [ ROUTE ] array (
  'type' => 'module',
  'module' => 
  array (
    0 => 'index',
    1 => 'api',
    2 => 'select_kemu_video',
  ),
)
[ info ] [ HEADER ] array (
  'cookie' => 'PHPSESSID=2ukj300oafd72l8h8s6eb1d83v',
  'accept-language' => 'zh-CN,zh;q=0.9,en-US;q=0.8,en;q=0.7',
  'accept-encoding' => 'gzip, deflate',
  'referer' => 'https://www.lingdayun.com/weishinew/course.html',
  'sec-fetch-dest' => 'empty',
  'sec-fetch-mode' => 'cors',
  'sec-fetch-site' => 'same-origin',
  'x-requested-with' => 'XMLHttpRequest',
  'user-agent' => 'Mozilla/5.0 (Linux; Android 9; V1901A Build/P00610; wv) AppleWebKit/537.36 (KHTML, like Gecko) Version/4.0 Chrome/107.0.5304.141 Mobile Safari/537.36 XWEB/5075 MMWEBSDK/20230405 MMWEBID/2321 MicroMessenger/8.0.35.2360(0x28002339) WeChat/arm64 Weixin NetType/4G Language/zh_CN ABI/arm64',
  'accept' => 'application/json, text/javascript, */*; q=0.01',
  'host' => 'www.lingdayun.com',
  'content-length' => '',
  'content-type' => '',
)
[ info ] [ PARAM ] array (
  'id' => '1',
)
[ info ] [ RUN ] app\index\controller\Api->select_kemu_video[ /www/wwwroot/yanyanyang/www.lingdayun.com/application/index/controller/Api.php ]
[ info ] [ DB ] INIT mysql
[ info ] [ LOG ] INIT File
[ sql ] [ DB ] CONNECT:[ UseTime:0.000543s ] mysql:dbname=www_lingdayun_co;host=127.0.0.1;port=3306;charset=utf8
[ sql ] [ SQL ] SHOW COLUMNS FROM `ld_video` [ RunTime:0.000787s ]
[ sql ] [ SQL ] SELECT `a`.*,`d`.`teacher_name`,`b`.`kemu_cate`,`c`.`nianji_cate` FROM `ld_video` `a` INNER JOIN `ld_teacher` `d` ON `a`.`teacher_id`=`d`.`id` INNER JOIN `ld_kemu_cate` `b` ON `a`.`video_kemu`=`b`.`id` INNER JOIN `ld_nianji_cate` `c` ON `a`.`video_nianji`=`c`.`id` WHERE  (  a.video_kemu=1 ) ORDER BY id desc [ RunTime:0.000932s ]

---------------------------------------------------------------
[ 2023-06-02T12:47:53+08:00 ] 10.0.8.4 51.222.253.18 GET /
[ log ] www.lingdayun.com/ [运行时间：0.016153s][吞吐率：61.91req/s] [内存消耗：1,709.58kb] [文件加载：44]
[ info ] [ LANG ] /www/wwwroot/yanyanyang/www.lingdayun.com/thinkphp/lang/zh-cn.php
[ info ] [ ROUTE ] array (
  'type' => 'module',
  'module' => 
  array (
    0 => '',
    1 => NULL,
    2 => NULL,
  ),
)
[ info ] [ HEADER ] array (
  'accept-encoding' => 'deflate, gzip, br',
  'accept' => '*/*',
  'user-agent' => 'Mozilla/5.0 (compatible; AhrefsBot/7.0; +http://ahrefs.com/robot/)',
  'host' => 'www.lingdayun.com',
  'content-length' => '',
  'content-type' => '',
)
[ info ] [ PARAM ] array (
)
[ info ] [ RUN ] app\index\controller\Index->index[ /www/wwwroot/yanyanyang/www.lingdayun.com/application/index/controller/Index.php ]
[ info ] [ VIEW ] /www/wwwroot/yanyanyang/www.lingdayun.com/public/../application/index/view/index/index.html [ array (
) ]
[ info ] [ LOG ] INIT File

---------------------------------------------------------------
[ 2023-06-02T17:51:13+08:00 ] 10.0.8.4 66.249.79.33 GET /
[ log ] www.lingdayun.com/ [运行时间：0.017548s][吞吐率：56.99req/s] [内存消耗：1,711.82kb] [文件加载：44]
[ info ] [ LANG ] /www/wwwroot/yanyanyang/www.lingdayun.com/thinkphp/lang/zh-cn.php
[ info ] [ ROUTE ] array (
  'type' => 'module',
  'module' => 
  array (
    0 => '',
    1 => NULL,
    2 => NULL,
  ),
)
[ info ] [ HEADER ] array (
  'accept-encoding' => 'gzip, deflate, br',
  'user-agent' => 'Mozilla/5.0 (Linux; Android 6.0.1; Nexus 5X Build/MMB29P) AppleWebKit/537.36 (KHTML, like Gecko) Chrome/99.0.4844.84 Mobile Safari/537.36 (compatible; Googlebot/2.1; +http://www.google.com/bot.html)',
  'from' => 'googlebot(at)googlebot.com',
  'accept' => '*/*',
  'connection' => 'keep-alive',
  'host' => 'www.lingdayun.com',
  'content-length' => '',
  'content-type' => '',
)
[ info ] [ PARAM ] array (
)
[ info ] [ RUN ] app\index\controller\Index->index[ /www/wwwroot/yanyanyang/www.lingdayun.com/application/index/controller/Index.php ]
[ info ] [ VIEW ] /www/wwwroot/yanyanyang/www.lingdayun.com/public/../application/index/view/index/index.html [ array (
) ]
[ info ] [ LOG ] INIT File

---------------------------------------------------------------
[ 2023-06-02T17:51:14+08:00 ] 10.0.8.4 66.249.79.44 GET /
[ log ] www.lingdayun.com/ [运行时间：0.016818s][吞吐率：59.46req/s] [内存消耗：1,711.37kb] [文件加载：44]
[ info ] [ LANG ] /www/wwwroot/yanyanyang/www.lingdayun.com/thinkphp/lang/zh-cn.php
[ info ] [ ROUTE ] array (
  'type' => 'module',
  'module' => 
  array (
    0 => '',
    1 => NULL,
    2 => NULL,
  ),
)
[ info ] [ HEADER ] array (
  'accept-encoding' => 'gzip, deflate, br',
  'user-agent' => 'Mozilla/5.0 (compatible; Googlebot/2.1; +http://www.google.com/bot.html)',
  'from' => 'googlebot(at)googlebot.com',
  'accept' => '*/*',
  'connection' => 'keep-alive',
  'host' => 'www.lingdayun.com',
  'content-length' => '',
  'content-type' => '',
)
[ info ] [ PARAM ] array (
)
[ info ] [ RUN ] app\index\controller\Index->index[ /www/wwwroot/yanyanyang/www.lingdayun.com/application/index/controller/Index.php ]
[ info ] [ VIEW ] /www/wwwroot/yanyanyang/www.lingdayun.com/public/../application/index/view/index/index.html [ array (
) ]
[ info ] [ LOG ] INIT File

---------------------------------------------------------------
[ 2023-06-02T18:14:00+08:00 ] 10.0.8.4 110.105.176.92 GET /
[ log ] www.lingdayun.com/ [运行时间：0.017571s][吞吐率：56.91req/s] [内存消耗：1,716.97kb] [文件加载：44]
[ info ] [ LANG ] /www/wwwroot/yanyanyang/www.lingdayun.com/thinkphp/lang/zh-cn.php
[ info ] [ ROUTE ] array (
  'type' => 'module',
  'module' => 
  array (
    0 => '',
    1 => NULL,
    2 => NULL,
  ),
)
[ info ] [ HEADER ] array (
  'accept-encoding' => 'gzip,deflate',
  'referer' => 'http://www.lingdayun.com',
  'authority' => 'www.lingdayun.com',
  'host' => 'www.lingdayun.com',
  'user-agent' => 'Mozilla/5.0 (Windows NT 10.0; Win64; x64) AppleWebKit/537.36 (KHTML, like Gecko) Chrome/111.0.0.0 Safari/537.36',
  'upgrade-insecure-requests' => '1',
  'sec-fetch-user' => '?1',
  'sec-fetch-site' => 'none',
  'sec-fetch-mode' => 'navigate',
  'sec-fetch-dest' => 'document',
  'sec-ch-ua-platform' => '"Windows"',
  'sec-ch-ua-mobile' => '?0',
  'sec-ch-ua' => '"Google Chrome";v="111", "Not(A:Brand";v="8", "Chromium";v="111"',
  'pragma' => 'no-cache',
  'cache-control' => 'no-cache',
  'accept-language' => 'zh-CN,zh;q=0.9',
  'accept' => 'text/html,application/xhtml+xml,application/xml;q=0.9,image/avif,image/webp,image/apng,*/*;q=0.8,application/signed-exchange;v=b3;q=0.7',
  'content-length' => '',
  'content-type' => '',
)
[ info ] [ PARAM ] array (
)
[ info ] [ RUN ] app\index\controller\Index->index[ /www/wwwroot/yanyanyang/www.lingdayun.com/application/index/controller/Index.php ]
[ info ] [ VIEW ] /www/wwwroot/yanyanyang/www.lingdayun.com/public/../application/index/view/index/index.html [ array (
) ]
[ info ] [ LOG ] INIT File

---------------------------------------------------------------
[ 2023-06-02T19:05:14+08:00 ] 10.0.8.4 106.52.123.222 GET /
[ log ] www.lingdayun.com/ [运行时间：0.018918s][吞吐率：52.86req/s] [内存消耗：1,710.14kb] [文件加载：44]
[ info ] [ LANG ] /www/wwwroot/yanyanyang/www.lingdayun.com/thinkphp/lang/zh-cn.php
[ info ] [ ROUTE ] array (
  'type' => 'module',
  'module' => 
  array (
    0 => '',
    1 => NULL,
    2 => NULL,
  ),
)
[ info ] [ HEADER ] array (
  'accept-encoding' => 'gzip',
  'referer' => 'http://www.lingdayun.com',
  'user-agent' => 'mozilla/5.0 (iphone; cpu iphone os 13_5_1 like mac os x) applewebkit/605.1.15 (khtml, like gecko) mobile/15e148 micromessenger/7.0.15(0x17000f2b) nettype/4g language/zh_cn miniprogram',
  'host' => 'www.lingdayun.com',
  'content-length' => '',
  'content-type' => '',
)
[ info ] [ PARAM ] array (
)
[ info ] [ RUN ] app\index\controller\Index->index[ /www/wwwroot/yanyanyang/www.lingdayun.com/application/index/controller/Index.php ]
[ info ] [ VIEW ] /www/wwwroot/yanyanyang/www.lingdayun.com/public/../application/index/view/index/index.html [ array (
) ]
[ info ] [ LOG ] INIT File

---------------------------------------------------------------
[ 2023-06-02T19:07:50+08:00 ] 10.0.8.4 106.55.245.27 GET /
[ log ] www.lingdayun.com/ [运行时间：0.016563s][吞吐率：60.38req/s] [内存消耗：1,709.84kb] [文件加载：44]
[ info ] [ LANG ] /www/wwwroot/yanyanyang/www.lingdayun.com/thinkphp/lang/zh-cn.php
[ info ] [ ROUTE ] array (
  'type' => 'module',
  'module' => 
  array (
    0 => '',
    1 => NULL,
    2 => NULL,
  ),
)
[ info ] [ HEADER ] array (
  'accept-encoding' => 'gzip',
  'user-agent' => 'mozilla/5.0 (iphone; cpu iphone os 13_5_1 like mac os x) applewebkit/605.1.15 (khtml, like gecko) mobile/15e148 micromessenger/7.0.15(0x17000f2b) nettype/4g language/zh_cn miniprogram',
  'host' => 'www.lingdayun.com',
  'content-length' => '',
  'content-type' => '',
)
[ info ] [ PARAM ] array (
)
[ info ] [ RUN ] app\index\controller\Index->index[ /www/wwwroot/yanyanyang/www.lingdayun.com/application/index/controller/Index.php ]
[ info ] [ VIEW ] /www/wwwroot/yanyanyang/www.lingdayun.com/public/../application/index/view/index/index.html [ array (
) ]
[ info ] [ LOG ] INIT File

---------------------------------------------------------------
[ 2023-06-02T20:38:55+08:00 ] 10.0.8.4 221.238.162.115 GET /
[ log ] www.lingdayun.com/ [运行时间：0.020239s][吞吐率：49.41req/s] [内存消耗：1,709.89kb] [文件加载：44]
[ info ] [ LANG ] /www/wwwroot/yanyanyang/www.lingdayun.com/thinkphp/lang/zh-cn.php
[ info ] [ ROUTE ] array (
  'type' => 'module',
  'module' => 
  array (
    0 => '',
    1 => NULL,
    2 => NULL,
  ),
)
[ info ] [ HEADER ] array (
  'accept-encoding' => 'gzip',
  'referer' => 'http://www.lingdayun.com/',
  'user-agent' => 'Mozilla/5.0 (Windows NT 10.0; Win64; x64) AppleWebKit/537.36 (KHTML, like Gecko) Chrome/96.0.4664.45 Safari/537.36',
  'host' => 'www.lingdayun.com',
  'content-length' => '',
  'content-type' => '',
)
[ info ] [ PARAM ] array (
)
[ info ] [ RUN ] app\index\controller\Index->index[ /www/wwwroot/yanyanyang/www.lingdayun.com/application/index/controller/Index.php ]
[ info ] [ VIEW ] /www/wwwroot/yanyanyang/www.lingdayun.com/public/../application/index/view/index/index.html [ array (
) ]
[ info ] [ LOG ] INIT File

---------------------------------------------------------------
