[ 2023-01-05T00:06:12+08:00 ] 10.0.8.4 66.249.79.49 GET /
[ log ] www.lingdayun.com/ [运行时间：0.075474s][吞吐率：13.25req/s] [内存消耗：1,276.77kb] [文件加载：44]
[ info ] [ LANG ] C:\wwwroot\www.lingdayun.com\thinkphp\lang\zh-cn.php
[ info ] [ ROUTE ] array (
  'type' => 'module',
  'module' => 
  array (
    0 => '',
    1 => NULL,
    2 => NULL,
  ),
)
[ info ] [ HEADER ] array (
  'accept-encoding' => 'gzip, deflate, br',
  'user-agent' => 'Mozilla/5.0 (Linux; Android 6.0.1; Nexus 5X Build/MMB29P) AppleWebKit/537.36 (KHTML, like Gecko) Chrome/107.0.5304.115 Mobile Safari/537.36 (compatible; Googlebot/2.1; +http://www.google.com/bot.html)',
  'from' => 'googlebot(at)googlebot.com',
  'accept' => 'text/html,application/xhtml+xml,application/signed-exchange;v=b3,application/xml;q=0.9,*/*;q=0.8',
  'connection' => 'close',
  'amp-cache-transform' => 'google;v="1..8"',
  'host' => 'www.lingdayun.com',
)
[ info ] [ PARAM ] array (
)
[ info ] [ RUN ] app\index\controller\Index->index[ C:\wwwroot\www.lingdayun.com\application\index\controller\Index.php ]
[ info ] [ VIEW ] C:\wwwroot\www.lingdayun.com\public/../application/index\view\index\index.html [ array (
) ]
[ info ] [ LOG ] INIT File

---------------------------------------------------------------
[ 2023-01-05T00:51:11+08:00 ] 10.0.8.4 66.249.79.39 GET /
[ log ] www.lingdayun.com/ [运行时间：0.074227s][吞吐率：13.47req/s] [内存消耗：1,276.37kb] [文件加载：44]
[ info ] [ LANG ] C:\wwwroot\www.lingdayun.com\thinkphp\lang\zh-cn.php
[ info ] [ ROUTE ] array (
  'type' => 'module',
  'module' => 
  array (
    0 => '',
    1 => NULL,
    2 => NULL,
  ),
)
[ info ] [ HEADER ] array (
  'accept-encoding' => 'gzip, deflate, br',
  'user-agent' => 'Mozilla/5.0 (compatible; Googlebot/2.1; +http://www.google.com/bot.html)',
  'from' => 'googlebot(at)googlebot.com',
  'accept' => 'text/html,application/xhtml+xml,application/signed-exchange;v=b3,application/xml;q=0.9,*/*;q=0.8',
  'connection' => 'close',
  'host' => 'www.lingdayun.com',
)
[ info ] [ PARAM ] array (
)
[ info ] [ RUN ] app\index\controller\Index->index[ C:\wwwroot\www.lingdayun.com\application\index\controller\Index.php ]
[ info ] [ VIEW ] C:\wwwroot\www.lingdayun.com\public/../application/index\view\index\index.html [ array (
) ]
[ info ] [ LOG ] INIT File

---------------------------------------------------------------
[ 2023-01-05T00:53:12+08:00 ] 10.0.8.4 66.249.79.49 GET /index.php/index/index/connect
[ log ] www.lingdayun.com/index.php/index/index/connect [运行时间：0.086055s][吞吐率：11.62req/s] [内存消耗：1,650.14kb] [文件加载：46]
[ info ] [ LANG ] C:\wwwroot\www.lingdayun.com\thinkphp\lang\zh-cn.php
[ info ] [ ROUTE ] array (
  'type' => 'module',
  'module' => 
  array (
    0 => 'index',
    1 => 'index',
    2 => 'connect',
  ),
)
[ info ] [ HEADER ] array (
  'accept-encoding' => 'gzip, deflate, br',
  'user-agent' => 'Mozilla/5.0 (Linux; Android 6.0.1; Nexus 5X Build/MMB29P) AppleWebKit/537.36 (KHTML, like Gecko) Chrome/107.0.5304.115 Mobile Safari/537.36 (compatible; Googlebot/2.1; +http://www.google.com/bot.html)',
  'from' => 'googlebot(at)googlebot.com',
  'accept' => 'text/html,application/xhtml+xml,application/signed-exchange;v=b3,application/xml;q=0.9,*/*;q=0.8',
  'connection' => 'close',
  'amp-cache-transform' => 'google;v="1..8"',
  'host' => 'www.lingdayun.com',
)
[ info ] [ PARAM ] array (
)
[ info ] [ RUN ] app\index\controller\Index->connect[ C:\wwwroot\www.lingdayun.com\application\index\controller\Index.php ]
[ info ] [ DB ] INIT mysql
[ info ] [ LOG ] INIT File
[ sql ] [ DB ] CONNECT:[ UseTime:0.000763s ] mysql:dbname=www_lingdayun_co;host=127.0.0.1;port=3306;charset=utf8
[ sql ] [ SQL ] SHOW COLUMNS FROM `ld_connect` [ RunTime:0.002964s ]
[ sql ] [ SQL ] INSERT INTO `ld_connect` (`cret_time`) VALUES ('1672851191') [ RunTime:0.000357s ]

---------------------------------------------------------------
[ 2023-01-05T01:15:23+08:00 ] 10.0.8.4 110.249.202.230 GET /
[ log ] lingdayun.com/ [运行时间：0.077834s][吞吐率：12.85req/s] [内存消耗：1,276.55kb] [文件加载：44]
[ info ] [ LANG ] C:\wwwroot\www.lingdayun.com\thinkphp\lang\zh-cn.php
[ info ] [ ROUTE ] array (
  'type' => 'module',
  'module' => 
  array (
    0 => '',
    1 => NULL,
    2 => NULL,
  ),
)
[ info ] [ HEADER ] array (
  'connection' => 'close',
  'host' => 'lingdayun.com',
  'accept-encoding' => 'gzip, deflate',
  'accept' => 'text/html,application/xhtml+xml,application/xml;q=0.9,image/webp,image/apng,*/*;q=0.8',
  'accept-language' => 'zh,zh-CN;q=0.9',
  'user-agent' => 'Mozilla/5.0 (Linux; Android 5.0) AppleWebKit/537.36 (KHTML, like Gecko) Mobile Safari/537.36 (compatible; Bytespider; https://zhanzhang.toutiao.com/)',
  'upgrade-insecure-requests' => '1',
)
[ info ] [ PARAM ] array (
)
[ info ] [ RUN ] app\index\controller\Index->index[ C:\wwwroot\www.lingdayun.com\application\index\controller\Index.php ]
[ info ] [ VIEW ] C:\wwwroot\www.lingdayun.com\public/../application/index\view\index\index.html [ array (
) ]
[ info ] [ LOG ] INIT File

---------------------------------------------------------------
[ 2023-01-05T01:33:49+08:00 ] 10.0.8.4 34.244.203.209 GET /
[ log ] www.lingdayun.com/ [运行时间：0.078852s][吞吐率：12.68req/s] [内存消耗：1,276.45kb] [文件加载：44]
[ info ] [ LANG ] C:\wwwroot\www.lingdayun.com\thinkphp\lang\zh-cn.php
[ info ] [ ROUTE ] array (
  'type' => 'module',
  'module' => 
  array (
    0 => '',
    1 => NULL,
    2 => NULL,
  ),
)
[ info ] [ HEADER ] array (
  'connection' => 'close',
  'accept-language' => 'en-gb,en;q=0.5',
  'accept' => 'text/xml,application/xml,application/xhtml+xml,text/html;q=0.9,text/plain;q=0.8,image/png,*/*;q=0.5',
  'accept-encoding' => 'identity',
  'user-agent' => 'Mozilla/5.0 (compatible; NetcraftSurveyAgent/1.0; +info@netcraft.com)',
  'accept-charset' => 'ISO-8859-1,utf-8;q=0.7,*;q=0.7',
  'host' => 'www.lingdayun.com',
)
[ info ] [ PARAM ] array (
)
[ info ] [ RUN ] app\index\controller\Index->index[ C:\wwwroot\www.lingdayun.com\application\index\controller\Index.php ]
[ info ] [ VIEW ] C:\wwwroot\www.lingdayun.com\public/../application/index\view\index\index.html [ array (
) ]
[ info ] [ LOG ] INIT File

---------------------------------------------------------------
[ 2023-01-05T02:06:00+08:00 ] 10.0.8.4 45.142.158.138 GET /
[ log ] www.lingdayun.com/ [运行时间：0.074714s][吞吐率：13.38req/s] [内存消耗：1,277.12kb] [文件加载：44]
[ info ] [ LANG ] C:\wwwroot\www.lingdayun.com\thinkphp\lang\zh-cn.php
[ info ] [ ROUTE ] array (
  'type' => 'module',
  'module' => 
  array (
    0 => '',
    1 => NULL,
    2 => NULL,
  ),
)
[ info ] [ HEADER ] array (
  'client-ip' => '220.181.108.177',
  'x-forwarded-for' => '220.181.108.177',
  'connection' => 'close',
  'accept-language' => 'zh-CN,zh;q=0.8,zh-TW;q=0.7,zh-HK;q=0.5,en-US;q=0.3,en;q=0.2',
  'accept-encoding' => 'gzip, deflate',
  'accept' => 'text/html,application/xhtml+xml,application/xml;q=0.9,image/avif,image/webp,image/apng,*/*;q=0.8,application/signed-exchange;v=b3;q=0.9',
  'content-type' => 'text/xml; charset=utf-8',
  'user-agent' => 'Mozilla/5.0 (Windows NT 10.0; WOW64) AppleWebKit/537.36 (KHTML, like Gecko) Chrome/66.0.3547.105 Safari/537.36',
  'host' => 'www.lingdayun.com',
)
[ info ] [ PARAM ] array (
)
[ info ] [ RUN ] app\index\controller\Index->index[ C:\wwwroot\www.lingdayun.com\application\index\controller\Index.php ]
[ info ] [ VIEW ] C:\wwwroot\www.lingdayun.com\public/../application/index\view\index\index.html [ array (
) ]
[ info ] [ LOG ] INIT File

---------------------------------------------------------------
[ 2023-01-05T03:57:39+08:00 ] 10.0.8.4 159.75.198.97 GET /
[ log ] www.lingdayun.com/ [运行时间：0.073162s][吞吐率：13.67req/s] [内存消耗：1,276.21kb] [文件加载：44]
[ info ] [ LANG ] C:\wwwroot\www.lingdayun.com\thinkphp\lang\zh-cn.php
[ info ] [ ROUTE ] array (
  'type' => 'module',
  'module' => 
  array (
    0 => '',
    1 => NULL,
    2 => NULL,
  ),
)
[ info ] [ HEADER ] array (
  'connection' => 'close',
  'host' => 'www.lingdayun.com',
  'accept-encoding' => 'gzip',
  'referer' => 'http://www.lingdayun.com',
  'user-agent' => 'mozilla/5.0 (iphone; cpu iphone os 13_5_1 like mac os x) applewebkit/605.1.15 (khtml, like gecko) mobile/15e148 micromessenger/7.0.15(0x17000f2b) nettype/4g language/zh_cn miniprogram',
)
[ info ] [ PARAM ] array (
)
[ info ] [ RUN ] app\index\controller\Index->index[ C:\wwwroot\www.lingdayun.com\application\index\controller\Index.php ]
[ info ] [ VIEW ] C:\wwwroot\www.lingdayun.com\public/../application/index\view\index\index.html [ array (
) ]
[ info ] [ LOG ] INIT File

---------------------------------------------------------------
[ 2023-01-05T03:58:03+08:00 ] 10.0.8.4 42.193.132.157 GET /
[ log ] lingdayun.com/ [运行时间：0.069739s][吞吐率：14.34req/s] [内存消耗：1,276.15kb] [文件加载：44]
[ info ] [ LANG ] C:\wwwroot\www.lingdayun.com\thinkphp\lang\zh-cn.php
[ info ] [ ROUTE ] array (
  'type' => 'module',
  'module' => 
  array (
    0 => '',
    1 => NULL,
    2 => NULL,
  ),
)
[ info ] [ HEADER ] array (
  'connection' => 'close',
  'host' => 'lingdayun.com',
  'accept-encoding' => 'gzip',
  'referer' => 'http://lingdayun.com',
  'user-agent' => 'mozilla/5.0 (iphone; cpu iphone os 13_5_1 like mac os x) applewebkit/605.1.15 (khtml, like gecko) mobile/15e148 micromessenger/7.0.15(0x17000f2b) nettype/4g language/zh_cn miniprogram',
)
[ info ] [ PARAM ] array (
)
[ info ] [ RUN ] app\index\controller\Index->index[ C:\wwwroot\www.lingdayun.com\application\index\controller\Index.php ]
[ info ] [ VIEW ] C:\wwwroot\www.lingdayun.com\public/../application/index\view\index\index.html [ array (
) ]
[ info ] [ LOG ] INIT File

---------------------------------------------------------------
[ 2023-01-05T04:15:21+08:00 ] 10.0.8.4 207.46.13.44 GET /
[ log ] www.lingdayun.com/ [运行时间：0.072435s][吞吐率：13.81req/s] [内存消耗：1,276.49kb] [文件加载：44]
[ info ] [ LANG ] C:\wwwroot\www.lingdayun.com\thinkphp\lang\zh-cn.php
[ info ] [ ROUTE ] array (
  'type' => 'module',
  'module' => 
  array (
    0 => '',
    1 => NULL,
    2 => NULL,
  ),
)
[ info ] [ HEADER ] array (
  'connection' => 'close',
  'host' => 'www.lingdayun.com',
  'user-agent' => 'Mozilla/5.0 AppleWebKit/537.36 (KHTML, like Gecko; compatible; bingbot/2.0; +http://www.bing.com/bingbot.htm) Chrome/103.0.5060.134 Safari/537.36',
  'from' => 'bingbot(at)microsoft.com',
  'accept-encoding' => 'gzip, deflate',
  'accept' => '*/*',
  'pragma' => 'no-cache',
  'cache-control' => 'no-cache',
)
[ info ] [ PARAM ] array (
)
[ info ] [ RUN ] app\index\controller\Index->index[ C:\wwwroot\www.lingdayun.com\application\index\controller\Index.php ]
[ info ] [ VIEW ] C:\wwwroot\www.lingdayun.com\public/../application/index\view\index\index.html [ array (
) ]
[ info ] [ LOG ] INIT File

---------------------------------------------------------------
[ 2023-01-05T04:24:20+08:00 ] 10.0.8.4 43.157.6.49 POST /
[ log ] lingdayun.com/ [运行时间：0.076232s][吞吐率：13.12req/s] [内存消耗：1,276.18kb] [文件加载：44]
[ info ] [ LANG ] C:\wwwroot\www.lingdayun.com\thinkphp\lang\zh-cn.php
[ info ] [ ROUTE ] array (
  'type' => 'module',
  'module' => 
  array (
    0 => '',
    1 => NULL,
    2 => NULL,
  ),
)
[ info ] [ HEADER ] array (
  'content-type' => 'application/x-www-form-urlencoded',
  'content-length' => '10',
  'connection' => 'close',
  'accept' => '*/*',
  'accept-encoding' => 'gzip, deflate',
  'user-agent' => 'python-requests/2.28.1',
  'host' => 'lingdayun.com',
)
[ info ] [ PARAM ] array (
  'debug' => 'true',
)
[ info ] [ RUN ] app\index\controller\Index->index[ C:\wwwroot\www.lingdayun.com\application\index\controller\Index.php ]
[ info ] [ VIEW ] C:\wwwroot\www.lingdayun.com\public/../application/index\view\index\index.html [ array (
) ]
[ info ] [ LOG ] INIT File

---------------------------------------------------------------
[ 2023-01-05T05:16:00+08:00 ] 10.0.8.4 124.71.166.204 GET /
[ log ] www.lingdayun.com/ [运行时间：0.079276s][吞吐率：12.61req/s] [内存消耗：1,276.59kb] [文件加载：44]
[ info ] [ LANG ] C:\wwwroot\www.lingdayun.com\thinkphp\lang\zh-cn.php
[ info ] [ ROUTE ] array (
  'type' => 'module',
  'module' => 
  array (
    0 => '',
    1 => NULL,
    2 => NULL,
  ),
)
[ info ] [ HEADER ] array (
  'connection' => 'close',
  'accept-encoding' => 'gzip',
  'upgrade-insecure-requests' => '1',
  'user-agent' => 'Mozilla/5.0 (Windows NT 7.9; Win64; x64) AppleWebKit/537.36 (KHTML, like Gecko) Chrome/75.0.2945.88 Safari/537.36',
  'accept-language' => 'zh-CN, zh; q=0.9, en; q=0.8, ko; q=0.7',
  'accept' => 'text/html, application/xhtml+xml, application/xml; q=0.9, image/webp; q=0.8',
  'host' => 'www.lingdayun.com',
)
[ info ] [ PARAM ] array (
)
[ info ] [ RUN ] app\index\controller\Index->index[ C:\wwwroot\www.lingdayun.com\application\index\controller\Index.php ]
[ info ] [ VIEW ] C:\wwwroot\www.lingdayun.com\public/../application/index\view\index\index.html [ array (
) ]
[ info ] [ LOG ] INIT File

---------------------------------------------------------------
[ 2023-01-05T05:16:00+08:00 ] 10.0.8.4 124.71.166.204 GET /index.html
[ log ] www.lingdayun.com/index.html [运行时间：0.073736s][吞吐率：13.56req/s] [内存消耗：1,279.90kb] [文件加载：44]
[ info ] [ LANG ] C:\wwwroot\www.lingdayun.com\thinkphp\lang\zh-cn.php
[ info ] [ ROUTE ] array (
  'type' => 'module',
  'module' => 
  array (
    0 => 'index',
    1 => NULL,
    2 => NULL,
  ),
)
[ info ] [ HEADER ] array (
  'connection' => 'close',
  'accept-encoding' => 'gzip',
  'upgrade-insecure-requests' => '1',
  'user-agent' => 'Mozilla/5.0 (Windows NT 5.5; Win64; x64) AppleWebKit/537.36 (KHTML, like Gecko) Chrome/75.0.1989.88 Safari/537.36',
  'accept-language' => 'zh-CN, zh; q=0.9, en; q=0.8, ko; q=0.7',
  'accept' => 'text/html, application/xhtml+xml, application/xml; q=0.9, image/webp; q=0.8',
  'host' => 'www.lingdayun.com',
)
[ info ] [ PARAM ] array (
  '/index_html' => '',
)
[ info ] [ RUN ] app\index\controller\Index->index[ C:\wwwroot\www.lingdayun.com\application\index\controller\Index.php ]
[ info ] [ VIEW ] C:\wwwroot\www.lingdayun.com\public/../application/index\view\index\index.html [ array (
) ]
[ info ] [ LOG ] INIT File

---------------------------------------------------------------
[ 2023-01-05T07:26:33+08:00 ] 10.0.8.4 137.226.113.44 GET /
[ log ] www.lingdayun.com/ [运行时间：0.080493s][吞吐率：12.42req/s] [内存消耗：1,275.98kb] [文件加载：44]
[ info ] [ LANG ] C:\wwwroot\www.lingdayun.com\thinkphp\lang\zh-cn.php
[ info ] [ ROUTE ] array (
  'type' => 'module',
  'module' => 
  array (
    0 => '',
    1 => NULL,
    2 => NULL,
  ),
)
[ info ] [ HEADER ] array (
  'connection' => 'close',
  'host' => 'www.lingdayun.com',
  'accept-encoding' => 'gzip',
  'accept' => '*/*',
  'user-agent' => 'Mozilla/5.0 zgrab/0.x (compatible; Researchscan/http; +http://researchscan.comsys.rwth-aachen.de)',
)
[ info ] [ PARAM ] array (
)
[ info ] [ RUN ] app\index\controller\Index->index[ C:\wwwroot\www.lingdayun.com\application\index\controller\Index.php ]
[ info ] [ VIEW ] C:\wwwroot\www.lingdayun.com\public/../application/index\view\index\index.html [ array (
) ]
[ info ] [ LOG ] INIT File

---------------------------------------------------------------
[ 2023-01-05T07:37:57+08:00 ] 10.0.8.4 116.132.85.236 GET /index.php/index/api/video_tuijian
[ log ] www.lingdayun.com/index.php/index/api/video_tuijian [运行时间：0.119140s][吞吐率：8.39req/s] [内存消耗：1,910.23kb] [文件加载：52]
[ info ] [ LANG ] C:\wwwroot\www.lingdayun.com\thinkphp\lang\zh-cn.php
[ info ] [ ROUTE ] array (
  'type' => 'module',
  'module' => 
  array (
    0 => 'index',
    1 => 'api',
    2 => 'video_tuijian',
  ),
)
[ info ] [ HEADER ] array (
  'connection' => 'close',
  'host' => 'www.lingdayun.com',
  'cookie' => 'ZDEDebuggerPresent=php,phtml,php3; PHPSESSID=m76p0u0jo2kf47ucmqkj19cf70',
  'accept-language' => 'zh-CN,zh;q=0.9,en-US;q=0.8,en;q=0.7',
  'accept-encoding' => 'gzip, deflate',
  'referer' => 'https://www.lingdayun.com/weishi/index.html',
  'sec-fetch-dest' => 'empty',
  'sec-fetch-mode' => 'cors',
  'sec-fetch-site' => 'same-origin',
  'x-requested-with' => 'XMLHttpRequest',
  'user-agent' => 'Mozilla/5.0 (Linux; Android 10; JER-AN10 Build/HUAWEIJER-AN10; wv) AppleWebKit/537.36 (KHTML, like Gecko) Version/4.0 Chrome/86.0.4240.99 XWEB/4375 MMWEBSDK/20221012 Mobile Safari/537.36 MMWEBID/7980 MicroMessenger/8.0.30.2260(0x28001E55) WeChat/arm64 Weixin NetType/WIFI Language/zh_CN ABI/arm64',
  'accept' => 'application/json, text/javascript, */*; q=0.01',
)
[ info ] [ PARAM ] array (
)
[ info ] [ RUN ] app\index\controller\Api->video_tuijian[ C:\wwwroot\www.lingdayun.com\application\index\controller\Api.php ]
[ info ] [ DB ] INIT mysql
[ info ] [ LOG ] INIT File
[ sql ] [ DB ] CONNECT:[ UseTime:0.000872s ] mysql:dbname=www_lingdayun_co;host=127.0.0.1;port=3306;charset=utf8
[ sql ] [ SQL ] SHOW COLUMNS FROM `ld_video` [ RunTime:0.002925s ]
[ sql ] [ SQL ] SELECT `a`.*,`d`.`teacher_name`,`b`.`kemu_cate`,`c`.`nianji_cate` FROM `ld_video` `a` INNER JOIN `ld_teacher` `d` ON `a`.`teacher_id`=`d`.`id` INNER JOIN `ld_kemu_cate` `b` ON `a`.`video_kemu`=`b`.`id` INNER JOIN `ld_nianji_cate` `c` ON `a`.`video_nianji`=`c`.`id` ORDER BY id desc LIMIT 2 [ RunTime:0.001375s ]

---------------------------------------------------------------
[ 2023-01-05T07:37:57+08:00 ] 10.0.8.4 116.132.85.236 GET /index.php/api/weishi/my_shoucang
[ log ] www.lingdayun.com/index.php/api/weishi/my_shoucang [运行时间：0.147150s][吞吐率：6.80req/s] [内存消耗：1,915.30kb] [文件加载：52]
[ info ] [ LANG ] C:\wwwroot\www.lingdayun.com\thinkphp\lang\zh-cn.php
[ info ] [ ROUTE ] array (
  'type' => 'module',
  'module' => 
  array (
    0 => 'api',
    1 => 'weishi',
    2 => 'my_shoucang',
  ),
)
[ info ] [ HEADER ] array (
  'connection' => 'close',
  'host' => 'www.lingdayun.com',
  'cookie' => 'ZDEDebuggerPresent=php,phtml,php3; PHPSESSID=m76p0u0jo2kf47ucmqkj19cf70',
  'accept-language' => 'zh-CN,zh;q=0.9,en-US;q=0.8,en;q=0.7',
  'accept-encoding' => 'gzip, deflate',
  'referer' => 'https://www.lingdayun.com/weishi/index.html',
  'sec-fetch-dest' => 'empty',
  'sec-fetch-mode' => 'cors',
  'sec-fetch-site' => 'same-origin',
  'x-requested-with' => 'XMLHttpRequest',
  'user-agent' => 'Mozilla/5.0 (Linux; Android 10; JER-AN10 Build/HUAWEIJER-AN10; wv) AppleWebKit/537.36 (KHTML, like Gecko) Version/4.0 Chrome/86.0.4240.99 XWEB/4375 MMWEBSDK/20221012 Mobile Safari/537.36 MMWEBID/7980 MicroMessenger/8.0.30.2260(0x28001E55) WeChat/arm64 Weixin NetType/WIFI Language/zh_CN ABI/arm64',
  'accept' => 'application/json, text/javascript, */*; q=0.01',
)
[ info ] [ PARAM ] array (
)
[ info ] [ RUN ] app\api\controller\Weishi->my_shoucang[ C:\wwwroot\www.lingdayun.com\application\api\controller\Weishi.php ]
[ info ] [ SESSION ] INIT array (
  'id' => '',
  'var_session_id' => '',
  'prefix' => 'think',
  'type' => '',
  'auto_start' => true,
)
[ info ] [ DB ] INIT mysql
[ info ] [ LOG ] INIT File
[ sql ] [ DB ] CONNECT:[ UseTime:0.000709s ] mysql:dbname=www_lingdayun_co;host=127.0.0.1;port=3306;charset=utf8
[ sql ] [ SQL ] SHOW COLUMNS FROM `ld_weishi_shoucang` [ RunTime:0.002647s ]
[ sql ] [ SQL ] SELECT * FROM `ld_weishi_shoucang` `a` INNER JOIN `ld_teacher` `b` ON `a`.`teacher_id`=`b`.`id` WHERE  `a`.`openid` = 'oHNAT58xXz8oYHaDcd-gvFZNaMpI' LIMIT 4 [ RunTime:0.000300s ]

---------------------------------------------------------------
[ 2023-01-05T07:37:58+08:00 ] 10.0.8.4 116.132.85.236 GET /index.php/api/weishi/mingshi
[ log ] www.lingdayun.com/index.php/api/weishi/mingshi [运行时间：0.105180s][吞吐率：9.51req/s] [内存消耗：1,914.34kb] [文件加载：52]
[ info ] [ LANG ] C:\wwwroot\www.lingdayun.com\thinkphp\lang\zh-cn.php
[ info ] [ ROUTE ] array (
  'type' => 'module',
  'module' => 
  array (
    0 => 'api',
    1 => 'weishi',
    2 => 'mingshi',
  ),
)
[ info ] [ HEADER ] array (
  'connection' => 'close',
  'host' => 'www.lingdayun.com',
  'cookie' => 'ZDEDebuggerPresent=php,phtml,php3; PHPSESSID=m76p0u0jo2kf47ucmqkj19cf70',
  'accept-language' => 'zh-CN,zh;q=0.9,en-US;q=0.8,en;q=0.7',
  'accept-encoding' => 'gzip, deflate',
  'referer' => 'https://www.lingdayun.com/weishi/index.html',
  'sec-fetch-dest' => 'empty',
  'sec-fetch-mode' => 'cors',
  'sec-fetch-site' => 'same-origin',
  'x-requested-with' => 'XMLHttpRequest',
  'user-agent' => 'Mozilla/5.0 (Linux; Android 10; JER-AN10 Build/HUAWEIJER-AN10; wv) AppleWebKit/537.36 (KHTML, like Gecko) Version/4.0 Chrome/86.0.4240.99 XWEB/4375 MMWEBSDK/20221012 Mobile Safari/537.36 MMWEBID/7980 MicroMessenger/8.0.30.2260(0x28001E55) WeChat/arm64 Weixin NetType/WIFI Language/zh_CN ABI/arm64',
  'accept' => 'application/json, text/javascript, */*; q=0.01',
)
[ info ] [ PARAM ] array (
)
[ info ] [ RUN ] app\api\controller\Weishi->mingshi[ C:\wwwroot\www.lingdayun.com\application\api\controller\Weishi.php ]
[ info ] [ SESSION ] INIT array (
  'id' => '',
  'var_session_id' => '',
  'prefix' => 'think',
  'type' => '',
  'auto_start' => true,
)
[ info ] [ DB ] INIT mysql
[ info ] [ LOG ] INIT File
[ sql ] [ DB ] CONNECT:[ UseTime:0.010427s ] mysql:dbname=www_lingdayun_co;host=127.0.0.1;port=3306;charset=utf8
[ sql ] [ SQL ] SHOW COLUMNS FROM `ld_teacher` [ RunTime:0.002655s ]
[ sql ] [ SQL ] SELECT * FROM `ld_teacher` WHERE  (  is_mingshi=1 ) [ RunTime:0.000302s ]

---------------------------------------------------------------
[ 2023-01-05T07:38:13+08:00 ] 10.0.8.4 116.132.85.236 GET /index.php/index/api/select_kemu
[ log ] www.lingdayun.com/index.php/index/api/select_kemu [运行时间：0.130874s][吞吐率：7.64req/s] [内存消耗：1,901.21kb] [文件加载：52]
[ info ] [ LANG ] C:\wwwroot\www.lingdayun.com\thinkphp\lang\zh-cn.php
[ info ] [ ROUTE ] array (
  'type' => 'module',
  'module' => 
  array (
    0 => 'index',
    1 => 'api',
    2 => 'select_kemu',
  ),
)
[ info ] [ HEADER ] array (
  'connection' => 'close',
  'host' => 'www.lingdayun.com',
  'cookie' => 'ZDEDebuggerPresent=php,phtml,php3; PHPSESSID=m76p0u0jo2kf47ucmqkj19cf70',
  'accept-language' => 'zh-CN,zh;q=0.9,en-US;q=0.8,en;q=0.7',
  'accept-encoding' => 'gzip, deflate',
  'referer' => 'https://www.lingdayun.com/weishi/course.html',
  'sec-fetch-dest' => 'empty',
  'sec-fetch-mode' => 'cors',
  'sec-fetch-site' => 'same-origin',
  'x-requested-with' => 'XMLHttpRequest',
  'user-agent' => 'Mozilla/5.0 (Linux; Android 10; JER-AN10 Build/HUAWEIJER-AN10; wv) AppleWebKit/537.36 (KHTML, like Gecko) Version/4.0 Chrome/86.0.4240.99 XWEB/4375 MMWEBSDK/20221012 Mobile Safari/537.36 MMWEBID/7980 MicroMessenger/8.0.30.2260(0x28001E55) WeChat/arm64 Weixin NetType/WIFI Language/zh_CN ABI/arm64',
  'accept' => 'application/json, text/javascript, */*; q=0.01',
)
[ info ] [ PARAM ] array (
)
[ info ] [ RUN ] app\index\controller\Api->select_kemu[ C:\wwwroot\www.lingdayun.com\application\index\controller\Api.php ]
[ info ] [ DB ] INIT mysql
[ info ] [ LOG ] INIT File
[ sql ] [ DB ] CONNECT:[ UseTime:0.006263s ] mysql:dbname=www_lingdayun_co;host=127.0.0.1;port=3306;charset=utf8
[ sql ] [ SQL ] SHOW COLUMNS FROM `ld_kemu_cate` [ RunTime:0.004359s ]
[ sql ] [ SQL ] SELECT * FROM `ld_kemu_cate` [ RunTime:0.000460s ]

---------------------------------------------------------------
[ 2023-01-05T07:38:13+08:00 ] 10.0.8.4 116.132.85.236 GET /index.php/index/api/video_quanbu
[ log ] www.lingdayun.com/index.php/index/api/video_quanbu [运行时间：0.133046s][吞吐率：7.52req/s] [内存消耗：1,958.26kb] [文件加载：52]
[ info ] [ LANG ] C:\wwwroot\www.lingdayun.com\thinkphp\lang\zh-cn.php
[ info ] [ ROUTE ] array (
  'type' => 'module',
  'module' => 
  array (
    0 => 'index',
    1 => 'api',
    2 => 'video_quanbu',
  ),
)
[ info ] [ HEADER ] array (
  'connection' => 'close',
  'host' => 'www.lingdayun.com',
  'cookie' => 'ZDEDebuggerPresent=php,phtml,php3; PHPSESSID=m76p0u0jo2kf47ucmqkj19cf70',
  'accept-language' => 'zh-CN,zh;q=0.9,en-US;q=0.8,en;q=0.7',
  'accept-encoding' => 'gzip, deflate',
  'referer' => 'https://www.lingdayun.com/weishi/course.html',
  'sec-fetch-dest' => 'empty',
  'sec-fetch-mode' => 'cors',
  'sec-fetch-site' => 'same-origin',
  'x-requested-with' => 'XMLHttpRequest',
  'user-agent' => 'Mozilla/5.0 (Linux; Android 10; JER-AN10 Build/HUAWEIJER-AN10; wv) AppleWebKit/537.36 (KHTML, like Gecko) Version/4.0 Chrome/86.0.4240.99 XWEB/4375 MMWEBSDK/20221012 Mobile Safari/537.36 MMWEBID/7980 MicroMessenger/8.0.30.2260(0x28001E55) WeChat/arm64 Weixin NetType/WIFI Language/zh_CN ABI/arm64',
  'accept' => 'application/json, text/javascript, */*; q=0.01',
)
[ info ] [ PARAM ] array (
)
[ info ] [ RUN ] app\index\controller\Api->video_quanbu[ C:\wwwroot\www.lingdayun.com\application\index\controller\Api.php ]
[ info ] [ DB ] INIT mysql
[ info ] [ LOG ] INIT File
[ sql ] [ DB ] CONNECT:[ UseTime:0.001764s ] mysql:dbname=www_lingdayun_co;host=127.0.0.1;port=3306;charset=utf8
[ sql ] [ SQL ] SHOW COLUMNS FROM `ld_video` [ RunTime:0.003857s ]
[ sql ] [ SQL ] SELECT `a`.*,`d`.`teacher_name`,`b`.`kemu_cate`,`c`.`nianji_cate` FROM `ld_video` `a` INNER JOIN `ld_teacher` `d` ON `a`.`teacher_id`=`d`.`id` INNER JOIN `ld_kemu_cate` `b` ON `a`.`video_kemu`=`b`.`id` INNER JOIN `ld_nianji_cate` `c` ON `a`.`video_nianji`=`c`.`id` ORDER BY id desc [ RunTime:0.000570s ]

---------------------------------------------------------------
[ 2023-01-05T07:38:15+08:00 ] 10.0.8.4 116.132.85.236 GET /index.php/api/weishi/dingyue
[ log ] www.lingdayun.com/index.php/api/weishi/dingyue [运行时间：0.108913s][吞吐率：9.18req/s] [内存消耗：1,937.02kb] [文件加载：52]
[ info ] [ LANG ] C:\wwwroot\www.lingdayun.com\thinkphp\lang\zh-cn.php
[ info ] [ ROUTE ] array (
  'type' => 'module',
  'module' => 
  array (
    0 => 'api',
    1 => 'weishi',
    2 => 'dingyue',
  ),
)
[ info ] [ HEADER ] array (
  'connection' => 'close',
  'host' => 'www.lingdayun.com',
  'cookie' => 'ZDEDebuggerPresent=php,phtml,php3; PHPSESSID=m76p0u0jo2kf47ucmqkj19cf70',
  'accept-language' => 'zh-CN,zh;q=0.9,en-US;q=0.8,en;q=0.7',
  'accept-encoding' => 'gzip, deflate',
  'referer' => 'https://www.lingdayun.com/weishi/subscribe.html',
  'sec-fetch-dest' => 'empty',
  'sec-fetch-mode' => 'cors',
  'sec-fetch-site' => 'same-origin',
  'x-requested-with' => 'XMLHttpRequest',
  'user-agent' => 'Mozilla/5.0 (Linux; Android 10; JER-AN10 Build/HUAWEIJER-AN10; wv) AppleWebKit/537.36 (KHTML, like Gecko) Version/4.0 Chrome/86.0.4240.99 XWEB/4375 MMWEBSDK/20221012 Mobile Safari/537.36 MMWEBID/7980 MicroMessenger/8.0.30.2260(0x28001E55) WeChat/arm64 Weixin NetType/WIFI Language/zh_CN ABI/arm64',
  'accept' => 'application/json, text/javascript, */*; q=0.01',
)
[ info ] [ PARAM ] array (
)
[ info ] [ RUN ] app\api\controller\Weishi->dingyue[ C:\wwwroot\www.lingdayun.com\application\api\controller\Weishi.php ]
[ info ] [ SESSION ] INIT array (
  'id' => '',
  'var_session_id' => '',
  'prefix' => 'think',
  'type' => '',
  'auto_start' => true,
)
[ info ] [ DB ] INIT mysql
[ info ] [ LOG ] INIT File
[ sql ] [ DB ] CONNECT:[ UseTime:0.004951s ] mysql:dbname=www_lingdayun_co;host=127.0.0.1;port=3306;charset=utf8
[ sql ] [ SQL ] SHOW COLUMNS FROM `ld_weishi_shoucang` [ RunTime:0.002412s ]
[ sql ] [ SQL ] SELECT `teacher_id` FROM `ld_weishi_shoucang` WHERE  `openid` = 'oHNAT58xXz8oYHaDcd-gvFZNaMpI' [ RunTime:0.000265s ]
[ sql ] [ SQL ] SHOW COLUMNS FROM `ld_video` [ RunTime:0.003119s ]
[ sql ] [ SQL ] SELECT `a`.*,`d`.`teacher_name`,`b`.`kemu_cate`,`c`.`nianji_cate` FROM `ld_video` `a` INNER JOIN `ld_teacher` `d` ON `a`.`teacher_id`=`d`.`id` INNER JOIN `ld_kemu_cate` `b` ON `a`.`video_kemu`=`b`.`id` INNER JOIN `ld_nianji_cate` `c` ON `a`.`video_nianji`=`c`.`id` WHERE  `a`.`teacher_id` IN ('1','2') [ RunTime:0.000476s ]

---------------------------------------------------------------
[ 2023-01-05T07:38:18+08:00 ] 10.0.8.4 116.132.85.236 GET /index.php/api/weishi/check_login
[ log ] www.lingdayun.com/index.php/api/weishi/check_login [运行时间：0.075267s][吞吐率：13.29req/s] [内存消耗：1,352.13kb] [文件加载：45]
[ info ] [ LANG ] C:\wwwroot\www.lingdayun.com\thinkphp\lang\zh-cn.php
[ info ] [ ROUTE ] array (
  'type' => 'module',
  'module' => 
  array (
    0 => 'api',
    1 => 'weishi',
    2 => 'check_login',
  ),
)
[ info ] [ HEADER ] array (
  'connection' => 'close',
  'host' => 'www.lingdayun.com',
  'cookie' => 'ZDEDebuggerPresent=php,phtml,php3; PHPSESSID=m76p0u0jo2kf47ucmqkj19cf70',
  'accept-language' => 'zh-CN,zh;q=0.9,en-US;q=0.8,en;q=0.7',
  'accept-encoding' => 'gzip, deflate',
  'referer' => 'https://www.lingdayun.com/weishi/my.html',
  'sec-fetch-dest' => 'empty',
  'sec-fetch-mode' => 'cors',
  'sec-fetch-site' => 'same-origin',
  'x-requested-with' => 'XMLHttpRequest',
  'user-agent' => 'Mozilla/5.0 (Linux; Android 10; JER-AN10 Build/HUAWEIJER-AN10; wv) AppleWebKit/537.36 (KHTML, like Gecko) Version/4.0 Chrome/86.0.4240.99 XWEB/4375 MMWEBSDK/20221012 Mobile Safari/537.36 MMWEBID/7980 MicroMessenger/8.0.30.2260(0x28001E55) WeChat/arm64 Weixin NetType/WIFI Language/zh_CN ABI/arm64',
  'accept' => 'application/json, text/javascript, */*; q=0.01',
)
[ info ] [ PARAM ] array (
)
[ info ] [ RUN ] app\api\controller\Weishi->check_login[ C:\wwwroot\www.lingdayun.com\application\api\controller\Weishi.php ]
[ info ] [ SESSION ] INIT array (
  'id' => '',
  'var_session_id' => '',
  'prefix' => 'think',
  'type' => '',
  'auto_start' => true,
)
[ info ] [ LOG ] INIT File

---------------------------------------------------------------
[ 2023-01-05T07:38:26+08:00 ] 10.0.8.4 116.132.85.236 GET /index.php/api/weishi/paihangbang
[ log ] www.lingdayun.com/index.php/api/weishi/paihangbang [运行时间：0.117613s][吞吐率：8.50req/s] [内存消耗：1,922.21kb] [文件加载：52]
[ info ] [ LANG ] C:\wwwroot\www.lingdayun.com\thinkphp\lang\zh-cn.php
[ info ] [ ROUTE ] array (
  'type' => 'module',
  'module' => 
  array (
    0 => 'api',
    1 => 'weishi',
    2 => 'paihangbang',
  ),
)
[ info ] [ HEADER ] array (
  'connection' => 'close',
  'host' => 'www.lingdayun.com',
  'cookie' => 'ZDEDebuggerPresent=php,phtml,php3; PHPSESSID=m76p0u0jo2kf47ucmqkj19cf70',
  'accept-language' => 'zh-CN,zh;q=0.9,en-US;q=0.8,en;q=0.7',
  'accept-encoding' => 'gzip, deflate',
  'referer' => 'https://www.lingdayun.com/weishi/charts.html',
  'sec-fetch-dest' => 'empty',
  'sec-fetch-mode' => 'cors',
  'sec-fetch-site' => 'same-origin',
  'x-requested-with' => 'XMLHttpRequest',
  'user-agent' => 'Mozilla/5.0 (Linux; Android 10; JER-AN10 Build/HUAWEIJER-AN10; wv) AppleWebKit/537.36 (KHTML, like Gecko) Version/4.0 Chrome/86.0.4240.99 XWEB/4375 MMWEBSDK/20221012 Mobile Safari/537.36 MMWEBID/7980 MicroMessenger/8.0.30.2260(0x28001E55) WeChat/arm64 Weixin NetType/WIFI Language/zh_CN ABI/arm64',
  'accept' => 'application/json, text/javascript, */*; q=0.01',
)
[ info ] [ PARAM ] array (
)
[ info ] [ RUN ] app\api\controller\Weishi->paihangbang[ C:\wwwroot\www.lingdayun.com\application\api\controller\Weishi.php ]
[ info ] [ SESSION ] INIT array (
  'id' => '',
  'var_session_id' => '',
  'prefix' => 'think',
  'type' => '',
  'auto_start' => true,
)
[ info ] [ DB ] INIT mysql
[ info ] [ LOG ] INIT File
[ sql ] [ DB ] CONNECT:[ UseTime:0.007178s ] mysql:dbname=www_lingdayun_co;host=127.0.0.1;port=3306;charset=utf8
[ sql ] [ SQL ] SHOW COLUMNS FROM `ld_weishi_user` [ RunTime:0.002594s ]
[ sql ] [ SQL ] SELECT * FROM `ld_weishi_user` WHERE  `openid` = 'oHNAT58xXz8oYHaDcd-gvFZNaMpI' LIMIT 1 [ RunTime:0.000397s ]
[ sql ] [ SQL ] SELECT * FROM `ld_weishi_user` ORDER BY video_num desc [ RunTime:0.000288s ]

---------------------------------------------------------------
[ 2023-01-05T07:38:32+08:00 ] 10.0.8.4 116.132.85.236 GET /index.php/api/weishi/check_login
[ log ] www.lingdayun.com/index.php/api/weishi/check_login [运行时间：0.074278s][吞吐率：13.46req/s] [内存消耗：1,352.13kb] [文件加载：45]
[ info ] [ LANG ] C:\wwwroot\www.lingdayun.com\thinkphp\lang\zh-cn.php
[ info ] [ ROUTE ] array (
  'type' => 'module',
  'module' => 
  array (
    0 => 'api',
    1 => 'weishi',
    2 => 'check_login',
  ),
)
[ info ] [ HEADER ] array (
  'connection' => 'close',
  'host' => 'www.lingdayun.com',
  'cookie' => 'ZDEDebuggerPresent=php,phtml,php3; PHPSESSID=m76p0u0jo2kf47ucmqkj19cf70',
  'accept-language' => 'zh-CN,zh;q=0.9,en-US;q=0.8,en;q=0.7',
  'accept-encoding' => 'gzip, deflate',
  'referer' => 'https://www.lingdayun.com/weishi/my.html',
  'sec-fetch-dest' => 'empty',
  'sec-fetch-mode' => 'cors',
  'sec-fetch-site' => 'same-origin',
  'x-requested-with' => 'XMLHttpRequest',
  'user-agent' => 'Mozilla/5.0 (Linux; Android 10; JER-AN10 Build/HUAWEIJER-AN10; wv) AppleWebKit/537.36 (KHTML, like Gecko) Version/4.0 Chrome/86.0.4240.99 XWEB/4375 MMWEBSDK/20221012 Mobile Safari/537.36 MMWEBID/7980 MicroMessenger/8.0.30.2260(0x28001E55) WeChat/arm64 Weixin NetType/WIFI Language/zh_CN ABI/arm64',
  'accept' => 'application/json, text/javascript, */*; q=0.01',
)
[ info ] [ PARAM ] array (
)
[ info ] [ RUN ] app\api\controller\Weishi->check_login[ C:\wwwroot\www.lingdayun.com\application\api\controller\Weishi.php ]
[ info ] [ SESSION ] INIT array (
  'id' => '',
  'var_session_id' => '',
  'prefix' => 'think',
  'type' => '',
  'auto_start' => true,
)
[ info ] [ LOG ] INIT File

---------------------------------------------------------------
[ 2023-01-05T07:38:34+08:00 ] 10.0.8.4 116.132.85.236 GET /index.php/api/weishi/answer
[ log ] www.lingdayun.com/index.php/api/weishi/answer [运行时间：0.101564s][吞吐率：9.85req/s] [内存消耗：1,910.58kb] [文件加载：52]
[ info ] [ LANG ] C:\wwwroot\www.lingdayun.com\thinkphp\lang\zh-cn.php
[ info ] [ ROUTE ] array (
  'type' => 'module',
  'module' => 
  array (
    0 => 'api',
    1 => 'weishi',
    2 => 'answer',
  ),
)
[ info ] [ HEADER ] array (
  'connection' => 'close',
  'host' => 'www.lingdayun.com',
  'cookie' => 'ZDEDebuggerPresent=php,phtml,php3; PHPSESSID=m76p0u0jo2kf47ucmqkj19cf70',
  'accept-language' => 'zh-CN,zh;q=0.9,en-US;q=0.8,en;q=0.7',
  'accept-encoding' => 'gzip, deflate',
  'referer' => 'https://www.lingdayun.com/weishi/help.html',
  'sec-fetch-dest' => 'empty',
  'sec-fetch-mode' => 'cors',
  'sec-fetch-site' => 'same-origin',
  'x-requested-with' => 'XMLHttpRequest',
  'user-agent' => 'Mozilla/5.0 (Linux; Android 10; JER-AN10 Build/HUAWEIJER-AN10; wv) AppleWebKit/537.36 (KHTML, like Gecko) Version/4.0 Chrome/86.0.4240.99 XWEB/4375 MMWEBSDK/20221012 Mobile Safari/537.36 MMWEBID/7980 MicroMessenger/8.0.30.2260(0x28001E55) WeChat/arm64 Weixin NetType/WIFI Language/zh_CN ABI/arm64',
  'accept' => 'application/json, text/javascript, */*; q=0.01',
)
[ info ] [ PARAM ] array (
)
[ info ] [ RUN ] app\api\controller\Weishi->answer[ C:\wwwroot\www.lingdayun.com\application\api\controller\Weishi.php ]
[ info ] [ DB ] INIT mysql
[ info ] [ LOG ] INIT File
[ sql ] [ DB ] CONNECT:[ UseTime:0.005445s ] mysql:dbname=www_lingdayun_co;host=127.0.0.1;port=3306;charset=utf8
[ sql ] [ SQL ] SHOW COLUMNS FROM `ld_answer` [ RunTime:0.002677s ]
[ sql ] [ SQL ] SELECT * FROM `ld_answer` [ RunTime:0.000244s ]

---------------------------------------------------------------
[ 2023-01-05T07:38:36+08:00 ] 10.0.8.4 116.132.85.236 GET /index.php/api/weishi/check_login
[ log ] www.lingdayun.com/index.php/api/weishi/check_login [运行时间：0.072450s][吞吐率：13.80req/s] [内存消耗：1,352.13kb] [文件加载：45]
[ info ] [ LANG ] C:\wwwroot\www.lingdayun.com\thinkphp\lang\zh-cn.php
[ info ] [ ROUTE ] array (
  'type' => 'module',
  'module' => 
  array (
    0 => 'api',
    1 => 'weishi',
    2 => 'check_login',
  ),
)
[ info ] [ HEADER ] array (
  'connection' => 'close',
  'host' => 'www.lingdayun.com',
  'cookie' => 'ZDEDebuggerPresent=php,phtml,php3; PHPSESSID=m76p0u0jo2kf47ucmqkj19cf70',
  'accept-language' => 'zh-CN,zh;q=0.9,en-US;q=0.8,en;q=0.7',
  'accept-encoding' => 'gzip, deflate',
  'referer' => 'https://www.lingdayun.com/weishi/my.html',
  'sec-fetch-dest' => 'empty',
  'sec-fetch-mode' => 'cors',
  'sec-fetch-site' => 'same-origin',
  'x-requested-with' => 'XMLHttpRequest',
  'user-agent' => 'Mozilla/5.0 (Linux; Android 10; JER-AN10 Build/HUAWEIJER-AN10; wv) AppleWebKit/537.36 (KHTML, like Gecko) Version/4.0 Chrome/86.0.4240.99 XWEB/4375 MMWEBSDK/20221012 Mobile Safari/537.36 MMWEBID/7980 MicroMessenger/8.0.30.2260(0x28001E55) WeChat/arm64 Weixin NetType/WIFI Language/zh_CN ABI/arm64',
  'accept' => 'application/json, text/javascript, */*; q=0.01',
)
[ info ] [ PARAM ] array (
)
[ info ] [ RUN ] app\api\controller\Weishi->check_login[ C:\wwwroot\www.lingdayun.com\application\api\controller\Weishi.php ]
[ info ] [ SESSION ] INIT array (
  'id' => '',
  'var_session_id' => '',
  'prefix' => 'think',
  'type' => '',
  'auto_start' => true,
)
[ info ] [ LOG ] INIT File

---------------------------------------------------------------
[ 2023-01-05T07:38:39+08:00 ] 10.0.8.4 116.132.85.236 GET /index.php/api/weishi/check_login
[ log ] www.lingdayun.com/index.php/api/weishi/check_login [运行时间：0.084449s][吞吐率：11.84req/s] [内存消耗：1,352.13kb] [文件加载：45]
[ info ] [ LANG ] C:\wwwroot\www.lingdayun.com\thinkphp\lang\zh-cn.php
[ info ] [ ROUTE ] array (
  'type' => 'module',
  'module' => 
  array (
    0 => 'api',
    1 => 'weishi',
    2 => 'check_login',
  ),
)
[ info ] [ HEADER ] array (
  'connection' => 'close',
  'host' => 'www.lingdayun.com',
  'cookie' => 'ZDEDebuggerPresent=php,phtml,php3; PHPSESSID=m76p0u0jo2kf47ucmqkj19cf70',
  'accept-language' => 'zh-CN,zh;q=0.9,en-US;q=0.8,en;q=0.7',
  'accept-encoding' => 'gzip, deflate',
  'referer' => 'https://www.lingdayun.com/weishi/my.html',
  'sec-fetch-dest' => 'empty',
  'sec-fetch-mode' => 'cors',
  'sec-fetch-site' => 'same-origin',
  'x-requested-with' => 'XMLHttpRequest',
  'user-agent' => 'Mozilla/5.0 (Linux; Android 10; JER-AN10 Build/HUAWEIJER-AN10; wv) AppleWebKit/537.36 (KHTML, like Gecko) Version/4.0 Chrome/86.0.4240.99 XWEB/4375 MMWEBSDK/20221012 Mobile Safari/537.36 MMWEBID/7980 MicroMessenger/8.0.30.2260(0x28001E55) WeChat/arm64 Weixin NetType/WIFI Language/zh_CN ABI/arm64',
  'accept' => 'application/json, text/javascript, */*; q=0.01',
)
[ info ] [ PARAM ] array (
)
[ info ] [ RUN ] app\api\controller\Weishi->check_login[ C:\wwwroot\www.lingdayun.com\application\api\controller\Weishi.php ]
[ info ] [ SESSION ] INIT array (
  'id' => '',
  'var_session_id' => '',
  'prefix' => 'think',
  'type' => '',
  'auto_start' => true,
)
[ info ] [ LOG ] INIT File

---------------------------------------------------------------
[ 2023-01-05T07:38:42+08:00 ] 10.0.8.4 116.132.85.236 GET /index.php/api/weishi/check_login
[ log ] www.lingdayun.com/index.php/api/weishi/check_login [运行时间：0.077205s][吞吐率：12.95req/s] [内存消耗：1,352.13kb] [文件加载：45]
[ info ] [ LANG ] C:\wwwroot\www.lingdayun.com\thinkphp\lang\zh-cn.php
[ info ] [ ROUTE ] array (
  'type' => 'module',
  'module' => 
  array (
    0 => 'api',
    1 => 'weishi',
    2 => 'check_login',
  ),
)
[ info ] [ HEADER ] array (
  'connection' => 'close',
  'host' => 'www.lingdayun.com',
  'cookie' => 'ZDEDebuggerPresent=php,phtml,php3; PHPSESSID=m76p0u0jo2kf47ucmqkj19cf70',
  'accept-language' => 'zh-CN,zh;q=0.9,en-US;q=0.8,en;q=0.7',
  'accept-encoding' => 'gzip, deflate',
  'referer' => 'https://www.lingdayun.com/weishi/my.html',
  'sec-fetch-dest' => 'empty',
  'sec-fetch-mode' => 'cors',
  'sec-fetch-site' => 'same-origin',
  'x-requested-with' => 'XMLHttpRequest',
  'user-agent' => 'Mozilla/5.0 (Linux; Android 10; JER-AN10 Build/HUAWEIJER-AN10; wv) AppleWebKit/537.36 (KHTML, like Gecko) Version/4.0 Chrome/86.0.4240.99 XWEB/4375 MMWEBSDK/20221012 Mobile Safari/537.36 MMWEBID/7980 MicroMessenger/8.0.30.2260(0x28001E55) WeChat/arm64 Weixin NetType/WIFI Language/zh_CN ABI/arm64',
  'accept' => 'application/json, text/javascript, */*; q=0.01',
)
[ info ] [ PARAM ] array (
)
[ info ] [ RUN ] app\api\controller\Weishi->check_login[ C:\wwwroot\www.lingdayun.com\application\api\controller\Weishi.php ]
[ info ] [ SESSION ] INIT array (
  'id' => '',
  'var_session_id' => '',
  'prefix' => 'think',
  'type' => '',
  'auto_start' => true,
)
[ info ] [ LOG ] INIT File

---------------------------------------------------------------
[ 2023-01-05T07:38:42+08:00 ] 10.0.8.4 116.132.85.236 GET /index.php/api/weishi/dingyue
[ log ] www.lingdayun.com/index.php/api/weishi/dingyue [运行时间：0.114325s][吞吐率：8.75req/s] [内存消耗：1,937.02kb] [文件加载：52]
[ info ] [ LANG ] C:\wwwroot\www.lingdayun.com\thinkphp\lang\zh-cn.php
[ info ] [ ROUTE ] array (
  'type' => 'module',
  'module' => 
  array (
    0 => 'api',
    1 => 'weishi',
    2 => 'dingyue',
  ),
)
[ info ] [ HEADER ] array (
  'connection' => 'close',
  'host' => 'www.lingdayun.com',
  'cookie' => 'ZDEDebuggerPresent=php,phtml,php3; PHPSESSID=m76p0u0jo2kf47ucmqkj19cf70',
  'accept-language' => 'zh-CN,zh;q=0.9,en-US;q=0.8,en;q=0.7',
  'accept-encoding' => 'gzip, deflate',
  'referer' => 'https://www.lingdayun.com/weishi/subscribe.html',
  'sec-fetch-dest' => 'empty',
  'sec-fetch-mode' => 'cors',
  'sec-fetch-site' => 'same-origin',
  'x-requested-with' => 'XMLHttpRequest',
  'user-agent' => 'Mozilla/5.0 (Linux; Android 10; JER-AN10 Build/HUAWEIJER-AN10; wv) AppleWebKit/537.36 (KHTML, like Gecko) Version/4.0 Chrome/86.0.4240.99 XWEB/4375 MMWEBSDK/20221012 Mobile Safari/537.36 MMWEBID/7980 MicroMessenger/8.0.30.2260(0x28001E55) WeChat/arm64 Weixin NetType/WIFI Language/zh_CN ABI/arm64',
  'accept' => 'application/json, text/javascript, */*; q=0.01',
)
[ info ] [ PARAM ] array (
)
[ info ] [ RUN ] app\api\controller\Weishi->dingyue[ C:\wwwroot\www.lingdayun.com\application\api\controller\Weishi.php ]
[ info ] [ SESSION ] INIT array (
  'id' => '',
  'var_session_id' => '',
  'prefix' => 'think',
  'type' => '',
  'auto_start' => true,
)
[ info ] [ DB ] INIT mysql
[ info ] [ LOG ] INIT File
[ sql ] [ DB ] CONNECT:[ UseTime:0.010767s ] mysql:dbname=www_lingdayun_co;host=127.0.0.1;port=3306;charset=utf8
[ sql ] [ SQL ] SHOW COLUMNS FROM `ld_weishi_shoucang` [ RunTime:0.002792s ]
[ sql ] [ SQL ] SELECT `teacher_id` FROM `ld_weishi_shoucang` WHERE  `openid` = 'oHNAT58xXz8oYHaDcd-gvFZNaMpI' [ RunTime:0.000275s ]
[ sql ] [ SQL ] SHOW COLUMNS FROM `ld_video` [ RunTime:0.002260s ]
[ sql ] [ SQL ] SELECT `a`.*,`d`.`teacher_name`,`b`.`kemu_cate`,`c`.`nianji_cate` FROM `ld_video` `a` INNER JOIN `ld_teacher` `d` ON `a`.`teacher_id`=`d`.`id` INNER JOIN `ld_kemu_cate` `b` ON `a`.`video_kemu`=`b`.`id` INNER JOIN `ld_nianji_cate` `c` ON `a`.`video_nianji`=`c`.`id` WHERE  `a`.`teacher_id` IN ('1','2') [ RunTime:0.000361s ]

---------------------------------------------------------------
[ 2023-01-05T07:38:44+08:00 ] 10.0.8.4 116.132.85.236 GET /index.php/api/weishi/mingshi
[ log ] www.lingdayun.com/index.php/api/weishi/mingshi [运行时间：0.118581s][吞吐率：8.43req/s] [内存消耗：1,914.34kb] [文件加载：52]
[ info ] [ LANG ] C:\wwwroot\www.lingdayun.com\thinkphp\lang\zh-cn.php
[ info ] [ ROUTE ] array (
  'type' => 'module',
  'module' => 
  array (
    0 => 'api',
    1 => 'weishi',
    2 => 'mingshi',
  ),
)
[ info ] [ HEADER ] array (
  'connection' => 'close',
  'host' => 'www.lingdayun.com',
  'cookie' => 'ZDEDebuggerPresent=php,phtml,php3; PHPSESSID=m76p0u0jo2kf47ucmqkj19cf70',
  'accept-language' => 'zh-CN,zh;q=0.9,en-US;q=0.8,en;q=0.7',
  'accept-encoding' => 'gzip, deflate',
  'referer' => 'https://www.lingdayun.com/weishi/index.html',
  'sec-fetch-dest' => 'empty',
  'sec-fetch-mode' => 'cors',
  'sec-fetch-site' => 'same-origin',
  'x-requested-with' => 'XMLHttpRequest',
  'user-agent' => 'Mozilla/5.0 (Linux; Android 10; JER-AN10 Build/HUAWEIJER-AN10; wv) AppleWebKit/537.36 (KHTML, like Gecko) Version/4.0 Chrome/86.0.4240.99 XWEB/4375 MMWEBSDK/20221012 Mobile Safari/537.36 MMWEBID/7980 MicroMessenger/8.0.30.2260(0x28001E55) WeChat/arm64 Weixin NetType/WIFI Language/zh_CN ABI/arm64',
  'accept' => 'application/json, text/javascript, */*; q=0.01',
)
[ info ] [ PARAM ] array (
)
[ info ] [ RUN ] app\api\controller\Weishi->mingshi[ C:\wwwroot\www.lingdayun.com\application\api\controller\Weishi.php ]
[ info ] [ SESSION ] INIT array (
  'id' => '',
  'var_session_id' => '',
  'prefix' => 'think',
  'type' => '',
  'auto_start' => true,
)
[ info ] [ DB ] INIT mysql
[ info ] [ LOG ] INIT File
[ sql ] [ DB ] CONNECT:[ UseTime:0.000664s ] mysql:dbname=www_lingdayun_co;host=127.0.0.1;port=3306;charset=utf8
[ sql ] [ SQL ] SHOW COLUMNS FROM `ld_teacher` [ RunTime:0.002534s ]
[ sql ] [ SQL ] SELECT * FROM `ld_teacher` WHERE  (  is_mingshi=1 ) [ RunTime:0.000306s ]

---------------------------------------------------------------
[ 2023-01-05T07:38:44+08:00 ] 10.0.8.4 116.132.85.236 GET /index.php/api/weishi/my_shoucang
[ log ] www.lingdayun.com/index.php/api/weishi/my_shoucang [运行时间：0.148604s][吞吐率：6.73req/s] [内存消耗：1,915.30kb] [文件加载：52]
[ info ] [ LANG ] C:\wwwroot\www.lingdayun.com\thinkphp\lang\zh-cn.php
[ info ] [ ROUTE ] array (
  'type' => 'module',
  'module' => 
  array (
    0 => 'api',
    1 => 'weishi',
    2 => 'my_shoucang',
  ),
)
[ info ] [ HEADER ] array (
  'connection' => 'close',
  'host' => 'www.lingdayun.com',
  'cookie' => 'ZDEDebuggerPresent=php,phtml,php3; PHPSESSID=m76p0u0jo2kf47ucmqkj19cf70',
  'accept-language' => 'zh-CN,zh;q=0.9,en-US;q=0.8,en;q=0.7',
  'accept-encoding' => 'gzip, deflate',
  'referer' => 'https://www.lingdayun.com/weishi/index.html',
  'sec-fetch-dest' => 'empty',
  'sec-fetch-mode' => 'cors',
  'sec-fetch-site' => 'same-origin',
  'x-requested-with' => 'XMLHttpRequest',
  'user-agent' => 'Mozilla/5.0 (Linux; Android 10; JER-AN10 Build/HUAWEIJER-AN10; wv) AppleWebKit/537.36 (KHTML, like Gecko) Version/4.0 Chrome/86.0.4240.99 XWEB/4375 MMWEBSDK/20221012 Mobile Safari/537.36 MMWEBID/7980 MicroMessenger/8.0.30.2260(0x28001E55) WeChat/arm64 Weixin NetType/WIFI Language/zh_CN ABI/arm64',
  'accept' => 'application/json, text/javascript, */*; q=0.01',
)
[ info ] [ PARAM ] array (
)
[ info ] [ RUN ] app\api\controller\Weishi->my_shoucang[ C:\wwwroot\www.lingdayun.com\application\api\controller\Weishi.php ]
[ info ] [ SESSION ] INIT array (
  'id' => '',
  'var_session_id' => '',
  'prefix' => 'think',
  'type' => '',
  'auto_start' => true,
)
[ info ] [ DB ] INIT mysql
[ info ] [ LOG ] INIT File
[ sql ] [ DB ] CONNECT:[ UseTime:0.001468s ] mysql:dbname=www_lingdayun_co;host=127.0.0.1;port=3306;charset=utf8
[ sql ] [ SQL ] SHOW COLUMNS FROM `ld_weishi_shoucang` [ RunTime:0.002585s ]
[ sql ] [ SQL ] SELECT * FROM `ld_weishi_shoucang` `a` INNER JOIN `ld_teacher` `b` ON `a`.`teacher_id`=`b`.`id` WHERE  `a`.`openid` = 'oHNAT58xXz8oYHaDcd-gvFZNaMpI' LIMIT 4 [ RunTime:0.000388s ]

---------------------------------------------------------------
[ 2023-01-05T09:52:15+08:00 ] 10.0.8.4 194.38.20.161 GET /ofc/php-ofc-library/ofc_upload_image.php
[ log ] lingdayun.com/ofc/php-ofc-library/ofc_upload_image.php [运行时间：0.071311s][吞吐率：14.02req/s] [内存消耗：1,112.79kb] [文件加载：40]
[ info ] [ LANG ] C:\wwwroot\www.lingdayun.com\thinkphp\lang\zh-cn.php
[ info ] [ ROUTE ] array (
  'type' => 'module',
  'module' => 
  array (
    0 => 'ofc',
    1 => 'php-ofc-library',
    2 => 'ofc_upload_image.php',
  ),
)
[ info ] [ HEADER ] array (
  'connection' => 'close',
  'content-length' => '0',
  'content-type' => 'application/json',
  'host' => 'lingdayun.com',
  'user-agent' => 'ALittle Client',
  'accept' => '*/*',
)
[ info ] [ PARAM ] array (
  '/ofc/php-ofc-library/ofc_upload_image_php' => '',
)
[ info ] [ LOG ] INIT File

---------------------------------------------------------------
[ 2023-01-05T10:02:19+08:00 ] 10.0.8.4 220.196.160.73 GET /ofc/php-ofc-library/ofc_upload_image.php
[ log ] lingdayun.com/ofc/php-ofc-library/ofc_upload_image.php [运行时间：0.072673s][吞吐率：13.76req/s] [内存消耗：1,114.15kb] [文件加载：40]
[ info ] [ LANG ] C:\wwwroot\www.lingdayun.com\thinkphp\lang\zh-cn.php
[ info ] [ ROUTE ] array (
  'type' => 'module',
  'module' => 
  array (
    0 => 'ofc',
    1 => 'php-ofc-library',
    2 => 'ofc_upload_image.php',
  ),
)
[ info ] [ HEADER ] array (
  'x-forwarded-for' => '82.157.249.182',
  'upgrade-insecure-requests' => '1',
  'referer' => 'http://lingdayun.com/ofc/php-ofc-library/ofc_upload_image.php',
  'connection' => 'close',
  'cache-control' => 'max-age=0',
  'accept-language' => 'zh-CN,zh;q=0.9',
  'accept-encoding' => 'gzip, deflate',
  'accept' => 'text/html,application/xhtml+xml,application/xml;q=0.9,image/avif,image/webp,image/apng,*/*;q=0.8,application/signed-exchange;v=b3;q=0.9',
  'user-agent' => 'ALittle Client',
  'host' => 'lingdayun.com',
)
[ info ] [ PARAM ] array (
  '/ofc/php-ofc-library/ofc_upload_image_php' => '',
)
[ info ] [ LOG ] INIT File

---------------------------------------------------------------
[ 2023-01-05T11:01:51+08:00 ] 10.0.8.4 59.83.208.105 GET /
[ log ] lingdayun.com/ [运行时间：0.102673s][吞吐率：9.74req/s] [内存消耗：1,276.84kb] [文件加载：44]
[ info ] [ LANG ] C:\wwwroot\www.lingdayun.com\thinkphp\lang\zh-cn.php
[ info ] [ ROUTE ] array (
  'type' => 'module',
  'module' => 
  array (
    0 => '',
    1 => NULL,
    2 => NULL,
  ),
)
[ info ] [ HEADER ] array (
  'upgrade-insecure-requests' => '1',
  'connection' => 'close',
  'cache-control' => 'max-age=0',
  'accept-language' => 'zh-CN,zh;q=0.9',
  'accept-encoding' => 'gzip, deflate',
  'accept' => 'text/html,application/xhtml+xml,application/xml;q=0.9,image/avif,image/webp,image/apng,*/*;q=0.8,application/signed-exchange;v=b3;q=0.9',
  'user-agent' => 'Mozilla/5.0 (iPhone; CPU iPhone os 15_4 like Mac OS X) AppleWebKit/605.1.15 (KHTML, like Gecko) Version/15.4 Mobile/11D257 Safari/604.1',
  'host' => 'lingdayun.com',
)
[ info ] [ PARAM ] array (
)
[ info ] [ RUN ] app\index\controller\Index->index[ C:\wwwroot\www.lingdayun.com\application\index\controller\Index.php ]
[ info ] [ VIEW ] C:\wwwroot\www.lingdayun.com\public/../application/index\view\index\index.html [ array (
) ]
[ info ] [ LOG ] INIT File

---------------------------------------------------------------
[ 2023-01-05T11:01:51+08:00 ] 10.0.8.4 220.196.160.65 GET /
[ log ] www.lingdayun.com/ [运行时间：0.095173s][吞吐率：10.51req/s] [内存消耗：1,276.82kb] [文件加载：44]
[ info ] [ LANG ] C:\wwwroot\www.lingdayun.com\thinkphp\lang\zh-cn.php
[ info ] [ ROUTE ] array (
  'type' => 'module',
  'module' => 
  array (
    0 => '',
    1 => NULL,
    2 => NULL,
  ),
)
[ info ] [ HEADER ] array (
  'upgrade-insecure-requests' => '1',
  'connection' => 'close',
  'cache-control' => 'max-age=0',
  'accept-language' => 'zh-CN,zh;q=0.9',
  'accept-encoding' => 'gzip, deflate',
  'accept' => 'text/html,application/xhtml+xml,application/xml;q=0.9,image/avif,image/webp,image/apng,*/*;q=0.8,application/signed-exchange;v=b3;q=0.9',
  'user-agent' => 'Mozilla/5.0 (iPhone; CPU iPhone os 15_4 like Mac OS X) AppleWebKit/605.1.15 (KHTML, like Gecko) Version/15.4 Mobile/11D257 Safari/604.1',
  'host' => 'www.lingdayun.com',
)
[ info ] [ PARAM ] array (
)
[ info ] [ RUN ] app\index\controller\Index->index[ C:\wwwroot\www.lingdayun.com\application\index\controller\Index.php ]
[ info ] [ VIEW ] C:\wwwroot\www.lingdayun.com\public/../application/index\view\index\index.html [ array (
) ]
[ info ] [ LOG ] INIT File

---------------------------------------------------------------
[ 2023-01-05T11:01:51+08:00 ] 10.0.8.4 220.196.160.73 GET /
[ log ] lingdayun.com/ [运行时间：0.082526s][吞吐率：12.12req/s] [内存消耗：1,277.06kb] [文件加载：44]
[ info ] [ LANG ] C:\wwwroot\www.lingdayun.com\thinkphp\lang\zh-cn.php
[ info ] [ ROUTE ] array (
  'type' => 'module',
  'module' => 
  array (
    0 => '',
    1 => NULL,
    2 => NULL,
  ),
)
[ info ] [ HEADER ] array (
  'upgrade-insecure-requests' => '1',
  'referer' => 'http://lingdayun.com',
  'connection' => 'close',
  'cache-control' => 'max-age=0',
  'accept-language' => 'zh-CN,zh;q=0.9',
  'accept-encoding' => 'gzip, deflate',
  'accept' => 'text/html,application/xhtml+xml,application/xml;q=0.9,image/avif,image/webp,image/apng,*/*;q=0.8,application/signed-exchange;v=b3;q=0.9',
  'user-agent' => 'Mozilla/5.0 (iPhone; CPU iPhone os 15_4 like Mac OS X) AppleWebKit/605.1.15 (KHTML, like Gecko) Version/15.4 Mobile/11D257 Safari/604.1',
  'host' => 'lingdayun.com',
)
[ info ] [ PARAM ] array (
)
[ info ] [ RUN ] app\index\controller\Index->index[ C:\wwwroot\www.lingdayun.com\application\index\controller\Index.php ]
[ info ] [ VIEW ] C:\wwwroot\www.lingdayun.com\public/../application/index\view\index\index.html [ array (
) ]
[ info ] [ LOG ] INIT File

---------------------------------------------------------------
[ 2023-01-05T11:01:51+08:00 ] 10.0.8.4 220.196.160.65 GET /
[ log ] www.lingdayun.com/ [运行时间：0.087628s][吞吐率：11.41req/s] [内存消耗：1,277.01kb] [文件加载：44]
[ info ] [ LANG ] C:\wwwroot\www.lingdayun.com\thinkphp\lang\zh-cn.php
[ info ] [ ROUTE ] array (
  'type' => 'module',
  'module' => 
  array (
    0 => '',
    1 => NULL,
    2 => NULL,
  ),
)
[ info ] [ HEADER ] array (
  'upgrade-insecure-requests' => '1',
  'referer' => 'http://www.lingdayun.com',
  'connection' => 'close',
  'cache-control' => 'max-age=0',
  'accept-language' => 'zh-CN,zh;q=0.9',
  'accept-encoding' => 'gzip, deflate',
  'accept' => 'text/html,application/xhtml+xml,application/xml;q=0.9,image/avif,image/webp,image/apng,*/*;q=0.8,application/signed-exchange;v=b3;q=0.9',
  'user-agent' => 'Mozilla/5.0 (iPhone; CPU iPhone os 15_4 like Mac OS X) AppleWebKit/605.1.15 (KHTML, like Gecko) Version/15.4 Mobile/11D257 Safari/604.1',
  'host' => 'www.lingdayun.com',
)
[ info ] [ PARAM ] array (
)
[ info ] [ RUN ] app\index\controller\Index->index[ C:\wwwroot\www.lingdayun.com\application\index\controller\Index.php ]
[ info ] [ VIEW ] C:\wwwroot\www.lingdayun.com\public/../application/index\view\index\index.html [ array (
) ]
[ info ] [ LOG ] INIT File

---------------------------------------------------------------
[ 2023-01-05T11:53:36+08:00 ] 10.0.8.4 61.155.157.16 GET /
[ log ] www.lingdayun.com/ [运行时间：0.082765s][吞吐率：12.08req/s] [内存消耗：1,276.32kb] [文件加载：44]
[ info ] [ LANG ] C:\wwwroot\www.lingdayun.com\thinkphp\lang\zh-cn.php
[ info ] [ ROUTE ] array (
  'type' => 'module',
  'module' => 
  array (
    0 => '',
    1 => NULL,
    2 => NULL,
  ),
)
[ info ] [ HEADER ] array (
  'connection' => 'close',
  'host' => 'www.lingdayun.com',
  'accept' => 'text/html,application/xhtml+xml,application/xml;q=0.9,*/*;q=0.8',
  'accept-language' => 'zh-CN,zh;q=0.9',
  'accept-encoding' => 'gzip, deflate, br',
  'user-agent' => 'Mozilla/5.0 (Windows NT 10.0; Win64; x64) AppleWebKit/537.36 (KHTML, like Gecko) Chrome/78.0.3904.97 Safari/537.36',
)
[ info ] [ PARAM ] array (
)
[ info ] [ RUN ] app\index\controller\Index->index[ C:\wwwroot\www.lingdayun.com\application\index\controller\Index.php ]
[ info ] [ VIEW ] C:\wwwroot\www.lingdayun.com\public/../application/index\view\index\index.html [ array (
) ]
[ info ] [ LOG ] INIT File

---------------------------------------------------------------
[ 2023-01-05T11:54:35+08:00 ] 10.0.8.4 183.199.107.9 GET /index.php/index/api/video_tuijian
[ log ] www.lingdayun.com/index.php/index/api/video_tuijian [运行时间：0.125991s][吞吐率：7.94req/s] [内存消耗：1,909.98kb] [文件加载：52]
[ info ] [ LANG ] C:\wwwroot\www.lingdayun.com\thinkphp\lang\zh-cn.php
[ info ] [ ROUTE ] array (
  'type' => 'module',
  'module' => 
  array (
    0 => 'index',
    1 => 'api',
    2 => 'video_tuijian',
  ),
)
[ info ] [ HEADER ] array (
  'connection' => 'close',
  'host' => 'www.lingdayun.com',
  'accept-language' => 'zh-CN,zh;q=0.9,en-US;q=0.8,en;q=0.7',
  'accept-encoding' => 'gzip, deflate',
  'referer' => 'https://www.lingdayun.com/weishi/index.html',
  'sec-fetch-dest' => 'empty',
  'sec-fetch-mode' => 'cors',
  'sec-fetch-site' => 'same-origin',
  'x-requested-with' => 'XMLHttpRequest',
  'user-agent' => 'Mozilla/5.0 (Linux; Android 11; V2054A Build/RP1A.200720.012; wv) AppleWebKit/537.36 (KHTML, like Gecko) Version/4.0 Chrome/86.0.4240.99 XWEB/3263 MMWEBSDK/20210601 Mobile Safari/537.36 MMWEBID/6487 MicroMessenger/8.0.11.1980(0x28000B37) Process/toolsmp WeChat/arm64 Weixin NetType/WIFI Language/zh_CN ABI/arm64',
  'accept' => 'application/json, text/javascript, */*; q=0.01',
)
[ info ] [ PARAM ] array (
)
[ info ] [ RUN ] app\index\controller\Api->video_tuijian[ C:\wwwroot\www.lingdayun.com\application\index\controller\Api.php ]
[ info ] [ DB ] INIT mysql
[ info ] [ LOG ] INIT File
[ sql ] [ DB ] CONNECT:[ UseTime:0.000846s ] mysql:dbname=www_lingdayun_co;host=127.0.0.1;port=3306;charset=utf8
[ sql ] [ SQL ] SHOW COLUMNS FROM `ld_video` [ RunTime:0.002746s ]
[ sql ] [ SQL ] SELECT `a`.*,`d`.`teacher_name`,`b`.`kemu_cate`,`c`.`nianji_cate` FROM `ld_video` `a` INNER JOIN `ld_teacher` `d` ON `a`.`teacher_id`=`d`.`id` INNER JOIN `ld_kemu_cate` `b` ON `a`.`video_kemu`=`b`.`id` INNER JOIN `ld_nianji_cate` `c` ON `a`.`video_nianji`=`c`.`id` ORDER BY id desc LIMIT 2 [ RunTime:0.001036s ]

---------------------------------------------------------------
[ 2023-01-05T11:54:35+08:00 ] 10.0.8.4 183.199.107.9 GET /index.php/api/weishi/mingshi
[ log ] www.lingdayun.com/index.php/api/weishi/mingshi [运行时间：0.116638s][吞吐率：8.57req/s] [内存消耗：1,912.38kb] [文件加载：52]
[ info ] [ LANG ] C:\wwwroot\www.lingdayun.com\thinkphp\lang\zh-cn.php
[ info ] [ ROUTE ] array (
  'type' => 'module',
  'module' => 
  array (
    0 => 'api',
    1 => 'weishi',
    2 => 'mingshi',
  ),
)
[ info ] [ HEADER ] array (
  'connection' => 'close',
  'host' => 'www.lingdayun.com',
  'accept-language' => 'zh-CN,zh;q=0.9,en-US;q=0.8,en;q=0.7',
  'accept-encoding' => 'gzip, deflate',
  'referer' => 'https://www.lingdayun.com/weishi/index.html',
  'sec-fetch-dest' => 'empty',
  'sec-fetch-mode' => 'cors',
  'sec-fetch-site' => 'same-origin',
  'x-requested-with' => 'XMLHttpRequest',
  'user-agent' => 'Mozilla/5.0 (Linux; Android 11; V2054A Build/RP1A.200720.012; wv) AppleWebKit/537.36 (KHTML, like Gecko) Version/4.0 Chrome/86.0.4240.99 XWEB/3263 MMWEBSDK/20210601 Mobile Safari/537.36 MMWEBID/6487 MicroMessenger/8.0.11.1980(0x28000B37) Process/toolsmp WeChat/arm64 Weixin NetType/WIFI Language/zh_CN ABI/arm64',
  'accept' => 'application/json, text/javascript, */*; q=0.01',
)
[ info ] [ PARAM ] array (
)
[ info ] [ RUN ] app\api\controller\Weishi->mingshi[ C:\wwwroot\www.lingdayun.com\application\api\controller\Weishi.php ]
[ info ] [ SESSION ] INIT array (
  'id' => '',
  'var_session_id' => '',
  'prefix' => 'think',
  'type' => '',
  'auto_start' => true,
)
[ info ] [ DB ] INIT mysql
[ info ] [ LOG ] INIT File
[ sql ] [ DB ] CONNECT:[ UseTime:0.000573s ] mysql:dbname=www_lingdayun_co;host=127.0.0.1;port=3306;charset=utf8
[ sql ] [ SQL ] SHOW COLUMNS FROM `ld_teacher` [ RunTime:0.002268s ]
[ sql ] [ SQL ] SELECT * FROM `ld_teacher` WHERE  (  is_mingshi=1 ) [ RunTime:0.000267s ]

---------------------------------------------------------------
[ 2023-01-05T11:54:36+08:00 ] 10.0.8.4 183.199.107.9 GET /index.php/api/weishi/my_shoucang
[ log ] www.lingdayun.com/index.php/api/weishi/my_shoucang [运行时间：0.103903s][吞吐率：9.62req/s] [内存消耗：1,911.93kb] [文件加载：52]
[ info ] [ LANG ] C:\wwwroot\www.lingdayun.com\thinkphp\lang\zh-cn.php
[ info ] [ ROUTE ] array (
  'type' => 'module',
  'module' => 
  array (
    0 => 'api',
    1 => 'weishi',
    2 => 'my_shoucang',
  ),
)
[ info ] [ HEADER ] array (
  'connection' => 'close',
  'host' => 'www.lingdayun.com',
  'accept-language' => 'zh-CN,zh;q=0.9,en-US;q=0.8,en;q=0.7',
  'accept-encoding' => 'gzip, deflate',
  'referer' => 'https://www.lingdayun.com/weishi/index.html',
  'sec-fetch-dest' => 'empty',
  'sec-fetch-mode' => 'cors',
  'sec-fetch-site' => 'same-origin',
  'x-requested-with' => 'XMLHttpRequest',
  'user-agent' => 'Mozilla/5.0 (Linux; Android 11; V2054A Build/RP1A.200720.012; wv) AppleWebKit/537.36 (KHTML, like Gecko) Version/4.0 Chrome/86.0.4240.99 XWEB/3263 MMWEBSDK/20210601 Mobile Safari/537.36 MMWEBID/6487 MicroMessenger/8.0.11.1980(0x28000B37) Process/toolsmp WeChat/arm64 Weixin NetType/WIFI Language/zh_CN ABI/arm64',
  'accept' => 'application/json, text/javascript, */*; q=0.01',
)
[ info ] [ PARAM ] array (
)
[ info ] [ RUN ] app\api\controller\Weishi->my_shoucang[ C:\wwwroot\www.lingdayun.com\application\api\controller\Weishi.php ]
[ info ] [ SESSION ] INIT array (
  'id' => '',
  'var_session_id' => '',
  'prefix' => 'think',
  'type' => '',
  'auto_start' => true,
)
[ info ] [ DB ] INIT mysql
[ info ] [ LOG ] INIT File
[ sql ] [ DB ] CONNECT:[ UseTime:0.004760s ] mysql:dbname=www_lingdayun_co;host=127.0.0.1;port=3306;charset=utf8
[ sql ] [ SQL ] SHOW COLUMNS FROM `ld_weishi_shoucang` [ RunTime:0.002700s ]
[ sql ] [ SQL ] SELECT * FROM `ld_weishi_shoucang` `a` INNER JOIN `ld_teacher` `b` ON `a`.`teacher_id`=`b`.`id` WHERE  `a`.`openid` = null LIMIT 4 [ RunTime:0.000287s ]

---------------------------------------------------------------
[ 2023-01-05T14:34:41+08:00 ] 10.0.8.4 124.71.166.204 GET /
[ log ] www.lingdayun.com/ [运行时间：0.077171s][吞吐率：12.96req/s] [内存消耗：1,276.59kb] [文件加载：44]
[ info ] [ LANG ] C:\wwwroot\www.lingdayun.com\thinkphp\lang\zh-cn.php
[ info ] [ ROUTE ] array (
  'type' => 'module',
  'module' => 
  array (
    0 => '',
    1 => NULL,
    2 => NULL,
  ),
)
[ info ] [ HEADER ] array (
  'connection' => 'close',
  'accept-encoding' => 'gzip',
  'upgrade-insecure-requests' => '1',
  'user-agent' => 'Mozilla/5.0 (Windows NT 9.1; Win64; x64) AppleWebKit/537.36 (KHTML, like Gecko) Chrome/75.0.2455.88 Safari/537.36',
  'accept-language' => 'zh-CN, zh; q=0.9, en; q=0.8, ko; q=0.7',
  'accept' => 'text/html, application/xhtml+xml, application/xml; q=0.9, image/webp; q=0.8',
  'host' => 'www.lingdayun.com',
)
[ info ] [ PARAM ] array (
)
[ info ] [ RUN ] app\index\controller\Index->index[ C:\wwwroot\www.lingdayun.com\application\index\controller\Index.php ]
[ info ] [ VIEW ] C:\wwwroot\www.lingdayun.com\public/../application/index\view\index\index.html [ array (
) ]
[ info ] [ LOG ] INIT File

---------------------------------------------------------------
[ 2023-01-05T14:34:41+08:00 ] 10.0.8.4 124.71.166.204 GET /index.html
[ log ] www.lingdayun.com/index.html [运行时间：0.097559s][吞吐率：10.25req/s] [内存消耗：1,279.90kb] [文件加载：44]
[ info ] [ LANG ] C:\wwwroot\www.lingdayun.com\thinkphp\lang\zh-cn.php
[ info ] [ ROUTE ] array (
  'type' => 'module',
  'module' => 
  array (
    0 => 'index',
    1 => NULL,
    2 => NULL,
  ),
)
[ info ] [ HEADER ] array (
  'connection' => 'close',
  'accept-encoding' => 'gzip',
  'upgrade-insecure-requests' => '1',
  'user-agent' => 'Mozilla/5.0 (Windows NT 5.5; Win64; x64) AppleWebKit/537.36 (KHTML, like Gecko) Chrome/75.0.3568.88 Safari/537.36',
  'accept-language' => 'zh-CN, zh; q=0.9, en; q=0.8, ko; q=0.7',
  'accept' => 'text/html, application/xhtml+xml, application/xml; q=0.9, image/webp; q=0.8',
  'host' => 'www.lingdayun.com',
)
[ info ] [ PARAM ] array (
  '/index_html' => '',
)
[ info ] [ RUN ] app\index\controller\Index->index[ C:\wwwroot\www.lingdayun.com\application\index\controller\Index.php ]
[ info ] [ VIEW ] C:\wwwroot\www.lingdayun.com\public/../application/index\view\index\index.html [ array (
) ]
[ info ] [ LOG ] INIT File

---------------------------------------------------------------
[ 2023-01-05T15:46:02+08:00 ] 10.0.8.4 218.76.35.26 GET /
[ log ] lingdayun.com/ [运行时间：0.089097s][吞吐率：11.22req/s] [内存消耗：1,276.16kb] [文件加载：44]
[ info ] [ LANG ] C:\wwwroot\www.lingdayun.com\thinkphp\lang\zh-cn.php
[ info ] [ ROUTE ] array (
  'type' => 'module',
  'module' => 
  array (
    0 => '',
    1 => NULL,
    2 => NULL,
  ),
)
[ info ] [ HEADER ] array (
  'connection' => 'close',
  'accept' => 'text/html, image/gif, image/jpeg, *; q=.2, */*; q=.2',
  'host' => 'lingdayun.com',
  'user-agent' => 'Mozilla/5.0 (Macintosh; Intel Mac OS X 10_11_6) AppleWebKit/537.36 (KHTML, like Gecko) Chrome/53.0.2785.143 Safari/537.36',
  'accept-encoding' => 'gzip',
)
[ info ] [ PARAM ] array (
)
[ info ] [ RUN ] app\index\controller\Index->index[ C:\wwwroot\www.lingdayun.com\application\index\controller\Index.php ]
[ info ] [ VIEW ] C:\wwwroot\www.lingdayun.com\public/../application/index\view\index\index.html [ array (
) ]
[ info ] [ LOG ] INIT File

---------------------------------------------------------------
[ 2023-01-05T15:46:02+08:00 ] 10.0.8.4 218.76.35.26 GET /
[ log ] lingdayun.com/ [运行时间：0.086194s][吞吐率：11.60req/s] [内存消耗：1,276.16kb] [文件加载：44]
[ info ] [ LANG ] C:\wwwroot\www.lingdayun.com\thinkphp\lang\zh-cn.php
[ info ] [ ROUTE ] array (
  'type' => 'module',
  'module' => 
  array (
    0 => '',
    1 => NULL,
    2 => NULL,
  ),
)
[ info ] [ HEADER ] array (
  'connection' => 'close',
  'accept' => 'text/html, image/gif, image/jpeg, *; q=.2, */*; q=.2',
  'host' => 'lingdayun.com',
  'user-agent' => 'Mozilla/5.0 (Macintosh; Intel Mac OS X 10_11_6) AppleWebKit/537.36 (KHTML, like Gecko) Chrome/53.0.2785.143 Safari/537.36',
  'accept-encoding' => 'gzip',
)
[ info ] [ PARAM ] array (
)
[ info ] [ RUN ] app\index\controller\Index->index[ C:\wwwroot\www.lingdayun.com\application\index\controller\Index.php ]
[ info ] [ VIEW ] C:\wwwroot\www.lingdayun.com\public/../application/index\view\index\index.html [ array (
) ]
[ info ] [ LOG ] INIT File

---------------------------------------------------------------
[ 2023-01-05T15:57:08+08:00 ] 10.0.8.4 220.196.160.73 GET /
[ log ] lingdayun.com/ [运行时间：0.088051s][吞吐率：11.36req/s] [内存消耗：1,277.13kb] [文件加载：44]
[ info ] [ LANG ] C:\wwwroot\www.lingdayun.com\thinkphp\lang\zh-cn.php
[ info ] [ ROUTE ] array (
  'type' => 'module',
  'module' => 
  array (
    0 => '',
    1 => NULL,
    2 => NULL,
  ),
)
[ info ] [ HEADER ] array (
  'x-forwarded-for' => '82.157.249.182',
  'upgrade-insecure-requests' => '1',
  'referer' => 'http://lingdayun.com/',
  'connection' => 'close',
  'cache-control' => 'max-age=0',
  'accept-language' => 'zh-CN,zh;q=0.9',
  'accept-encoding' => 'gzip, deflate',
  'accept' => 'text/html,application/xhtml+xml,application/xml;q=0.9,image/avif,image/webp,image/apng,*/*;q=0.8,application/signed-exchange;v=b3;q=0.9',
  'user-agent' => 'Mozilla/5.0 (Macintosh; Intel Mac OS X 10_11_6) AppleWebKit/537.36 (KHTML, like Gecko) Chrome/53.0.2785.143 Safari/537.36',
  'host' => 'lingdayun.com',
)
[ info ] [ PARAM ] array (
)
[ info ] [ RUN ] app\index\controller\Index->index[ C:\wwwroot\www.lingdayun.com\application\index\controller\Index.php ]
[ info ] [ VIEW ] C:\wwwroot\www.lingdayun.com\public/../application/index\view\index\index.html [ array (
) ]
[ info ] [ LOG ] INIT File

---------------------------------------------------------------
[ 2023-01-05T16:21:22+08:00 ] 10.0.8.4 65.154.226.168 GET /
[ log ] www.lingdayun.com/ [运行时间：0.089555s][吞吐率：11.17req/s] [内存消耗：1,277.57kb] [文件加载：44]
[ info ] [ LANG ] C:\wwwroot\www.lingdayun.com\thinkphp\lang\zh-cn.php
[ info ] [ ROUTE ] array (
  'type' => 'module',
  'module' => 
  array (
    0 => '',
    1 => NULL,
    2 => NULL,
  ),
)
[ info ] [ HEADER ] array (
  'connection' => 'close',
  'host' => 'www.lingdayun.com',
  'accept-language' => 'en-US',
  'accept-encoding' => 'gzip, deflate, br',
  'sec-fetch-dest' => 'document',
  'sec-fetch-user' => '?1',
  'sec-fetch-mode' => 'navigate',
  'sec-fetch-site' => 'none',
  'accept' => 'text/html,application/xhtml+xml,application/xml;q=0.9,image/avif,image/webp,image/apng,*/*;q=0.8,application/signed-exchange;v=b3;q=0.9',
  'user-agent' => 'Mozilla/5.0 (X11; Linux x86_64) AppleWebKit/537.36 (KHTML, like Gecko) HeadlessChrome/104.0.5112.101 Safari/537.36',
  'upgrade-insecure-requests' => '1',
  'cache-control' => 'no-cache',
  'pragma' => 'no-cache',
)
[ info ] [ PARAM ] array (
)
[ info ] [ RUN ] app\index\controller\Index->index[ C:\wwwroot\www.lingdayun.com\application\index\controller\Index.php ]
[ info ] [ VIEW ] C:\wwwroot\www.lingdayun.com\public/../application/index\view\index\index.html [ array (
) ]
[ info ] [ LOG ] INIT File

---------------------------------------------------------------
[ 2023-01-05T16:26:17+08:00 ] 10.0.8.4 65.154.226.171 GET /
[ log ] lingdayun.com/ [运行时间：0.096883s][吞吐率：10.32req/s] [内存消耗：1,276.96kb] [文件加载：44]
[ info ] [ LANG ] C:\wwwroot\www.lingdayun.com\thinkphp\lang\zh-cn.php
[ info ] [ ROUTE ] array (
  'type' => 'module',
  'module' => 
  array (
    0 => '',
    1 => NULL,
    2 => NULL,
  ),
)
[ info ] [ HEADER ] array (
  'connection' => 'close',
  'host' => 'lingdayun.com',
  'accept-encoding' => 'gzip, deflate, br',
  'sec-fetch-site' => 'none',
  'accept' => 'text/html,application/xhtml+xml,application/xml;q=0.9,image/webp,image/apng,*/*;q=0.8,application/signed-exchange;v=b3',
  'accept-language' => 'en-US,en;q=0.9',
  'user-agent' => 'Mozilla/5.0 (Windows NT 10.0; Win64; x64) AppleWebKit/537.36 (KHTML, like Gecko) Chrome/76.0.3809.71 Safari/537.36',
  'upgrade-insecure-requests' => '1',
  'cache-control' => 'no-cache',
  'pragma' => 'no-cache',
)
[ info ] [ PARAM ] array (
)
[ info ] [ RUN ] app\index\controller\Index->index[ C:\wwwroot\www.lingdayun.com\application\index\controller\Index.php ]
[ info ] [ VIEW ] C:\wwwroot\www.lingdayun.com\public/../application/index\view\index\index.html [ array (
) ]
[ info ] [ LOG ] INIT File

---------------------------------------------------------------
[ 2023-01-05T17:43:24+08:00 ] 10.0.8.4 207.46.13.44 GET /
[ log ] www.lingdayun.com/ [运行时间：0.082730s][吞吐率：12.09req/s] [内存消耗：1,276.49kb] [文件加载：44]
[ info ] [ LANG ] C:\wwwroot\www.lingdayun.com\thinkphp\lang\zh-cn.php
[ info ] [ ROUTE ] array (
  'type' => 'module',
  'module' => 
  array (
    0 => '',
    1 => NULL,
    2 => NULL,
  ),
)
[ info ] [ HEADER ] array (
  'connection' => 'close',
  'host' => 'www.lingdayun.com',
  'user-agent' => 'Mozilla/5.0 AppleWebKit/537.36 (KHTML, like Gecko; compatible; bingbot/2.0; +http://www.bing.com/bingbot.htm) Chrome/103.0.5060.134 Safari/537.36',
  'from' => 'bingbot(at)microsoft.com',
  'accept-encoding' => 'gzip, deflate',
  'accept' => '*/*',
  'pragma' => 'no-cache',
  'cache-control' => 'no-cache',
)
[ info ] [ PARAM ] array (
)
[ info ] [ RUN ] app\index\controller\Index->index[ C:\wwwroot\www.lingdayun.com\application\index\controller\Index.php ]
[ info ] [ VIEW ] C:\wwwroot\www.lingdayun.com\public/../application/index\view\index\index.html [ array (
) ]
[ info ] [ LOG ] INIT File

---------------------------------------------------------------
[ 2023-01-05T18:21:50+08:00 ] 10.0.8.4 180.96.19.6 GET /
[ log ] lingdayun.com/ [运行时间：0.081957s][吞吐率：12.20req/s] [内存消耗：1,276.09kb] [文件加载：44]
[ info ] [ LANG ] C:\wwwroot\www.lingdayun.com\thinkphp\lang\zh-cn.php
[ info ] [ ROUTE ] array (
  'type' => 'module',
  'module' => 
  array (
    0 => '',
    1 => NULL,
    2 => NULL,
  ),
)
[ info ] [ HEADER ] array (
  'connection' => 'close',
  'accept-encoding' => 'deflate, gzip',
  'accept' => '*/*',
  'user-agent' => 'Mozilla/5.0 (Windows NT 6.1; Win64; x64) AppleWebKit/537.36 (KHTML, like Gecko) Chrome/46.0.2490.86 Safari/537.36',
  'host' => 'lingdayun.com',
)
[ info ] [ PARAM ] array (
)
[ info ] [ RUN ] app\index\controller\Index->index[ C:\wwwroot\www.lingdayun.com\application\index\controller\Index.php ]
[ info ] [ VIEW ] C:\wwwroot\www.lingdayun.com\public/../application/index\view\index\index.html [ array (
) ]
[ info ] [ LOG ] INIT File

---------------------------------------------------------------
[ 2023-01-05T19:06:29+08:00 ] 10.0.8.4 146.70.132.120 GET /
[ log ] lingdayun.com/ [运行时间：0.082094s][吞吐率：12.18req/s] [内存消耗：1,276.39kb] [文件加载：44]
[ info ] [ LANG ] C:\wwwroot\www.lingdayun.com\thinkphp\lang\zh-cn.php
[ info ] [ ROUTE ] array (
  'type' => 'module',
  'module' => 
  array (
    0 => '',
    1 => NULL,
    2 => NULL,
  ),
)
[ info ] [ HEADER ] array (
  'connection' => 'close',
  'host' => 'lingdayun.com',
  'pragma' => 'no-cache',
  'cache-control' => 'no-cache',
  'accept-encoding' => 'gzip',
  'accept' => 'text/html,application/xhtml+xml,application/xml;q=0.9,*/*;q=0.8',
  'user-agent' => 'Mozilla/5.0 (Windows NT 10.0; Win64; x64) AppleWebKit/537.36 (KHTML, like Gecko) Chrome/64.0.3282.140 Safari/537.36 Edge/17.17134',
)
[ info ] [ PARAM ] array (
)
[ info ] [ RUN ] app\index\controller\Index->index[ C:\wwwroot\www.lingdayun.com\application\index\controller\Index.php ]
[ info ] [ VIEW ] C:\wwwroot\www.lingdayun.com\public/../application/index\view\index\index.html [ array (
) ]
[ info ] [ LOG ] INIT File

---------------------------------------------------------------
[ 2023-01-05T21:23:01+08:00 ] 10.0.8.4 180.101.244.14 GET /
[ log ] www.lingdayun.com/ [运行时间：0.081815s][吞吐率：12.22req/s] [内存消耗：1,277.03kb] [文件加载：44]
[ info ] [ LANG ] C:\wwwroot\www.lingdayun.com\thinkphp\lang\zh-cn.php
[ info ] [ ROUTE ] array (
  'type' => 'module',
  'module' => 
  array (
    0 => '',
    1 => NULL,
    2 => NULL,
  ),
)
[ info ] [ HEADER ] array (
  'x-forwarded-for' => '82.157.249.182',
  'upgrade-insecure-requests' => '1',
  'referer' => 'http://www.lingdayun.com',
  'connection' => 'close',
  'cache-control' => 'max-age=0',
  'accept-language' => 'zh-CN,zh;q=0.9',
  'accept-encoding' => 'gzip, deflate',
  'accept' => 'text/html,application/xhtml+xml,application/xml;q=0.9,image/avif,image/webp,image/apng,*/*;q=0.8,application/signed-exchange;v=b3;q=0.9',
  'user-agent' => 'Mozilla/5.0 (compatible; bingbot/2.0; +http://www.bing.com/bingbot.htm)',
  'host' => 'www.lingdayun.com',
)
[ info ] [ PARAM ] array (
)
[ info ] [ RUN ] app\index\controller\Index->index[ C:\wwwroot\www.lingdayun.com\application\index\controller\Index.php ]
[ info ] [ VIEW ] C:\wwwroot\www.lingdayun.com\public/../application/index\view\index\index.html [ array (
) ]
[ info ] [ LOG ] INIT File

---------------------------------------------------------------
[ 2023-01-05T21:23:02+08:00 ] 10.0.8.4 180.101.244.12 GET /
[ log ] www.lingdayun.com/ [运行时间：0.076697s][吞吐率：13.04req/s] [内存消耗：1,277.03kb] [文件加载：44]
[ info ] [ LANG ] C:\wwwroot\www.lingdayun.com\thinkphp\lang\zh-cn.php
[ info ] [ ROUTE ] array (
  'type' => 'module',
  'module' => 
  array (
    0 => '',
    1 => NULL,
    2 => NULL,
  ),
)
[ info ] [ HEADER ] array (
  'x-forwarded-for' => '82.157.249.182',
  'upgrade-insecure-requests' => '1',
  'referer' => 'http://www.lingdayun.com/',
  'connection' => 'close',
  'cache-control' => 'max-age=0',
  'accept-language' => 'zh-CN,zh;q=0.9',
  'accept-encoding' => 'gzip, deflate',
  'accept' => 'text/html,application/xhtml+xml,application/xml;q=0.9,image/avif,image/webp,image/apng,*/*;q=0.8,application/signed-exchange;v=b3;q=0.9',
  'user-agent' => 'Mozilla/5.0 (compatible; bingbot/2.0; +http://www.bing.com/bingbot.htm)',
  'host' => 'www.lingdayun.com',
)
[ info ] [ PARAM ] array (
)
[ info ] [ RUN ] app\index\controller\Index->index[ C:\wwwroot\www.lingdayun.com\application\index\controller\Index.php ]
[ info ] [ VIEW ] C:\wwwroot\www.lingdayun.com\public/../application/index\view\index\index.html [ array (
) ]
[ info ] [ LOG ] INIT File

---------------------------------------------------------------
[ 2023-01-05T21:23:04+08:00 ] 10.0.8.4 220.196.160.83 GET /
[ log ] www.lingdayun.com/ [运行时间：0.089850s][吞吐率：11.13req/s] [内存消耗：1,277.09kb] [文件加载：44]
[ info ] [ LANG ] C:\wwwroot\www.lingdayun.com\thinkphp\lang\zh-cn.php
[ info ] [ ROUTE ] array (
  'type' => 'module',
  'module' => 
  array (
    0 => '',
    1 => NULL,
    2 => NULL,
  ),
)
[ info ] [ HEADER ] array (
  'connection' => 'close',
  'host' => 'www.lingdayun.com',
  'accept-encoding' => 'gzip, deflate, br',
  'sec-fetch-dest' => 'document',
  'sec-fetch-user' => '?1',
  'sec-fetch-mode' => 'navigate',
  'sec-fetch-site' => 'none',
  'accept' => 'text/html,application/xhtml+xml,application/xml;q=0.9,image/avif,image/webp,image/apng,*/*;q=0.8,application/signed-exchange;v=b3;q=0.9',
  'accept-language' => 'zh-CN,zh;q=0.9',
  'user-agent' => 'Mozilla/5.0 (compatible; bingbot/2.0; +http://www.bing.com/bingbot.htm)',
  'upgrade-insecure-requests' => '1',
)
[ info ] [ PARAM ] array (
)
[ info ] [ RUN ] app\index\controller\Index->index[ C:\wwwroot\www.lingdayun.com\application\index\controller\Index.php ]
[ info ] [ VIEW ] C:\wwwroot\www.lingdayun.com\public/../application/index\view\index\index.html [ array (
) ]
[ info ] [ LOG ] INIT File

---------------------------------------------------------------
[ 2023-01-05T21:54:55+08:00 ] 10.0.8.4 207.46.13.44 GET /
[ log ] lingdayun.com/ [运行时间：0.078148s][吞吐率：12.80req/s] [内存消耗：1,276.47kb] [文件加载：44]
[ info ] [ LANG ] C:\wwwroot\www.lingdayun.com\thinkphp\lang\zh-cn.php
[ info ] [ ROUTE ] array (
  'type' => 'module',
  'module' => 
  array (
    0 => '',
    1 => NULL,
    2 => NULL,
  ),
)
[ info ] [ HEADER ] array (
  'connection' => 'close',
  'host' => 'lingdayun.com',
  'user-agent' => 'Mozilla/5.0 (compatible; bingbot/2.0; +http://www.bing.com/bingbot.htm)',
  'from' => 'bingbot(at)microsoft.com',
  'accept-encoding' => 'gzip, deflate',
  'accept' => '*/*',
  'pragma' => 'no-cache',
  'cache-control' => 'no-cache',
)
[ info ] [ PARAM ] array (
)
[ info ] [ RUN ] app\index\controller\Index->index[ C:\wwwroot\www.lingdayun.com\application\index\controller\Index.php ]
[ info ] [ VIEW ] C:\wwwroot\www.lingdayun.com\public/../application/index\view\index\index.html [ array (
) ]
[ info ] [ LOG ] INIT File

---------------------------------------------------------------
[ 2023-01-05T22:44:54+08:00 ] 10.0.8.4 218.76.35.26 GET /
[ log ] www.lingdayun.com/ [运行时间：0.076717s][吞吐率：13.03req/s] [内存消耗：1,276.22kb] [文件加载：44]
[ info ] [ LANG ] C:\wwwroot\www.lingdayun.com\thinkphp\lang\zh-cn.php
[ info ] [ ROUTE ] array (
  'type' => 'module',
  'module' => 
  array (
    0 => '',
    1 => NULL,
    2 => NULL,
  ),
)
[ info ] [ HEADER ] array (
  'connection' => 'close',
  'accept' => 'text/html, image/gif, image/jpeg, *; q=.2, */*; q=.2',
  'host' => 'www.lingdayun.com',
  'user-agent' => 'Mozilla/5.0 (Macintosh; Intel Mac OS X 10_11_6) AppleWebKit/537.36 (KHTML, like Gecko) Chrome/53.0.2785.143 Safari/537.36',
  'accept-encoding' => 'gzip',
)
[ info ] [ PARAM ] array (
)
[ info ] [ RUN ] app\index\controller\Index->index[ C:\wwwroot\www.lingdayun.com\application\index\controller\Index.php ]
[ info ] [ VIEW ] C:\wwwroot\www.lingdayun.com\public/../application/index\view\index\index.html [ array (
) ]
[ info ] [ LOG ] INIT File

---------------------------------------------------------------
[ 2023-01-05T22:44:55+08:00 ] 10.0.8.4 218.76.35.26 GET /
[ log ] www.lingdayun.com/ [运行时间：0.082743s][吞吐率：12.09req/s] [内存消耗：1,276.22kb] [文件加载：44]
[ info ] [ LANG ] C:\wwwroot\www.lingdayun.com\thinkphp\lang\zh-cn.php
[ info ] [ ROUTE ] array (
  'type' => 'module',
  'module' => 
  array (
    0 => '',
    1 => NULL,
    2 => NULL,
  ),
)
[ info ] [ HEADER ] array (
  'connection' => 'close',
  'accept' => 'text/html, image/gif, image/jpeg, *; q=.2, */*; q=.2',
  'host' => 'www.lingdayun.com',
  'user-agent' => 'Mozilla/5.0 (Macintosh; Intel Mac OS X 10_11_6) AppleWebKit/537.36 (KHTML, like Gecko) Chrome/53.0.2785.143 Safari/537.36',
  'accept-encoding' => 'gzip',
)
[ info ] [ PARAM ] array (
)
[ info ] [ RUN ] app\index\controller\Index->index[ C:\wwwroot\www.lingdayun.com\application\index\controller\Index.php ]
[ info ] [ VIEW ] C:\wwwroot\www.lingdayun.com\public/../application/index\view\index\index.html [ array (
) ]
[ info ] [ LOG ] INIT File

---------------------------------------------------------------
[ 2023-01-05T23:30:28+08:00 ] 10.0.8.4 180.101.245.253 GET /
[ log ] www.lingdayun.com/ [运行时间：0.076827s][吞吐率：13.02req/s] [内存消耗：1,277.01kb] [文件加载：44]
[ info ] [ LANG ] C:\wwwroot\www.lingdayun.com\thinkphp\lang\zh-cn.php
[ info ] [ ROUTE ] array (
  'type' => 'module',
  'module' => 
  array (
    0 => '',
    1 => NULL,
    2 => NULL,
  ),
)
[ info ] [ HEADER ] array (
  'upgrade-insecure-requests' => '1',
  'referer' => 'http://www.lingdayun.com',
  'connection' => 'close',
  'cache-control' => 'max-age=0',
  'accept-language' => 'zh-CN,zh;q=0.9',
  'accept-encoding' => 'gzip, deflate',
  'accept' => 'text/html,application/xhtml+xml,application/xml;q=0.9,image/avif,image/webp,image/apng,*/*;q=0.8,application/signed-exchange;v=b3;q=0.9',
  'user-agent' => 'Mozilla/5.0 (iPhone; CPU iPhone os 15_4 like Mac OS X) AppleWebKit/605.1.15 (KHTML, like Gecko) Version/15.4 Mobile/11D257 Safari/604.1',
  'host' => 'www.lingdayun.com',
)
[ info ] [ PARAM ] array (
)
[ info ] [ RUN ] app\index\controller\Index->index[ C:\wwwroot\www.lingdayun.com\application\index\controller\Index.php ]
[ info ] [ VIEW ] C:\wwwroot\www.lingdayun.com\public/../application/index\view\index\index.html [ array (
) ]
[ info ] [ LOG ] INIT File

---------------------------------------------------------------
[ 2023-01-05T23:30:29+08:00 ] 10.0.8.4 180.101.244.16 GET /
[ log ] lingdayun.com/ [运行时间：0.088707s][吞吐率：11.27req/s] [内存消耗：1,277.06kb] [文件加载：44]
[ info ] [ LANG ] C:\wwwroot\www.lingdayun.com\thinkphp\lang\zh-cn.php
[ info ] [ ROUTE ] array (
  'type' => 'module',
  'module' => 
  array (
    0 => '',
    1 => NULL,
    2 => NULL,
  ),
)
[ info ] [ HEADER ] array (
  'upgrade-insecure-requests' => '1',
  'referer' => 'http://lingdayun.com',
  'connection' => 'close',
  'cache-control' => 'max-age=0',
  'accept-language' => 'zh-CN,zh;q=0.9',
  'accept-encoding' => 'gzip, deflate',
  'accept' => 'text/html,application/xhtml+xml,application/xml;q=0.9,image/avif,image/webp,image/apng,*/*;q=0.8,application/signed-exchange;v=b3;q=0.9',
  'user-agent' => 'Mozilla/5.0 (iPhone; CPU iPhone os 15_4 like Mac OS X) AppleWebKit/605.1.15 (KHTML, like Gecko) Version/15.4 Mobile/11D257 Safari/604.1',
  'host' => 'lingdayun.com',
)
[ info ] [ PARAM ] array (
)
[ info ] [ RUN ] app\index\controller\Index->index[ C:\wwwroot\www.lingdayun.com\application\index\controller\Index.php ]
[ info ] [ VIEW ] C:\wwwroot\www.lingdayun.com\public/../application/index\view\index\index.html [ array (
) ]
[ info ] [ LOG ] INIT File

---------------------------------------------------------------
[ 2023-01-05T23:30:29+08:00 ] 10.0.8.4 220.196.160.75 GET /
[ log ] lingdayun.com/ [运行时间：0.089856s][吞吐率：11.13req/s] [内存消耗：1,277.06kb] [文件加载：44]
[ info ] [ LANG ] C:\wwwroot\www.lingdayun.com\thinkphp\lang\zh-cn.php
[ info ] [ ROUTE ] array (
  'type' => 'module',
  'module' => 
  array (
    0 => '',
    1 => NULL,
    2 => NULL,
  ),
)
[ info ] [ HEADER ] array (
  'upgrade-insecure-requests' => '1',
  'referer' => 'http://lingdayun.com',
  'connection' => 'close',
  'cache-control' => 'max-age=0',
  'accept-language' => 'zh-CN,zh;q=0.9',
  'accept-encoding' => 'gzip, deflate',
  'accept' => 'text/html,application/xhtml+xml,application/xml;q=0.9,image/avif,image/webp,image/apng,*/*;q=0.8,application/signed-exchange;v=b3;q=0.9',
  'user-agent' => 'Mozilla/5.0 (iPhone; CPU iPhone os 15_4 like Mac OS X) AppleWebKit/605.1.15 (KHTML, like Gecko) Version/15.4 Mobile/11D257 Safari/604.1',
  'host' => 'lingdayun.com',
)
[ info ] [ PARAM ] array (
)
[ info ] [ RUN ] app\index\controller\Index->index[ C:\wwwroot\www.lingdayun.com\application\index\controller\Index.php ]
[ info ] [ VIEW ] C:\wwwroot\www.lingdayun.com\public/../application/index\view\index\index.html [ array (
) ]
[ info ] [ LOG ] INIT File

---------------------------------------------------------------
[ 2023-01-05T23:30:29+08:00 ] 10.0.8.4 220.196.160.117 GET /
[ log ] www.lingdayun.com/ [运行时间：0.089302s][吞吐率：11.20req/s] [内存消耗：1,277.01kb] [文件加载：44]
[ info ] [ LANG ] C:\wwwroot\www.lingdayun.com\thinkphp\lang\zh-cn.php
[ info ] [ ROUTE ] array (
  'type' => 'module',
  'module' => 
  array (
    0 => '',
    1 => NULL,
    2 => NULL,
  ),
)
[ info ] [ HEADER ] array (
  'upgrade-insecure-requests' => '1',
  'referer' => 'http://www.lingdayun.com',
  'connection' => 'close',
  'cache-control' => 'max-age=0',
  'accept-language' => 'zh-CN,zh;q=0.9',
  'accept-encoding' => 'gzip, deflate',
  'accept' => 'text/html,application/xhtml+xml,application/xml;q=0.9,image/avif,image/webp,image/apng,*/*;q=0.8,application/signed-exchange;v=b3;q=0.9',
  'user-agent' => 'Mozilla/5.0 (iPhone; CPU iPhone os 15_4 like Mac OS X) AppleWebKit/605.1.15 (KHTML, like Gecko) Version/15.4 Mobile/11D257 Safari/604.1',
  'host' => 'www.lingdayun.com',
)
[ info ] [ PARAM ] array (
)
[ info ] [ RUN ] app\index\controller\Index->index[ C:\wwwroot\www.lingdayun.com\application\index\controller\Index.php ]
[ info ] [ VIEW ] C:\wwwroot\www.lingdayun.com\public/../application/index\view\index\index.html [ array (
) ]
[ info ] [ LOG ] INIT File

---------------------------------------------------------------
