[ 2023-01-17T03:27:47+08:00 ] 10.0.8.4 157.55.39.188 GET /
[ log ] www.lingdayun.com/ [运行时间：0.016155s][吞吐率：61.90req/s] [内存消耗：1,711.98kb] [文件加载：44]
[ info ] [ LANG ] /www/wwwroot/yanyanyang/www.lingdayun.com/thinkphp/lang/zh-cn.php
[ info ] [ ROUTE ] array (
  'type' => 'module',
  'module' => 
  array (
    0 => '',
    1 => NULL,
    2 => NULL,
  ),
)
[ info ] [ HEADER ] array (
  'user-agent' => 'Mozilla/5.0 (compatible; bingbot/2.0; +http://www.bing.com/bingbot.htm)',
  'host' => 'www.lingdayun.com',
  'from' => 'bingbot(at)microsoft.com',
  'accept-encoding' => 'gzip, deflate',
  'accept' => '*/*',
  'pragma' => 'no-cache',
  'connection' => 'Keep-Alive',
  'cache-control' => 'no-cache',
  'content-length' => '',
  'content-type' => '',
)
[ info ] [ PARAM ] array (
)
[ info ] [ RUN ] app\index\controller\Index->index[ /www/wwwroot/yanyanyang/www.lingdayun.com/application/index/controller/Index.php ]
[ info ] [ VIEW ] /www/wwwroot/yanyanyang/www.lingdayun.com/public/../application/index/view/index/index.html [ array (
) ]
[ info ] [ LOG ] INIT File

---------------------------------------------------------------
[ 2023-01-17T06:38:29+08:00 ] 10.0.8.4 124.71.166.204 GET /
[ log ] www.lingdayun.com/ [运行时间：0.016844s][吞吐率：59.37req/s] [内存消耗：1,710.51kb] [文件加载：44]
[ info ] [ LANG ] /www/wwwroot/yanyanyang/www.lingdayun.com/thinkphp/lang/zh-cn.php
[ info ] [ ROUTE ] array (
  'type' => 'module',
  'module' => 
  array (
    0 => '',
    1 => NULL,
    2 => NULL,
  ),
)
[ info ] [ HEADER ] array (
  'accept-encoding' => 'gzip',
  'upgrade-insecure-requests' => '1',
  'user-agent' => 'Mozilla/5.0 (Windows NT 10.9; Win64; x64) AppleWebKit/537.36 (KHTML, like Gecko) Chrome/73.0.3761.88 Safari/537.36',
  'accept-language' => 'zh-CN, zh; q=0.9, en; q=0.8, ko; q=0.7',
  'accept' => 'text/html, application/xhtml+xml, application/xml; q=0.9, image/webp; q=0.8',
  'host' => 'www.lingdayun.com',
  'content-length' => '',
  'content-type' => '',
)
[ info ] [ PARAM ] array (
)
[ info ] [ RUN ] app\index\controller\Index->index[ /www/wwwroot/yanyanyang/www.lingdayun.com/application/index/controller/Index.php ]
[ info ] [ VIEW ] /www/wwwroot/yanyanyang/www.lingdayun.com/public/../application/index/view/index/index.html [ array (
) ]
[ info ] [ LOG ] INIT File

---------------------------------------------------------------
[ 2023-01-17T06:55:52+08:00 ] 10.0.8.4 106.52.109.61 GET /
[ log ] www.lingdayun.com/ [运行时间：0.016611s][吞吐率：60.20req/s] [内存消耗：1,709.78kb] [文件加载：44]
[ info ] [ LANG ] /www/wwwroot/yanyanyang/www.lingdayun.com/thinkphp/lang/zh-cn.php
[ info ] [ ROUTE ] array (
  'type' => 'module',
  'module' => 
  array (
    0 => '',
    1 => NULL,
    2 => NULL,
  ),
)
[ info ] [ HEADER ] array (
  'accept-encoding' => 'gzip',
  'user-agent' => 'mozilla/5.0 (iphone; cpu iphone os 13_5_1 like mac os x) applewebkit/605.1.15 (khtml, like gecko) mobile/15e148 micromessenger/7.0.15(0x17000f2b) nettype/4g language/zh_cn miniprogram',
  'host' => 'www.lingdayun.com',
  'content-length' => '',
  'content-type' => '',
)
[ info ] [ PARAM ] array (
)
[ info ] [ RUN ] app\index\controller\Index->index[ /www/wwwroot/yanyanyang/www.lingdayun.com/application/index/controller/Index.php ]
[ info ] [ VIEW ] /www/wwwroot/yanyanyang/www.lingdayun.com/public/../application/index/view/index/index.html [ array (
) ]
[ info ] [ LOG ] INIT File

---------------------------------------------------------------
[ 2023-01-17T12:50:09+08:00 ] 10.0.8.4 157.55.39.188 GET /
[ log ] www.lingdayun.com/ [运行时间：0.016924s][吞吐率：59.09req/s] [内存消耗：1,712.00kb] [文件加载：44]
[ info ] [ LANG ] /www/wwwroot/yanyanyang/www.lingdayun.com/thinkphp/lang/zh-cn.php
[ info ] [ ROUTE ] array (
  'type' => 'module',
  'module' => 
  array (
    0 => '',
    1 => NULL,
    2 => NULL,
  ),
)
[ info ] [ HEADER ] array (
  'user-agent' => 'Mozilla/5.0 (compatible; bingbot/2.0; +http://www.bing.com/bingbot.htm)',
  'host' => 'www.lingdayun.com',
  'from' => 'bingbot(at)microsoft.com',
  'accept-encoding' => 'gzip, deflate',
  'accept' => '*/*',
  'pragma' => 'no-cache',
  'connection' => 'Keep-Alive',
  'cache-control' => 'no-cache',
  'content-length' => '',
  'content-type' => '',
)
[ info ] [ PARAM ] array (
)
[ info ] [ RUN ] app\index\controller\Index->index[ /www/wwwroot/yanyanyang/www.lingdayun.com/application/index/controller/Index.php ]
[ info ] [ VIEW ] /www/wwwroot/yanyanyang/www.lingdayun.com/public/../application/index/view/index/index.html [ array (
) ]
[ info ] [ LOG ] INIT File

---------------------------------------------------------------
[ 2023-01-17T13:16:15+08:00 ] 10.0.8.4 111.14.43.12 GET /
[ log ] www.lingdayun.com/ [运行时间：0.018398s][吞吐率：54.35req/s] [内存消耗：1,712.60kb] [文件加载：44]
[ info ] [ LANG ] /www/wwwroot/yanyanyang/www.lingdayun.com/thinkphp/lang/zh-cn.php
[ info ] [ ROUTE ] array (
  'type' => 'module',
  'module' => 
  array (
    0 => '',
    1 => NULL,
    2 => NULL,
  ),
)
[ info ] [ HEADER ] array (
  'accept-language' => 'zh-CN,zh;q=0.9,en;q=0.8,en-GB;q=0.7,en-US;q=0.6',
  'accept-encoding' => 'gzip, deflate',
  'accept' => 'text/html,application/xhtml+xml,application/xml;q=0.9,image/webp,image/apng,*/*;q=0.8,application/signed-exchange;v=b3;q=0.9',
  'user-agent' => 'Mozilla/5.0 (Windows NT 10.0; Win64; x64) AppleWebKit/537.36 (KHTML, like Gecko) Chrome/109.0.0.0 Safari/537.36 Edg/109.0.1518.52',
  'upgrade-insecure-requests' => '1',
  'connection' => 'keep-alive',
  'host' => 'www.lingdayun.com',
  'content-length' => '',
  'content-type' => '',
)
[ info ] [ PARAM ] array (
)
[ info ] [ RUN ] app\index\controller\Index->index[ /www/wwwroot/yanyanyang/www.lingdayun.com/application/index/controller/Index.php ]
[ info ] [ VIEW ] /www/wwwroot/yanyanyang/www.lingdayun.com/public/../application/index/view/index/index.html [ array (
) ]
[ info ] [ LOG ] INIT File

---------------------------------------------------------------
[ 2023-01-17T13:17:17+08:00 ] 10.0.8.4 111.14.43.12 GET /
[ log ] www.lingdayun.com/ [运行时间：0.016662s][吞吐率：60.02req/s] [内存消耗：1,712.80kb] [文件加载：44]
[ info ] [ LANG ] /www/wwwroot/yanyanyang/www.lingdayun.com/thinkphp/lang/zh-cn.php
[ info ] [ ROUTE ] array (
  'type' => 'module',
  'module' => 
  array (
    0 => '',
    1 => NULL,
    2 => NULL,
  ),
)
[ info ] [ HEADER ] array (
  'accept-language' => 'zh-CN,zh;q=0.9,en;q=0.8,en-GB;q=0.7,en-US;q=0.6',
  'accept-encoding' => 'gzip, deflate',
  'accept' => 'text/html,application/xhtml+xml,application/xml;q=0.9,image/webp,image/apng,*/*;q=0.8,application/signed-exchange;v=b3;q=0.9',
  'user-agent' => 'Mozilla/5.0 (Windows NT 10.0; Win64; x64) AppleWebKit/537.36 (KHTML, like Gecko) Chrome/109.0.0.0 Safari/537.36 Edg/109.0.1518.52',
  'upgrade-insecure-requests' => '1',
  'cache-control' => 'max-age=0',
  'connection' => 'keep-alive',
  'host' => 'www.lingdayun.com',
  'content-length' => '',
  'content-type' => '',
)
[ info ] [ PARAM ] array (
)
[ info ] [ RUN ] app\index\controller\Index->index[ /www/wwwroot/yanyanyang/www.lingdayun.com/application/index/controller/Index.php ]
[ info ] [ VIEW ] /www/wwwroot/yanyanyang/www.lingdayun.com/public/../application/index/view/index/index.html [ array (
) ]
[ info ] [ LOG ] INIT File

---------------------------------------------------------------
[ 2023-01-17T13:27:31+08:00 ] 10.0.8.4 123.123.43.89 GET /
[ log ] www.lingdayun.com/ [运行时间：0.015778s][吞吐率：63.38req/s] [内存消耗：1,712.60kb] [文件加载：44]
[ info ] [ LANG ] /www/wwwroot/yanyanyang/www.lingdayun.com/thinkphp/lang/zh-cn.php
[ info ] [ ROUTE ] array (
  'type' => 'module',
  'module' => 
  array (
    0 => '',
    1 => NULL,
    2 => NULL,
  ),
)
[ info ] [ HEADER ] array (
  'accept-language' => 'zh-CN,zh;q=0.9,en;q=0.8,en-GB;q=0.7,en-US;q=0.6',
  'accept-encoding' => 'gzip, deflate',
  'accept' => 'text/html,application/xhtml+xml,application/xml;q=0.9,image/webp,image/apng,*/*;q=0.8,application/signed-exchange;v=b3;q=0.9',
  'user-agent' => 'Mozilla/5.0 (Windows NT 10.0; Win64; x64) AppleWebKit/537.36 (KHTML, like Gecko) Chrome/109.0.0.0 Safari/537.36 Edg/109.0.1518.55',
  'upgrade-insecure-requests' => '1',
  'connection' => 'keep-alive',
  'host' => 'www.lingdayun.com',
  'content-length' => '',
  'content-type' => '',
)
[ info ] [ PARAM ] array (
)
[ info ] [ RUN ] app\index\controller\Index->index[ /www/wwwroot/yanyanyang/www.lingdayun.com/application/index/controller/Index.php ]
[ info ] [ VIEW ] /www/wwwroot/yanyanyang/www.lingdayun.com/public/../application/index/view/index/index.html [ array (
) ]
[ info ] [ LOG ] INIT File

---------------------------------------------------------------
[ 2023-01-17T13:47:06+08:00 ] 10.0.8.4 59.83.208.108 GET /
[ log ] www.lingdayun.com/ [运行时间：0.016798s][吞吐率：59.53req/s] [内存消耗：1,712.69kb] [文件加载：44]
[ info ] [ LANG ] /www/wwwroot/yanyanyang/www.lingdayun.com/thinkphp/lang/zh-cn.php
[ info ] [ ROUTE ] array (
  'type' => 'module',
  'module' => 
  array (
    0 => '',
    1 => NULL,
    2 => NULL,
  ),
)
[ info ] [ HEADER ] array (
  'upgrade-insecure-requests' => '1',
  'connection' => 'keep-alive',
  'cache-control' => 'max-age=0',
  'accept-language' => 'zh-CN,zh;q=0.9',
  'accept-encoding' => 'gzip, deflate',
  'accept' => 'text/html,application/xhtml+xml,application/xml;q=0.9,image/avif,image/webp,image/apng,*/*;q=0.8,application/signed-exchange;v=b3;q=0.9',
  'user-agent' => 'Mozilla/5.0 (Windows NT 10.0; Win64; x64) AppleWebKit/537.36 (KHTML, like Gecko) Chrome/109.0.0.0 Safari/537.36 Edg/109.0.1518.52',
  'host' => 'www.lingdayun.com',
  'content-length' => '',
  'content-type' => '',
)
[ info ] [ PARAM ] array (
)
[ info ] [ RUN ] app\index\controller\Index->index[ /www/wwwroot/yanyanyang/www.lingdayun.com/application/index/controller/Index.php ]
[ info ] [ VIEW ] /www/wwwroot/yanyanyang/www.lingdayun.com/public/../application/index/view/index/index.html [ array (
) ]
[ info ] [ LOG ] INIT File

---------------------------------------------------------------
[ 2023-01-17T15:19:12+08:00 ] 10.0.8.4 157.55.39.188 GET /
[ log ] www.lingdayun.com/ [运行时间：0.016305s][吞吐率：61.33req/s] [内存消耗：1,712.34kb] [文件加载：44]
[ info ] [ LANG ] /www/wwwroot/yanyanyang/www.lingdayun.com/thinkphp/lang/zh-cn.php
[ info ] [ ROUTE ] array (
  'type' => 'module',
  'module' => 
  array (
    0 => '',
    1 => NULL,
    2 => NULL,
  ),
)
[ info ] [ HEADER ] array (
  'user-agent' => 'Mozilla/5.0 AppleWebKit/537.36 (KHTML, like Gecko; compatible; bingbot/2.0; +http://www.bing.com/bingbot.htm) Chrome/103.0.5060.134 Safari/537.36',
  'host' => 'www.lingdayun.com',
  'from' => 'bingbot(at)microsoft.com',
  'accept-encoding' => 'gzip, deflate',
  'accept' => '*/*',
  'pragma' => 'no-cache',
  'connection' => 'Keep-Alive',
  'cache-control' => 'no-cache',
  'content-length' => '',
  'content-type' => '',
)
[ info ] [ PARAM ] array (
)
[ info ] [ RUN ] app\index\controller\Index->index[ /www/wwwroot/yanyanyang/www.lingdayun.com/application/index/controller/Index.php ]
[ info ] [ VIEW ] /www/wwwroot/yanyanyang/www.lingdayun.com/public/../application/index/view/index/index.html [ array (
) ]
[ info ] [ LOG ] INIT File

---------------------------------------------------------------
[ 2023-01-17T15:26:59+08:00 ] 10.0.8.4 124.71.166.204 GET /
[ log ] www.lingdayun.com/ [运行时间：0.016403s][吞吐率：60.96req/s] [内存消耗：1,710.51kb] [文件加载：44]
[ info ] [ LANG ] /www/wwwroot/yanyanyang/www.lingdayun.com/thinkphp/lang/zh-cn.php
[ info ] [ ROUTE ] array (
  'type' => 'module',
  'module' => 
  array (
    0 => '',
    1 => NULL,
    2 => NULL,
  ),
)
[ info ] [ HEADER ] array (
  'accept-encoding' => 'gzip',
  'upgrade-insecure-requests' => '1',
  'user-agent' => 'Mozilla/5.0 (Windows NT 7.2; Win64; x64) AppleWebKit/537.36 (KHTML, like Gecko) Chrome/74.0.3844.88 Safari/537.36',
  'accept-language' => 'zh-CN, zh; q=0.9, en; q=0.8, ko; q=0.7',
  'accept' => 'text/html, application/xhtml+xml, application/xml; q=0.9, image/webp; q=0.8',
  'host' => 'www.lingdayun.com',
  'content-length' => '',
  'content-type' => '',
)
[ info ] [ PARAM ] array (
)
[ info ] [ RUN ] app\index\controller\Index->index[ /www/wwwroot/yanyanyang/www.lingdayun.com/application/index/controller/Index.php ]
[ info ] [ VIEW ] /www/wwwroot/yanyanyang/www.lingdayun.com/public/../application/index/view/index/index.html [ array (
) ]
[ info ] [ LOG ] INIT File

---------------------------------------------------------------
[ 2023-01-17T19:01:57+08:00 ] 10.0.8.4 119.101.107.127 GET /
[ log ] www.lingdayun.com/ [运行时间：0.016494s][吞吐率：60.63req/s] [内存消耗：1,710.09kb] [文件加载：44]
[ info ] [ LANG ] /www/wwwroot/yanyanyang/www.lingdayun.com/thinkphp/lang/zh-cn.php
[ info ] [ ROUTE ] array (
  'type' => 'module',
  'module' => 
  array (
    0 => '',
    1 => NULL,
    2 => NULL,
  ),
)
[ info ] [ HEADER ] array (
  'connection' => 'keep-alive',
  'cache-control' => 'max-age=259200',
  'host' => 'www.lingdayun.com',
  'user-agent' => 'Mozilla/5.0 (Windows NT 10.0; Win64; x64) AppleWebKit/537.36 (KHTML, like Gecko) Chrome/87.0.4280.141 Safari/537.36',
  'accept' => 'application/json, text/plain, */*',
  'content-length' => '',
  'content-type' => '',
)
[ info ] [ PARAM ] array (
)
[ info ] [ RUN ] app\index\controller\Index->index[ /www/wwwroot/yanyanyang/www.lingdayun.com/application/index/controller/Index.php ]
[ info ] [ VIEW ] /www/wwwroot/yanyanyang/www.lingdayun.com/public/../application/index/view/index/index.html [ array (
) ]
[ info ] [ LOG ] INIT File

---------------------------------------------------------------
[ 2023-01-17T19:55:15+08:00 ] 10.0.8.4 121.24.179.122 GET /index.php/api/weishi/mingshi
[ log ] www.lingdayun.com/index.php/api/weishi/mingshi [运行时间：0.024185s][吞吐率：41.35req/s] [内存消耗：2,503.08kb] [文件加载：52]
[ info ] [ LANG ] /www/wwwroot/yanyanyang/www.lingdayun.com/thinkphp/lang/zh-cn.php
[ info ] [ ROUTE ] array (
  'type' => 'module',
  'module' => 
  array (
    0 => 'api',
    1 => 'weishi',
    2 => 'mingshi',
  ),
)
[ info ] [ HEADER ] array (
  'cookie' => 'ZDEDebuggerPresent=php,phtml,php3; PHPSESSID=1svl5bcb2t5cvbc9e2sfq0dcu0',
  'accept-language' => 'zh-CN,zh;q=0.9,en-US;q=0.8,en;q=0.7',
  'accept-encoding' => 'gzip, deflate',
  'referer' => 'http://www.lingdayun.com/weishi/index.html',
  'x-requested-with' => 'XMLHttpRequest',
  'user-agent' => 'Mozilla/5.0 (Linux; Android 10; JER-AN10 Build/HUAWEIJER-AN10; wv) AppleWebKit/537.36 (KHTML, like Gecko) Version/4.0 Chrome/86.0.4240.99 XWEB/4375 MMWEBSDK/20221012 Mobile Safari/537.36 MMWEBID/7980 MicroMessenger/8.0.30.2260(0x28001E55) WeChat/arm64 Weixin NetType/WIFI Language/zh_CN ABI/arm64',
  'accept' => 'application/json, text/javascript, */*; q=0.01',
  'connection' => 'keep-alive',
  'host' => 'www.lingdayun.com',
  'content-length' => '',
  'content-type' => '',
)
[ info ] [ PARAM ] array (
)
[ info ] [ RUN ] app\api\controller\Weishi->mingshi[ /www/wwwroot/yanyanyang/www.lingdayun.com/application/api/controller/Weishi.php ]
[ info ] [ SESSION ] INIT array (
  'id' => '',
  'var_session_id' => '',
  'prefix' => 'think',
  'type' => '',
  'auto_start' => true,
)
[ info ] [ DB ] INIT mysql
[ info ] [ LOG ] INIT File
[ sql ] [ DB ] CONNECT:[ UseTime:0.000481s ] mysql:dbname=www_lingdayun_co;host=127.0.0.1;port=3306;charset=utf8
[ sql ] [ SQL ] SHOW COLUMNS FROM `ld_teacher` [ RunTime:0.000757s ]
[ sql ] [ SQL ] SELECT * FROM `ld_teacher` WHERE  (  is_mingshi=1 ) [ RunTime:0.000338s ]

---------------------------------------------------------------
[ 2023-01-17T19:55:15+08:00 ] 10.0.8.4 121.24.179.122 GET /index.php/index/api/video_tuijian
[ log ] www.lingdayun.com/index.php/index/api/video_tuijian [运行时间：0.026153s][吞吐率：38.24req/s] [内存消耗：2,495.05kb] [文件加载：52]
[ info ] [ LANG ] /www/wwwroot/yanyanyang/www.lingdayun.com/thinkphp/lang/zh-cn.php
[ info ] [ ROUTE ] array (
  'type' => 'module',
  'module' => 
  array (
    0 => 'index',
    1 => 'api',
    2 => 'video_tuijian',
  ),
)
[ info ] [ HEADER ] array (
  'cookie' => 'ZDEDebuggerPresent=php,phtml,php3; PHPSESSID=1svl5bcb2t5cvbc9e2sfq0dcu0',
  'accept-language' => 'zh-CN,zh;q=0.9,en-US;q=0.8,en;q=0.7',
  'accept-encoding' => 'gzip, deflate',
  'referer' => 'http://www.lingdayun.com/weishi/index.html',
  'x-requested-with' => 'XMLHttpRequest',
  'user-agent' => 'Mozilla/5.0 (Linux; Android 10; JER-AN10 Build/HUAWEIJER-AN10; wv) AppleWebKit/537.36 (KHTML, like Gecko) Version/4.0 Chrome/86.0.4240.99 XWEB/4375 MMWEBSDK/20221012 Mobile Safari/537.36 MMWEBID/7980 MicroMessenger/8.0.30.2260(0x28001E55) WeChat/arm64 Weixin NetType/WIFI Language/zh_CN ABI/arm64',
  'accept' => 'application/json, text/javascript, */*; q=0.01',
  'connection' => 'keep-alive',
  'host' => 'www.lingdayun.com',
  'content-length' => '',
  'content-type' => '',
)
[ info ] [ PARAM ] array (
)
[ info ] [ RUN ] app\index\controller\Api->video_tuijian[ /www/wwwroot/yanyanyang/www.lingdayun.com/application/index/controller/Api.php ]
[ info ] [ DB ] INIT mysql
[ info ] [ LOG ] INIT File
[ sql ] [ DB ] CONNECT:[ UseTime:0.000508s ] mysql:dbname=www_lingdayun_co;host=127.0.0.1;port=3306;charset=utf8
[ sql ] [ SQL ] SHOW COLUMNS FROM `ld_video` [ RunTime:0.001166s ]
[ sql ] [ SQL ] SELECT `a`.*,`d`.`teacher_name`,`b`.`kemu_cate`,`c`.`nianji_cate` FROM `ld_video` `a` INNER JOIN `ld_teacher` `d` ON `a`.`teacher_id`=`d`.`id` INNER JOIN `ld_kemu_cate` `b` ON `a`.`video_kemu`=`b`.`id` INNER JOIN `ld_nianji_cate` `c` ON `a`.`video_nianji`=`c`.`id` ORDER BY id desc LIMIT 2 [ RunTime:0.001046s ]

---------------------------------------------------------------
[ 2023-01-17T19:55:15+08:00 ] 10.0.8.4 121.24.179.122 GET /index.php/api/weishi/my_shoucang
[ log ] www.lingdayun.com/index.php/api/weishi/my_shoucang [运行时间：0.028158s][吞吐率：35.51req/s] [内存消耗：2,502.13kb] [文件加载：52]
[ info ] [ LANG ] /www/wwwroot/yanyanyang/www.lingdayun.com/thinkphp/lang/zh-cn.php
[ info ] [ ROUTE ] array (
  'type' => 'module',
  'module' => 
  array (
    0 => 'api',
    1 => 'weishi',
    2 => 'my_shoucang',
  ),
)
[ info ] [ HEADER ] array (
  'cookie' => 'ZDEDebuggerPresent=php,phtml,php3; PHPSESSID=1svl5bcb2t5cvbc9e2sfq0dcu0',
  'accept-language' => 'zh-CN,zh;q=0.9,en-US;q=0.8,en;q=0.7',
  'accept-encoding' => 'gzip, deflate',
  'referer' => 'http://www.lingdayun.com/weishi/index.html',
  'x-requested-with' => 'XMLHttpRequest',
  'user-agent' => 'Mozilla/5.0 (Linux; Android 10; JER-AN10 Build/HUAWEIJER-AN10; wv) AppleWebKit/537.36 (KHTML, like Gecko) Version/4.0 Chrome/86.0.4240.99 XWEB/4375 MMWEBSDK/20221012 Mobile Safari/537.36 MMWEBID/7980 MicroMessenger/8.0.30.2260(0x28001E55) WeChat/arm64 Weixin NetType/WIFI Language/zh_CN ABI/arm64',
  'accept' => 'application/json, text/javascript, */*; q=0.01',
  'connection' => 'keep-alive',
  'host' => 'www.lingdayun.com',
  'content-length' => '',
  'content-type' => '',
)
[ info ] [ PARAM ] array (
)
[ info ] [ RUN ] app\api\controller\Weishi->my_shoucang[ /www/wwwroot/yanyanyang/www.lingdayun.com/application/api/controller/Weishi.php ]
[ info ] [ SESSION ] INIT array (
  'id' => '',
  'var_session_id' => '',
  'prefix' => 'think',
  'type' => '',
  'auto_start' => true,
)
[ info ] [ DB ] INIT mysql
[ info ] [ LOG ] INIT File
[ sql ] [ DB ] CONNECT:[ UseTime:0.000468s ] mysql:dbname=www_lingdayun_co;host=127.0.0.1;port=3306;charset=utf8
[ sql ] [ SQL ] SHOW COLUMNS FROM `ld_weishi_shoucang` [ RunTime:0.000712s ]
[ sql ] [ SQL ] SELECT * FROM `ld_weishi_shoucang` `a` INNER JOIN `ld_teacher` `b` ON `a`.`teacher_id`=`b`.`id` WHERE  `a`.`openid` = null LIMIT 4 [ RunTime:0.000478s ]

---------------------------------------------------------------
[ 2023-01-17T19:55:25+08:00 ] 10.0.8.4 121.24.179.122 GET /index.php/api/weishi/check_login
[ log ] www.lingdayun.com/index.php/api/weishi/check_login [运行时间：0.016290s][吞吐率：61.39req/s] [内存消耗：1,777.88kb] [文件加载：45]
[ info ] [ LANG ] /www/wwwroot/yanyanyang/www.lingdayun.com/thinkphp/lang/zh-cn.php
[ info ] [ ROUTE ] array (
  'type' => 'module',
  'module' => 
  array (
    0 => 'api',
    1 => 'weishi',
    2 => 'check_login',
  ),
)
[ info ] [ HEADER ] array (
  'cookie' => 'ZDEDebuggerPresent=php,phtml,php3; PHPSESSID=1svl5bcb2t5cvbc9e2sfq0dcu0',
  'accept-language' => 'zh-CN,zh;q=0.9,en-US;q=0.8,en;q=0.7',
  'accept-encoding' => 'gzip, deflate',
  'referer' => 'http://www.lingdayun.com/weishi/my.html',
  'x-requested-with' => 'XMLHttpRequest',
  'user-agent' => 'Mozilla/5.0 (Linux; Android 10; JER-AN10 Build/HUAWEIJER-AN10; wv) AppleWebKit/537.36 (KHTML, like Gecko) Version/4.0 Chrome/86.0.4240.99 XWEB/4375 MMWEBSDK/20221012 Mobile Safari/537.36 MMWEBID/7980 MicroMessenger/8.0.30.2260(0x28001E55) WeChat/arm64 Weixin NetType/WIFI Language/zh_CN ABI/arm64',
  'accept' => 'application/json, text/javascript, */*; q=0.01',
  'connection' => 'keep-alive',
  'host' => 'www.lingdayun.com',
  'content-length' => '',
  'content-type' => '',
)
[ info ] [ PARAM ] array (
)
[ info ] [ RUN ] app\api\controller\Weishi->check_login[ /www/wwwroot/yanyanyang/www.lingdayun.com/application/api/controller/Weishi.php ]
[ info ] [ SESSION ] INIT array (
  'id' => '',
  'var_session_id' => '',
  'prefix' => 'think',
  'type' => '',
  'auto_start' => true,
)
[ info ] [ LOG ] INIT File

---------------------------------------------------------------
[ 2023-01-17T19:55:27+08:00 ] 10.0.8.4 121.24.179.122 GET /index.php/api/weishi/wxLogin
[ log ] www.lingdayun.com/index.php/api/weishi/wxLogin [运行时间：0.020157s][吞吐率：49.61req/s] [内存消耗：1,773.21kb] [文件加载：44]
[ info ] [ LANG ] /www/wwwroot/yanyanyang/www.lingdayun.com/thinkphp/lang/zh-cn.php
[ info ] [ ROUTE ] array (
  'type' => 'module',
  'module' => 
  array (
    0 => 'api',
    1 => 'weishi',
    2 => 'wxLogin',
  ),
)
[ info ] [ HEADER ] array (
  'cookie' => 'ZDEDebuggerPresent=php,phtml,php3; PHPSESSID=1svl5bcb2t5cvbc9e2sfq0dcu0',
  'accept-language' => 'zh-CN,zh;q=0.9,en-US;q=0.8,en;q=0.7',
  'accept-encoding' => 'gzip, deflate',
  'referer' => 'http://www.lingdayun.com/weishi/my.html',
  'x-requested-with' => 'com.tencent.mm',
  'accept' => 'text/html,application/xhtml+xml,application/xml;q=0.9,image/avif,image/wxpic,image/tpg,image/webp,image/apng,*/*;q=0.8,application/signed-exchange;v=b3;q=0.9',
  'user-agent' => 'Mozilla/5.0 (Linux; Android 10; JER-AN10 Build/HUAWEIJER-AN10; wv) AppleWebKit/537.36 (KHTML, like Gecko) Version/4.0 Chrome/86.0.4240.99 XWEB/4375 MMWEBSDK/20221012 Mobile Safari/537.36 MMWEBID/7980 MicroMessenger/8.0.30.2260(0x28001E55) WeChat/arm64 Weixin NetType/WIFI Language/zh_CN ABI/arm64',
  'upgrade-insecure-requests' => '1',
  'connection' => 'keep-alive',
  'host' => 'www.lingdayun.com',
  'content-length' => '',
  'content-type' => '',
)
[ info ] [ PARAM ] array (
)
[ info ] [ RUN ] app\api\controller\Weishi->wxLogin[ /www/wwwroot/yanyanyang/www.lingdayun.com/application/api/controller/Weishi.php ]
[ info ] [ LOG ] INIT File

---------------------------------------------------------------
[ 2023-01-17T19:55:28+08:00 ] 10.0.8.4 121.24.179.122 GET /index.php/Api/Weishi/getUserInfo?code=031NzQ000VnuhP1tdF000Du75m1NzQ02&state=STATE
[ log ] www.lingdayun.com/index.php/Api/Weishi/getUserInfo?code=031NzQ000VnuhP1tdF000Du75m1NzQ02&state=STATE [运行时间：0.467855s][吞吐率：2.14req/s] [内存消耗：2,504.48kb] [文件加载：51]
[ info ] [ LANG ] /www/wwwroot/yanyanyang/www.lingdayun.com/thinkphp/lang/zh-cn.php
[ info ] [ ROUTE ] array (
  'type' => 'module',
  'module' => 
  array (
    0 => 'Api',
    1 => 'Weishi',
    2 => 'getUserInfo',
  ),
)
[ info ] [ HEADER ] array (
  'cookie' => 'ZDEDebuggerPresent=php,phtml,php3; PHPSESSID=1svl5bcb2t5cvbc9e2sfq0dcu0',
  'accept-language' => 'zh-CN,zh;q=0.9,en-US;q=0.8,en;q=0.7',
  'accept-encoding' => 'gzip, deflate',
  'x-requested-with' => 'com.tencent.mm',
  'accept' => 'text/html,application/xhtml+xml,application/xml;q=0.9,image/avif,image/wxpic,image/tpg,image/webp,image/apng,*/*;q=0.8,application/signed-exchange;v=b3;q=0.9',
  'user-agent' => 'Mozilla/5.0 (Linux; Android 10; JER-AN10 Build/HUAWEIJER-AN10; wv) AppleWebKit/537.36 (KHTML, like Gecko) Version/4.0 Chrome/86.0.4240.99 XWEB/4375 MMWEBSDK/20221012 Mobile Safari/537.36 MMWEBID/7980 MicroMessenger/8.0.30.2260(0x28001E55) WeChat/arm64 Weixin NetType/WIFI Language/zh_CN ABI/arm64',
  'upgrade-insecure-requests' => '1',
  'connection' => 'keep-alive',
  'host' => 'www.lingdayun.com',
  'content-length' => '',
  'content-type' => '',
)
[ info ] [ PARAM ] array (
  'code' => '031NzQ000VnuhP1tdF000Du75m1NzQ02',
  'state' => 'STATE',
)
[ info ] [ RUN ] app\api\controller\Weishi->getUserInfo[ /www/wwwroot/yanyanyang/www.lingdayun.com/application/api/controller/Weishi.php ]
[ info ] [ DB ] INIT mysql
[ info ] [ SESSION ] INIT array (
  'id' => '',
  'var_session_id' => '',
  'prefix' => 'think',
  'type' => '',
  'auto_start' => true,
)
[ info ] [ LOG ] INIT File
[ sql ] [ DB ] CONNECT:[ UseTime:0.000540s ] mysql:dbname=www_lingdayun_co;host=127.0.0.1;port=3306;charset=utf8
[ sql ] [ SQL ] SHOW COLUMNS FROM `ld_weishi_user` [ RunTime:0.001072s ]
[ sql ] [ SQL ] SELECT * FROM `ld_weishi_user` WHERE  `openid` = 'oHNAT58xXz8oYHaDcd-gvFZNaMpI' LIMIT 1 [ RunTime:0.000530s ]
[ sql ] [ SQL ] SELECT * FROM `ld_weishi_user` WHERE  `openid` = 'oHNAT58xXz8oYHaDcd-gvFZNaMpI' LIMIT 1 [ RunTime:0.000183s ]

---------------------------------------------------------------
[ 2023-01-17T19:55:29+08:00 ] 10.0.8.4 121.24.179.122 GET /index.php/api/weishi/check_login
[ log ] www.lingdayun.com/index.php/api/weishi/check_login [运行时间：0.016567s][吞吐率：60.36req/s] [内存消耗：1,780.38kb] [文件加载：45]
[ info ] [ LANG ] /www/wwwroot/yanyanyang/www.lingdayun.com/thinkphp/lang/zh-cn.php
[ info ] [ ROUTE ] array (
  'type' => 'module',
  'module' => 
  array (
    0 => 'api',
    1 => 'weishi',
    2 => 'check_login',
  ),
)
[ info ] [ HEADER ] array (
  'cookie' => 'ZDEDebuggerPresent=php,phtml,php3; PHPSESSID=1svl5bcb2t5cvbc9e2sfq0dcu0',
  'accept-language' => 'zh-CN,zh;q=0.9,en-US;q=0.8,en;q=0.7',
  'accept-encoding' => 'gzip, deflate',
  'referer' => 'http://www.lingdayun.com/weishi/my.html',
  'x-requested-with' => 'XMLHttpRequest',
  'user-agent' => 'Mozilla/5.0 (Linux; Android 10; JER-AN10 Build/HUAWEIJER-AN10; wv) AppleWebKit/537.36 (KHTML, like Gecko) Version/4.0 Chrome/86.0.4240.99 XWEB/4375 MMWEBSDK/20221012 Mobile Safari/537.36 MMWEBID/7980 MicroMessenger/8.0.30.2260(0x28001E55) WeChat/arm64 Weixin NetType/WIFI Language/zh_CN ABI/arm64',
  'accept' => 'application/json, text/javascript, */*; q=0.01',
  'connection' => 'keep-alive',
  'host' => 'www.lingdayun.com',
  'content-length' => '',
  'content-type' => '',
)
[ info ] [ PARAM ] array (
)
[ info ] [ RUN ] app\api\controller\Weishi->check_login[ /www/wwwroot/yanyanyang/www.lingdayun.com/application/api/controller/Weishi.php ]
[ info ] [ SESSION ] INIT array (
  'id' => '',
  'var_session_id' => '',
  'prefix' => 'think',
  'type' => '',
  'auto_start' => true,
)
[ info ] [ LOG ] INIT File

---------------------------------------------------------------
[ 2023-01-17T19:55:31+08:00 ] 10.0.8.4 121.24.179.122 GET /index.php/index/api/video_tuijian
[ log ] www.lingdayun.com/index.php/index/api/video_tuijian [运行时间：0.025144s][吞吐率：39.77req/s] [内存消耗：2,495.05kb] [文件加载：52]
[ info ] [ LANG ] /www/wwwroot/yanyanyang/www.lingdayun.com/thinkphp/lang/zh-cn.php
[ info ] [ ROUTE ] array (
  'type' => 'module',
  'module' => 
  array (
    0 => 'index',
    1 => 'api',
    2 => 'video_tuijian',
  ),
)
[ info ] [ HEADER ] array (
  'cookie' => 'ZDEDebuggerPresent=php,phtml,php3; PHPSESSID=1svl5bcb2t5cvbc9e2sfq0dcu0',
  'accept-language' => 'zh-CN,zh;q=0.9,en-US;q=0.8,en;q=0.7',
  'accept-encoding' => 'gzip, deflate',
  'referer' => 'http://www.lingdayun.com/weishi/index.html',
  'x-requested-with' => 'XMLHttpRequest',
  'user-agent' => 'Mozilla/5.0 (Linux; Android 10; JER-AN10 Build/HUAWEIJER-AN10; wv) AppleWebKit/537.36 (KHTML, like Gecko) Version/4.0 Chrome/86.0.4240.99 XWEB/4375 MMWEBSDK/20221012 Mobile Safari/537.36 MMWEBID/7980 MicroMessenger/8.0.30.2260(0x28001E55) WeChat/arm64 Weixin NetType/WIFI Language/zh_CN ABI/arm64',
  'accept' => 'application/json, text/javascript, */*; q=0.01',
  'connection' => 'keep-alive',
  'host' => 'www.lingdayun.com',
  'content-length' => '',
  'content-type' => '',
)
[ info ] [ PARAM ] array (
)
[ info ] [ RUN ] app\index\controller\Api->video_tuijian[ /www/wwwroot/yanyanyang/www.lingdayun.com/application/index/controller/Api.php ]
[ info ] [ DB ] INIT mysql
[ info ] [ LOG ] INIT File
[ sql ] [ DB ] CONNECT:[ UseTime:0.000571s ] mysql:dbname=www_lingdayun_co;host=127.0.0.1;port=3306;charset=utf8
[ sql ] [ SQL ] SHOW COLUMNS FROM `ld_video` [ RunTime:0.000729s ]
[ sql ] [ SQL ] SELECT `a`.*,`d`.`teacher_name`,`b`.`kemu_cate`,`c`.`nianji_cate` FROM `ld_video` `a` INNER JOIN `ld_teacher` `d` ON `a`.`teacher_id`=`d`.`id` INNER JOIN `ld_kemu_cate` `b` ON `a`.`video_kemu`=`b`.`id` INNER JOIN `ld_nianji_cate` `c` ON `a`.`video_nianji`=`c`.`id` ORDER BY id desc LIMIT 2 [ RunTime:0.000773s ]

---------------------------------------------------------------
[ 2023-01-17T19:55:31+08:00 ] 10.0.8.4 121.24.179.122 GET /index.php/api/weishi/mingshi
[ log ] www.lingdayun.com/index.php/api/weishi/mingshi [运行时间：0.025657s][吞吐率：38.98req/s] [内存消耗：2,505.58kb] [文件加载：52]
[ info ] [ LANG ] /www/wwwroot/yanyanyang/www.lingdayun.com/thinkphp/lang/zh-cn.php
[ info ] [ ROUTE ] array (
  'type' => 'module',
  'module' => 
  array (
    0 => 'api',
    1 => 'weishi',
    2 => 'mingshi',
  ),
)
[ info ] [ HEADER ] array (
  'cookie' => 'ZDEDebuggerPresent=php,phtml,php3; PHPSESSID=1svl5bcb2t5cvbc9e2sfq0dcu0',
  'accept-language' => 'zh-CN,zh;q=0.9,en-US;q=0.8,en;q=0.7',
  'accept-encoding' => 'gzip, deflate',
  'referer' => 'http://www.lingdayun.com/weishi/index.html',
  'x-requested-with' => 'XMLHttpRequest',
  'user-agent' => 'Mozilla/5.0 (Linux; Android 10; JER-AN10 Build/HUAWEIJER-AN10; wv) AppleWebKit/537.36 (KHTML, like Gecko) Version/4.0 Chrome/86.0.4240.99 XWEB/4375 MMWEBSDK/20221012 Mobile Safari/537.36 MMWEBID/7980 MicroMessenger/8.0.30.2260(0x28001E55) WeChat/arm64 Weixin NetType/WIFI Language/zh_CN ABI/arm64',
  'accept' => 'application/json, text/javascript, */*; q=0.01',
  'connection' => 'keep-alive',
  'host' => 'www.lingdayun.com',
  'content-length' => '',
  'content-type' => '',
)
[ info ] [ PARAM ] array (
)
[ info ] [ RUN ] app\api\controller\Weishi->mingshi[ /www/wwwroot/yanyanyang/www.lingdayun.com/application/api/controller/Weishi.php ]
[ info ] [ SESSION ] INIT array (
  'id' => '',
  'var_session_id' => '',
  'prefix' => 'think',
  'type' => '',
  'auto_start' => true,
)
[ info ] [ DB ] INIT mysql
[ info ] [ LOG ] INIT File
[ sql ] [ DB ] CONNECT:[ UseTime:0.000350s ] mysql:dbname=www_lingdayun_co;host=127.0.0.1;port=3306;charset=utf8
[ sql ] [ SQL ] SHOW COLUMNS FROM `ld_teacher` [ RunTime:0.000544s ]
[ sql ] [ SQL ] SELECT * FROM `ld_teacher` WHERE  (  is_mingshi=1 ) [ RunTime:0.000324s ]

---------------------------------------------------------------
[ 2023-01-17T19:55:31+08:00 ] 10.0.8.4 121.24.179.122 GET /index.php/api/weishi/my_shoucang
[ log ] www.lingdayun.com/index.php/api/weishi/my_shoucang [运行时间：0.030980s][吞吐率：32.28req/s] [内存消耗：2,505.84kb] [文件加载：52]
[ info ] [ LANG ] /www/wwwroot/yanyanyang/www.lingdayun.com/thinkphp/lang/zh-cn.php
[ info ] [ ROUTE ] array (
  'type' => 'module',
  'module' => 
  array (
    0 => 'api',
    1 => 'weishi',
    2 => 'my_shoucang',
  ),
)
[ info ] [ HEADER ] array (
  'cookie' => 'ZDEDebuggerPresent=php,phtml,php3; PHPSESSID=1svl5bcb2t5cvbc9e2sfq0dcu0',
  'accept-language' => 'zh-CN,zh;q=0.9,en-US;q=0.8,en;q=0.7',
  'accept-encoding' => 'gzip, deflate',
  'referer' => 'http://www.lingdayun.com/weishi/index.html',
  'x-requested-with' => 'XMLHttpRequest',
  'user-agent' => 'Mozilla/5.0 (Linux; Android 10; JER-AN10 Build/HUAWEIJER-AN10; wv) AppleWebKit/537.36 (KHTML, like Gecko) Version/4.0 Chrome/86.0.4240.99 XWEB/4375 MMWEBSDK/20221012 Mobile Safari/537.36 MMWEBID/7980 MicroMessenger/8.0.30.2260(0x28001E55) WeChat/arm64 Weixin NetType/WIFI Language/zh_CN ABI/arm64',
  'accept' => 'application/json, text/javascript, */*; q=0.01',
  'connection' => 'keep-alive',
  'host' => 'www.lingdayun.com',
  'content-length' => '',
  'content-type' => '',
)
[ info ] [ PARAM ] array (
)
[ info ] [ RUN ] app\api\controller\Weishi->my_shoucang[ /www/wwwroot/yanyanyang/www.lingdayun.com/application/api/controller/Weishi.php ]
[ info ] [ SESSION ] INIT array (
  'id' => '',
  'var_session_id' => '',
  'prefix' => 'think',
  'type' => '',
  'auto_start' => true,
)
[ info ] [ DB ] INIT mysql
[ info ] [ LOG ] INIT File
[ sql ] [ DB ] CONNECT:[ UseTime:0.000351s ] mysql:dbname=www_lingdayun_co;host=127.0.0.1;port=3306;charset=utf8
[ sql ] [ SQL ] SHOW COLUMNS FROM `ld_weishi_shoucang` [ RunTime:0.000559s ]
[ sql ] [ SQL ] SELECT * FROM `ld_weishi_shoucang` `a` INNER JOIN `ld_teacher` `b` ON `a`.`teacher_id`=`b`.`id` WHERE  `a`.`openid` = 'oHNAT58xXz8oYHaDcd-gvFZNaMpI' LIMIT 4 [ RunTime:0.000385s ]

---------------------------------------------------------------
[ 2023-01-17T19:55:37+08:00 ] 10.0.8.4 121.24.179.122 GET /index.php/api/weishi/check_login
[ log ] www.lingdayun.com/index.php/api/weishi/check_login [运行时间：0.021044s][吞吐率：47.52req/s] [内存消耗：1,780.38kb] [文件加载：45]
[ info ] [ LANG ] /www/wwwroot/yanyanyang/www.lingdayun.com/thinkphp/lang/zh-cn.php
[ info ] [ ROUTE ] array (
  'type' => 'module',
  'module' => 
  array (
    0 => 'api',
    1 => 'weishi',
    2 => 'check_login',
  ),
)
[ info ] [ HEADER ] array (
  'cookie' => 'ZDEDebuggerPresent=php,phtml,php3; PHPSESSID=1svl5bcb2t5cvbc9e2sfq0dcu0',
  'accept-language' => 'zh-CN,zh;q=0.9,en-US;q=0.8,en;q=0.7',
  'accept-encoding' => 'gzip, deflate',
  'referer' => 'http://www.lingdayun.com/weishi/my.html',
  'x-requested-with' => 'XMLHttpRequest',
  'user-agent' => 'Mozilla/5.0 (Linux; Android 10; JER-AN10 Build/HUAWEIJER-AN10; wv) AppleWebKit/537.36 (KHTML, like Gecko) Version/4.0 Chrome/86.0.4240.99 XWEB/4375 MMWEBSDK/20221012 Mobile Safari/537.36 MMWEBID/7980 MicroMessenger/8.0.30.2260(0x28001E55) WeChat/arm64 Weixin NetType/WIFI Language/zh_CN ABI/arm64',
  'accept' => 'application/json, text/javascript, */*; q=0.01',
  'connection' => 'keep-alive',
  'host' => 'www.lingdayun.com',
  'content-length' => '',
  'content-type' => '',
)
[ info ] [ PARAM ] array (
)
[ info ] [ RUN ] app\api\controller\Weishi->check_login[ /www/wwwroot/yanyanyang/www.lingdayun.com/application/api/controller/Weishi.php ]
[ info ] [ SESSION ] INIT array (
  'id' => '',
  'var_session_id' => '',
  'prefix' => 'think',
  'type' => '',
  'auto_start' => true,
)
[ info ] [ LOG ] INIT File

---------------------------------------------------------------
[ 2023-01-17T19:55:50+08:00 ] 10.0.8.4 121.24.179.122 GET /index.php/api/weishi/check_login
[ log ] www.lingdayun.com/index.php/api/weishi/check_login [运行时间：0.016012s][吞吐率：62.45req/s] [内存消耗：1,780.38kb] [文件加载：45]
[ info ] [ LANG ] /www/wwwroot/yanyanyang/www.lingdayun.com/thinkphp/lang/zh-cn.php
[ info ] [ ROUTE ] array (
  'type' => 'module',
  'module' => 
  array (
    0 => 'api',
    1 => 'weishi',
    2 => 'check_login',
  ),
)
[ info ] [ HEADER ] array (
  'cookie' => 'ZDEDebuggerPresent=php,phtml,php3; PHPSESSID=1svl5bcb2t5cvbc9e2sfq0dcu0',
  'accept-language' => 'zh-CN,zh;q=0.9,en-US;q=0.8,en;q=0.7',
  'accept-encoding' => 'gzip, deflate',
  'referer' => 'http://www.lingdayun.com/weishi/my.html',
  'x-requested-with' => 'XMLHttpRequest',
  'user-agent' => 'Mozilla/5.0 (Linux; Android 10; JER-AN10 Build/HUAWEIJER-AN10; wv) AppleWebKit/537.36 (KHTML, like Gecko) Version/4.0 Chrome/86.0.4240.99 XWEB/4375 MMWEBSDK/20221012 Mobile Safari/537.36 MMWEBID/7980 MicroMessenger/8.0.30.2260(0x28001E55) WeChat/arm64 Weixin NetType/WIFI Language/zh_CN ABI/arm64',
  'accept' => 'application/json, text/javascript, */*; q=0.01',
  'connection' => 'keep-alive',
  'host' => 'www.lingdayun.com',
  'content-length' => '',
  'content-type' => '',
)
[ info ] [ PARAM ] array (
)
[ info ] [ RUN ] app\api\controller\Weishi->check_login[ /www/wwwroot/yanyanyang/www.lingdayun.com/application/api/controller/Weishi.php ]
[ info ] [ SESSION ] INIT array (
  'id' => '',
  'var_session_id' => '',
  'prefix' => 'think',
  'type' => '',
  'auto_start' => true,
)
[ info ] [ LOG ] INIT File

---------------------------------------------------------------
[ 2023-01-17T19:55:51+08:00 ] 10.0.8.4 121.24.179.122 GET /index.php/api/weishi/answer
[ log ] www.lingdayun.com/index.php/api/weishi/answer [运行时间：0.032439s][吞吐率：30.83req/s] [内存消耗：2,502.71kb] [文件加载：52]
[ info ] [ LANG ] /www/wwwroot/yanyanyang/www.lingdayun.com/thinkphp/lang/zh-cn.php
[ info ] [ ROUTE ] array (
  'type' => 'module',
  'module' => 
  array (
    0 => 'api',
    1 => 'weishi',
    2 => 'answer',
  ),
)
[ info ] [ HEADER ] array (
  'cookie' => 'ZDEDebuggerPresent=php,phtml,php3; PHPSESSID=1svl5bcb2t5cvbc9e2sfq0dcu0',
  'accept-language' => 'zh-CN,zh;q=0.9,en-US;q=0.8,en;q=0.7',
  'accept-encoding' => 'gzip, deflate',
  'referer' => 'http://www.lingdayun.com/weishi/help.html',
  'x-requested-with' => 'XMLHttpRequest',
  'user-agent' => 'Mozilla/5.0 (Linux; Android 10; JER-AN10 Build/HUAWEIJER-AN10; wv) AppleWebKit/537.36 (KHTML, like Gecko) Version/4.0 Chrome/86.0.4240.99 XWEB/4375 MMWEBSDK/20221012 Mobile Safari/537.36 MMWEBID/7980 MicroMessenger/8.0.30.2260(0x28001E55) WeChat/arm64 Weixin NetType/WIFI Language/zh_CN ABI/arm64',
  'accept' => 'application/json, text/javascript, */*; q=0.01',
  'connection' => 'keep-alive',
  'host' => 'www.lingdayun.com',
  'content-length' => '',
  'content-type' => '',
)
[ info ] [ PARAM ] array (
)
[ info ] [ RUN ] app\api\controller\Weishi->answer[ /www/wwwroot/yanyanyang/www.lingdayun.com/application/api/controller/Weishi.php ]
[ info ] [ DB ] INIT mysql
[ info ] [ LOG ] INIT File
[ sql ] [ DB ] CONNECT:[ UseTime:0.000592s ] mysql:dbname=www_lingdayun_co;host=127.0.0.1;port=3306;charset=utf8
[ sql ] [ SQL ] SHOW COLUMNS FROM `ld_answer` [ RunTime:0.001043s ]
[ sql ] [ SQL ] SELECT * FROM `ld_answer` [ RunTime:0.000357s ]

---------------------------------------------------------------
[ 2023-01-17T19:55:54+08:00 ] 10.0.8.4 121.24.179.122 GET /index.php/api/weishi/answer?id=4
[ log ] www.lingdayun.com/index.php/api/weishi/answer?id=4 [运行时间：0.024956s][吞吐率：40.07req/s] [内存消耗：2,501.08kb] [文件加载：52]
[ info ] [ LANG ] /www/wwwroot/yanyanyang/www.lingdayun.com/thinkphp/lang/zh-cn.php
[ info ] [ ROUTE ] array (
  'type' => 'module',
  'module' => 
  array (
    0 => 'api',
    1 => 'weishi',
    2 => 'answer',
  ),
)
[ info ] [ HEADER ] array (
  'cookie' => 'ZDEDebuggerPresent=php,phtml,php3; PHPSESSID=1svl5bcb2t5cvbc9e2sfq0dcu0',
  'accept-language' => 'zh-CN,zh;q=0.9,en-US;q=0.8,en;q=0.7',
  'accept-encoding' => 'gzip, deflate',
  'referer' => 'http://www.lingdayun.com/weishi/helps.html?id=4',
  'x-requested-with' => 'XMLHttpRequest',
  'user-agent' => 'Mozilla/5.0 (Linux; Android 10; JER-AN10 Build/HUAWEIJER-AN10; wv) AppleWebKit/537.36 (KHTML, like Gecko) Version/4.0 Chrome/86.0.4240.99 XWEB/4375 MMWEBSDK/20221012 Mobile Safari/537.36 MMWEBID/7980 MicroMessenger/8.0.30.2260(0x28001E55) WeChat/arm64 Weixin NetType/WIFI Language/zh_CN ABI/arm64',
  'accept' => 'application/json, text/javascript, */*; q=0.01',
  'connection' => 'keep-alive',
  'host' => 'www.lingdayun.com',
  'content-length' => '',
  'content-type' => '',
)
[ info ] [ PARAM ] array (
  'id' => '4',
)
[ info ] [ RUN ] app\api\controller\Weishi->answer[ /www/wwwroot/yanyanyang/www.lingdayun.com/application/api/controller/Weishi.php ]
[ info ] [ DB ] INIT mysql
[ info ] [ LOG ] INIT File
[ sql ] [ DB ] CONNECT:[ UseTime:0.000577s ] mysql:dbname=www_lingdayun_co;host=127.0.0.1;port=3306;charset=utf8
[ sql ] [ SQL ] SHOW COLUMNS FROM `ld_answer` [ RunTime:0.000944s ]
[ sql ] [ SQL ] SELECT * FROM `ld_answer` WHERE  (  id=4 ) LIMIT 1 [ RunTime:0.000373s ]

---------------------------------------------------------------
[ 2023-01-17T19:55:58+08:00 ] 10.0.8.4 121.24.179.122 GET /index.php/api/weishi/answer?id=3
[ log ] www.lingdayun.com/index.php/api/weishi/answer?id=3 [运行时间：0.024667s][吞吐率：40.54req/s] [内存消耗：2,501.52kb] [文件加载：52]
[ info ] [ LANG ] /www/wwwroot/yanyanyang/www.lingdayun.com/thinkphp/lang/zh-cn.php
[ info ] [ ROUTE ] array (
  'type' => 'module',
  'module' => 
  array (
    0 => 'api',
    1 => 'weishi',
    2 => 'answer',
  ),
)
[ info ] [ HEADER ] array (
  'cookie' => 'ZDEDebuggerPresent=php,phtml,php3; PHPSESSID=1svl5bcb2t5cvbc9e2sfq0dcu0',
  'accept-language' => 'zh-CN,zh;q=0.9,en-US;q=0.8,en;q=0.7',
  'accept-encoding' => 'gzip, deflate',
  'referer' => 'http://www.lingdayun.com/weishi/helps.html?id=3',
  'x-requested-with' => 'XMLHttpRequest',
  'user-agent' => 'Mozilla/5.0 (Linux; Android 10; JER-AN10 Build/HUAWEIJER-AN10; wv) AppleWebKit/537.36 (KHTML, like Gecko) Version/4.0 Chrome/86.0.4240.99 XWEB/4375 MMWEBSDK/20221012 Mobile Safari/537.36 MMWEBID/7980 MicroMessenger/8.0.30.2260(0x28001E55) WeChat/arm64 Weixin NetType/WIFI Language/zh_CN ABI/arm64',
  'accept' => 'application/json, text/javascript, */*; q=0.01',
  'connection' => 'keep-alive',
  'host' => 'www.lingdayun.com',
  'content-length' => '',
  'content-type' => '',
)
[ info ] [ PARAM ] array (
  'id' => '3',
)
[ info ] [ RUN ] app\api\controller\Weishi->answer[ /www/wwwroot/yanyanyang/www.lingdayun.com/application/api/controller/Weishi.php ]
[ info ] [ DB ] INIT mysql
[ info ] [ LOG ] INIT File
[ sql ] [ DB ] CONNECT:[ UseTime:0.000592s ] mysql:dbname=www_lingdayun_co;host=127.0.0.1;port=3306;charset=utf8
[ sql ] [ SQL ] SHOW COLUMNS FROM `ld_answer` [ RunTime:0.000837s ]
[ sql ] [ SQL ] SELECT * FROM `ld_answer` WHERE  (  id=3 ) LIMIT 1 [ RunTime:0.000314s ]

---------------------------------------------------------------
[ 2023-01-17T19:56:00+08:00 ] 10.0.8.4 121.24.179.122 GET /index.php/api/weishi/answer?id=2
[ log ] www.lingdayun.com/index.php/api/weishi/answer?id=2 [运行时间：0.024358s][吞吐率：41.05req/s] [内存消耗：2,500.84kb] [文件加载：52]
[ info ] [ LANG ] /www/wwwroot/yanyanyang/www.lingdayun.com/thinkphp/lang/zh-cn.php
[ info ] [ ROUTE ] array (
  'type' => 'module',
  'module' => 
  array (
    0 => 'api',
    1 => 'weishi',
    2 => 'answer',
  ),
)
[ info ] [ HEADER ] array (
  'cookie' => 'ZDEDebuggerPresent=php,phtml,php3; PHPSESSID=1svl5bcb2t5cvbc9e2sfq0dcu0',
  'accept-language' => 'zh-CN,zh;q=0.9,en-US;q=0.8,en;q=0.7',
  'accept-encoding' => 'gzip, deflate',
  'referer' => 'http://www.lingdayun.com/weishi/helps.html?id=2',
  'x-requested-with' => 'XMLHttpRequest',
  'user-agent' => 'Mozilla/5.0 (Linux; Android 10; JER-AN10 Build/HUAWEIJER-AN10; wv) AppleWebKit/537.36 (KHTML, like Gecko) Version/4.0 Chrome/86.0.4240.99 XWEB/4375 MMWEBSDK/20221012 Mobile Safari/537.36 MMWEBID/7980 MicroMessenger/8.0.30.2260(0x28001E55) WeChat/arm64 Weixin NetType/WIFI Language/zh_CN ABI/arm64',
  'accept' => 'application/json, text/javascript, */*; q=0.01',
  'connection' => 'keep-alive',
  'host' => 'www.lingdayun.com',
  'content-length' => '',
  'content-type' => '',
)
[ info ] [ PARAM ] array (
  'id' => '2',
)
[ info ] [ RUN ] app\api\controller\Weishi->answer[ /www/wwwroot/yanyanyang/www.lingdayun.com/application/api/controller/Weishi.php ]
[ info ] [ DB ] INIT mysql
[ info ] [ LOG ] INIT File
[ sql ] [ DB ] CONNECT:[ UseTime:0.000550s ] mysql:dbname=www_lingdayun_co;host=127.0.0.1;port=3306;charset=utf8
[ sql ] [ SQL ] SHOW COLUMNS FROM `ld_answer` [ RunTime:0.000808s ]
[ sql ] [ SQL ] SELECT * FROM `ld_answer` WHERE  (  id=2 ) LIMIT 1 [ RunTime:0.000324s ]

---------------------------------------------------------------
[ 2023-01-17T19:56:03+08:00 ] 10.0.8.4 121.24.179.122 GET /index.php/api/weishi/answer?id=1
[ log ] www.lingdayun.com/index.php/api/weishi/answer?id=1 [运行时间：0.022833s][吞吐率：43.80req/s] [内存消耗：2,501.16kb] [文件加载：52]
[ info ] [ LANG ] /www/wwwroot/yanyanyang/www.lingdayun.com/thinkphp/lang/zh-cn.php
[ info ] [ ROUTE ] array (
  'type' => 'module',
  'module' => 
  array (
    0 => 'api',
    1 => 'weishi',
    2 => 'answer',
  ),
)
[ info ] [ HEADER ] array (
  'cookie' => 'ZDEDebuggerPresent=php,phtml,php3; PHPSESSID=1svl5bcb2t5cvbc9e2sfq0dcu0',
  'accept-language' => 'zh-CN,zh;q=0.9,en-US;q=0.8,en;q=0.7',
  'accept-encoding' => 'gzip, deflate',
  'referer' => 'http://www.lingdayun.com/weishi/helps.html?id=1',
  'x-requested-with' => 'XMLHttpRequest',
  'user-agent' => 'Mozilla/5.0 (Linux; Android 10; JER-AN10 Build/HUAWEIJER-AN10; wv) AppleWebKit/537.36 (KHTML, like Gecko) Version/4.0 Chrome/86.0.4240.99 XWEB/4375 MMWEBSDK/20221012 Mobile Safari/537.36 MMWEBID/7980 MicroMessenger/8.0.30.2260(0x28001E55) WeChat/arm64 Weixin NetType/WIFI Language/zh_CN ABI/arm64',
  'accept' => 'application/json, text/javascript, */*; q=0.01',
  'connection' => 'keep-alive',
  'host' => 'www.lingdayun.com',
  'content-length' => '',
  'content-type' => '',
)
[ info ] [ PARAM ] array (
  'id' => '1',
)
[ info ] [ RUN ] app\api\controller\Weishi->answer[ /www/wwwroot/yanyanyang/www.lingdayun.com/application/api/controller/Weishi.php ]
[ info ] [ DB ] INIT mysql
[ info ] [ LOG ] INIT File
[ sql ] [ DB ] CONNECT:[ UseTime:0.000525s ] mysql:dbname=www_lingdayun_co;host=127.0.0.1;port=3306;charset=utf8
[ sql ] [ SQL ] SHOW COLUMNS FROM `ld_answer` [ RunTime:0.000812s ]
[ sql ] [ SQL ] SELECT * FROM `ld_answer` WHERE  (  id=1 ) LIMIT 1 [ RunTime:0.000303s ]

---------------------------------------------------------------
[ 2023-01-17T19:56:07+08:00 ] 10.0.8.4 121.24.179.122 GET /index.php/api/weishi/check_login
[ log ] www.lingdayun.com/index.php/api/weishi/check_login [运行时间：0.015567s][吞吐率：64.24req/s] [内存消耗：1,780.38kb] [文件加载：45]
[ info ] [ LANG ] /www/wwwroot/yanyanyang/www.lingdayun.com/thinkphp/lang/zh-cn.php
[ info ] [ ROUTE ] array (
  'type' => 'module',
  'module' => 
  array (
    0 => 'api',
    1 => 'weishi',
    2 => 'check_login',
  ),
)
[ info ] [ HEADER ] array (
  'cookie' => 'ZDEDebuggerPresent=php,phtml,php3; PHPSESSID=1svl5bcb2t5cvbc9e2sfq0dcu0',
  'accept-language' => 'zh-CN,zh;q=0.9,en-US;q=0.8,en;q=0.7',
  'accept-encoding' => 'gzip, deflate',
  'referer' => 'http://www.lingdayun.com/weishi/my.html',
  'x-requested-with' => 'XMLHttpRequest',
  'user-agent' => 'Mozilla/5.0 (Linux; Android 10; JER-AN10 Build/HUAWEIJER-AN10; wv) AppleWebKit/537.36 (KHTML, like Gecko) Version/4.0 Chrome/86.0.4240.99 XWEB/4375 MMWEBSDK/20221012 Mobile Safari/537.36 MMWEBID/7980 MicroMessenger/8.0.30.2260(0x28001E55) WeChat/arm64 Weixin NetType/WIFI Language/zh_CN ABI/arm64',
  'accept' => 'application/json, text/javascript, */*; q=0.01',
  'connection' => 'keep-alive',
  'host' => 'www.lingdayun.com',
  'content-length' => '',
  'content-type' => '',
)
[ info ] [ PARAM ] array (
)
[ info ] [ RUN ] app\api\controller\Weishi->check_login[ /www/wwwroot/yanyanyang/www.lingdayun.com/application/api/controller/Weishi.php ]
[ info ] [ SESSION ] INIT array (
  'id' => '',
  'var_session_id' => '',
  'prefix' => 'think',
  'type' => '',
  'auto_start' => true,
)
[ info ] [ LOG ] INIT File

---------------------------------------------------------------
[ 2023-01-17T19:56:11+08:00 ] 10.0.8.4 121.24.179.122 GET /index.php/api/weishi/paihangbang
[ log ] www.lingdayun.com/index.php/api/weishi/paihangbang [运行时间：0.024701s][吞吐率：40.48req/s] [内存消耗：2,510.63kb] [文件加载：52]
[ info ] [ LANG ] /www/wwwroot/yanyanyang/www.lingdayun.com/thinkphp/lang/zh-cn.php
[ info ] [ ROUTE ] array (
  'type' => 'module',
  'module' => 
  array (
    0 => 'api',
    1 => 'weishi',
    2 => 'paihangbang',
  ),
)
[ info ] [ HEADER ] array (
  'cookie' => 'ZDEDebuggerPresent=php,phtml,php3; PHPSESSID=1svl5bcb2t5cvbc9e2sfq0dcu0',
  'accept-language' => 'zh-CN,zh;q=0.9,en-US;q=0.8,en;q=0.7',
  'accept-encoding' => 'gzip, deflate',
  'referer' => 'http://www.lingdayun.com/weishi/charts.html',
  'x-requested-with' => 'XMLHttpRequest',
  'user-agent' => 'Mozilla/5.0 (Linux; Android 10; JER-AN10 Build/HUAWEIJER-AN10; wv) AppleWebKit/537.36 (KHTML, like Gecko) Version/4.0 Chrome/86.0.4240.99 XWEB/4375 MMWEBSDK/20221012 Mobile Safari/537.36 MMWEBID/7980 MicroMessenger/8.0.30.2260(0x28001E55) WeChat/arm64 Weixin NetType/WIFI Language/zh_CN ABI/arm64',
  'accept' => 'application/json, text/javascript, */*; q=0.01',
  'connection' => 'keep-alive',
  'host' => 'www.lingdayun.com',
  'content-length' => '',
  'content-type' => '',
)
[ info ] [ PARAM ] array (
)
[ info ] [ RUN ] app\api\controller\Weishi->paihangbang[ /www/wwwroot/yanyanyang/www.lingdayun.com/application/api/controller/Weishi.php ]
[ info ] [ SESSION ] INIT array (
  'id' => '',
  'var_session_id' => '',
  'prefix' => 'think',
  'type' => '',
  'auto_start' => true,
)
[ info ] [ DB ] INIT mysql
[ info ] [ LOG ] INIT File
[ sql ] [ DB ] CONNECT:[ UseTime:0.000585s ] mysql:dbname=www_lingdayun_co;host=127.0.0.1;port=3306;charset=utf8
[ sql ] [ SQL ] SHOW COLUMNS FROM `ld_weishi_user` [ RunTime:0.001015s ]
[ sql ] [ SQL ] SELECT * FROM `ld_weishi_user` WHERE  `openid` = 'oHNAT58xXz8oYHaDcd-gvFZNaMpI' LIMIT 1 [ RunTime:0.000469s ]
[ sql ] [ SQL ] SELECT * FROM `ld_weishi_user` ORDER BY video_num desc [ RunTime:0.000371s ]

---------------------------------------------------------------
[ 2023-01-17T19:56:19+08:00 ] 10.0.8.4 121.24.179.122 GET /index.php/api/weishi/check_login
[ log ] www.lingdayun.com/index.php/api/weishi/check_login [运行时间：0.016193s][吞吐率：61.76req/s] [内存消耗：1,780.38kb] [文件加载：45]
[ info ] [ LANG ] /www/wwwroot/yanyanyang/www.lingdayun.com/thinkphp/lang/zh-cn.php
[ info ] [ ROUTE ] array (
  'type' => 'module',
  'module' => 
  array (
    0 => 'api',
    1 => 'weishi',
    2 => 'check_login',
  ),
)
[ info ] [ HEADER ] array (
  'cookie' => 'ZDEDebuggerPresent=php,phtml,php3; PHPSESSID=1svl5bcb2t5cvbc9e2sfq0dcu0',
  'accept-language' => 'zh-CN,zh;q=0.9,en-US;q=0.8,en;q=0.7',
  'accept-encoding' => 'gzip, deflate',
  'referer' => 'http://www.lingdayun.com/weishi/my.html',
  'x-requested-with' => 'XMLHttpRequest',
  'user-agent' => 'Mozilla/5.0 (Linux; Android 10; JER-AN10 Build/HUAWEIJER-AN10; wv) AppleWebKit/537.36 (KHTML, like Gecko) Version/4.0 Chrome/86.0.4240.99 XWEB/4375 MMWEBSDK/20221012 Mobile Safari/537.36 MMWEBID/7980 MicroMessenger/8.0.30.2260(0x28001E55) WeChat/arm64 Weixin NetType/WIFI Language/zh_CN ABI/arm64',
  'accept' => 'application/json, text/javascript, */*; q=0.01',
  'connection' => 'keep-alive',
  'host' => 'www.lingdayun.com',
  'content-length' => '',
  'content-type' => '',
)
[ info ] [ PARAM ] array (
)
[ info ] [ RUN ] app\api\controller\Weishi->check_login[ /www/wwwroot/yanyanyang/www.lingdayun.com/application/api/controller/Weishi.php ]
[ info ] [ SESSION ] INIT array (
  'id' => '',
  'var_session_id' => '',
  'prefix' => 'think',
  'type' => '',
  'auto_start' => true,
)
[ info ] [ LOG ] INIT File

---------------------------------------------------------------
[ 2023-01-17T19:56:20+08:00 ] 10.0.8.4 121.24.179.122 GET /index.php/index/api/video_quanbu
[ log ] www.lingdayun.com/index.php/index/api/video_quanbu [运行时间：0.023440s][吞吐率：42.66req/s] [内存消耗：2,538.31kb] [文件加载：52]
[ info ] [ LANG ] /www/wwwroot/yanyanyang/www.lingdayun.com/thinkphp/lang/zh-cn.php
[ info ] [ ROUTE ] array (
  'type' => 'module',
  'module' => 
  array (
    0 => 'index',
    1 => 'api',
    2 => 'video_quanbu',
  ),
)
[ info ] [ HEADER ] array (
  'cookie' => 'ZDEDebuggerPresent=php,phtml,php3; PHPSESSID=1svl5bcb2t5cvbc9e2sfq0dcu0',
  'accept-language' => 'zh-CN,zh;q=0.9,en-US;q=0.8,en;q=0.7',
  'accept-encoding' => 'gzip, deflate',
  'referer' => 'http://www.lingdayun.com/weishi/course.html',
  'x-requested-with' => 'XMLHttpRequest',
  'user-agent' => 'Mozilla/5.0 (Linux; Android 10; JER-AN10 Build/HUAWEIJER-AN10; wv) AppleWebKit/537.36 (KHTML, like Gecko) Version/4.0 Chrome/86.0.4240.99 XWEB/4375 MMWEBSDK/20221012 Mobile Safari/537.36 MMWEBID/7980 MicroMessenger/8.0.30.2260(0x28001E55) WeChat/arm64 Weixin NetType/WIFI Language/zh_CN ABI/arm64',
  'accept' => 'application/json, text/javascript, */*; q=0.01',
  'connection' => 'keep-alive',
  'host' => 'www.lingdayun.com',
  'content-length' => '',
  'content-type' => '',
)
[ info ] [ PARAM ] array (
)
[ info ] [ RUN ] app\index\controller\Api->video_quanbu[ /www/wwwroot/yanyanyang/www.lingdayun.com/application/index/controller/Api.php ]
[ info ] [ DB ] INIT mysql
[ info ] [ LOG ] INIT File
[ sql ] [ DB ] CONNECT:[ UseTime:0.000554s ] mysql:dbname=www_lingdayun_co;host=127.0.0.1;port=3306;charset=utf8
[ sql ] [ SQL ] SHOW COLUMNS FROM `ld_video` [ RunTime:0.000748s ]
[ sql ] [ SQL ] SELECT `a`.*,`d`.`teacher_name`,`b`.`kemu_cate`,`c`.`nianji_cate` FROM `ld_video` `a` INNER JOIN `ld_teacher` `d` ON `a`.`teacher_id`=`d`.`id` INNER JOIN `ld_kemu_cate` `b` ON `a`.`video_kemu`=`b`.`id` INNER JOIN `ld_nianji_cate` `c` ON `a`.`video_nianji`=`c`.`id` ORDER BY id desc [ RunTime:0.001014s ]

---------------------------------------------------------------
[ 2023-01-17T19:56:20+08:00 ] 10.0.8.4 121.24.179.122 GET /index.php/index/api/select_kemu
[ log ] www.lingdayun.com/index.php/index/api/select_kemu [运行时间：0.023985s][吞吐率：41.69req/s] [内存消耗：2,490.68kb] [文件加载：52]
[ info ] [ LANG ] /www/wwwroot/yanyanyang/www.lingdayun.com/thinkphp/lang/zh-cn.php
[ info ] [ ROUTE ] array (
  'type' => 'module',
  'module' => 
  array (
    0 => 'index',
    1 => 'api',
    2 => 'select_kemu',
  ),
)
[ info ] [ HEADER ] array (
  'cookie' => 'ZDEDebuggerPresent=php,phtml,php3; PHPSESSID=1svl5bcb2t5cvbc9e2sfq0dcu0',
  'accept-language' => 'zh-CN,zh;q=0.9,en-US;q=0.8,en;q=0.7',
  'accept-encoding' => 'gzip, deflate',
  'referer' => 'http://www.lingdayun.com/weishi/course.html',
  'x-requested-with' => 'XMLHttpRequest',
  'user-agent' => 'Mozilla/5.0 (Linux; Android 10; JER-AN10 Build/HUAWEIJER-AN10; wv) AppleWebKit/537.36 (KHTML, like Gecko) Version/4.0 Chrome/86.0.4240.99 XWEB/4375 MMWEBSDK/20221012 Mobile Safari/537.36 MMWEBID/7980 MicroMessenger/8.0.30.2260(0x28001E55) WeChat/arm64 Weixin NetType/WIFI Language/zh_CN ABI/arm64',
  'accept' => 'application/json, text/javascript, */*; q=0.01',
  'connection' => 'keep-alive',
  'host' => 'www.lingdayun.com',
  'content-length' => '',
  'content-type' => '',
)
[ info ] [ PARAM ] array (
)
[ info ] [ RUN ] app\index\controller\Api->select_kemu[ /www/wwwroot/yanyanyang/www.lingdayun.com/application/index/controller/Api.php ]
[ info ] [ DB ] INIT mysql
[ info ] [ LOG ] INIT File
[ sql ] [ DB ] CONNECT:[ UseTime:0.000390s ] mysql:dbname=www_lingdayun_co;host=127.0.0.1;port=3306;charset=utf8
[ sql ] [ SQL ] SHOW COLUMNS FROM `ld_kemu_cate` [ RunTime:0.000678s ]
[ sql ] [ SQL ] SELECT * FROM `ld_kemu_cate` [ RunTime:0.000236s ]

---------------------------------------------------------------
[ 2023-01-17T19:56:22+08:00 ] 10.0.8.4 121.24.179.122 GET /index.php/api/weishi/check_login
[ log ] www.lingdayun.com/index.php/api/weishi/check_login [运行时间：0.017121s][吞吐率：58.41req/s] [内存消耗：1,780.38kb] [文件加载：45]
[ info ] [ LANG ] /www/wwwroot/yanyanyang/www.lingdayun.com/thinkphp/lang/zh-cn.php
[ info ] [ ROUTE ] array (
  'type' => 'module',
  'module' => 
  array (
    0 => 'api',
    1 => 'weishi',
    2 => 'check_login',
  ),
)
[ info ] [ HEADER ] array (
  'cookie' => 'ZDEDebuggerPresent=php,phtml,php3; PHPSESSID=1svl5bcb2t5cvbc9e2sfq0dcu0',
  'accept-language' => 'zh-CN,zh;q=0.9,en-US;q=0.8,en;q=0.7',
  'accept-encoding' => 'gzip, deflate',
  'referer' => 'http://www.lingdayun.com/weishi/my.html',
  'x-requested-with' => 'XMLHttpRequest',
  'user-agent' => 'Mozilla/5.0 (Linux; Android 10; JER-AN10 Build/HUAWEIJER-AN10; wv) AppleWebKit/537.36 (KHTML, like Gecko) Version/4.0 Chrome/86.0.4240.99 XWEB/4375 MMWEBSDK/20221012 Mobile Safari/537.36 MMWEBID/7980 MicroMessenger/8.0.30.2260(0x28001E55) WeChat/arm64 Weixin NetType/WIFI Language/zh_CN ABI/arm64',
  'accept' => 'application/json, text/javascript, */*; q=0.01',
  'connection' => 'keep-alive',
  'host' => 'www.lingdayun.com',
  'content-length' => '',
  'content-type' => '',
)
[ info ] [ PARAM ] array (
)
[ info ] [ RUN ] app\api\controller\Weishi->check_login[ /www/wwwroot/yanyanyang/www.lingdayun.com/application/api/controller/Weishi.php ]
[ info ] [ SESSION ] INIT array (
  'id' => '',
  'var_session_id' => '',
  'prefix' => 'think',
  'type' => '',
  'auto_start' => true,
)
[ info ] [ LOG ] INIT File

---------------------------------------------------------------
[ 2023-01-17T19:56:23+08:00 ] 10.0.8.4 121.24.179.122 GET /index.php/api/weishi/my_shoucang
[ log ] www.lingdayun.com/index.php/api/weishi/my_shoucang [运行时间：0.023774s][吞吐率：42.06req/s] [内存消耗：2,505.84kb] [文件加载：52]
[ info ] [ LANG ] /www/wwwroot/yanyanyang/www.lingdayun.com/thinkphp/lang/zh-cn.php
[ info ] [ ROUTE ] array (
  'type' => 'module',
  'module' => 
  array (
    0 => 'api',
    1 => 'weishi',
    2 => 'my_shoucang',
  ),
)
[ info ] [ HEADER ] array (
  'cookie' => 'ZDEDebuggerPresent=php,phtml,php3; PHPSESSID=1svl5bcb2t5cvbc9e2sfq0dcu0',
  'accept-language' => 'zh-CN,zh;q=0.9,en-US;q=0.8,en;q=0.7',
  'accept-encoding' => 'gzip, deflate',
  'referer' => 'http://www.lingdayun.com/weishi/index.html',
  'x-requested-with' => 'XMLHttpRequest',
  'user-agent' => 'Mozilla/5.0 (Linux; Android 10; JER-AN10 Build/HUAWEIJER-AN10; wv) AppleWebKit/537.36 (KHTML, like Gecko) Version/4.0 Chrome/86.0.4240.99 XWEB/4375 MMWEBSDK/20221012 Mobile Safari/537.36 MMWEBID/7980 MicroMessenger/8.0.30.2260(0x28001E55) WeChat/arm64 Weixin NetType/WIFI Language/zh_CN ABI/arm64',
  'accept' => 'application/json, text/javascript, */*; q=0.01',
  'connection' => 'keep-alive',
  'host' => 'www.lingdayun.com',
  'content-length' => '',
  'content-type' => '',
)
[ info ] [ PARAM ] array (
)
[ info ] [ RUN ] app\api\controller\Weishi->my_shoucang[ /www/wwwroot/yanyanyang/www.lingdayun.com/application/api/controller/Weishi.php ]
[ info ] [ SESSION ] INIT array (
  'id' => '',
  'var_session_id' => '',
  'prefix' => 'think',
  'type' => '',
  'auto_start' => true,
)
[ info ] [ DB ] INIT mysql
[ info ] [ LOG ] INIT File
[ sql ] [ DB ] CONNECT:[ UseTime:0.000547s ] mysql:dbname=www_lingdayun_co;host=127.0.0.1;port=3306;charset=utf8
[ sql ] [ SQL ] SHOW COLUMNS FROM `ld_weishi_shoucang` [ RunTime:0.000871s ]
[ sql ] [ SQL ] SELECT * FROM `ld_weishi_shoucang` `a` INNER JOIN `ld_teacher` `b` ON `a`.`teacher_id`=`b`.`id` WHERE  `a`.`openid` = 'oHNAT58xXz8oYHaDcd-gvFZNaMpI' LIMIT 4 [ RunTime:0.000456s ]

---------------------------------------------------------------
[ 2023-01-17T19:56:23+08:00 ] 10.0.8.4 121.24.179.122 GET /index.php/api/weishi/mingshi
[ log ] www.lingdayun.com/index.php/api/weishi/mingshi [运行时间：0.032000s][吞吐率：31.25req/s] [内存消耗：2,505.58kb] [文件加载：52]
[ info ] [ LANG ] /www/wwwroot/yanyanyang/www.lingdayun.com/thinkphp/lang/zh-cn.php
[ info ] [ ROUTE ] array (
  'type' => 'module',
  'module' => 
  array (
    0 => 'api',
    1 => 'weishi',
    2 => 'mingshi',
  ),
)
[ info ] [ HEADER ] array (
  'cookie' => 'ZDEDebuggerPresent=php,phtml,php3; PHPSESSID=1svl5bcb2t5cvbc9e2sfq0dcu0',
  'accept-language' => 'zh-CN,zh;q=0.9,en-US;q=0.8,en;q=0.7',
  'accept-encoding' => 'gzip, deflate',
  'referer' => 'http://www.lingdayun.com/weishi/index.html',
  'x-requested-with' => 'XMLHttpRequest',
  'user-agent' => 'Mozilla/5.0 (Linux; Android 10; JER-AN10 Build/HUAWEIJER-AN10; wv) AppleWebKit/537.36 (KHTML, like Gecko) Version/4.0 Chrome/86.0.4240.99 XWEB/4375 MMWEBSDK/20221012 Mobile Safari/537.36 MMWEBID/7980 MicroMessenger/8.0.30.2260(0x28001E55) WeChat/arm64 Weixin NetType/WIFI Language/zh_CN ABI/arm64',
  'accept' => 'application/json, text/javascript, */*; q=0.01',
  'connection' => 'keep-alive',
  'host' => 'www.lingdayun.com',
  'content-length' => '',
  'content-type' => '',
)
[ info ] [ PARAM ] array (
)
[ info ] [ RUN ] app\api\controller\Weishi->mingshi[ /www/wwwroot/yanyanyang/www.lingdayun.com/application/api/controller/Weishi.php ]
[ info ] [ SESSION ] INIT array (
  'id' => '',
  'var_session_id' => '',
  'prefix' => 'think',
  'type' => '',
  'auto_start' => true,
)
[ info ] [ DB ] INIT mysql
[ info ] [ LOG ] INIT File
[ sql ] [ DB ] CONNECT:[ UseTime:0.000452s ] mysql:dbname=www_lingdayun_co;host=127.0.0.1;port=3306;charset=utf8
[ sql ] [ SQL ] SHOW COLUMNS FROM `ld_teacher` [ RunTime:0.000659s ]
[ sql ] [ SQL ] SELECT * FROM `ld_teacher` WHERE  (  is_mingshi=1 ) [ RunTime:0.000337s ]

---------------------------------------------------------------
[ 2023-01-17T19:56:24+08:00 ] 10.0.8.4 121.24.179.122 GET /index.php/api/weishi/check_login
[ log ] www.lingdayun.com/index.php/api/weishi/check_login [运行时间：0.015925s][吞吐率：62.79req/s] [内存消耗：1,780.38kb] [文件加载：45]
[ info ] [ LANG ] /www/wwwroot/yanyanyang/www.lingdayun.com/thinkphp/lang/zh-cn.php
[ info ] [ ROUTE ] array (
  'type' => 'module',
  'module' => 
  array (
    0 => 'api',
    1 => 'weishi',
    2 => 'check_login',
  ),
)
[ info ] [ HEADER ] array (
  'cookie' => 'ZDEDebuggerPresent=php,phtml,php3; PHPSESSID=1svl5bcb2t5cvbc9e2sfq0dcu0',
  'accept-language' => 'zh-CN,zh;q=0.9,en-US;q=0.8,en;q=0.7',
  'accept-encoding' => 'gzip, deflate',
  'referer' => 'http://www.lingdayun.com/weishi/my.html',
  'x-requested-with' => 'XMLHttpRequest',
  'user-agent' => 'Mozilla/5.0 (Linux; Android 10; JER-AN10 Build/HUAWEIJER-AN10; wv) AppleWebKit/537.36 (KHTML, like Gecko) Version/4.0 Chrome/86.0.4240.99 XWEB/4375 MMWEBSDK/20221012 Mobile Safari/537.36 MMWEBID/7980 MicroMessenger/8.0.30.2260(0x28001E55) WeChat/arm64 Weixin NetType/WIFI Language/zh_CN ABI/arm64',
  'accept' => 'application/json, text/javascript, */*; q=0.01',
  'connection' => 'keep-alive',
  'host' => 'www.lingdayun.com',
  'content-length' => '',
  'content-type' => '',
)
[ info ] [ PARAM ] array (
)
[ info ] [ RUN ] app\api\controller\Weishi->check_login[ /www/wwwroot/yanyanyang/www.lingdayun.com/application/api/controller/Weishi.php ]
[ info ] [ SESSION ] INIT array (
  'id' => '',
  'var_session_id' => '',
  'prefix' => 'think',
  'type' => '',
  'auto_start' => true,
)
[ info ] [ LOG ] INIT File

---------------------------------------------------------------
[ 2023-01-17T19:56:26+08:00 ] 10.0.8.4 121.24.179.122 GET /index.php/api/weishi/check_login
[ log ] www.lingdayun.com/index.php/api/weishi/check_login [运行时间：0.017020s][吞吐率：58.75req/s] [内存消耗：1,780.38kb] [文件加载：45]
[ info ] [ LANG ] /www/wwwroot/yanyanyang/www.lingdayun.com/thinkphp/lang/zh-cn.php
[ info ] [ ROUTE ] array (
  'type' => 'module',
  'module' => 
  array (
    0 => 'api',
    1 => 'weishi',
    2 => 'check_login',
  ),
)
[ info ] [ HEADER ] array (
  'cookie' => 'ZDEDebuggerPresent=php,phtml,php3; PHPSESSID=1svl5bcb2t5cvbc9e2sfq0dcu0',
  'accept-language' => 'zh-CN,zh;q=0.9,en-US;q=0.8,en;q=0.7',
  'accept-encoding' => 'gzip, deflate',
  'referer' => 'http://www.lingdayun.com/weishi/my.html',
  'x-requested-with' => 'XMLHttpRequest',
  'user-agent' => 'Mozilla/5.0 (Linux; Android 10; JER-AN10 Build/HUAWEIJER-AN10; wv) AppleWebKit/537.36 (KHTML, like Gecko) Version/4.0 Chrome/86.0.4240.99 XWEB/4375 MMWEBSDK/20221012 Mobile Safari/537.36 MMWEBID/7980 MicroMessenger/8.0.30.2260(0x28001E55) WeChat/arm64 Weixin NetType/WIFI Language/zh_CN ABI/arm64',
  'accept' => 'application/json, text/javascript, */*; q=0.01',
  'connection' => 'keep-alive',
  'host' => 'www.lingdayun.com',
  'content-length' => '',
  'content-type' => '',
)
[ info ] [ PARAM ] array (
)
[ info ] [ RUN ] app\api\controller\Weishi->check_login[ /www/wwwroot/yanyanyang/www.lingdayun.com/application/api/controller/Weishi.php ]
[ info ] [ SESSION ] INIT array (
  'id' => '',
  'var_session_id' => '',
  'prefix' => 'think',
  'type' => '',
  'auto_start' => true,
)
[ info ] [ LOG ] INIT File

---------------------------------------------------------------
[ 2023-01-17T19:56:26+08:00 ] 10.0.8.4 121.24.179.122 GET /index.php/Api/Weishi/getUserInfo?code=001Sqe0w3fQlXZ2HI51w3SgmwB0Sqe0R&state=STATE
[ log ] www.lingdayun.com/index.php/Api/Weishi/getUserInfo?code=001Sqe0w3fQlXZ2HI51w3SgmwB0Sqe0R&state=STATE [运行时间：0.493085s][吞吐率：2.03req/s] [内存消耗：2,505.13kb] [文件加载：51]
[ info ] [ LANG ] /www/wwwroot/yanyanyang/www.lingdayun.com/thinkphp/lang/zh-cn.php
[ info ] [ ROUTE ] array (
  'type' => 'module',
  'module' => 
  array (
    0 => 'Api',
    1 => 'Weishi',
    2 => 'getUserInfo',
  ),
)
[ info ] [ HEADER ] array (
  'cookie' => 'ZDEDebuggerPresent=php,phtml,php3; PHPSESSID=1svl5bcb2t5cvbc9e2sfq0dcu0',
  'accept-language' => 'zh-CN,zh;q=0.9,en-US;q=0.8,en;q=0.7',
  'accept-encoding' => 'gzip, deflate',
  'x-requested-with' => 'com.tencent.mm',
  'accept' => 'text/html,application/xhtml+xml,application/xml;q=0.9,image/avif,image/wxpic,image/tpg,image/webp,image/apng,*/*;q=0.8,application/signed-exchange;v=b3;q=0.9',
  'user-agent' => 'Mozilla/5.0 (Linux; Android 10; JER-AN10 Build/HUAWEIJER-AN10; wv) AppleWebKit/537.36 (KHTML, like Gecko) Version/4.0 Chrome/86.0.4240.99 XWEB/4375 MMWEBSDK/20221012 Mobile Safari/537.36 MMWEBID/7980 MicroMessenger/8.0.30.2260(0x28001E55) WeChat/arm64 Weixin NetType/WIFI Language/zh_CN ABI/arm64',
  'upgrade-insecure-requests' => '1',
  'connection' => 'keep-alive',
  'host' => 'www.lingdayun.com',
  'content-length' => '',
  'content-type' => '',
)
[ info ] [ PARAM ] array (
  'code' => '001Sqe0w3fQlXZ2HI51w3SgmwB0Sqe0R',
  'state' => 'STATE',
)
[ info ] [ RUN ] app\api\controller\Weishi->getUserInfo[ /www/wwwroot/yanyanyang/www.lingdayun.com/application/api/controller/Weishi.php ]
[ info ] [ DB ] INIT mysql
[ info ] [ SESSION ] INIT array (
  'id' => '',
  'var_session_id' => '',
  'prefix' => 'think',
  'type' => '',
  'auto_start' => true,
)
[ info ] [ LOG ] INIT File
[ sql ] [ DB ] CONNECT:[ UseTime:0.000557s ] mysql:dbname=www_lingdayun_co;host=127.0.0.1;port=3306;charset=utf8
[ sql ] [ SQL ] SHOW COLUMNS FROM `ld_weishi_user` [ RunTime:0.000809s ]
[ sql ] [ SQL ] SELECT * FROM `ld_weishi_user` WHERE  `openid` = 'oHNAT58xXz8oYHaDcd-gvFZNaMpI' LIMIT 1 [ RunTime:0.000376s ]
[ sql ] [ SQL ] SELECT * FROM `ld_weishi_user` WHERE  `openid` = 'oHNAT58xXz8oYHaDcd-gvFZNaMpI' LIMIT 1 [ RunTime:0.000142s ]

---------------------------------------------------------------
[ 2023-01-17T19:56:26+08:00 ] 10.0.8.4 121.24.179.122 GET /index.php/api/weishi/mingshi
[ log ] www.lingdayun.com/index.php/api/weishi/mingshi [运行时间：0.025404s][吞吐率：39.36req/s] [内存消耗：2,505.58kb] [文件加载：52]
[ info ] [ LANG ] /www/wwwroot/yanyanyang/www.lingdayun.com/thinkphp/lang/zh-cn.php
[ info ] [ ROUTE ] array (
  'type' => 'module',
  'module' => 
  array (
    0 => 'api',
    1 => 'weishi',
    2 => 'mingshi',
  ),
)
[ info ] [ HEADER ] array (
  'cookie' => 'ZDEDebuggerPresent=php,phtml,php3; PHPSESSID=1svl5bcb2t5cvbc9e2sfq0dcu0',
  'accept-language' => 'zh-CN,zh;q=0.9,en-US;q=0.8,en;q=0.7',
  'accept-encoding' => 'gzip, deflate',
  'referer' => 'http://www.lingdayun.com/weishi/index.html',
  'x-requested-with' => 'XMLHttpRequest',
  'user-agent' => 'Mozilla/5.0 (Linux; Android 10; JER-AN10 Build/HUAWEIJER-AN10; wv) AppleWebKit/537.36 (KHTML, like Gecko) Version/4.0 Chrome/86.0.4240.99 XWEB/4375 MMWEBSDK/20221012 Mobile Safari/537.36 MMWEBID/7980 MicroMessenger/8.0.30.2260(0x28001E55) WeChat/arm64 Weixin NetType/WIFI Language/zh_CN ABI/arm64',
  'accept' => 'application/json, text/javascript, */*; q=0.01',
  'connection' => 'keep-alive',
  'host' => 'www.lingdayun.com',
  'content-length' => '',
  'content-type' => '',
)
[ info ] [ PARAM ] array (
)
[ info ] [ RUN ] app\api\controller\Weishi->mingshi[ /www/wwwroot/yanyanyang/www.lingdayun.com/application/api/controller/Weishi.php ]
[ info ] [ SESSION ] INIT array (
  'id' => '',
  'var_session_id' => '',
  'prefix' => 'think',
  'type' => '',
  'auto_start' => true,
)
[ info ] [ DB ] INIT mysql
[ info ] [ LOG ] INIT File
[ sql ] [ DB ] CONNECT:[ UseTime:0.000460s ] mysql:dbname=www_lingdayun_co;host=127.0.0.1;port=3306;charset=utf8
[ sql ] [ SQL ] SHOW COLUMNS FROM `ld_teacher` [ RunTime:0.000725s ]
[ sql ] [ SQL ] SELECT * FROM `ld_teacher` WHERE  (  is_mingshi=1 ) [ RunTime:0.000299s ]

---------------------------------------------------------------
[ 2023-01-17T19:56:26+08:00 ] 10.0.8.4 121.24.179.122 GET /index.php/api/weishi/my_shoucang
[ log ] www.lingdayun.com/index.php/api/weishi/my_shoucang [运行时间：0.025189s][吞吐率：39.70req/s] [内存消耗：2,505.84kb] [文件加载：52]
[ info ] [ LANG ] /www/wwwroot/yanyanyang/www.lingdayun.com/thinkphp/lang/zh-cn.php
[ info ] [ ROUTE ] array (
  'type' => 'module',
  'module' => 
  array (
    0 => 'api',
    1 => 'weishi',
    2 => 'my_shoucang',
  ),
)
[ info ] [ HEADER ] array (
  'cookie' => 'ZDEDebuggerPresent=php,phtml,php3; PHPSESSID=1svl5bcb2t5cvbc9e2sfq0dcu0',
  'accept-language' => 'zh-CN,zh;q=0.9,en-US;q=0.8,en;q=0.7',
  'accept-encoding' => 'gzip, deflate',
  'referer' => 'http://www.lingdayun.com/weishi/index.html',
  'x-requested-with' => 'XMLHttpRequest',
  'user-agent' => 'Mozilla/5.0 (Linux; Android 10; JER-AN10 Build/HUAWEIJER-AN10; wv) AppleWebKit/537.36 (KHTML, like Gecko) Version/4.0 Chrome/86.0.4240.99 XWEB/4375 MMWEBSDK/20221012 Mobile Safari/537.36 MMWEBID/7980 MicroMessenger/8.0.30.2260(0x28001E55) WeChat/arm64 Weixin NetType/WIFI Language/zh_CN ABI/arm64',
  'accept' => 'application/json, text/javascript, */*; q=0.01',
  'connection' => 'keep-alive',
  'host' => 'www.lingdayun.com',
  'content-length' => '',
  'content-type' => '',
)
[ info ] [ PARAM ] array (
)
[ info ] [ RUN ] app\api\controller\Weishi->my_shoucang[ /www/wwwroot/yanyanyang/www.lingdayun.com/application/api/controller/Weishi.php ]
[ info ] [ SESSION ] INIT array (
  'id' => '',
  'var_session_id' => '',
  'prefix' => 'think',
  'type' => '',
  'auto_start' => true,
)
[ info ] [ DB ] INIT mysql
[ info ] [ LOG ] INIT File
[ sql ] [ DB ] CONNECT:[ UseTime:0.000497s ] mysql:dbname=www_lingdayun_co;host=127.0.0.1;port=3306;charset=utf8
[ sql ] [ SQL ] SHOW COLUMNS FROM `ld_weishi_shoucang` [ RunTime:0.000748s ]
[ sql ] [ SQL ] SELECT * FROM `ld_weishi_shoucang` `a` INNER JOIN `ld_teacher` `b` ON `a`.`teacher_id`=`b`.`id` WHERE  `a`.`openid` = 'oHNAT58xXz8oYHaDcd-gvFZNaMpI' LIMIT 4 [ RunTime:0.000448s ]

---------------------------------------------------------------
[ 2023-01-17T19:56:27+08:00 ] 10.0.8.4 180.163.29.217 GET /index.php/api/weishi/wxLogin
[ log ] www.lingdayun.com/index.php/api/weishi/wxLogin [运行时间：0.016545s][吞吐率：60.44req/s] [内存消耗：1,769.16kb] [文件加载：44]
[ info ] [ LANG ] /www/wwwroot/yanyanyang/www.lingdayun.com/thinkphp/lang/zh-cn.php
[ info ] [ ROUTE ] array (
  'type' => 'module',
  'module' => 
  array (
    0 => 'api',
    1 => 'weishi',
    2 => 'wxLogin',
  ),
)
[ info ] [ HEADER ] array (
  'connection' => 'keep-alive',
  'host' => 'www.lingdayun.com',
  'accept-language' => 'zh-CN,zh;q=0.8,en-US;q=0.6,en;q=0.4',
  'accept' => '*/*',
  'user-agent' => 'Mozilla/5.0 (Linux; Android 5.1.1; SM801 Build/LMY47V; wv) AppleWebKit/537.36 (KHTML, like Gecko) Version/4.0 Chrome/53.0.2785.49 Mobile MQQBrowser/6.2 TBS/043024 Safari/537.36 MicroMessenger/6.5.4.1000 NetType/4G Language/zh_CN',
  'content-length' => '',
  'content-type' => '',
)
[ info ] [ PARAM ] array (
)
[ info ] [ RUN ] app\api\controller\Weishi->wxLogin[ /www/wwwroot/yanyanyang/www.lingdayun.com/application/api/controller/Weishi.php ]
[ info ] [ LOG ] INIT File

---------------------------------------------------------------
[ 2023-01-17T19:56:47+08:00 ] 10.0.8.4 42.236.10.114 GET /
[ log ] www.lingdayun.com/ [运行时间：0.016927s][吞吐率：59.08req/s] [内存消耗：1,712.88kb] [文件加载：44]
[ info ] [ LANG ] /www/wwwroot/yanyanyang/www.lingdayun.com/thinkphp/lang/zh-cn.php
[ info ] [ ROUTE ] array (
  'type' => 'module',
  'module' => 
  array (
    0 => '',
    1 => NULL,
    2 => NULL,
  ),
)
[ info ] [ HEADER ] array (
  'accept-encoding' => 'gzip, deflate',
  'referer' => 'http://baidu.com/',
  'accept' => 'text/html,application/xhtml+xml,application/xml;q=0.9,image/webp,image/apng,*/*;q=0.8',
  'user-agent' => 'Mozilla/5.0 (Linux; Android 8.0; Pixel 2 Build/OPD3.170816.012) AppleWebKit/537.36 (KHTML, like Gecko) Chrome/87.0.4280.88 Mobile Safari/537.36',
  'upgrade-insecure-requests' => '1',
  'cache-control' => 'no-cache',
  'pragma' => 'no-cache',
  'connection' => 'keep-alive',
  'host' => 'www.lingdayun.com',
  'content-length' => '',
  'content-type' => '',
)
[ info ] [ PARAM ] array (
)
[ info ] [ RUN ] app\index\controller\Index->index[ /www/wwwroot/yanyanyang/www.lingdayun.com/application/index/controller/Index.php ]
[ info ] [ VIEW ] /www/wwwroot/yanyanyang/www.lingdayun.com/public/../application/index/view/index/index.html [ array (
) ]
[ info ] [ LOG ] INIT File

---------------------------------------------------------------
[ 2023-01-17T19:57:25+08:00 ] 10.0.8.4 220.196.160.53 GET /index.php/Api/Weishi/getUserInfo?code=031NzQ000VnuhP1tdF000Du75m1NzQ02&state=STATE
[ log ] www.lingdayun.com/index.php/Api/Weishi/getUserInfo?code=031NzQ000VnuhP1tdF000Du75m1NzQ02&state=STATE [运行时间：0.183672s][吞吐率：5.44req/s] [内存消耗：1,832.98kb] [文件加载：48]
[ info ] [ LANG ] /www/wwwroot/yanyanyang/www.lingdayun.com/thinkphp/lang/zh-cn.php
[ info ] [ ROUTE ] array (
  'type' => 'module',
  'module' => 
  array (
    0 => 'Api',
    1 => 'Weishi',
    2 => 'getUserInfo',
  ),
)
[ info ] [ HEADER ] array (
  'upgrade-insecure-requests' => '1',
  'connection' => 'keep-alive',
  'cache-control' => 'max-age=0',
  'accept-language' => 'zh-CN,zh;q=0.9',
  'accept-encoding' => 'gzip, deflate',
  'accept' => 'text/html,application/xhtml+xml,application/xml;q=0.9,image/avif,image/webp,image/apng,*/*;q=0.8,application/signed-exchange;v=b3;q=0.9',
  'user-agent' => 'Mozilla/5.0 (Linux; Android 10; JER-AN10 Build/HUAWEIJER-AN10; wv) AppleWebKit/537.36 (KHTML, like Gecko) Version/4.0 Chrome/86.0.4240.99 XWEB/4375 MMWEBSDK/20221012 Mobile Safari/537.36 MMWEBID/7980 MicroMessenger/8.0.30.2260(0x28001E55) WeChat/arm64 Weixin NetType/WIFI Language/zh_CN ABI/arm64',
  'host' => 'www.lingdayun.com',
  'content-length' => '',
  'content-type' => '',
)
[ info ] [ PARAM ] array (
  'code' => '031NzQ000VnuhP1tdF000Du75m1NzQ02',
  'state' => 'STATE',
)
[ info ] [ RUN ] app\api\controller\Weishi->getUserInfo[ /www/wwwroot/yanyanyang/www.lingdayun.com/application/api/controller/Weishi.php ]
[ info ] [ LOG ] INIT File
[ error ] [8]未定义数组索引: access_token[/www/wwwroot/yanyanyang/www.lingdayun.com/application/api/controller/Weishi.php:41]

---------------------------------------------------------------
[ 2023-01-17T19:58:57+08:00 ] 10.0.8.4 220.196.160.96 GET /index.php/api/weishi/my_shoucang
[ log ] www.lingdayun.com/index.php/api/weishi/my_shoucang [运行时间：0.025107s][吞吐率：39.83req/s] [内存消耗：2,502.29kb] [文件加载：52]
[ info ] [ LANG ] /www/wwwroot/yanyanyang/www.lingdayun.com/thinkphp/lang/zh-cn.php
[ info ] [ ROUTE ] array (
  'type' => 'module',
  'module' => 
  array (
    0 => 'api',
    1 => 'weishi',
    2 => 'my_shoucang',
  ),
)
[ info ] [ HEADER ] array (
  'upgrade-insecure-requests' => '1',
  'referer' => 'http://www.lingdayun.com/weishi/index.html',
  'connection' => 'keep-alive',
  'cache-control' => 'max-age=0',
  'accept-language' => 'zh-CN,zh;q=0.9',
  'accept-encoding' => 'gzip, deflate',
  'accept' => 'text/html,application/xhtml+xml,application/xml;q=0.9,image/avif,image/webp,image/apng,*/*;q=0.8,application/signed-exchange;v=b3;q=0.9',
  'user-agent' => 'Mozilla/5.0 (Linux; Android 10; JER-AN10 Build/HUAWEIJER-AN10; wv) AppleWebKit/537.36 (KHTML, like Gecko) Version/4.0 Chrome/86.0.4240.99 XWEB/4375 MMWEBSDK/20221012 Mobile Safari/537.36 MMWEBID/7980 MicroMessenger/8.0.30.2260(0x28001E55) WeChat/arm64 Weixin NetType/WIFI Language/zh_CN ABI/arm64',
  'host' => 'www.lingdayun.com',
  'content-length' => '',
  'content-type' => '',
)
[ info ] [ PARAM ] array (
)
[ info ] [ RUN ] app\api\controller\Weishi->my_shoucang[ /www/wwwroot/yanyanyang/www.lingdayun.com/application/api/controller/Weishi.php ]
[ info ] [ SESSION ] INIT array (
  'id' => '',
  'var_session_id' => '',
  'prefix' => 'think',
  'type' => '',
  'auto_start' => true,
)
[ info ] [ DB ] INIT mysql
[ info ] [ LOG ] INIT File
[ sql ] [ DB ] CONNECT:[ UseTime:0.000579s ] mysql:dbname=www_lingdayun_co;host=127.0.0.1;port=3306;charset=utf8
[ sql ] [ SQL ] SHOW COLUMNS FROM `ld_weishi_shoucang` [ RunTime:0.000941s ]
[ sql ] [ SQL ] SELECT * FROM `ld_weishi_shoucang` `a` INNER JOIN `ld_teacher` `b` ON `a`.`teacher_id`=`b`.`id` WHERE  `a`.`openid` = null LIMIT 4 [ RunTime:0.000474s ]

---------------------------------------------------------------
[ 2023-01-17T21:42:25+08:00 ] 10.0.8.4 180.101.245.246 GET /
[ log ] www.lingdayun.com/ [运行时间：0.017458s][吞吐率：57.28req/s] [内存消耗：1,712.69kb] [文件加载：44]
[ info ] [ LANG ] /www/wwwroot/yanyanyang/www.lingdayun.com/thinkphp/lang/zh-cn.php
[ info ] [ ROUTE ] array (
  'type' => 'module',
  'module' => 
  array (
    0 => '',
    1 => NULL,
    2 => NULL,
  ),
)
[ info ] [ HEADER ] array (
  'upgrade-insecure-requests' => '1',
  'connection' => 'keep-alive',
  'cache-control' => 'max-age=0',
  'accept-language' => 'zh-CN,zh;q=0.9',
  'accept-encoding' => 'gzip, deflate',
  'accept' => 'text/html,application/xhtml+xml,application/xml;q=0.9,image/avif,image/webp,image/apng,*/*;q=0.8,application/signed-exchange;v=b3;q=0.9',
  'user-agent' => 'Mozilla/5.0 (iPhone; CPU iPhone os 15_4 like Mac OS X) AppleWebKit/605.1.15 (KHTML, like Gecko) Version/15.4 Mobile/11D257 Safari/604.1',
  'host' => 'www.lingdayun.com',
  'content-length' => '',
  'content-type' => '',
)
[ info ] [ PARAM ] array (
)
[ info ] [ RUN ] app\index\controller\Index->index[ /www/wwwroot/yanyanyang/www.lingdayun.com/application/index/controller/Index.php ]
[ info ] [ VIEW ] /www/wwwroot/yanyanyang/www.lingdayun.com/public/../application/index/view/index/index.html [ array (
) ]
[ info ] [ LOG ] INIT File

---------------------------------------------------------------
