[ 2023-01-24T02:50:04+08:00 ] 10.0.8.4 124.71.166.204 GET /
[ log ] www.lingdayun.com/ [运行时间：0.016564s][吞吐率：60.37req/s] [内存消耗：1,711.80kb] [文件加载：44]
[ info ] [ LANG ] /www/wwwroot/yanyanyang/www.lingdayun.com/thinkphp/lang/zh-cn.php
[ info ] [ ROUTE ] array (
  'type' => 'module',
  'module' => 
  array (
    0 => '',
    1 => NULL,
    2 => NULL,
  ),
)
[ info ] [ HEADER ] array (
  'accept-encoding' => 'gzip',
  'upgrade-insecure-requests' => '1',
  'user-agent' => 'Mozilla/5.0 (Windows NT 9.1; Win64; x64) AppleWebKit/537.36 (KHTML, like Gecko) Chrome/72.0.1464.88 Safari/537.36',
  'accept-language' => 'zh-CN, zh; q=0.9, en; q=0.8, ko; q=0.7',
  'accept' => 'text/html, application/xhtml+xml, application/xml; q=0.9, image/webp; q=0.8',
  'host' => 'www.lingdayun.com',
  'content-length' => '',
  'content-type' => '',
)
[ info ] [ PARAM ] array (
)
[ info ] [ RUN ] app\index\controller\Index->index[ /www/wwwroot/yanyanyang/www.lingdayun.com/application/index/controller/Index.php ]
[ info ] [ VIEW ] /www/wwwroot/yanyanyang/www.lingdayun.com/public/../application/index/view/index/index.html [ array (
) ]
[ info ] [ LOG ] INIT File

---------------------------------------------------------------
[ 2023-01-24T03:01:13+08:00 ] 10.0.8.4 157.55.39.68 GET /
[ log ] www.lingdayun.com/ [运行时间：0.016123s][吞吐率：62.02req/s] [内存消耗：1,712.21kb] [文件加载：44]
[ info ] [ LANG ] /www/wwwroot/yanyanyang/www.lingdayun.com/thinkphp/lang/zh-cn.php
[ info ] [ ROUTE ] array (
  'type' => 'module',
  'module' => 
  array (
    0 => '',
    1 => NULL,
    2 => NULL,
  ),
)
[ info ] [ HEADER ] array (
  'user-agent' => 'Mozilla/5.0 AppleWebKit/537.36 (KHTML, like Gecko; compatible; bingbot/2.0; +http://www.bing.com/bingbot.htm) Chrome/103.0.5060.134 Safari/537.36',
  'from' => 'bingbot(at)microsoft.com',
  'accept-encoding' => 'gzip, deflate',
  'accept' => '*/*',
  'pragma' => 'no-cache',
  'cache-control' => 'no-cache',
  'host' => 'www.lingdayun.com',
  'content-length' => '',
  'content-type' => '',
)
[ info ] [ PARAM ] array (
)
[ info ] [ RUN ] app\index\controller\Index->index[ /www/wwwroot/yanyanyang/www.lingdayun.com/application/index/controller/Index.php ]
[ info ] [ VIEW ] /www/wwwroot/yanyanyang/www.lingdayun.com/public/../application/index/view/index/index.html [ array (
) ]
[ info ] [ LOG ] INIT File

---------------------------------------------------------------
[ 2023-01-24T09:15:58+08:00 ] 10.0.8.4 101.227.1.196 GET /
[ log ] www.lingdayun.com/ [运行时间：0.016893s][吞吐率：59.20req/s] [内存消耗：1,714.30kb] [文件加载：44]
[ info ] [ LANG ] /www/wwwroot/yanyanyang/www.lingdayun.com/thinkphp/lang/zh-cn.php
[ info ] [ ROUTE ] array (
  'type' => 'module',
  'module' => 
  array (
    0 => '',
    1 => NULL,
    2 => NULL,
  ),
)
[ info ] [ HEADER ] array (
  'accept-encoding' => 'gzip',
  'upgrade-insecure-requests' => '1',
  'sec-gpc' => '1',
  'dnt' => '1',
  'connection' => 'keep-alive',
  'cache-control' => 'max-age=0',
  'accept-language' => 'en;q=0.9',
  'accept' => 'text/html,application/xhtml+xml,application/xml;q=0.9,image/avif,image/webp,image/apng,*/*;q=0.8,application/signed-exchange;v=b3;q=0.9',
  'user-agent' => 'Mozilla/5.0 (Macintosh; Intel Mac OS X 10_15_7) AppleWebKit/537.36 (KHTML, like Gecko) Chrome/96.0.4664.110 Safari/537.36',
  'host' => 'www.lingdayun.com',
  'content-length' => '',
  'content-type' => '',
)
[ info ] [ PARAM ] array (
)
[ info ] [ RUN ] app\index\controller\Index->index[ /www/wwwroot/yanyanyang/www.lingdayun.com/application/index/controller/Index.php ]
[ info ] [ VIEW ] /www/wwwroot/yanyanyang/www.lingdayun.com/public/../application/index/view/index/index.html [ array (
) ]
[ info ] [ LOG ] INIT File

---------------------------------------------------------------
[ 2023-01-24T09:15:59+08:00 ] 10.0.8.4 101.227.1.197 GET /
[ log ] www.lingdayun.com/ [运行时间：0.015830s][吞吐率：63.17req/s] [内存消耗：1,711.99kb] [文件加载：44]
[ info ] [ LANG ] /www/wwwroot/yanyanyang/www.lingdayun.com/thinkphp/lang/zh-cn.php
[ info ] [ ROUTE ] array (
  'type' => 'module',
  'module' => 
  array (
    0 => '',
    1 => NULL,
    2 => NULL,
  ),
)
[ info ] [ HEADER ] array (
  'accept-encoding' => 'gzip',
  'upgrade-insecure-requests' => '1',
  'accept-language' => 'en',
  'accept' => 'text/html,application/xhtml+xml,application/xml;q=0.9,image/avif,image/webp,image/apng,*/*;q=0.8,application/signed-exchange;v=b3;q=0.9',
  'user-agent' => 'Mozilla/5.0 (Macintosh; Intel Mac OS X 11_0_0) AppleWebKit/537.36 (KHTML, like Gecko) Chrome/87.0.4280.88 Safari/537.36',
  'host' => 'www.lingdayun.com',
  'content-length' => '',
  'content-type' => '',
)
[ info ] [ PARAM ] array (
)
[ info ] [ RUN ] app\index\controller\Index->index[ /www/wwwroot/yanyanyang/www.lingdayun.com/application/index/controller/Index.php ]
[ info ] [ VIEW ] /www/wwwroot/yanyanyang/www.lingdayun.com/public/../application/index/view/index/index.html [ array (
) ]
[ info ] [ LOG ] INIT File

---------------------------------------------------------------
[ 2023-01-24T11:19:34+08:00 ] 10.0.8.4 124.71.166.204 GET /
[ log ] www.lingdayun.com/ [运行时间：0.020641s][吞吐率：48.45req/s] [内存消耗：1,711.82kb] [文件加载：44]
[ info ] [ LANG ] /www/wwwroot/yanyanyang/www.lingdayun.com/thinkphp/lang/zh-cn.php
[ info ] [ ROUTE ] array (
  'type' => 'module',
  'module' => 
  array (
    0 => '',
    1 => NULL,
    2 => NULL,
  ),
)
[ info ] [ HEADER ] array (
  'accept-encoding' => 'gzip',
  'upgrade-insecure-requests' => '1',
  'user-agent' => 'Mozilla/5.0 (Windows NT 9.9; Win64; x64) AppleWebKit/537.36 (KHTML, like Gecko) Chrome/78.0.2842.88 Safari/537.36',
  'accept-language' => 'zh-CN, zh; q=0.9, en; q=0.8, ko; q=0.7',
  'accept' => 'text/html, application/xhtml+xml, application/xml; q=0.9, image/webp; q=0.8',
  'host' => 'www.lingdayun.com',
  'content-length' => '',
  'content-type' => '',
)
[ info ] [ PARAM ] array (
)
[ info ] [ RUN ] app\index\controller\Index->index[ /www/wwwroot/yanyanyang/www.lingdayun.com/application/index/controller/Index.php ]
[ info ] [ VIEW ] /www/wwwroot/yanyanyang/www.lingdayun.com/public/../application/index/view/index/index.html [ array (
) ]
[ info ] [ LOG ] INIT File

---------------------------------------------------------------
[ 2023-01-24T13:12:01+08:00 ] 10.0.8.4 207.46.13.145 GET /
[ log ] www.lingdayun.com/ [运行时间：0.018141s][吞吐率：55.12req/s] [内存消耗：1,712.21kb] [文件加载：44]
[ info ] [ LANG ] /www/wwwroot/yanyanyang/www.lingdayun.com/thinkphp/lang/zh-cn.php
[ info ] [ ROUTE ] array (
  'type' => 'module',
  'module' => 
  array (
    0 => '',
    1 => NULL,
    2 => NULL,
  ),
)
[ info ] [ HEADER ] array (
  'user-agent' => 'Mozilla/5.0 AppleWebKit/537.36 (KHTML, like Gecko; compatible; bingbot/2.0; +http://www.bing.com/bingbot.htm) Chrome/103.0.5060.134 Safari/537.36',
  'from' => 'bingbot(at)microsoft.com',
  'accept-encoding' => 'gzip, deflate',
  'accept' => '*/*',
  'pragma' => 'no-cache',
  'cache-control' => 'no-cache',
  'host' => 'www.lingdayun.com',
  'content-length' => '',
  'content-type' => '',
)
[ info ] [ PARAM ] array (
)
[ info ] [ RUN ] app\index\controller\Index->index[ /www/wwwroot/yanyanyang/www.lingdayun.com/application/index/controller/Index.php ]
[ info ] [ VIEW ] /www/wwwroot/yanyanyang/www.lingdayun.com/public/../application/index/view/index/index.html [ array (
) ]
[ info ] [ LOG ] INIT File

---------------------------------------------------------------
[ 2023-01-24T17:28:45+08:00 ] 10.0.8.4 220.196.160.73 GET /
[ log ] www.lingdayun.com/ [运行时间：0.016027s][吞吐率：62.39req/s] [内存消耗：1,714.61kb] [文件加载：44]
[ info ] [ LANG ] /www/wwwroot/yanyanyang/www.lingdayun.com/thinkphp/lang/zh-cn.php
[ info ] [ ROUTE ] array (
  'type' => 'module',
  'module' => 
  array (
    0 => '',
    1 => NULL,
    2 => NULL,
  ),
)
[ info ] [ HEADER ] array (
  'x-forwarded-for' => '82.157.249.182',
  'upgrade-insecure-requests' => '1',
  'referer' => 'http://www.lingdayun.com/',
  'connection' => 'keep-alive',
  'cache-control' => 'max-age=0',
  'accept-language' => 'zh-CN,zh;q=0.9',
  'accept-encoding' => 'gzip, deflate',
  'accept' => 'text/html,application/xhtml+xml,application/xml;q=0.9,image/avif,image/webp,image/apng,*/*;q=0.8,application/signed-exchange;v=b3;q=0.9',
  'user-agent' => 'Mozilla/5.0 AppleWebKit/537.36 (KHTML, like Gecko; compatible; bingbot/2.0; +http://www.bing.com/bingbot.htm) Chrome/103.0.5060.134 Safari/537.36',
  'host' => 'www.lingdayun.com',
  'content-length' => '',
  'content-type' => '',
)
[ info ] [ PARAM ] array (
)
[ info ] [ RUN ] app\index\controller\Index->index[ /www/wwwroot/yanyanyang/www.lingdayun.com/application/index/controller/Index.php ]
[ info ] [ VIEW ] /www/wwwroot/yanyanyang/www.lingdayun.com/public/../application/index/view/index/index.html [ array (
) ]
[ info ] [ LOG ] INIT File

---------------------------------------------------------------
[ 2023-01-24T17:53:41+08:00 ] 10.0.8.4 114.242.250.82 GET /index.php/api/weishi/my_shoucang
[ log ] www.lingdayun.com/index.php/api/weishi/my_shoucang [运行时间：0.023314s][吞吐率：42.89req/s] [内存消耗：2,503.75kb] [文件加载：52]
[ info ] [ LANG ] /www/wwwroot/yanyanyang/www.lingdayun.com/thinkphp/lang/zh-cn.php
[ info ] [ ROUTE ] array (
  'type' => 'module',
  'module' => 
  array (
    0 => 'api',
    1 => 'weishi',
    2 => 'my_shoucang',
  ),
)
[ info ] [ HEADER ] array (
  'cookie' => 'ZDEDebuggerPresent=php,phtml,php3; PHPSESSID=thl8pqr291d5tkb85melaks477',
  'accept-language' => 'zh-CN,zh;q=0.9,en-US;q=0.8,en;q=0.7',
  'accept-encoding' => 'gzip, deflate',
  'referer' => 'https://www.lingdayun.com/weishi/index.html',
  'sec-fetch-dest' => 'empty',
  'sec-fetch-mode' => 'cors',
  'sec-fetch-site' => 'same-origin',
  'x-requested-with' => 'XMLHttpRequest',
  'user-agent' => 'Mozilla/5.0 (Linux; Android 10; LYA-AL00 Build/HUAWEILYA-AL00; wv) AppleWebKit/537.36 (KHTML, like Gecko) Version/4.0 Chrome/86.0.4240.99 XWEB/4375 MMWEBSDK/20221206 Mobile Safari/537.36 MMWEBID/5819 MicroMessenger/8.0.32.2300(0x28002055) WeChat/arm64 Weixin NetType/4G Language/zh_CN ABI/arm64',
  'accept' => 'application/json, text/javascript, */*; q=0.01',
  'host' => 'www.lingdayun.com',
  'content-length' => '',
  'content-type' => '',
)
[ info ] [ PARAM ] array (
)
[ info ] [ RUN ] app\api\controller\Weishi->my_shoucang[ /www/wwwroot/yanyanyang/www.lingdayun.com/application/api/controller/Weishi.php ]
[ info ] [ SESSION ] INIT array (
  'id' => '',
  'var_session_id' => '',
  'prefix' => 'think',
  'type' => '',
  'auto_start' => true,
)
[ info ] [ DB ] INIT mysql
[ info ] [ LOG ] INIT File
[ sql ] [ DB ] CONNECT:[ UseTime:0.000432s ] mysql:dbname=www_lingdayun_co;host=127.0.0.1;port=3306;charset=utf8
[ sql ] [ SQL ] SHOW COLUMNS FROM `ld_weishi_shoucang` [ RunTime:0.000771s ]
[ sql ] [ SQL ] SELECT * FROM `ld_weishi_shoucang` `a` INNER JOIN `ld_teacher` `b` ON `a`.`teacher_id`=`b`.`id` WHERE  `a`.`openid` = null LIMIT 4 [ RunTime:0.000427s ]

---------------------------------------------------------------
[ 2023-01-24T17:53:41+08:00 ] 10.0.8.4 114.242.250.82 GET /index.php/index/api/video_tuijian
[ log ] www.lingdayun.com/index.php/index/api/video_tuijian [运行时间：0.031282s][吞吐率：31.97req/s] [内存消耗：2,496.67kb] [文件加载：52]
[ info ] [ LANG ] /www/wwwroot/yanyanyang/www.lingdayun.com/thinkphp/lang/zh-cn.php
[ info ] [ ROUTE ] array (
  'type' => 'module',
  'module' => 
  array (
    0 => 'index',
    1 => 'api',
    2 => 'video_tuijian',
  ),
)
[ info ] [ HEADER ] array (
  'cookie' => 'ZDEDebuggerPresent=php,phtml,php3; PHPSESSID=thl8pqr291d5tkb85melaks477',
  'accept-language' => 'zh-CN,zh;q=0.9,en-US;q=0.8,en;q=0.7',
  'accept-encoding' => 'gzip, deflate',
  'referer' => 'https://www.lingdayun.com/weishi/index.html',
  'sec-fetch-dest' => 'empty',
  'sec-fetch-mode' => 'cors',
  'sec-fetch-site' => 'same-origin',
  'x-requested-with' => 'XMLHttpRequest',
  'user-agent' => 'Mozilla/5.0 (Linux; Android 10; LYA-AL00 Build/HUAWEILYA-AL00; wv) AppleWebKit/537.36 (KHTML, like Gecko) Version/4.0 Chrome/86.0.4240.99 XWEB/4375 MMWEBSDK/20221206 Mobile Safari/537.36 MMWEBID/5819 MicroMessenger/8.0.32.2300(0x28002055) WeChat/arm64 Weixin NetType/4G Language/zh_CN ABI/arm64',
  'accept' => 'application/json, text/javascript, */*; q=0.01',
  'host' => 'www.lingdayun.com',
  'content-length' => '',
  'content-type' => '',
)
[ info ] [ PARAM ] array (
)
[ info ] [ RUN ] app\index\controller\Api->video_tuijian[ /www/wwwroot/yanyanyang/www.lingdayun.com/application/index/controller/Api.php ]
[ info ] [ DB ] INIT mysql
[ info ] [ LOG ] INIT File
[ sql ] [ DB ] CONNECT:[ UseTime:0.000451s ] mysql:dbname=www_lingdayun_co;host=127.0.0.1;port=3306;charset=utf8
[ sql ] [ SQL ] SHOW COLUMNS FROM `ld_video` [ RunTime:0.000837s ]
[ sql ] [ SQL ] SELECT `a`.*,`d`.`teacher_name`,`b`.`kemu_cate`,`c`.`nianji_cate` FROM `ld_video` `a` INNER JOIN `ld_teacher` `d` ON `a`.`teacher_id`=`d`.`id` INNER JOIN `ld_kemu_cate` `b` ON `a`.`video_kemu`=`b`.`id` INNER JOIN `ld_nianji_cate` `c` ON `a`.`video_nianji`=`c`.`id` ORDER BY id desc LIMIT 2 [ RunTime:0.001108s ]

---------------------------------------------------------------
[ 2023-01-24T17:53:41+08:00 ] 10.0.8.4 114.242.250.82 GET /index.php/api/weishi/mingshi
[ log ] www.lingdayun.com/index.php/api/weishi/mingshi [运行时间：0.030617s][吞吐率：32.66req/s] [内存消耗：2,504.70kb] [文件加载：52]
[ info ] [ LANG ] /www/wwwroot/yanyanyang/www.lingdayun.com/thinkphp/lang/zh-cn.php
[ info ] [ ROUTE ] array (
  'type' => 'module',
  'module' => 
  array (
    0 => 'api',
    1 => 'weishi',
    2 => 'mingshi',
  ),
)
[ info ] [ HEADER ] array (
  'cookie' => 'ZDEDebuggerPresent=php,phtml,php3; PHPSESSID=thl8pqr291d5tkb85melaks477',
  'accept-language' => 'zh-CN,zh;q=0.9,en-US;q=0.8,en;q=0.7',
  'accept-encoding' => 'gzip, deflate',
  'referer' => 'https://www.lingdayun.com/weishi/index.html',
  'sec-fetch-dest' => 'empty',
  'sec-fetch-mode' => 'cors',
  'sec-fetch-site' => 'same-origin',
  'x-requested-with' => 'XMLHttpRequest',
  'user-agent' => 'Mozilla/5.0 (Linux; Android 10; LYA-AL00 Build/HUAWEILYA-AL00; wv) AppleWebKit/537.36 (KHTML, like Gecko) Version/4.0 Chrome/86.0.4240.99 XWEB/4375 MMWEBSDK/20221206 Mobile Safari/537.36 MMWEBID/5819 MicroMessenger/8.0.32.2300(0x28002055) WeChat/arm64 Weixin NetType/4G Language/zh_CN ABI/arm64',
  'accept' => 'application/json, text/javascript, */*; q=0.01',
  'host' => 'www.lingdayun.com',
  'content-length' => '',
  'content-type' => '',
)
[ info ] [ PARAM ] array (
)
[ info ] [ RUN ] app\api\controller\Weishi->mingshi[ /www/wwwroot/yanyanyang/www.lingdayun.com/application/api/controller/Weishi.php ]
[ info ] [ SESSION ] INIT array (
  'id' => '',
  'var_session_id' => '',
  'prefix' => 'think',
  'type' => '',
  'auto_start' => true,
)
[ info ] [ DB ] INIT mysql
[ info ] [ LOG ] INIT File
[ sql ] [ DB ] CONNECT:[ UseTime:0.000304s ] mysql:dbname=www_lingdayun_co;host=127.0.0.1;port=3306;charset=utf8
[ sql ] [ SQL ] SHOW COLUMNS FROM `ld_teacher` [ RunTime:0.000529s ]
[ sql ] [ SQL ] SELECT * FROM `ld_teacher` WHERE  (  is_mingshi=1 ) [ RunTime:0.000282s ]

---------------------------------------------------------------
[ 2023-01-24T19:45:46+08:00 ] 10.0.8.4 220.196.160.61 GET /
[ log ] www.lingdayun.com/ [运行时间：0.017453s][吞吐率：57.30req/s] [内存消耗：1,712.75kb] [文件加载：44]
[ info ] [ LANG ] /www/wwwroot/yanyanyang/www.lingdayun.com/thinkphp/lang/zh-cn.php
[ info ] [ ROUTE ] array (
  'type' => 'module',
  'module' => 
  array (
    0 => '',
    1 => NULL,
    2 => NULL,
  ),
)
[ info ] [ HEADER ] array (
  'upgrade-insecure-requests' => '1',
  'connection' => 'keep-alive',
  'cache-control' => 'max-age=0',
  'accept-language' => 'zh-CN,zh;q=0.9',
  'accept-encoding' => 'gzip, deflate',
  'accept' => 'text/html,application/xhtml+xml,application/xml;q=0.9,image/avif,image/webp,image/apng,*/*;q=0.8,application/signed-exchange;v=b3;q=0.9',
  'user-agent' => 'Mozilla/5.0 (iPhone; CPU iPhone os 15_4 like Mac OS X) AppleWebKit/605.1.15 (KHTML, like Gecko) Version/15.4 Mobile/11D257 Safari/604.1',
  'host' => 'www.lingdayun.com',
  'content-length' => '',
  'content-type' => '',
)
[ info ] [ PARAM ] array (
)
[ info ] [ RUN ] app\index\controller\Index->index[ /www/wwwroot/yanyanyang/www.lingdayun.com/application/index/controller/Index.php ]
[ info ] [ VIEW ] /www/wwwroot/yanyanyang/www.lingdayun.com/public/../application/index/view/index/index.html [ array (
) ]
[ info ] [ LOG ] INIT File

---------------------------------------------------------------
[ 2023-01-24T19:45:46+08:00 ] 10.0.8.4 59.83.208.108 GET /
[ log ] www.lingdayun.com/ [运行时间：0.016499s][吞吐率：60.61req/s] [内存消耗：1,713.11kb] [文件加载：44]
[ info ] [ LANG ] /www/wwwroot/yanyanyang/www.lingdayun.com/thinkphp/lang/zh-cn.php
[ info ] [ ROUTE ] array (
  'type' => 'module',
  'module' => 
  array (
    0 => '',
    1 => NULL,
    2 => NULL,
  ),
)
[ info ] [ HEADER ] array (
  'upgrade-insecure-requests' => '1',
  'referer' => 'http://www.lingdayun.com',
  'connection' => 'keep-alive',
  'cache-control' => 'max-age=0',
  'accept-language' => 'zh-CN,zh;q=0.9',
  'accept-encoding' => 'gzip, deflate',
  'accept' => 'text/html,application/xhtml+xml,application/xml;q=0.9,image/avif,image/webp,image/apng,*/*;q=0.8,application/signed-exchange;v=b3;q=0.9',
  'user-agent' => 'Mozilla/5.0 (iPhone; CPU iPhone os 15_4 like Mac OS X) AppleWebKit/605.1.15 (KHTML, like Gecko) Version/15.4 Mobile/11D257 Safari/604.1',
  'host' => 'www.lingdayun.com',
  'content-length' => '',
  'content-type' => '',
)
[ info ] [ PARAM ] array (
)
[ info ] [ RUN ] app\index\controller\Index->index[ /www/wwwroot/yanyanyang/www.lingdayun.com/application/index/controller/Index.php ]
[ info ] [ VIEW ] /www/wwwroot/yanyanyang/www.lingdayun.com/public/../application/index/view/index/index.html [ array (
) ]
[ info ] [ LOG ] INIT File

---------------------------------------------------------------
[ 2023-01-24T19:49:13+08:00 ] 10.0.8.4 124.71.166.204 GET /
[ log ] www.lingdayun.com/ [运行时间：0.016906s][吞吐率：59.15req/s] [内存消耗：1,711.82kb] [文件加载：44]
[ info ] [ LANG ] /www/wwwroot/yanyanyang/www.lingdayun.com/thinkphp/lang/zh-cn.php
[ info ] [ ROUTE ] array (
  'type' => 'module',
  'module' => 
  array (
    0 => '',
    1 => NULL,
    2 => NULL,
  ),
)
[ info ] [ HEADER ] array (
  'accept-encoding' => 'gzip',
  'upgrade-insecure-requests' => '1',
  'user-agent' => 'Mozilla/5.0 (Windows NT 5.6; Win64; x64) AppleWebKit/537.36 (KHTML, like Gecko) Chrome/71.0.1891.88 Safari/537.36',
  'accept-language' => 'zh-CN, zh; q=0.9, en; q=0.8, ko; q=0.7',
  'accept' => 'text/html, application/xhtml+xml, application/xml; q=0.9, image/webp; q=0.8',
  'host' => 'www.lingdayun.com',
  'content-length' => '',
  'content-type' => '',
)
[ info ] [ PARAM ] array (
)
[ info ] [ RUN ] app\index\controller\Index->index[ /www/wwwroot/yanyanyang/www.lingdayun.com/application/index/controller/Index.php ]
[ info ] [ VIEW ] /www/wwwroot/yanyanyang/www.lingdayun.com/public/../application/index/view/index/index.html [ array (
) ]
[ info ] [ LOG ] INIT File

---------------------------------------------------------------
