[ 2022-10-02T00:29:34+08:00 ] 10.0.8.4 205.210.31.5 GET /
[ log ] lingdayun.com/ [运行时间：0.091862s][吞吐率：10.89req/s] [内存消耗：1,274.27kb] [文件加载：44]
[ info ] [ LANG ] C:\wwwroot\www.lingdayun.com\thinkphp\lang\zh-cn.php
[ info ] [ ROUTE ] array (
  'type' => 'module',
  'module' => 
  array (
    0 => '',
    1 => NULL,
    2 => NULL,
  ),
)
[ info ] [ HEADER ] array (
  'connection' => 'close',
  'user-agent' => 'Expanse, a Palo Alto Networks company, searches across the global IPv4 space multiple times per day to identify customers&#39; presences on the Internet. If you would like to be excluded from our scans, please send IP addresses/domains to: scaninfo@paloaltonetworks.com',
  'host' => 'lingdayun.com',
)
[ info ] [ PARAM ] array (
)
[ info ] [ RUN ] app\index\controller\Index->index[ C:\wwwroot\www.lingdayun.com\application\index\controller\Index.php ]
[ info ] [ VIEW ] C:\wwwroot\www.lingdayun.com\public/../application/index\view\index\index.html [ array (
) ]
[ info ] [ LOG ] INIT File

---------------------------------------------------------------
[ 2022-10-02T03:04:44+08:00 ] 10.0.8.4 101.133.161.22 GET /
[ log ] www.lingdayun.com/ [运行时间：0.103148s][吞吐率：9.69req/s] [内存消耗：1,274.32kb] [文件加载：44]
[ info ] [ LANG ] C:\wwwroot\www.lingdayun.com\thinkphp\lang\zh-cn.php
[ info ] [ ROUTE ] array (
  'type' => 'module',
  'module' => 
  array (
    0 => '',
    1 => NULL,
    2 => NULL,
  ),
)
[ info ] [ HEADER ] array (
  'connection' => 'close',
  'accept-language' => 'zh-CN,zh;q=0.8,en-US;q=0.5,en;q=0.3',
  'user-agent' => 'Mozilla/5.0 (Windows NT 10.0; Win64; x64) AppleWebKit/537.36 (KHTML, like Gecko) Chrome/79.0.3945.117 Safari/537.36',
  'accept-encoding' => 'identity',
  'host' => 'www.lingdayun.com',
)
[ info ] [ PARAM ] array (
)
[ info ] [ RUN ] app\index\controller\Index->index[ C:\wwwroot\www.lingdayun.com\application\index\controller\Index.php ]
[ info ] [ VIEW ] C:\wwwroot\www.lingdayun.com\public/../application/index\view\index\index.html [ array (
) ]
[ info ] [ LOG ] INIT File

---------------------------------------------------------------
[ 2022-10-02T03:29:50+08:00 ] 10.0.8.4 101.133.161.22 GET /
[ log ] www.lingdayun.com/ [运行时间：0.093137s][吞吐率：10.74req/s] [内存消耗：1,274.50kb] [文件加载：44]
[ info ] [ LANG ] C:\wwwroot\www.lingdayun.com\thinkphp\lang\zh-cn.php
[ info ] [ ROUTE ] array (
  'type' => 'module',
  'module' => 
  array (
    0 => '',
    1 => NULL,
    2 => NULL,
  ),
)
[ info ] [ HEADER ] array (
  'accept-language' => 'zh-CN,zh;q=0.8,en-US;q=0.5,en;q=0.3',
  'connection' => 'close',
  'accept' => '*/*',
  'accept-encoding' => 'gzip, deflate',
  'user-agent' => 'Mozilla/5.0 (Windows NT 10.0; Win64; x64) AppleWebKit/537.36 (KHTML, like Gecko) Chrome/79.0.3945.117 Safari/537.36',
  'host' => 'www.lingdayun.com',
)
[ info ] [ PARAM ] array (
)
[ info ] [ RUN ] app\index\controller\Index->index[ C:\wwwroot\www.lingdayun.com\application\index\controller\Index.php ]
[ info ] [ VIEW ] C:\wwwroot\www.lingdayun.com\public/../application/index\view\index\index.html [ array (
) ]
[ info ] [ LOG ] INIT File

---------------------------------------------------------------
[ 2022-10-02T03:29:51+08:00 ] 10.0.8.4 101.133.161.22 GET /
[ log ] www.lingdayun.com/ [运行时间：0.077996s][吞吐率：12.82req/s] [内存消耗：1,274.50kb] [文件加载：44]
[ info ] [ LANG ] C:\wwwroot\www.lingdayun.com\thinkphp\lang\zh-cn.php
[ info ] [ ROUTE ] array (
  'type' => 'module',
  'module' => 
  array (
    0 => '',
    1 => NULL,
    2 => NULL,
  ),
)
[ info ] [ HEADER ] array (
  'accept-language' => 'zh-CN,zh;q=0.8,en-US;q=0.5,en;q=0.3',
  'connection' => 'close',
  'accept' => '*/*',
  'accept-encoding' => 'gzip, deflate',
  'user-agent' => 'Mozilla/5.0 (Windows NT 10.0; Win64; x64) AppleWebKit/537.36 (KHTML, like Gecko) Chrome/79.0.3945.117 Safari/537.36',
  'host' => 'www.lingdayun.com',
)
[ info ] [ PARAM ] array (
)
[ info ] [ RUN ] app\index\controller\Index->index[ C:\wwwroot\www.lingdayun.com\application\index\controller\Index.php ]
[ info ] [ VIEW ] C:\wwwroot\www.lingdayun.com\public/../application/index\view\index\index.html [ array (
) ]
[ info ] [ LOG ] INIT File

---------------------------------------------------------------
[ 2022-10-02T03:29:51+08:00 ] 10.0.8.4 101.133.161.22 GET /
[ log ] www.lingdayun.com/ [运行时间：0.088575s][吞吐率：11.29req/s] [内存消耗：1,274.50kb] [文件加载：44]
[ info ] [ LANG ] C:\wwwroot\www.lingdayun.com\thinkphp\lang\zh-cn.php
[ info ] [ ROUTE ] array (
  'type' => 'module',
  'module' => 
  array (
    0 => '',
    1 => NULL,
    2 => NULL,
  ),
)
[ info ] [ HEADER ] array (
  'accept-language' => 'zh-CN,zh;q=0.8,en-US;q=0.5,en;q=0.3',
  'connection' => 'close',
  'accept' => '*/*',
  'accept-encoding' => 'gzip, deflate',
  'user-agent' => 'Mozilla/5.0 (Windows NT 10.0; Win64; x64) AppleWebKit/537.36 (KHTML, like Gecko) Chrome/79.0.3945.117 Safari/537.36',
  'host' => 'www.lingdayun.com',
)
[ info ] [ PARAM ] array (
)
[ info ] [ RUN ] app\index\controller\Index->index[ C:\wwwroot\www.lingdayun.com\application\index\controller\Index.php ]
[ info ] [ VIEW ] C:\wwwroot\www.lingdayun.com\public/../application/index\view\index\index.html [ array (
) ]
[ info ] [ LOG ] INIT File

---------------------------------------------------------------
[ 2022-10-02T04:06:07+08:00 ] 10.0.8.4 106.55.244.169 GET /
[ log ] lingdayun.com/ [运行时间：0.096968s][吞吐率：10.31req/s] [内存消耗：1,274.29kb] [文件加载：44]
[ info ] [ LANG ] C:\wwwroot\www.lingdayun.com\thinkphp\lang\zh-cn.php
[ info ] [ ROUTE ] array (
  'type' => 'module',
  'module' => 
  array (
    0 => '',
    1 => NULL,
    2 => NULL,
  ),
)
[ info ] [ HEADER ] array (
  'connection' => 'close',
  'accept-encoding' => 'gzip',
  'user-agent' => 'mozilla/5.0 (iphone; cpu iphone os 13_5_1 like mac os x) applewebkit/605.1.15 (khtml, like gecko) mobile/15e148 micromessenger/7.0.15(0x17000f2b) nettype/4g language/zh_cn miniprogram',
  'host' => 'lingdayun.com',
)
[ info ] [ PARAM ] array (
)
[ info ] [ RUN ] app\index\controller\Index->index[ C:\wwwroot\www.lingdayun.com\application\index\controller\Index.php ]
[ info ] [ VIEW ] C:\wwwroot\www.lingdayun.com\public/../application/index\view\index\index.html [ array (
) ]
[ info ] [ LOG ] INIT File

---------------------------------------------------------------
[ 2022-10-02T04:35:38+08:00 ] 10.0.8.4 101.133.161.22 GET /
[ log ] www.lingdayun.com/ [运行时间：0.080106s][吞吐率：12.48req/s] [内存消耗：1,274.50kb] [文件加载：44]
[ info ] [ LANG ] C:\wwwroot\www.lingdayun.com\thinkphp\lang\zh-cn.php
[ info ] [ ROUTE ] array (
  'type' => 'module',
  'module' => 
  array (
    0 => '',
    1 => NULL,
    2 => NULL,
  ),
)
[ info ] [ HEADER ] array (
  'accept-language' => 'zh-CN,zh;q=0.8,en-US;q=0.5,en;q=0.3',
  'connection' => 'close',
  'accept' => '*/*',
  'accept-encoding' => 'gzip, deflate',
  'user-agent' => 'Mozilla/5.0 (Windows NT 10.0; Win64; x64) AppleWebKit/537.36 (KHTML, like Gecko) Chrome/79.0.3945.117 Safari/537.36',
  'host' => 'www.lingdayun.com',
)
[ info ] [ PARAM ] array (
)
[ info ] [ RUN ] app\index\controller\Index->index[ C:\wwwroot\www.lingdayun.com\application\index\controller\Index.php ]
[ info ] [ VIEW ] C:\wwwroot\www.lingdayun.com\public/../application/index\view\index\index.html [ array (
) ]
[ info ] [ LOG ] INIT File

---------------------------------------------------------------
[ 2022-10-02T04:35:39+08:00 ] 10.0.8.4 101.133.161.22 GET /
[ log ] www.lingdayun.com/ [运行时间：0.083356s][吞吐率：12.00req/s] [内存消耗：1,274.50kb] [文件加载：44]
[ info ] [ LANG ] C:\wwwroot\www.lingdayun.com\thinkphp\lang\zh-cn.php
[ info ] [ ROUTE ] array (
  'type' => 'module',
  'module' => 
  array (
    0 => '',
    1 => NULL,
    2 => NULL,
  ),
)
[ info ] [ HEADER ] array (
  'accept-language' => 'zh-CN,zh;q=0.8,en-US;q=0.5,en;q=0.3',
  'connection' => 'close',
  'accept' => '*/*',
  'accept-encoding' => 'gzip, deflate',
  'user-agent' => 'Mozilla/5.0 (Windows NT 10.0; Win64; x64) AppleWebKit/537.36 (KHTML, like Gecko) Chrome/79.0.3945.117 Safari/537.36',
  'host' => 'www.lingdayun.com',
)
[ info ] [ PARAM ] array (
)
[ info ] [ RUN ] app\index\controller\Index->index[ C:\wwwroot\www.lingdayun.com\application\index\controller\Index.php ]
[ info ] [ VIEW ] C:\wwwroot\www.lingdayun.com\public/../application/index\view\index\index.html [ array (
) ]
[ info ] [ LOG ] INIT File

---------------------------------------------------------------
[ 2022-10-02T04:35:40+08:00 ] 10.0.8.4 101.133.161.22 GET /
[ log ] www.lingdayun.com/ [运行时间：0.085508s][吞吐率：11.69req/s] [内存消耗：1,274.50kb] [文件加载：44]
[ info ] [ LANG ] C:\wwwroot\www.lingdayun.com\thinkphp\lang\zh-cn.php
[ info ] [ ROUTE ] array (
  'type' => 'module',
  'module' => 
  array (
    0 => '',
    1 => NULL,
    2 => NULL,
  ),
)
[ info ] [ HEADER ] array (
  'accept-language' => 'zh-CN,zh;q=0.8,en-US;q=0.5,en;q=0.3',
  'connection' => 'close',
  'accept' => '*/*',
  'accept-encoding' => 'gzip, deflate',
  'user-agent' => 'Mozilla/5.0 (Windows NT 10.0; Win64; x64) AppleWebKit/537.36 (KHTML, like Gecko) Chrome/79.0.3945.117 Safari/537.36',
  'host' => 'www.lingdayun.com',
)
[ info ] [ PARAM ] array (
)
[ info ] [ RUN ] app\index\controller\Index->index[ C:\wwwroot\www.lingdayun.com\application\index\controller\Index.php ]
[ info ] [ VIEW ] C:\wwwroot\www.lingdayun.com\public/../application/index\view\index\index.html [ array (
) ]
[ info ] [ LOG ] INIT File

---------------------------------------------------------------
[ 2022-10-02T05:17:50+08:00 ] 10.0.8.4 101.133.161.22 GET /
[ log ] www.lingdayun.com/ [运行时间：0.091561s][吞吐率：10.92req/s] [内存消耗：1,274.27kb] [文件加载：44]
[ info ] [ LANG ] C:\wwwroot\www.lingdayun.com\thinkphp\lang\zh-cn.php
[ info ] [ ROUTE ] array (
  'type' => 'module',
  'module' => 
  array (
    0 => '',
    1 => NULL,
    2 => NULL,
  ),
)
[ info ] [ HEADER ] array (
  'connection' => 'close',
  'user-agent' => 'Mozilla/5.0 (Windows NT 10.0; Win64; x64) AppleWebKit/537.36 (KHTML, like Gecko) Chrome/79.0.3945.117 Safari/537.36',
  'accept-encoding' => 'identity',
  'host' => 'www.lingdayun.com',
)
[ info ] [ PARAM ] array (
)
[ info ] [ RUN ] app\index\controller\Index->index[ C:\wwwroot\www.lingdayun.com\application\index\controller\Index.php ]
[ info ] [ VIEW ] C:\wwwroot\www.lingdayun.com\public/../application/index\view\index\index.html [ array (
) ]
[ info ] [ LOG ] INIT File

---------------------------------------------------------------
[ 2022-10-02T05:31:39+08:00 ] 10.0.8.4 93.158.91.189 GET /humans.txt
[ log ] lingdayun.com/humans.txt [运行时间：0.070288s][吞吐率：14.23req/s] [内存消耗：1,111.13kb] [文件加载：40]
[ info ] [ LANG ] C:\wwwroot\www.lingdayun.com\thinkphp\lang\zh-cn.php
[ info ] [ ROUTE ] array (
  'type' => 'module',
  'module' => 
  array (
    0 => 'humans.txt',
    1 => NULL,
    2 => NULL,
  ),
)
[ info ] [ HEADER ] array (
  'connection' => 'close',
  'accept-encoding' => 'gzip',
  'cache-control' => 'no-cache',
  'accept-language' => 'en-US',
  'accept' => 'text/plain',
  'user-agent' => 'Mozilla/5.0 (Linux; Android 9; BDL8051C Build/BDL3552T; wv) AppleWebKit/537.36 (KHTML, like Gecko) Version/4.0 Chrome/66.0.3359.158 Safari/537.36',
  'host' => 'lingdayun.com',
)
[ info ] [ PARAM ] array (
  '/humans_txt' => '',
)
[ info ] [ LOG ] INIT File

---------------------------------------------------------------
[ 2022-10-02T05:31:39+08:00 ] 10.0.8.4 93.158.91.232 GET /ads.txt
[ log ] lingdayun.com/ads.txt [运行时间：0.077586s][吞吐率：12.89req/s] [内存消耗：1,111.08kb] [文件加载：40]
[ info ] [ LANG ] C:\wwwroot\www.lingdayun.com\thinkphp\lang\zh-cn.php
[ info ] [ ROUTE ] array (
  'type' => 'module',
  'module' => 
  array (
    0 => 'ads.txt',
    1 => NULL,
    2 => NULL,
  ),
)
[ info ] [ HEADER ] array (
  'connection' => 'close',
  'accept-encoding' => 'gzip',
  'cache-control' => 'no-cache',
  'accept-language' => 'en-US',
  'accept' => 'text/plain',
  'user-agent' => 'Mozilla/5.0 (Linux; Android 9; BDL8051C Build/BDL3552T; wv) AppleWebKit/537.36 (KHTML, like Gecko) Version/4.0 Chrome/66.0.3359.158 Safari/537.36',
  'host' => 'lingdayun.com',
)
[ info ] [ PARAM ] array (
  '/ads_txt' => '',
)
[ info ] [ LOG ] INIT File

---------------------------------------------------------------
[ 2022-10-02T05:31:40+08:00 ] 10.0.8.4 93.158.91.230 GET /
[ log ] lingdayun.com/ [运行时间：0.088567s][吞吐率：11.29req/s] [内存消耗：1,274.80kb] [文件加载：44]
[ info ] [ LANG ] C:\wwwroot\www.lingdayun.com\thinkphp\lang\zh-cn.php
[ info ] [ ROUTE ] array (
  'type' => 'module',
  'module' => 
  array (
    0 => '',
    1 => NULL,
    2 => NULL,
  ),
)
[ info ] [ HEADER ] array (
  'connection' => 'close',
  'accept-encoding' => 'gzip',
  'cache-control' => 'no-cache',
  'accept-language' => 'en-US',
  'accept' => 'text/html,application/xhtml+xml',
  'user-agent' => 'Mozilla/5.0 (Linux; Android 9; BDL8051C Build/BDL3552T; wv) AppleWebKit/537.36 (KHTML, like Gecko) Version/4.0 Chrome/66.0.3359.158 Safari/537.36',
  'host' => 'lingdayun.com',
)
[ info ] [ PARAM ] array (
)
[ info ] [ RUN ] app\index\controller\Index->index[ C:\wwwroot\www.lingdayun.com\application\index\controller\Index.php ]
[ info ] [ VIEW ] C:\wwwroot\www.lingdayun.com\public/../application/index\view\index\index.html [ array (
) ]
[ info ] [ LOG ] INIT File

---------------------------------------------------------------
[ 2022-10-02T10:13:32+08:00 ] 10.0.8.4 221.192.178.236 GET /index.php/index/api/tankuang
[ log ] www.lingdayun.com/index.php/index/api/tankuang [运行时间：0.123507s][吞吐率：8.10req/s] [内存消耗：1,915.01kb] [文件加载：52]
[ info ] [ LANG ] C:\wwwroot\www.lingdayun.com\thinkphp\lang\zh-cn.php
[ info ] [ ROUTE ] array (
  'type' => 'module',
  'module' => 
  array (
    0 => 'index',
    1 => 'api',
    2 => 'tankuang',
  ),
)
[ info ] [ HEADER ] array (
  'cookie' => 'ZDEDebuggerPresent=php,phtml,php3',
  'accept-language' => 'zh-CN,zh;q=0.9,en-US;q=0.8,en;q=0.7',
  'accept-encoding' => 'gzip, deflate',
  'referer' => 'http://www.lingdayun.com/html/index.html',
  'x-requested-with' => 'XMLHttpRequest',
  'user-agent' => 'Mozilla/5.0 (Linux; Android 10; JER-AN10 Build/HUAWEIJER-AN10; wv) AppleWebKit/537.36 (KHTML, like Gecko) Version/4.0 Chrome/86.0.4240.99 XWEB/4317 MMWEBSDK/20220805 Mobile Safari/537.36 MMWEBID/7980 MicroMessenger/8.0.27.2220(0x28001B59) WeChat/arm64 Weixin NetType/4G Language/zh_CN ABI/arm64',
  'accept' => 'application/json, text/javascript, */*; q=0.01',
  'connection' => 'close',
  'host' => 'www.lingdayun.com',
)
[ info ] [ PARAM ] array (
)
[ info ] [ RUN ] app\index\controller\Api->tankuang[ C:\wwwroot\www.lingdayun.com\application\index\controller\Api.php ]
[ info ] [ DB ] INIT mysql
[ info ] [ LOG ] INIT File
[ sql ] [ DB ] CONNECT:[ UseTime:0.000815s ] mysql:dbname=www_lingdayun_co;host=127.0.0.1;port=3306;charset=utf8
[ sql ] [ SQL ] SHOW COLUMNS FROM `ld_wx_user` [ RunTime:0.003764s ]
[ sql ] [ SQL ] SELECT * FROM `ld_wx_user` WHERE  `user_openid` = null LIMIT 1 [ RunTime:0.000397s ]

---------------------------------------------------------------
[ 2022-10-02T10:13:33+08:00 ] 10.0.8.4 221.192.178.236 GET /index.php/index/api/tankuang
[ log ] www.lingdayun.com/index.php/index/api/tankuang [运行时间：0.123869s][吞吐率：8.07req/s] [内存消耗：1,915.01kb] [文件加载：52]
[ info ] [ LANG ] C:\wwwroot\www.lingdayun.com\thinkphp\lang\zh-cn.php
[ info ] [ ROUTE ] array (
  'type' => 'module',
  'module' => 
  array (
    0 => 'index',
    1 => 'api',
    2 => 'tankuang',
  ),
)
[ info ] [ HEADER ] array (
  'cookie' => 'ZDEDebuggerPresent=php,phtml,php3',
  'accept-language' => 'zh-CN,zh;q=0.9,en-US;q=0.8,en;q=0.7',
  'accept-encoding' => 'gzip, deflate',
  'referer' => 'http://www.lingdayun.com/html/index.html',
  'x-requested-with' => 'XMLHttpRequest',
  'user-agent' => 'Mozilla/5.0 (Linux; Android 10; JER-AN10 Build/HUAWEIJER-AN10; wv) AppleWebKit/537.36 (KHTML, like Gecko) Version/4.0 Chrome/86.0.4240.99 XWEB/4317 MMWEBSDK/20220805 Mobile Safari/537.36 MMWEBID/7980 MicroMessenger/8.0.27.2220(0x28001B59) WeChat/arm64 Weixin NetType/4G Language/zh_CN ABI/arm64',
  'accept' => 'application/json, text/javascript, */*; q=0.01',
  'connection' => 'close',
  'host' => 'www.lingdayun.com',
)
[ info ] [ PARAM ] array (
)
[ info ] [ RUN ] app\index\controller\Api->tankuang[ C:\wwwroot\www.lingdayun.com\application\index\controller\Api.php ]
[ info ] [ DB ] INIT mysql
[ info ] [ LOG ] INIT File
[ sql ] [ DB ] CONNECT:[ UseTime:0.010246s ] mysql:dbname=www_lingdayun_co;host=127.0.0.1;port=3306;charset=utf8
[ sql ] [ SQL ] SHOW COLUMNS FROM `ld_wx_user` [ RunTime:0.002986s ]
[ sql ] [ SQL ] SELECT * FROM `ld_wx_user` WHERE  `user_openid` = null LIMIT 1 [ RunTime:0.000339s ]

---------------------------------------------------------------
[ 2022-10-02T10:13:34+08:00 ] 10.0.8.4 221.192.178.236 GET /index.php/index/api/video_tuijian
[ log ] www.lingdayun.com/index.php/index/api/video_tuijian [运行时间：0.126541s][吞吐率：7.90req/s] [内存消耗：1,908.70kb] [文件加载：52]
[ info ] [ LANG ] C:\wwwroot\www.lingdayun.com\thinkphp\lang\zh-cn.php
[ info ] [ ROUTE ] array (
  'type' => 'module',
  'module' => 
  array (
    0 => 'index',
    1 => 'api',
    2 => 'video_tuijian',
  ),
)
[ info ] [ HEADER ] array (
  'cookie' => 'ZDEDebuggerPresent=php,phtml,php3',
  'accept-language' => 'zh-CN,zh;q=0.9,en-US;q=0.8,en;q=0.7',
  'accept-encoding' => 'gzip, deflate',
  'referer' => 'http://www.lingdayun.com/html/index.html',
  'x-requested-with' => 'XMLHttpRequest',
  'user-agent' => 'Mozilla/5.0 (Linux; Android 10; JER-AN10 Build/HUAWEIJER-AN10; wv) AppleWebKit/537.36 (KHTML, like Gecko) Version/4.0 Chrome/86.0.4240.99 XWEB/4317 MMWEBSDK/20220805 Mobile Safari/537.36 MMWEBID/7980 MicroMessenger/8.0.27.2220(0x28001B59) WeChat/arm64 Weixin NetType/4G Language/zh_CN ABI/arm64',
  'accept' => 'application/json, text/javascript, */*; q=0.01',
  'connection' => 'close',
  'host' => 'www.lingdayun.com',
)
[ info ] [ PARAM ] array (
)
[ info ] [ RUN ] app\index\controller\Api->video_tuijian[ C:\wwwroot\www.lingdayun.com\application\index\controller\Api.php ]
[ info ] [ DB ] INIT mysql
[ info ] [ LOG ] INIT File
[ sql ] [ DB ] CONNECT:[ UseTime:0.010692s ] mysql:dbname=www_lingdayun_co;host=127.0.0.1;port=3306;charset=utf8
[ sql ] [ SQL ] SHOW COLUMNS FROM `ld_video` [ RunTime:0.003152s ]
[ sql ] [ SQL ] SELECT `a`.*,`d`.`teacher_name`,`b`.`kemu_cate`,`c`.`nianji_cate` FROM `ld_video` `a` INNER JOIN `ld_teacher` `d` ON `a`.`teacher_id`=`d`.`id` INNER JOIN `ld_kemu_cate` `b` ON `a`.`video_kemu`=`b`.`id` INNER JOIN `ld_nianji_cate` `c` ON `a`.`video_nianji`=`c`.`id` ORDER BY id desc LIMIT 3 [ RunTime:0.001111s ]

---------------------------------------------------------------
[ 2022-10-02T10:13:34+08:00 ] 10.0.8.4 221.192.178.236 GET /index.php/index/api/video_tuijian
[ log ] www.lingdayun.com/index.php/index/api/video_tuijian [运行时间：0.106092s][吞吐率：9.43req/s] [内存消耗：1,908.70kb] [文件加载：52]
[ info ] [ LANG ] C:\wwwroot\www.lingdayun.com\thinkphp\lang\zh-cn.php
[ info ] [ ROUTE ] array (
  'type' => 'module',
  'module' => 
  array (
    0 => 'index',
    1 => 'api',
    2 => 'video_tuijian',
  ),
)
[ info ] [ HEADER ] array (
  'cookie' => 'ZDEDebuggerPresent=php,phtml,php3',
  'accept-language' => 'zh-CN,zh;q=0.9,en-US;q=0.8,en;q=0.7',
  'accept-encoding' => 'gzip, deflate',
  'referer' => 'http://www.lingdayun.com/html/index.html',
  'x-requested-with' => 'XMLHttpRequest',
  'user-agent' => 'Mozilla/5.0 (Linux; Android 10; JER-AN10 Build/HUAWEIJER-AN10; wv) AppleWebKit/537.36 (KHTML, like Gecko) Version/4.0 Chrome/86.0.4240.99 XWEB/4317 MMWEBSDK/20220805 Mobile Safari/537.36 MMWEBID/7980 MicroMessenger/8.0.27.2220(0x28001B59) WeChat/arm64 Weixin NetType/4G Language/zh_CN ABI/arm64',
  'accept' => 'application/json, text/javascript, */*; q=0.01',
  'connection' => 'close',
  'host' => 'www.lingdayun.com',
)
[ info ] [ PARAM ] array (
)
[ info ] [ RUN ] app\index\controller\Api->video_tuijian[ C:\wwwroot\www.lingdayun.com\application\index\controller\Api.php ]
[ info ] [ DB ] INIT mysql
[ info ] [ LOG ] INIT File
[ sql ] [ DB ] CONNECT:[ UseTime:0.001004s ] mysql:dbname=www_lingdayun_co;host=127.0.0.1;port=3306;charset=utf8
[ sql ] [ SQL ] SHOW COLUMNS FROM `ld_video` [ RunTime:0.002496s ]
[ sql ] [ SQL ] SELECT `a`.*,`d`.`teacher_name`,`b`.`kemu_cate`,`c`.`nianji_cate` FROM `ld_video` `a` INNER JOIN `ld_teacher` `d` ON `a`.`teacher_id`=`d`.`id` INNER JOIN `ld_kemu_cate` `b` ON `a`.`video_kemu`=`b`.`id` INNER JOIN `ld_nianji_cate` `c` ON `a`.`video_nianji`=`c`.`id` ORDER BY id desc LIMIT 3 [ RunTime:0.000413s ]

---------------------------------------------------------------
[ 2022-10-02T11:28:44+08:00 ] 10.0.8.4 106.115.27.214 GET /index.php/index/api/video_tuijian
[ log ] www.lingdayun.com/index.php/index/api/video_tuijian [运行时间：0.121317s][吞吐率：8.24req/s] [内存消耗：1,908.70kb] [文件加载：52]
[ info ] [ LANG ] C:\wwwroot\www.lingdayun.com\thinkphp\lang\zh-cn.php
[ info ] [ ROUTE ] array (
  'type' => 'module',
  'module' => 
  array (
    0 => 'index',
    1 => 'api',
    2 => 'video_tuijian',
  ),
)
[ info ] [ HEADER ] array (
  'cookie' => 'ZDEDebuggerPresent=php,phtml,php3',
  'accept-language' => 'zh-CN,zh;q=0.9,en-US;q=0.8,en;q=0.7',
  'accept-encoding' => 'gzip, deflate',
  'referer' => 'http://www.lingdayun.com/html/index.html',
  'x-requested-with' => 'XMLHttpRequest',
  'user-agent' => 'Mozilla/5.0 (Linux; Android 12; PELM00 Build/SP1A.210812.016; wv) AppleWebKit/537.36 (KHTML, like Gecko) Version/4.0 Chrome/86.0.4240.99 XWEB/4317 MMWEBSDK/20220903 Mobile Safari/537.36 MMWEBID/9860 MicroMessenger/8.0.28.2240(0x28001C3D) WeChat/arm64 Weixin NetType/WIFI Language/zh_CN ABI/arm64',
  'accept' => 'application/json, text/javascript, */*; q=0.01',
  'connection' => 'close',
  'host' => 'www.lingdayun.com',
)
[ info ] [ PARAM ] array (
)
[ info ] [ RUN ] app\index\controller\Api->video_tuijian[ C:\wwwroot\www.lingdayun.com\application\index\controller\Api.php ]
[ info ] [ DB ] INIT mysql
[ info ] [ LOG ] INIT File
[ sql ] [ DB ] CONNECT:[ UseTime:0.000805s ] mysql:dbname=www_lingdayun_co;host=127.0.0.1;port=3306;charset=utf8
[ sql ] [ SQL ] SHOW COLUMNS FROM `ld_video` [ RunTime:0.003138s ]
[ sql ] [ SQL ] SELECT `a`.*,`d`.`teacher_name`,`b`.`kemu_cate`,`c`.`nianji_cate` FROM `ld_video` `a` INNER JOIN `ld_teacher` `d` ON `a`.`teacher_id`=`d`.`id` INNER JOIN `ld_kemu_cate` `b` ON `a`.`video_kemu`=`b`.`id` INNER JOIN `ld_nianji_cate` `c` ON `a`.`video_nianji`=`c`.`id` ORDER BY id desc LIMIT 3 [ RunTime:0.001115s ]

---------------------------------------------------------------
[ 2022-10-02T11:28:45+08:00 ] 10.0.8.4 106.115.27.214 GET /index.php/index/api/tankuang
[ log ] www.lingdayun.com/index.php/index/api/tankuang [运行时间：0.124043s][吞吐率：8.06req/s] [内存消耗：1,915.01kb] [文件加载：52]
[ info ] [ LANG ] C:\wwwroot\www.lingdayun.com\thinkphp\lang\zh-cn.php
[ info ] [ ROUTE ] array (
  'type' => 'module',
  'module' => 
  array (
    0 => 'index',
    1 => 'api',
    2 => 'tankuang',
  ),
)
[ info ] [ HEADER ] array (
  'cookie' => 'ZDEDebuggerPresent=php,phtml,php3',
  'accept-language' => 'zh-CN,zh;q=0.9,en-US;q=0.8,en;q=0.7',
  'accept-encoding' => 'gzip, deflate',
  'referer' => 'http://www.lingdayun.com/html/index.html',
  'x-requested-with' => 'XMLHttpRequest',
  'user-agent' => 'Mozilla/5.0 (Linux; Android 12; PELM00 Build/SP1A.210812.016; wv) AppleWebKit/537.36 (KHTML, like Gecko) Version/4.0 Chrome/86.0.4240.99 XWEB/4317 MMWEBSDK/20220903 Mobile Safari/537.36 MMWEBID/9860 MicroMessenger/8.0.28.2240(0x28001C3D) WeChat/arm64 Weixin NetType/WIFI Language/zh_CN ABI/arm64',
  'accept' => 'application/json, text/javascript, */*; q=0.01',
  'connection' => 'close',
  'host' => 'www.lingdayun.com',
)
[ info ] [ PARAM ] array (
)
[ info ] [ RUN ] app\index\controller\Api->tankuang[ C:\wwwroot\www.lingdayun.com\application\index\controller\Api.php ]
[ info ] [ DB ] INIT mysql
[ info ] [ LOG ] INIT File
[ sql ] [ DB ] CONNECT:[ UseTime:0.001779s ] mysql:dbname=www_lingdayun_co;host=127.0.0.1;port=3306;charset=utf8
[ sql ] [ SQL ] SHOW COLUMNS FROM `ld_wx_user` [ RunTime:0.003335s ]
[ sql ] [ SQL ] SELECT * FROM `ld_wx_user` WHERE  `user_openid` = null LIMIT 1 [ RunTime:0.000349s ]

---------------------------------------------------------------
[ 2022-10-02T11:29:00+08:00 ] 10.0.8.4 106.115.27.214 GET /index.php/index/api/select_kemu
[ log ] www.lingdayun.com/index.php/index/api/select_kemu [运行时间：0.131818s][吞吐率：7.59req/s] [内存消耗：1,898.13kb] [文件加载：52]
[ info ] [ LANG ] C:\wwwroot\www.lingdayun.com\thinkphp\lang\zh-cn.php
[ info ] [ ROUTE ] array (
  'type' => 'module',
  'module' => 
  array (
    0 => 'index',
    1 => 'api',
    2 => 'select_kemu',
  ),
)
[ info ] [ HEADER ] array (
  'cookie' => 'ZDEDebuggerPresent=php,phtml,php3',
  'accept-language' => 'zh-CN,zh;q=0.9,en-US;q=0.8,en;q=0.7',
  'accept-encoding' => 'gzip, deflate',
  'referer' => 'http://www.lingdayun.com/html/ziliao.html',
  'x-requested-with' => 'XMLHttpRequest',
  'user-agent' => 'Mozilla/5.0 (Linux; Android 12; PELM00 Build/SP1A.210812.016; wv) AppleWebKit/537.36 (KHTML, like Gecko) Version/4.0 Chrome/86.0.4240.99 XWEB/4317 MMWEBSDK/20220903 Mobile Safari/537.36 MMWEBID/9860 MicroMessenger/8.0.28.2240(0x28001C3D) WeChat/arm64 Weixin NetType/WIFI Language/zh_CN ABI/arm64',
  'accept' => 'application/json, text/javascript, */*; q=0.01',
  'connection' => 'close',
  'host' => 'www.lingdayun.com',
)
[ info ] [ PARAM ] array (
)
[ info ] [ RUN ] app\index\controller\Api->select_kemu[ C:\wwwroot\www.lingdayun.com\application\index\controller\Api.php ]
[ info ] [ DB ] INIT mysql
[ info ] [ LOG ] INIT File
[ sql ] [ DB ] CONNECT:[ UseTime:0.013304s ] mysql:dbname=www_lingdayun_co;host=127.0.0.1;port=3306;charset=utf8
[ sql ] [ SQL ] SHOW COLUMNS FROM `ld_kemu_cate` [ RunTime:0.002809s ]
[ sql ] [ SQL ] SELECT * FROM `ld_kemu_cate` [ RunTime:0.000264s ]

---------------------------------------------------------------
[ 2022-10-02T11:29:01+08:00 ] 10.0.8.4 106.115.27.214 GET /index.php/index/api/ziliao_quanbu
[ log ] www.lingdayun.com/index.php/index/api/ziliao_quanbu [运行时间：0.126981s][吞吐率：7.88req/s] [内存消耗：1,903.99kb] [文件加载：52]
[ info ] [ LANG ] C:\wwwroot\www.lingdayun.com\thinkphp\lang\zh-cn.php
[ info ] [ ROUTE ] array (
  'type' => 'module',
  'module' => 
  array (
    0 => 'index',
    1 => 'api',
    2 => 'ziliao_quanbu',
  ),
)
[ info ] [ HEADER ] array (
  'cookie' => 'ZDEDebuggerPresent=php,phtml,php3',
  'accept-language' => 'zh-CN,zh;q=0.9,en-US;q=0.8,en;q=0.7',
  'accept-encoding' => 'gzip, deflate',
  'referer' => 'http://www.lingdayun.com/html/ziliao.html',
  'x-requested-with' => 'XMLHttpRequest',
  'user-agent' => 'Mozilla/5.0 (Linux; Android 12; PELM00 Build/SP1A.210812.016; wv) AppleWebKit/537.36 (KHTML, like Gecko) Version/4.0 Chrome/86.0.4240.99 XWEB/4317 MMWEBSDK/20220903 Mobile Safari/537.36 MMWEBID/9860 MicroMessenger/8.0.28.2240(0x28001C3D) WeChat/arm64 Weixin NetType/WIFI Language/zh_CN ABI/arm64',
  'accept' => 'application/json, text/javascript, */*; q=0.01',
  'connection' => 'close',
  'host' => 'www.lingdayun.com',
)
[ info ] [ PARAM ] array (
)
[ info ] [ RUN ] app\index\controller\Api->ziliao_quanbu[ C:\wwwroot\www.lingdayun.com\application\index\controller\Api.php ]
[ info ] [ DB ] INIT mysql
[ info ] [ LOG ] INIT File
[ sql ] [ DB ] CONNECT:[ UseTime:0.008163s ] mysql:dbname=www_lingdayun_co;host=127.0.0.1;port=3306;charset=utf8
[ sql ] [ SQL ] SHOW COLUMNS FROM `ld_ziliao` [ RunTime:0.002892s ]
[ sql ] [ SQL ] SELECT `a`.*,`d`.`teacher_name`,`b`.`kemu_cate`,`c`.`nianji_cate` FROM `ld_ziliao` `a` INNER JOIN `ld_teacher` `d` ON `a`.`teacher_id`=`d`.`id` INNER JOIN `ld_kemu_cate` `b` ON `a`.`kemu_id`=`b`.`id` INNER JOIN `ld_nianji_cate` `c` ON `a`.`nianji_id`=`c`.`id` ORDER BY id desc [ RunTime:0.000368s ]

---------------------------------------------------------------
[ 2022-10-02T11:29:03+08:00 ] 10.0.8.4 106.115.27.214 GET /index.php/index/api/select_kemu
[ log ] www.lingdayun.com/index.php/index/api/select_kemu [运行时间：0.118058s][吞吐率：8.47req/s] [内存消耗：1,898.13kb] [文件加载：52]
[ info ] [ LANG ] C:\wwwroot\www.lingdayun.com\thinkphp\lang\zh-cn.php
[ info ] [ ROUTE ] array (
  'type' => 'module',
  'module' => 
  array (
    0 => 'index',
    1 => 'api',
    2 => 'select_kemu',
  ),
)
[ info ] [ HEADER ] array (
  'cookie' => 'ZDEDebuggerPresent=php,phtml,php3',
  'accept-language' => 'zh-CN,zh;q=0.9,en-US;q=0.8,en;q=0.7',
  'accept-encoding' => 'gzip, deflate',
  'referer' => 'http://www.lingdayun.com/html/shipin.html',
  'x-requested-with' => 'XMLHttpRequest',
  'user-agent' => 'Mozilla/5.0 (Linux; Android 12; PELM00 Build/SP1A.210812.016; wv) AppleWebKit/537.36 (KHTML, like Gecko) Version/4.0 Chrome/86.0.4240.99 XWEB/4317 MMWEBSDK/20220903 Mobile Safari/537.36 MMWEBID/9860 MicroMessenger/8.0.28.2240(0x28001C3D) WeChat/arm64 Weixin NetType/WIFI Language/zh_CN ABI/arm64',
  'accept' => 'application/json, text/javascript, */*; q=0.01',
  'connection' => 'close',
  'host' => 'www.lingdayun.com',
)
[ info ] [ PARAM ] array (
)
[ info ] [ RUN ] app\index\controller\Api->select_kemu[ C:\wwwroot\www.lingdayun.com\application\index\controller\Api.php ]
[ info ] [ DB ] INIT mysql
[ info ] [ LOG ] INIT File
[ sql ] [ DB ] CONNECT:[ UseTime:0.003472s ] mysql:dbname=www_lingdayun_co;host=127.0.0.1;port=3306;charset=utf8
[ sql ] [ SQL ] SHOW COLUMNS FROM `ld_kemu_cate` [ RunTime:0.003210s ]
[ sql ] [ SQL ] SELECT * FROM `ld_kemu_cate` [ RunTime:0.000266s ]

---------------------------------------------------------------
[ 2022-10-02T11:29:04+08:00 ] 10.0.8.4 106.115.27.214 GET /index.php/index/api/video_quanbu
[ log ] www.lingdayun.com/index.php/index/api/video_quanbu [运行时间：0.122691s][吞吐率：8.15req/s] [内存消耗：1,926.19kb] [文件加载：52]
[ info ] [ LANG ] C:\wwwroot\www.lingdayun.com\thinkphp\lang\zh-cn.php
[ info ] [ ROUTE ] array (
  'type' => 'module',
  'module' => 
  array (
    0 => 'index',
    1 => 'api',
    2 => 'video_quanbu',
  ),
)
[ info ] [ HEADER ] array (
  'cookie' => 'ZDEDebuggerPresent=php,phtml,php3',
  'accept-language' => 'zh-CN,zh;q=0.9,en-US;q=0.8,en;q=0.7',
  'accept-encoding' => 'gzip, deflate',
  'referer' => 'http://www.lingdayun.com/html/shipin.html',
  'x-requested-with' => 'XMLHttpRequest',
  'user-agent' => 'Mozilla/5.0 (Linux; Android 12; PELM00 Build/SP1A.210812.016; wv) AppleWebKit/537.36 (KHTML, like Gecko) Version/4.0 Chrome/86.0.4240.99 XWEB/4317 MMWEBSDK/20220903 Mobile Safari/537.36 MMWEBID/9860 MicroMessenger/8.0.28.2240(0x28001C3D) WeChat/arm64 Weixin NetType/WIFI Language/zh_CN ABI/arm64',
  'accept' => 'application/json, text/javascript, */*; q=0.01',
  'connection' => 'close',
  'host' => 'www.lingdayun.com',
)
[ info ] [ PARAM ] array (
)
[ info ] [ RUN ] app\index\controller\Api->video_quanbu[ C:\wwwroot\www.lingdayun.com\application\index\controller\Api.php ]
[ info ] [ DB ] INIT mysql
[ info ] [ LOG ] INIT File
[ sql ] [ DB ] CONNECT:[ UseTime:0.008110s ] mysql:dbname=www_lingdayun_co;host=127.0.0.1;port=3306;charset=utf8
[ sql ] [ SQL ] SHOW COLUMNS FROM `ld_video` [ RunTime:0.002507s ]
[ sql ] [ SQL ] SELECT `a`.*,`d`.`teacher_name`,`b`.`kemu_cate`,`c`.`nianji_cate` FROM `ld_video` `a` INNER JOIN `ld_teacher` `d` ON `a`.`teacher_id`=`d`.`id` INNER JOIN `ld_kemu_cate` `b` ON `a`.`video_kemu`=`b`.`id` INNER JOIN `ld_nianji_cate` `c` ON `a`.`video_nianji`=`c`.`id` ORDER BY id desc [ RunTime:0.000406s ]

---------------------------------------------------------------
[ 2022-10-02T11:29:09+08:00 ] 10.0.8.4 106.115.27.214 GET /index.php/index/api/video_xiangxi?id=19
[ log ] www.lingdayun.com/index.php/index/api/video_xiangxi?id=19 [运行时间：0.116729s][吞吐率：8.57req/s] [内存消耗：1,905.12kb] [文件加载：52]
[ info ] [ LANG ] C:\wwwroot\www.lingdayun.com\thinkphp\lang\zh-cn.php
[ info ] [ ROUTE ] array (
  'type' => 'module',
  'module' => 
  array (
    0 => 'index',
    1 => 'api',
    2 => 'video_xiangxi',
  ),
)
[ info ] [ HEADER ] array (
  'cookie' => 'ZDEDebuggerPresent=php,phtml,php3',
  'accept-language' => 'zh-CN,zh;q=0.9,en-US;q=0.8,en;q=0.7',
  'accept-encoding' => 'gzip, deflate',
  'referer' => 'http://www.lingdayun.com/html/shipin_chakan.html?id=19',
  'x-requested-with' => 'XMLHttpRequest',
  'user-agent' => 'Mozilla/5.0 (Linux; Android 12; PELM00 Build/SP1A.210812.016; wv) AppleWebKit/537.36 (KHTML, like Gecko) Version/4.0 Chrome/86.0.4240.99 XWEB/4317 MMWEBSDK/20220903 Mobile Safari/537.36 MMWEBID/9860 MicroMessenger/8.0.28.2240(0x28001C3D) WeChat/arm64 Weixin NetType/WIFI Language/zh_CN ABI/arm64',
  'accept' => 'application/json, text/javascript, */*; q=0.01',
  'connection' => 'close',
  'host' => 'www.lingdayun.com',
)
[ info ] [ PARAM ] array (
  'id' => '19',
)
[ info ] [ RUN ] app\index\controller\Api->video_xiangxi[ C:\wwwroot\www.lingdayun.com\application\index\controller\Api.php ]
[ info ] [ DB ] INIT mysql
[ info ] [ LOG ] INIT File
[ sql ] [ DB ] CONNECT:[ UseTime:0.000824s ] mysql:dbname=www_lingdayun_co;host=127.0.0.1;port=3306;charset=utf8
[ sql ] [ SQL ] SHOW COLUMNS FROM `ld_video` [ RunTime:0.002875s ]
[ sql ] [ SQL ] SELECT * FROM `ld_video` WHERE  (  id=19 ) LIMIT 1 [ RunTime:0.000333s ]

---------------------------------------------------------------
[ 2022-10-02T11:29:38+08:00 ] 10.0.8.4 106.115.27.214 GET /index.php/index/api/video_xiangxi?id=18
[ log ] www.lingdayun.com/index.php/index/api/video_xiangxi?id=18 [运行时间：0.116900s][吞吐率：8.55req/s] [内存消耗：1,905.10kb] [文件加载：52]
[ info ] [ LANG ] C:\wwwroot\www.lingdayun.com\thinkphp\lang\zh-cn.php
[ info ] [ ROUTE ] array (
  'type' => 'module',
  'module' => 
  array (
    0 => 'index',
    1 => 'api',
    2 => 'video_xiangxi',
  ),
)
[ info ] [ HEADER ] array (
  'cookie' => 'ZDEDebuggerPresent=php,phtml,php3',
  'accept-language' => 'zh-CN,zh;q=0.9,en-US;q=0.8,en;q=0.7',
  'accept-encoding' => 'gzip, deflate',
  'referer' => 'http://www.lingdayun.com/html/shipin_chakan.html?id=18',
  'x-requested-with' => 'XMLHttpRequest',
  'user-agent' => 'Mozilla/5.0 (Linux; Android 12; PELM00 Build/SP1A.210812.016; wv) AppleWebKit/537.36 (KHTML, like Gecko) Version/4.0 Chrome/86.0.4240.99 XWEB/4317 MMWEBSDK/20220903 Mobile Safari/537.36 MMWEBID/9860 MicroMessenger/8.0.28.2240(0x28001C3D) WeChat/arm64 Weixin NetType/WIFI Language/zh_CN ABI/arm64',
  'accept' => 'application/json, text/javascript, */*; q=0.01',
  'connection' => 'close',
  'host' => 'www.lingdayun.com',
)
[ info ] [ PARAM ] array (
  'id' => '18',
)
[ info ] [ RUN ] app\index\controller\Api->video_xiangxi[ C:\wwwroot\www.lingdayun.com\application\index\controller\Api.php ]
[ info ] [ DB ] INIT mysql
[ info ] [ LOG ] INIT File
[ sql ] [ DB ] CONNECT:[ UseTime:0.000724s ] mysql:dbname=www_lingdayun_co;host=127.0.0.1;port=3306;charset=utf8
[ sql ] [ SQL ] SHOW COLUMNS FROM `ld_video` [ RunTime:0.002721s ]
[ sql ] [ SQL ] SELECT * FROM `ld_video` WHERE  (  id=18 ) LIMIT 1 [ RunTime:0.000310s ]

---------------------------------------------------------------
[ 2022-10-02T11:29:46+08:00 ] 10.0.8.4 106.115.27.214 GET /index.php/index/api/video_xiangxi?id=23
[ log ] www.lingdayun.com/index.php/index/api/video_xiangxi?id=23 [运行时间：0.128620s][吞吐率：7.77req/s] [内存消耗：1,905.03kb] [文件加载：52]
[ info ] [ LANG ] C:\wwwroot\www.lingdayun.com\thinkphp\lang\zh-cn.php
[ info ] [ ROUTE ] array (
  'type' => 'module',
  'module' => 
  array (
    0 => 'index',
    1 => 'api',
    2 => 'video_xiangxi',
  ),
)
[ info ] [ HEADER ] array (
  'cookie' => 'ZDEDebuggerPresent=php,phtml,php3',
  'accept-language' => 'zh-CN,zh;q=0.9,en-US;q=0.8,en;q=0.7',
  'accept-encoding' => 'gzip, deflate',
  'referer' => 'http://www.lingdayun.com/html/shipin_chakan.html?id=23',
  'x-requested-with' => 'XMLHttpRequest',
  'user-agent' => 'Mozilla/5.0 (Linux; Android 12; PELM00 Build/SP1A.210812.016; wv) AppleWebKit/537.36 (KHTML, like Gecko) Version/4.0 Chrome/86.0.4240.99 XWEB/4317 MMWEBSDK/20220903 Mobile Safari/537.36 MMWEBID/9860 MicroMessenger/8.0.28.2240(0x28001C3D) WeChat/arm64 Weixin NetType/WIFI Language/zh_CN ABI/arm64',
  'accept' => 'application/json, text/javascript, */*; q=0.01',
  'connection' => 'close',
  'host' => 'www.lingdayun.com',
)
[ info ] [ PARAM ] array (
  'id' => '23',
)
[ info ] [ RUN ] app\index\controller\Api->video_xiangxi[ C:\wwwroot\www.lingdayun.com\application\index\controller\Api.php ]
[ info ] [ DB ] INIT mysql
[ info ] [ LOG ] INIT File
[ sql ] [ DB ] CONNECT:[ UseTime:0.015212s ] mysql:dbname=www_lingdayun_co;host=127.0.0.1;port=3306;charset=utf8
[ sql ] [ SQL ] SHOW COLUMNS FROM `ld_video` [ RunTime:0.003032s ]
[ sql ] [ SQL ] SELECT * FROM `ld_video` WHERE  (  id=23 ) LIMIT 1 [ RunTime:0.000337s ]

---------------------------------------------------------------
[ 2022-10-02T11:29:49+08:00 ] 10.0.8.4 106.115.27.214 GET /index.php/index/api/video_xiangxi?id=23
[ log ] www.lingdayun.com/index.php/index/api/video_xiangxi?id=23 [运行时间：0.134084s][吞吐率：7.46req/s] [内存消耗：1,905.03kb] [文件加载：52]
[ info ] [ LANG ] C:\wwwroot\www.lingdayun.com\thinkphp\lang\zh-cn.php
[ info ] [ ROUTE ] array (
  'type' => 'module',
  'module' => 
  array (
    0 => 'index',
    1 => 'api',
    2 => 'video_xiangxi',
  ),
)
[ info ] [ HEADER ] array (
  'cookie' => 'ZDEDebuggerPresent=php,phtml,php3',
  'accept-language' => 'zh-CN,zh;q=0.9,en-US;q=0.8,en;q=0.7',
  'accept-encoding' => 'gzip, deflate',
  'referer' => 'http://www.lingdayun.com/html/shipin_chakan.html?id=23',
  'x-requested-with' => 'XMLHttpRequest',
  'user-agent' => 'Mozilla/5.0 (Linux; Android 12; PELM00 Build/SP1A.210812.016; wv) AppleWebKit/537.36 (KHTML, like Gecko) Version/4.0 Chrome/86.0.4240.99 XWEB/4317 MMWEBSDK/20220903 Mobile Safari/537.36 MMWEBID/9860 MicroMessenger/8.0.28.2240(0x28001C3D) WeChat/arm64 Weixin NetType/WIFI Language/zh_CN ABI/arm64',
  'accept' => 'application/json, text/javascript, */*; q=0.01',
  'connection' => 'close',
  'host' => 'www.lingdayun.com',
)
[ info ] [ PARAM ] array (
  'id' => '23',
)
[ info ] [ RUN ] app\index\controller\Api->video_xiangxi[ C:\wwwroot\www.lingdayun.com\application\index\controller\Api.php ]
[ info ] [ DB ] INIT mysql
[ info ] [ LOG ] INIT File
[ sql ] [ DB ] CONNECT:[ UseTime:0.013660s ] mysql:dbname=www_lingdayun_co;host=127.0.0.1;port=3306;charset=utf8
[ sql ] [ SQL ] SHOW COLUMNS FROM `ld_video` [ RunTime:0.002521s ]
[ sql ] [ SQL ] SELECT * FROM `ld_video` WHERE  (  id=23 ) LIMIT 1 [ RunTime:0.000296s ]

---------------------------------------------------------------
[ 2022-10-02T11:29:51+08:00 ] 10.0.8.4 106.115.27.214 GET /index.php/index/api/video_xiangxi?id=22
[ log ] www.lingdayun.com/index.php/index/api/video_xiangxi?id=22 [运行时间：0.115548s][吞吐率：8.65req/s] [内存消耗：1,905.09kb] [文件加载：52]
[ info ] [ LANG ] C:\wwwroot\www.lingdayun.com\thinkphp\lang\zh-cn.php
[ info ] [ ROUTE ] array (
  'type' => 'module',
  'module' => 
  array (
    0 => 'index',
    1 => 'api',
    2 => 'video_xiangxi',
  ),
)
[ info ] [ HEADER ] array (
  'cookie' => 'ZDEDebuggerPresent=php,phtml,php3',
  'accept-language' => 'zh-CN,zh;q=0.9,en-US;q=0.8,en;q=0.7',
  'accept-encoding' => 'gzip, deflate',
  'referer' => 'http://www.lingdayun.com/html/shipin_chakan.html?id=22',
  'x-requested-with' => 'XMLHttpRequest',
  'user-agent' => 'Mozilla/5.0 (Linux; Android 12; PELM00 Build/SP1A.210812.016; wv) AppleWebKit/537.36 (KHTML, like Gecko) Version/4.0 Chrome/86.0.4240.99 XWEB/4317 MMWEBSDK/20220903 Mobile Safari/537.36 MMWEBID/9860 MicroMessenger/8.0.28.2240(0x28001C3D) WeChat/arm64 Weixin NetType/WIFI Language/zh_CN ABI/arm64',
  'accept' => 'application/json, text/javascript, */*; q=0.01',
  'connection' => 'close',
  'host' => 'www.lingdayun.com',
)
[ info ] [ PARAM ] array (
  'id' => '22',
)
[ info ] [ RUN ] app\index\controller\Api->video_xiangxi[ C:\wwwroot\www.lingdayun.com\application\index\controller\Api.php ]
[ info ] [ DB ] INIT mysql
[ info ] [ LOG ] INIT File
[ sql ] [ DB ] CONNECT:[ UseTime:0.000719s ] mysql:dbname=www_lingdayun_co;host=127.0.0.1;port=3306;charset=utf8
[ sql ] [ SQL ] SHOW COLUMNS FROM `ld_video` [ RunTime:0.002955s ]
[ sql ] [ SQL ] SELECT * FROM `ld_video` WHERE  (  id=22 ) LIMIT 1 [ RunTime:0.000300s ]

---------------------------------------------------------------
[ 2022-10-02T11:29:54+08:00 ] 10.0.8.4 106.115.27.214 GET /index.php/index/api/video_xiangxi?id=21
[ log ] www.lingdayun.com/index.php/index/api/video_xiangxi?id=21 [运行时间：0.128232s][吞吐率：7.80req/s] [内存消耗：1,905.04kb] [文件加载：52]
[ info ] [ LANG ] C:\wwwroot\www.lingdayun.com\thinkphp\lang\zh-cn.php
[ info ] [ ROUTE ] array (
  'type' => 'module',
  'module' => 
  array (
    0 => 'index',
    1 => 'api',
    2 => 'video_xiangxi',
  ),
)
[ info ] [ HEADER ] array (
  'cookie' => 'ZDEDebuggerPresent=php,phtml,php3',
  'accept-language' => 'zh-CN,zh;q=0.9,en-US;q=0.8,en;q=0.7',
  'accept-encoding' => 'gzip, deflate',
  'referer' => 'http://www.lingdayun.com/html/shipin_chakan.html?id=21',
  'x-requested-with' => 'XMLHttpRequest',
  'user-agent' => 'Mozilla/5.0 (Linux; Android 12; PELM00 Build/SP1A.210812.016; wv) AppleWebKit/537.36 (KHTML, like Gecko) Version/4.0 Chrome/86.0.4240.99 XWEB/4317 MMWEBSDK/20220903 Mobile Safari/537.36 MMWEBID/9860 MicroMessenger/8.0.28.2240(0x28001C3D) WeChat/arm64 Weixin NetType/WIFI Language/zh_CN ABI/arm64',
  'accept' => 'application/json, text/javascript, */*; q=0.01',
  'connection' => 'close',
  'host' => 'www.lingdayun.com',
)
[ info ] [ PARAM ] array (
  'id' => '21',
)
[ info ] [ RUN ] app\index\controller\Api->video_xiangxi[ C:\wwwroot\www.lingdayun.com\application\index\controller\Api.php ]
[ info ] [ DB ] INIT mysql
[ info ] [ LOG ] INIT File
[ sql ] [ DB ] CONNECT:[ UseTime:0.004826s ] mysql:dbname=www_lingdayun_co;host=127.0.0.1;port=3306;charset=utf8
[ sql ] [ SQL ] SHOW COLUMNS FROM `ld_video` [ RunTime:0.002832s ]
[ sql ] [ SQL ] SELECT * FROM `ld_video` WHERE  (  id=21 ) LIMIT 1 [ RunTime:0.000345s ]

---------------------------------------------------------------
[ 2022-10-02T11:45:53+08:00 ] 10.0.8.4 180.101.245.252 GET /index.php/index/api/video_xiangxi?id=19
[ log ] www.lingdayun.com/index.php/index/api/video_xiangxi?id=19 [运行时间：0.126984s][吞吐率：7.88req/s] [内存消耗：1,905.41kb] [文件加载：52]
[ info ] [ LANG ] C:\wwwroot\www.lingdayun.com\thinkphp\lang\zh-cn.php
[ info ] [ ROUTE ] array (
  'type' => 'module',
  'module' => 
  array (
    0 => 'index',
    1 => 'api',
    2 => 'video_xiangxi',
  ),
)
[ info ] [ HEADER ] array (
  'x-forwarded-for' => '82.157.249.182',
  'upgrade-insecure-requests' => '1',
  'referer' => 'http://www.lingdayun.com/html/shipin_chakan.html?id=19',
  'connection' => 'close',
  'cache-control' => 'max-age=0',
  'accept-language' => 'zh-CN,zh;q=0.9',
  'accept-encoding' => 'gzip, deflate',
  'accept' => 'text/html,application/xhtml+xml,application/xml;q=0.9,image/avif,image/webp,image/apng,*/*;q=0.8,application/signed-exchange;v=b3;q=0.9',
  'user-agent' => 'Mozilla/5.0 (Linux; Android 12; PELM00 Build/SP1A.210812.016; wv) AppleWebKit/537.36 (KHTML, like Gecko) Version/4.0 Chrome/86.0.4240.99 XWEB/4317 MMWEBSDK/20220903 Mobile Safari/537.36 MMWEBID/9860 MicroMessenger/8.0.28.2240(0x28001C3D) WeChat/arm64 Weixin NetType/WIFI Language/zh_CN ABI/arm64',
  'host' => 'www.lingdayun.com',
)
[ info ] [ PARAM ] array (
  'id' => '19',
)
[ info ] [ RUN ] app\index\controller\Api->video_xiangxi[ C:\wwwroot\www.lingdayun.com\application\index\controller\Api.php ]
[ info ] [ DB ] INIT mysql
[ info ] [ LOG ] INIT File
[ sql ] [ DB ] CONNECT:[ UseTime:0.000824s ] mysql:dbname=www_lingdayun_co;host=127.0.0.1;port=3306;charset=utf8
[ sql ] [ SQL ] SHOW COLUMNS FROM `ld_video` [ RunTime:0.002809s ]
[ sql ] [ SQL ] SELECT * FROM `ld_video` WHERE  (  id=19 ) LIMIT 1 [ RunTime:0.000311s ]

---------------------------------------------------------------
[ 2022-10-02T13:30:22+08:00 ] 10.0.8.4 14.29.206.197 GET /
[ log ] lingdayun.com/ [运行时间：0.087582s][吞吐率：11.42req/s] [内存消耗：1,274.44kb] [文件加载：44]
[ info ] [ LANG ] C:\wwwroot\www.lingdayun.com\thinkphp\lang\zh-cn.php
[ info ] [ ROUTE ] array (
  'type' => 'module',
  'module' => 
  array (
    0 => '',
    1 => NULL,
    2 => NULL,
  ),
)
[ info ] [ HEADER ] array (
  'connection' => 'close',
  'accept-encoding' => 'gzip',
  'accept-language' => 'zh-CN,zh;q=0.9,en-US;q=0.8,en;q=0.7',
  'user-agent' => 'Mozilla/5.0 (iPhone; CPU iPhone OS 13_2_3 like Mac OS X) AppleWebKit/605.1.15 (KHTML, like Gecko) Version/13.0.3 Mobile/15E148 Safari/604.1',
  'host' => 'lingdayun.com',
)
[ info ] [ PARAM ] array (
)
[ info ] [ RUN ] app\index\controller\Index->index[ C:\wwwroot\www.lingdayun.com\application\index\controller\Index.php ]
[ info ] [ VIEW ] C:\wwwroot\www.lingdayun.com\public/../application/index\view\index\index.html [ array (
) ]
[ info ] [ LOG ] INIT File

---------------------------------------------------------------
[ 2022-10-02T13:44:49+08:00 ] 10.0.8.4 5.188.62.76 GET /
[ log ] lingdayun.com/ [运行时间：0.084291s][吞吐率：11.86req/s] [内存消耗：1,274.27kb] [文件加载：44]
[ info ] [ LANG ] C:\wwwroot\www.lingdayun.com\thinkphp\lang\zh-cn.php
[ info ] [ ROUTE ] array (
  'type' => 'module',
  'module' => 
  array (
    0 => '',
    1 => NULL,
    2 => NULL,
  ),
)
[ info ] [ HEADER ] array (
  'cookie' => 'beget=begetok; humans_21909=1',
  'user-agent' => 'Mozilla/5.0 (Windows NT 6.1; WOW64) AppleWebKit/537.36 (KHTML, like Gecko) Chrome/100.0.4896.127 Safari/537.36',
  'accept-encoding' => 'gzip,deflate',
  'connection' => 'close',
  'host' => 'lingdayun.com',
)
[ info ] [ PARAM ] array (
)
[ info ] [ RUN ] app\index\controller\Index->index[ C:\wwwroot\www.lingdayun.com\application\index\controller\Index.php ]
[ info ] [ VIEW ] C:\wwwroot\www.lingdayun.com\public/../application/index\view\index\index.html [ array (
) ]
[ info ] [ LOG ] INIT File

---------------------------------------------------------------
[ 2022-10-02T14:16:00+08:00 ] 10.0.8.4 5.188.62.76 GET /
[ log ] lingdayun.com/ [运行时间：0.091795s][吞吐率：10.89req/s] [内存消耗：1,274.55kb] [文件加载：44]
[ info ] [ LANG ] C:\wwwroot\www.lingdayun.com\thinkphp\lang\zh-cn.php
[ info ] [ ROUTE ] array (
  'type' => 'module',
  'module' => 
  array (
    0 => '',
    1 => NULL,
    2 => NULL,
  ),
)
[ info ] [ HEADER ] array (
  'cookie' => 'beget=begetok; humans_21909=1',
  'referer' => 'http://lingdayun.com/',
  'user-agent' => 'Mozilla/5.0 (Windows NT 6.1; WOW64) AppleWebKit/537.36 (KHTML, like Gecko) Chrome/99.0.4844.84 Safari/537.36',
  'accept-encoding' => 'gzip,deflate',
  'connection' => 'close',
  'host' => 'lingdayun.com',
)
[ info ] [ PARAM ] array (
)
[ info ] [ RUN ] app\index\controller\Index->index[ C:\wwwroot\www.lingdayun.com\application\index\controller\Index.php ]
[ info ] [ VIEW ] C:\wwwroot\www.lingdayun.com\public/../application/index\view\index\index.html [ array (
) ]
[ info ] [ LOG ] INIT File

---------------------------------------------------------------
[ 2022-10-02T14:16:04+08:00 ] 10.0.8.4 5.188.62.76 GET /admin/
[ log ] lingdayun.com/admin/ [运行时间：0.089980s][吞吐率：11.11req/s] [内存消耗：1,316.83kb] [文件加载：46]
[ info ] [ LANG ] C:\wwwroot\www.lingdayun.com\thinkphp\lang\zh-cn.php
[ info ] [ ROUTE ] array (
  'type' => 'module',
  'module' => 
  array (
    0 => 'admin',
    1 => NULL,
    2 => NULL,
  ),
)
[ info ] [ HEADER ] array (
  'cookie' => 'beget=begetok; humans_21909=1; ZDEDebuggerPresent=php,phtml,php3',
  'referer' => 'http://lingdayun.com/',
  'user-agent' => 'Mozilla/5.0 (Windows NT 6.1; WOW64) AppleWebKit/537.36 (KHTML, like Gecko) Chrome/99.0.4844.84 Safari/537.36',
  'accept-encoding' => 'gzip,deflate',
  'connection' => 'close',
  'host' => 'lingdayun.com',
)
[ info ] [ PARAM ] array (
  '/admin/' => '',
)
[ info ] [ RUN ] app\admin\controller\Index->index[ C:\wwwroot\www.lingdayun.com\application\admin\controller\Index.php ]
[ info ] [ VIEW ] C:\wwwroot\www.lingdayun.com\public/../application/admin\view\index\index.html [ array (
) ]
[ info ] [ LOG ] INIT File

---------------------------------------------------------------
[ 2022-10-02T14:16:14+08:00 ] 10.0.8.4 5.188.62.76 GET /pages/admin/
[ log ] lingdayun.com/pages/admin/ [运行时间：0.080725s][吞吐率：12.39req/s] [内存消耗：1,110.95kb] [文件加载：40]
[ info ] [ LANG ] C:\wwwroot\www.lingdayun.com\thinkphp\lang\zh-cn.php
[ info ] [ ROUTE ] array (
  'type' => 'module',
  'module' => 
  array (
    0 => 'pages',
    1 => 'admin',
    2 => NULL,
  ),
)
[ info ] [ HEADER ] array (
  'cookie' => 'beget=begetok; humans_21909=1; ZDEDebuggerPresent=php,phtml,php3',
  'referer' => 'http://lingdayun.com/',
  'user-agent' => 'Mozilla/5.0 (Windows NT 6.1; WOW64) AppleWebKit/537.36 (KHTML, like Gecko) Chrome/99.0.4844.84 Safari/537.36',
  'accept-encoding' => 'gzip,deflate',
  'connection' => 'close',
  'host' => 'lingdayun.com',
)
[ info ] [ PARAM ] array (
  '/pages/admin/' => '',
)
[ info ] [ LOG ] INIT File

---------------------------------------------------------------
[ 2022-10-02T14:21:25+08:00 ] 10.0.8.4 59.83.208.103 GET /admin/
[ log ] lingdayun.com/admin/ [运行时间：0.083910s][吞吐率：11.92req/s] [内存消耗：1,317.84kb] [文件加载：46]
[ info ] [ LANG ] C:\wwwroot\www.lingdayun.com\thinkphp\lang\zh-cn.php
[ info ] [ ROUTE ] array (
  'type' => 'module',
  'module' => 
  array (
    0 => 'admin',
    1 => NULL,
    2 => NULL,
  ),
)
[ info ] [ HEADER ] array (
  'x-forwarded-for' => '82.157.249.182',
  'upgrade-insecure-requests' => '1',
  'referer' => 'http://lingdayun.com/',
  'connection' => 'close',
  'cache-control' => 'max-age=0',
  'accept-language' => 'zh-CN,zh;q=0.9',
  'accept-encoding' => 'gzip, deflate',
  'accept' => 'text/html,application/xhtml+xml,application/xml;q=0.9,image/avif,image/webp,image/apng,*/*;q=0.8,application/signed-exchange;v=b3;q=0.9',
  'user-agent' => 'Mozilla/5.0 (Windows NT 6.1; WOW64) AppleWebKit/537.36 (KHTML, like Gecko) Chrome/99.0.4844.84 Safari/537.36',
  'host' => 'lingdayun.com',
)
[ info ] [ PARAM ] array (
  '/admin/' => '',
)
[ info ] [ RUN ] app\admin\controller\Index->index[ C:\wwwroot\www.lingdayun.com\application\admin\controller\Index.php ]
[ info ] [ VIEW ] C:\wwwroot\www.lingdayun.com\public/../application/admin\view\index\index.html [ array (
) ]
[ info ] [ LOG ] INIT File

---------------------------------------------------------------
[ 2022-10-02T14:21:31+08:00 ] 10.0.8.4 220.196.160.154 GET /pages/admin/
[ log ] lingdayun.com/pages/admin/ [运行时间：0.071530s][吞吐率：13.98req/s] [内存消耗：1,111.94kb] [文件加载：40]
[ info ] [ LANG ] C:\wwwroot\www.lingdayun.com\thinkphp\lang\zh-cn.php
[ info ] [ ROUTE ] array (
  'type' => 'module',
  'module' => 
  array (
    0 => 'pages',
    1 => 'admin',
    2 => NULL,
  ),
)
[ info ] [ HEADER ] array (
  'x-forwarded-for' => '82.157.249.182',
  'upgrade-insecure-requests' => '1',
  'referer' => 'http://lingdayun.com/',
  'connection' => 'close',
  'cache-control' => 'max-age=0',
  'accept-language' => 'zh-CN,zh;q=0.9',
  'accept-encoding' => 'gzip, deflate',
  'accept' => 'text/html,application/xhtml+xml,application/xml;q=0.9,image/avif,image/webp,image/apng,*/*;q=0.8,application/signed-exchange;v=b3;q=0.9',
  'user-agent' => 'Mozilla/5.0 (Windows NT 6.1; WOW64) AppleWebKit/537.36 (KHTML, like Gecko) Chrome/99.0.4844.84 Safari/537.36',
  'host' => 'lingdayun.com',
)
[ info ] [ PARAM ] array (
  '/pages/admin/' => '',
)
[ info ] [ LOG ] INIT File

---------------------------------------------------------------
[ 2022-10-02T14:22:22+08:00 ] 10.0.8.4 180.101.244.15 GET /pages/admin/
[ log ] lingdayun.com/pages/admin/ [运行时间：0.075665s][吞吐率：13.22req/s] [内存消耗：1,111.94kb] [文件加载：40]
[ info ] [ LANG ] C:\wwwroot\www.lingdayun.com\thinkphp\lang\zh-cn.php
[ info ] [ ROUTE ] array (
  'type' => 'module',
  'module' => 
  array (
    0 => 'pages',
    1 => 'admin',
    2 => NULL,
  ),
)
[ info ] [ HEADER ] array (
  'x-forwarded-for' => '82.157.249.182',
  'upgrade-insecure-requests' => '1',
  'referer' => 'http://lingdayun.com/',
  'connection' => 'close',
  'cache-control' => 'max-age=0',
  'accept-language' => 'zh-CN,zh;q=0.9',
  'accept-encoding' => 'gzip, deflate',
  'accept' => 'text/html,application/xhtml+xml,application/xml;q=0.9,image/avif,image/webp,image/apng,*/*;q=0.8,application/signed-exchange;v=b3;q=0.9',
  'user-agent' => 'Mozilla/5.0 (Windows NT 6.1; WOW64) AppleWebKit/537.36 (KHTML, like Gecko) Chrome/99.0.4844.84 Safari/537.36',
  'host' => 'lingdayun.com',
)
[ info ] [ PARAM ] array (
  '/pages/admin/' => '',
)
[ info ] [ LOG ] INIT File

---------------------------------------------------------------
[ 2022-10-02T15:26:39+08:00 ] 10.0.8.4 185.46.121.66 GET /wp-login.php
[ log ] lingdayun.com/wp-login.php [运行时间：0.081881s][吞吐率：12.21req/s] [内存消耗：1,110.29kb] [文件加载：40]
[ info ] [ LANG ] C:\wwwroot\www.lingdayun.com\thinkphp\lang\zh-cn.php
[ info ] [ ROUTE ] array (
  'type' => 'module',
  'module' => 
  array (
    0 => 'wp-login.php',
    1 => NULL,
    2 => NULL,
  ),
)
[ info ] [ HEADER ] array (
  'connection' => 'close',
  'accept-encoding' => 'gzip',
  'user-agent' => 'Mozilla/5.0 (Windows NT 10.0; Win64; x64; rv:96.0) Gecko/20100101 Firefox/96',
  'host' => 'lingdayun.com',
)
[ info ] [ PARAM ] array (
  '/wp-login_php' => '',
)
[ info ] [ LOG ] INIT File

---------------------------------------------------------------
[ 2022-10-02T17:04:34+08:00 ] 10.0.8.4 116.179.32.180 GET /
[ log ] www.lingdayun.com/ [运行时间：0.082575s][吞吐率：12.11req/s] [内存消耗：1,274.64kb] [文件加载：44]
[ info ] [ LANG ] C:\wwwroot\www.lingdayun.com\thinkphp\lang\zh-cn.php
[ info ] [ ROUTE ] array (
  'type' => 'module',
  'module' => 
  array (
    0 => '',
    1 => NULL,
    2 => NULL,
  ),
)
[ info ] [ HEADER ] array (
  'host' => 'www.lingdayun.com',
  'accept-language' => 'en-US,*',
  'accept-encoding' => 'gzip, deflate',
  'connection' => 'close',
  'referer' => 'http://www.baidu.com/s?wd=polewpr',
  'user-agent' => 'Mozilla/5.0 (Windows NT 6.1; WOW64; rv:43.0) Gecko/20100101 Firefox/43.0',
  'accept' => 'text/html,application/xhtml+xml,application/xml;q=0.9,*/*;q=0.8',
)
[ info ] [ PARAM ] array (
)
[ info ] [ RUN ] app\index\controller\Index->index[ C:\wwwroot\www.lingdayun.com\application\index\controller\Index.php ]
[ info ] [ VIEW ] C:\wwwroot\www.lingdayun.com\public/../application/index\view\index\index.html [ array (
) ]
[ info ] [ LOG ] INIT File

---------------------------------------------------------------
