[ 2022-12-11T00:22:52+08:00 ] 10.0.8.4 40.77.167.15 GET /
[ log ] www.lingdayun.com/ [运行时间：0.076985s][吞吐率：12.99req/s] [内存消耗：1,276.41kb] [文件加载：44]
[ info ] [ LANG ] C:\wwwroot\www.lingdayun.com\thinkphp\lang\zh-cn.php
[ info ] [ ROUTE ] array (
  'type' => 'module',
  'module' => 
  array (
    0 => '',
    1 => NULL,
    2 => NULL,
  ),
)
[ info ] [ HEADER ] array (
  'user-agent' => 'Mozilla/5.0 (compatible; bingbot/2.0; +http://www.bing.com/bingbot.htm)',
  'host' => 'www.lingdayun.com',
  'from' => 'bingbot(at)microsoft.com',
  'accept-encoding' => 'gzip, deflate',
  'accept' => '*/*',
  'pragma' => 'no-cache',
  'connection' => 'close',
  'cache-control' => 'no-cache',
)
[ info ] [ PARAM ] array (
)
[ info ] [ RUN ] app\index\controller\Index->index[ C:\wwwroot\www.lingdayun.com\application\index\controller\Index.php ]
[ info ] [ VIEW ] C:\wwwroot\www.lingdayun.com\public/../application/index\view\index\index.html [ array (
) ]
[ info ] [ LOG ] INIT File

---------------------------------------------------------------
[ 2022-12-11T00:52:04+08:00 ] 10.0.8.4 117.131.187.142 GET /index.php/index/api/tankuang
[ log ] www.lingdayun.com/index.php/index/api/tankuang [运行时间：0.105199s][吞吐率：9.51req/s] [内存消耗：1,916.55kb] [文件加载：52]
[ info ] [ LANG ] C:\wwwroot\www.lingdayun.com\thinkphp\lang\zh-cn.php
[ info ] [ ROUTE ] array (
  'type' => 'module',
  'module' => 
  array (
    0 => 'index',
    1 => 'api',
    2 => 'tankuang',
  ),
)
[ info ] [ HEADER ] array (
  'accept-language' => 'zh-CN,zh;q=0.9,en-US;q=0.8,en;q=0.7',
  'accept-encoding' => 'gzip, deflate',
  'referer' => 'http://www.lingdayun.com/html/shequ_index.html',
  'x-requested-with' => 'XMLHttpRequest',
  'user-agent' => 'Mozilla/5.0 (Linux; Android 12; PGP110 Build/SKQ1.220303.001; wv) AppleWebKit/537.36 (KHTML, like Gecko) Version/4.0 Chrome/86.0.4240.99 XWEB/4375 MMWEBSDK/20221012 Mobile Safari/537.36 MMWEBID/5007 MicroMessenger/8.0.30.2260(0x28001E55) WeChat/arm64 Weixin NetType/WIFI Language/zh_CN ABI/arm64',
  'accept' => 'application/json, text/javascript, */*; q=0.01',
  'connection' => 'close',
  'host' => 'www.lingdayun.com',
)
[ info ] [ PARAM ] array (
)
[ info ] [ RUN ] app\index\controller\Api->tankuang[ C:\wwwroot\www.lingdayun.com\application\index\controller\Api.php ]
[ info ] [ DB ] INIT mysql
[ info ] [ LOG ] INIT File
[ sql ] [ DB ] CONNECT:[ UseTime:0.000705s ] mysql:dbname=www_lingdayun_co;host=127.0.0.1;port=3306;charset=utf8
[ sql ] [ SQL ] SHOW COLUMNS FROM `ld_wx_user` [ RunTime:0.002688s ]
[ sql ] [ SQL ] SELECT * FROM `ld_wx_user` WHERE  `user_openid` = null LIMIT 1 [ RunTime:0.000320s ]

---------------------------------------------------------------
[ 2022-12-11T00:52:45+08:00 ] 10.0.8.4 117.131.187.142 GET /index.php/index/api/tankuang
[ log ] www.lingdayun.com/index.php/index/api/tankuang [运行时间：0.124183s][吞吐率：8.05req/s] [内存消耗：1,916.55kb] [文件加载：52]
[ info ] [ LANG ] C:\wwwroot\www.lingdayun.com\thinkphp\lang\zh-cn.php
[ info ] [ ROUTE ] array (
  'type' => 'module',
  'module' => 
  array (
    0 => 'index',
    1 => 'api',
    2 => 'tankuang',
  ),
)
[ info ] [ HEADER ] array (
  'accept-language' => 'zh-CN,zh;q=0.9,en-US;q=0.8,en;q=0.7',
  'accept-encoding' => 'gzip, deflate',
  'referer' => 'http://www.lingdayun.com/html/shequ_index.html',
  'x-requested-with' => 'XMLHttpRequest',
  'user-agent' => 'Mozilla/5.0 (Linux; Android 12; PGP110 Build/SKQ1.220303.001; wv) AppleWebKit/537.36 (KHTML, like Gecko) Version/4.0 Chrome/86.0.4240.99 XWEB/4375 MMWEBSDK/20221012 Mobile Safari/537.36 MMWEBID/5007 MicroMessenger/8.0.30.2260(0x28001E55) WeChat/arm64 Weixin NetType/WIFI Language/zh_CN ABI/arm64',
  'accept' => 'application/json, text/javascript, */*; q=0.01',
  'connection' => 'close',
  'host' => 'www.lingdayun.com',
)
[ info ] [ PARAM ] array (
)
[ info ] [ RUN ] app\index\controller\Api->tankuang[ C:\wwwroot\www.lingdayun.com\application\index\controller\Api.php ]
[ info ] [ DB ] INIT mysql
[ info ] [ LOG ] INIT File
[ sql ] [ DB ] CONNECT:[ UseTime:0.013176s ] mysql:dbname=www_lingdayun_co;host=127.0.0.1;port=3306;charset=utf8
[ sql ] [ SQL ] SHOW COLUMNS FROM `ld_wx_user` [ RunTime:0.003678s ]
[ sql ] [ SQL ] SELECT * FROM `ld_wx_user` WHERE  `user_openid` = null LIMIT 1 [ RunTime:0.000423s ]

---------------------------------------------------------------
[ 2022-12-11T01:02:05+08:00 ] 10.0.8.4 124.71.166.204 GET /
[ log ] www.lingdayun.com/ [运行时间：0.080366s][吞吐率：12.44req/s] [内存消耗：1,276.59kb] [文件加载：44]
[ info ] [ LANG ] C:\wwwroot\www.lingdayun.com\thinkphp\lang\zh-cn.php
[ info ] [ ROUTE ] array (
  'type' => 'module',
  'module' => 
  array (
    0 => '',
    1 => NULL,
    2 => NULL,
  ),
)
[ info ] [ HEADER ] array (
  'connection' => 'close',
  'accept-encoding' => 'gzip',
  'upgrade-insecure-requests' => '1',
  'user-agent' => 'Mozilla/5.0 (Windows NT 8.9; Win64; x64) AppleWebKit/537.36 (KHTML, like Gecko) Chrome/73.0.1731.88 Safari/537.36',
  'accept-language' => 'zh-CN, zh; q=0.9, en; q=0.8, ko; q=0.7',
  'accept' => 'text/html, application/xhtml+xml, application/xml; q=0.9, image/webp; q=0.8',
  'host' => 'www.lingdayun.com',
)
[ info ] [ PARAM ] array (
)
[ info ] [ RUN ] app\index\controller\Index->index[ C:\wwwroot\www.lingdayun.com\application\index\controller\Index.php ]
[ info ] [ VIEW ] C:\wwwroot\www.lingdayun.com\public/../application/index\view\index\index.html [ array (
) ]
[ info ] [ LOG ] INIT File

---------------------------------------------------------------
[ 2022-12-11T01:02:05+08:00 ] 10.0.8.4 124.71.166.204 GET /index.html
[ log ] www.lingdayun.com/index.html [运行时间：0.082856s][吞吐率：12.07req/s] [内存消耗：1,279.57kb] [文件加载：44]
[ info ] [ LANG ] C:\wwwroot\www.lingdayun.com\thinkphp\lang\zh-cn.php
[ info ] [ ROUTE ] array (
  'type' => 'module',
  'module' => 
  array (
    0 => 'index',
    1 => NULL,
    2 => NULL,
  ),
)
[ info ] [ HEADER ] array (
  'connection' => 'close',
  'accept-encoding' => 'gzip',
  'upgrade-insecure-requests' => '1',
  'user-agent' => 'Mozilla/5.0 (Windows NT 10.4; Win64; x64) AppleWebKit/537.36 (KHTML, like Gecko) Chrome/72.0.1727.88 Safari/537.36',
  'accept-language' => 'zh-CN, zh; q=0.9, en; q=0.8, ko; q=0.7',
  'accept' => 'text/html, application/xhtml+xml, application/xml; q=0.9, image/webp; q=0.8',
  'host' => 'www.lingdayun.com',
)
[ info ] [ PARAM ] array (
  '/index_html' => '',
)
[ info ] [ RUN ] app\index\controller\Index->index[ C:\wwwroot\www.lingdayun.com\application\index\controller\Index.php ]
[ info ] [ VIEW ] C:\wwwroot\www.lingdayun.com\public/../application/index\view\index\index.html [ array (
) ]
[ info ] [ LOG ] INIT File

---------------------------------------------------------------
[ 2022-12-11T01:14:40+08:00 ] 10.0.8.4 110.249.202.176 GET /
[ log ] lingdayun.com/ [运行时间：0.074215s][吞吐率：13.47req/s] [内存消耗：1,276.52kb] [文件加载：44]
[ info ] [ LANG ] C:\wwwroot\www.lingdayun.com\thinkphp\lang\zh-cn.php
[ info ] [ ROUTE ] array (
  'type' => 'module',
  'module' => 
  array (
    0 => '',
    1 => NULL,
    2 => NULL,
  ),
)
[ info ] [ HEADER ] array (
  'connection' => 'close',
  'accept-encoding' => 'gzip, deflate',
  'accept' => 'text/html,application/xhtml+xml,application/xml;q=0.9,image/webp,image/apng,*/*;q=0.8',
  'accept-language' => 'zh,zh-CN;q=0.9',
  'user-agent' => 'Mozilla/5.0 (Linux; Android 5.0) AppleWebKit/537.36 (KHTML, like Gecko) Mobile Safari/537.36 (compatible; Bytespider; https://zhanzhang.toutiao.com/)',
  'upgrade-insecure-requests' => '1',
  'host' => 'lingdayun.com',
)
[ info ] [ PARAM ] array (
)
[ info ] [ RUN ] app\index\controller\Index->index[ C:\wwwroot\www.lingdayun.com\application\index\controller\Index.php ]
[ info ] [ VIEW ] C:\wwwroot\www.lingdayun.com\public/../application/index\view\index\index.html [ array (
) ]
[ info ] [ LOG ] INIT File

---------------------------------------------------------------
[ 2022-12-11T01:18:36+08:00 ] 10.0.8.4 110.249.202.59 GET /index.html
[ log ] lingdayun.com/index.html [运行时间：0.082462s][吞吐率：12.13req/s] [内存消耗：1,279.63kb] [文件加载：44]
[ info ] [ LANG ] C:\wwwroot\www.lingdayun.com\thinkphp\lang\zh-cn.php
[ info ] [ ROUTE ] array (
  'type' => 'module',
  'module' => 
  array (
    0 => 'index',
    1 => NULL,
    2 => NULL,
  ),
)
[ info ] [ HEADER ] array (
  'connection' => 'close',
  'accept-encoding' => 'gzip, deflate',
  'accept' => 'text/html,application/xhtml+xml,application/xml;q=0.9,image/webp,image/apng,*/*;q=0.8',
  'accept-language' => 'zh,zh-CN;q=0.9',
  'user-agent' => 'Mozilla/5.0 (Linux; Android 5.0) AppleWebKit/537.36 (KHTML, like Gecko) Mobile Safari/537.36 (compatible; Bytespider; https://zhanzhang.toutiao.com/)',
  'upgrade-insecure-requests' => '1',
  'host' => 'lingdayun.com',
)
[ info ] [ PARAM ] array (
  '/index_html' => '',
)
[ info ] [ RUN ] app\index\controller\Index->index[ C:\wwwroot\www.lingdayun.com\application\index\controller\Index.php ]
[ info ] [ VIEW ] C:\wwwroot\www.lingdayun.com\public/../application/index\view\index\index.html [ array (
) ]
[ info ] [ LOG ] INIT File

---------------------------------------------------------------
[ 2022-12-11T01:24:26+08:00 ] 10.0.8.4 220.196.160.117 GET /
[ log ] www.lingdayun.com/ [运行时间：0.084019s][吞吐率：11.90req/s] [内存消耗：1,276.78kb] [文件加载：44]
[ info ] [ LANG ] C:\wwwroot\www.lingdayun.com\thinkphp\lang\zh-cn.php
[ info ] [ ROUTE ] array (
  'type' => 'module',
  'module' => 
  array (
    0 => '',
    1 => NULL,
    2 => NULL,
  ),
)
[ info ] [ HEADER ] array (
  'upgrade-insecure-requests' => '1',
  'connection' => 'close',
  'cache-control' => 'max-age=0',
  'accept-language' => 'zh-CN,zh;q=0.9',
  'accept-encoding' => 'gzip, deflate',
  'accept' => 'text/html,application/xhtml+xml,application/xml;q=0.9,image/avif,image/webp,image/apng,*/*;q=0.8,application/signed-exchange;v=b3;q=0.9',
  'user-agent' => 'Mozilla/5.0 (iPhone; CPU iPhone os 15_4 like Mac OS X) AppleWebKit/605.1.15 (KHTML, like Gecko) Version/15.4 Mobile/11D257 Safari/604.1',
  'host' => 'www.lingdayun.com',
)
[ info ] [ PARAM ] array (
)
[ info ] [ RUN ] app\index\controller\Index->index[ C:\wwwroot\www.lingdayun.com\application\index\controller\Index.php ]
[ info ] [ VIEW ] C:\wwwroot\www.lingdayun.com\public/../application/index\view\index\index.html [ array (
) ]
[ info ] [ LOG ] INIT File

---------------------------------------------------------------
[ 2022-12-11T01:24:27+08:00 ] 10.0.8.4 59.83.208.104 GET /
[ log ] lingdayun.com/ [运行时间：0.078317s][吞吐率：12.77req/s] [内存消耗：1,276.76kb] [文件加载：44]
[ info ] [ LANG ] C:\wwwroot\www.lingdayun.com\thinkphp\lang\zh-cn.php
[ info ] [ ROUTE ] array (
  'type' => 'module',
  'module' => 
  array (
    0 => '',
    1 => NULL,
    2 => NULL,
  ),
)
[ info ] [ HEADER ] array (
  'upgrade-insecure-requests' => '1',
  'connection' => 'close',
  'cache-control' => 'max-age=0',
  'accept-language' => 'zh-CN,zh;q=0.9',
  'accept-encoding' => 'gzip, deflate',
  'accept' => 'text/html,application/xhtml+xml,application/xml;q=0.9,image/avif,image/webp,image/apng,*/*;q=0.8,application/signed-exchange;v=b3;q=0.9',
  'user-agent' => 'Mozilla/5.0 (iPhone; CPU iPhone os 15_4 like Mac OS X) AppleWebKit/605.1.15 (KHTML, like Gecko) Version/15.4 Mobile/11D257 Safari/604.1',
  'host' => 'lingdayun.com',
)
[ info ] [ PARAM ] array (
)
[ info ] [ RUN ] app\index\controller\Index->index[ C:\wwwroot\www.lingdayun.com\application\index\controller\Index.php ]
[ info ] [ VIEW ] C:\wwwroot\www.lingdayun.com\public/../application/index\view\index\index.html [ array (
) ]
[ info ] [ LOG ] INIT File

---------------------------------------------------------------
[ 2022-12-11T01:29:36+08:00 ] 10.0.8.4 180.101.245.252 GET /index.html
[ log ] lingdayun.com/index.html [运行时间：0.076343s][吞吐率：13.10req/s] [内存消耗：1,279.95kb] [文件加载：44]
[ info ] [ LANG ] C:\wwwroot\www.lingdayun.com\thinkphp\lang\zh-cn.php
[ info ] [ ROUTE ] array (
  'type' => 'module',
  'module' => 
  array (
    0 => 'index',
    1 => NULL,
    2 => NULL,
  ),
)
[ info ] [ HEADER ] array (
  'upgrade-insecure-requests' => '1',
  'connection' => 'close',
  'cache-control' => 'max-age=0',
  'accept-language' => 'zh-CN,zh;q=0.9',
  'accept-encoding' => 'gzip, deflate',
  'accept' => 'text/html,application/xhtml+xml,application/xml;q=0.9,image/avif,image/webp,image/apng,*/*;q=0.8,application/signed-exchange;v=b3;q=0.9',
  'user-agent' => 'Mozilla/5.0 (Linux; Android 5.0) AppleWebKit/537.36 (KHTML, like Gecko) Mobile Safari/537.36 (compatible; Bytespider; https://zhanzhang.toutiao.com/)',
  'host' => 'lingdayun.com',
)
[ info ] [ PARAM ] array (
  '/index_html' => '',
)
[ info ] [ RUN ] app\index\controller\Index->index[ C:\wwwroot\www.lingdayun.com\application\index\controller\Index.php ]
[ info ] [ VIEW ] C:\wwwroot\www.lingdayun.com\public/../application/index\view\index\index.html [ array (
) ]
[ info ] [ LOG ] INIT File

---------------------------------------------------------------
[ 2022-12-11T01:43:19+08:00 ] 10.0.8.4 194.38.20.161 GET /elfinder/connectors/php/connector.php
[ log ] lingdayun.com/elfinder/connectors/php/connector.php [运行时间：0.062953s][吞吐率：15.88req/s] [内存消耗：1,112.60kb] [文件加载：40]
[ info ] [ LANG ] C:\wwwroot\www.lingdayun.com\thinkphp\lang\zh-cn.php
[ info ] [ ROUTE ] array (
  'type' => 'module',
  'module' => 
  array (
    0 => 'elfinder',
    1 => 'connectors',
    2 => 'php',
  ),
)
[ info ] [ HEADER ] array (
  'connection' => 'close',
  'content-length' => '0',
  'content-type' => 'application/json',
  'host' => 'lingdayun.com',
  'user-agent' => 'ALittle Client',
  'accept' => '*/*',
)
[ info ] [ PARAM ] array (
  '/elfinder/connectors/php/connector_php' => '',
)
[ info ] [ LOG ] INIT File

---------------------------------------------------------------
[ 2022-12-11T01:44:51+08:00 ] 10.0.8.4 180.101.245.253 GET /elfinder/connectors/php/connector.php
[ log ] lingdayun.com/elfinder/connectors/php/connector.php [运行时间：0.065922s][吞吐率：15.17req/s] [内存消耗：1,113.27kb] [文件加载：40]
[ info ] [ LANG ] C:\wwwroot\www.lingdayun.com\thinkphp\lang\zh-cn.php
[ info ] [ ROUTE ] array (
  'type' => 'module',
  'module' => 
  array (
    0 => 'elfinder',
    1 => 'connectors',
    2 => 'php',
  ),
)
[ info ] [ HEADER ] array (
  'upgrade-insecure-requests' => '1',
  'connection' => 'close',
  'cache-control' => 'max-age=0',
  'accept-language' => 'zh-CN,zh;q=0.9',
  'accept-encoding' => 'gzip, deflate',
  'accept' => 'text/html,application/xhtml+xml,application/xml;q=0.9,image/avif,image/webp,image/apng,*/*;q=0.8,application/signed-exchange;v=b3;q=0.9',
  'user-agent' => 'ALittle Client',
  'host' => 'lingdayun.com',
)
[ info ] [ PARAM ] array (
  '/elfinder/connectors/php/connector_php' => '',
)
[ info ] [ LOG ] INIT File

---------------------------------------------------------------
[ 2022-12-11T03:36:58+08:00 ] 10.0.8.4 202.77.48.139 GET /radio.txt
[ log ] lingdayun.com/radio.txt [运行时间：0.066798s][吞吐率：14.97req/s] [内存消耗：1,112.34kb] [文件加载：40]
[ info ] [ LANG ] C:\wwwroot\www.lingdayun.com\thinkphp\lang\zh-cn.php
[ info ] [ ROUTE ] array (
  'type' => 'module',
  'module' => 
  array (
    0 => 'radio.txt',
    1 => NULL,
    2 => NULL,
  ),
)
[ info ] [ HEADER ] array (
  'user-agent' => 'Mozilla/5.0 (Windows NT 6.1; WOW64) AppleWebKit/537.36 (KHTML, like Gecko) Chrome/50.0.2661.75 Safari/537.36',
  'connection' => 'close',
  'accept-language' => 'en-US,en;q=0.8',
  'host' => 'lingdayun.com',
  'accept-encoding' => 'identity',
)
[ info ] [ PARAM ] array (
  '/radio_txt' => '',
)
[ info ] [ LOG ] INIT File

---------------------------------------------------------------
[ 2022-12-11T04:18:21+08:00 ] 10.0.8.4 42.194.128.111 GET /
[ log ] www.lingdayun.com/ [运行时间：0.079651s][吞吐率：12.55req/s] [内存消耗：1,276.04kb] [文件加载：44]
[ info ] [ LANG ] C:\wwwroot\www.lingdayun.com\thinkphp\lang\zh-cn.php
[ info ] [ ROUTE ] array (
  'type' => 'module',
  'module' => 
  array (
    0 => '',
    1 => NULL,
    2 => NULL,
  ),
)
[ info ] [ HEADER ] array (
  'connection' => 'close',
  'accept-encoding' => 'gzip',
  'user-agent' => 'mozilla/5.0 (iphone; cpu iphone os 13_5_1 like mac os x) applewebkit/605.1.15 (khtml, like gecko) mobile/15e148 micromessenger/7.0.15(0x17000f2b) nettype/4g language/zh_cn miniprogram',
  'host' => 'www.lingdayun.com',
)
[ info ] [ PARAM ] array (
)
[ info ] [ RUN ] app\index\controller\Index->index[ C:\wwwroot\www.lingdayun.com\application\index\controller\Index.php ]
[ info ] [ VIEW ] C:\wwwroot\www.lingdayun.com\public/../application/index\view\index\index.html [ array (
) ]
[ info ] [ LOG ] INIT File

---------------------------------------------------------------
[ 2022-12-11T04:18:58+08:00 ] 10.0.8.4 159.75.198.59 GET /
[ log ] lingdayun.com/ [运行时间：0.075922s][吞吐率：13.17req/s] [内存消耗：1,276.02kb] [文件加载：44]
[ info ] [ LANG ] C:\wwwroot\www.lingdayun.com\thinkphp\lang\zh-cn.php
[ info ] [ ROUTE ] array (
  'type' => 'module',
  'module' => 
  array (
    0 => '',
    1 => NULL,
    2 => NULL,
  ),
)
[ info ] [ HEADER ] array (
  'connection' => 'close',
  'accept-encoding' => 'gzip',
  'user-agent' => 'mozilla/5.0 (iphone; cpu iphone os 13_5_1 like mac os x) applewebkit/605.1.15 (khtml, like gecko) mobile/15e148 micromessenger/7.0.15(0x17000f2b) nettype/4g language/zh_cn miniprogram',
  'host' => 'lingdayun.com',
)
[ info ] [ PARAM ] array (
)
[ info ] [ RUN ] app\index\controller\Index->index[ C:\wwwroot\www.lingdayun.com\application\index\controller\Index.php ]
[ info ] [ VIEW ] C:\wwwroot\www.lingdayun.com\public/../application/index\view\index\index.html [ array (
) ]
[ info ] [ LOG ] INIT File

---------------------------------------------------------------
[ 2022-12-11T08:11:02+08:00 ] 10.0.8.4 54.84.84.146 GET /
[ log ] www.lingdayun.com/ [运行时间：0.087112s][吞吐率：11.48req/s] [内存消耗：1,275.84kb] [文件加载：44]
[ info ] [ LANG ] C:\wwwroot\www.lingdayun.com\thinkphp\lang\zh-cn.php
[ info ] [ ROUTE ] array (
  'type' => 'module',
  'module' => 
  array (
    0 => '',
    1 => NULL,
    2 => NULL,
  ),
)
[ info ] [ HEADER ] array (
  'accept-encoding' => 'gzip,deflate',
  'user-agent' => 'Apache-HttpClient/4.5.13 (Java/1.8.0_352)',
  'connection' => 'close',
  'host' => 'www.lingdayun.com',
)
[ info ] [ PARAM ] array (
)
[ info ] [ RUN ] app\index\controller\Index->index[ C:\wwwroot\www.lingdayun.com\application\index\controller\Index.php ]
[ info ] [ VIEW ] C:\wwwroot\www.lingdayun.com\public/../application/index\view\index\index.html [ array (
) ]
[ info ] [ LOG ] INIT File

---------------------------------------------------------------
[ 2022-12-11T08:54:58+08:00 ] 10.0.8.4 168.119.76.174 GET /
[ log ] www.lingdayun.com/ [运行时间：0.084013s][吞吐率：11.90req/s] [内存消耗：1,276.88kb] [文件加载：44]
[ info ] [ LANG ] C:\wwwroot\www.lingdayun.com\thinkphp\lang\zh-cn.php
[ info ] [ ROUTE ] array (
  'type' => 'module',
  'module' => 
  array (
    0 => '',
    1 => NULL,
    2 => NULL,
  ),
)
[ info ] [ HEADER ] array (
  'accept-encoding' => 'gzip',
  'host' => 'www.lingdayun.com',
  'pragma' => 'no-cache',
  'accept-language' => 'en-gb,en;q=0.5',
  'refresh-cache' => '1',
  'connection' => 'close',
  'user-agent' => 'Mozilla/5.0 (X11; U; Linux x86_64; en-US; rv:1.9.1b3) Gecko/20090327 Fedora/3.1-0.11.beta3.fc11 Firefox/52.4.1',
  'cache-control' => 'max-age=0',
  'accept' => 'text/html,application/xhtml+xml,application/xml;q=0.9,*/*;q=0.8',
  'accept-charset' => 'ISO-8859-1,utf-8;q=0.7,*;q=0.7',
)
[ info ] [ PARAM ] array (
)
[ info ] [ RUN ] app\index\controller\Index->index[ C:\wwwroot\www.lingdayun.com\application\index\controller\Index.php ]
[ info ] [ VIEW ] C:\wwwroot\www.lingdayun.com\public/../application/index\view\index\index.html [ array (
) ]
[ info ] [ LOG ] INIT File

---------------------------------------------------------------
[ 2022-12-11T09:49:07+08:00 ] 10.0.8.4 40.77.167.15 GET /
[ log ] www.lingdayun.com/ [运行时间：0.081444s][吞吐率：12.28req/s] [内存消耗：1,276.42kb] [文件加载：44]
[ info ] [ LANG ] C:\wwwroot\www.lingdayun.com\thinkphp\lang\zh-cn.php
[ info ] [ ROUTE ] array (
  'type' => 'module',
  'module' => 
  array (
    0 => '',
    1 => NULL,
    2 => NULL,
  ),
)
[ info ] [ HEADER ] array (
  'user-agent' => 'Mozilla/5.0 (compatible; bingbot/2.0; +http://www.bing.com/bingbot.htm)',
  'host' => 'www.lingdayun.com',
  'from' => 'bingbot(at)microsoft.com',
  'accept-encoding' => 'gzip, deflate',
  'accept' => '*/*',
  'pragma' => 'no-cache',
  'connection' => 'close',
  'cache-control' => 'no-cache',
)
[ info ] [ PARAM ] array (
)
[ info ] [ RUN ] app\index\controller\Index->index[ C:\wwwroot\www.lingdayun.com\application\index\controller\Index.php ]
[ info ] [ VIEW ] C:\wwwroot\www.lingdayun.com\public/../application/index\view\index\index.html [ array (
) ]
[ info ] [ LOG ] INIT File

---------------------------------------------------------------
[ 2022-12-11T10:39:27+08:00 ] 10.0.8.4 124.71.166.204 GET /
[ log ] www.lingdayun.com/ [运行时间：0.085966s][吞吐率：11.63req/s] [内存消耗：1,276.59kb] [文件加载：44]
[ info ] [ LANG ] C:\wwwroot\www.lingdayun.com\thinkphp\lang\zh-cn.php
[ info ] [ ROUTE ] array (
  'type' => 'module',
  'module' => 
  array (
    0 => '',
    1 => NULL,
    2 => NULL,
  ),
)
[ info ] [ HEADER ] array (
  'connection' => 'close',
  'accept-encoding' => 'gzip',
  'upgrade-insecure-requests' => '1',
  'user-agent' => 'Mozilla/5.0 (Windows NT 7.5; Win64; x64) AppleWebKit/537.36 (KHTML, like Gecko) Chrome/78.0.2525.88 Safari/537.36',
  'accept-language' => 'zh-CN, zh; q=0.9, en; q=0.8, ko; q=0.7',
  'accept' => 'text/html, application/xhtml+xml, application/xml; q=0.9, image/webp; q=0.8',
  'host' => 'www.lingdayun.com',
)
[ info ] [ PARAM ] array (
)
[ info ] [ RUN ] app\index\controller\Index->index[ C:\wwwroot\www.lingdayun.com\application\index\controller\Index.php ]
[ info ] [ VIEW ] C:\wwwroot\www.lingdayun.com\public/../application/index\view\index\index.html [ array (
) ]
[ info ] [ LOG ] INIT File

---------------------------------------------------------------
[ 2022-12-11T10:39:27+08:00 ] 10.0.8.4 124.71.166.204 GET /index.html
[ log ] www.lingdayun.com/index.html [运行时间：0.080617s][吞吐率：12.40req/s] [内存消耗：1,279.57kb] [文件加载：44]
[ info ] [ LANG ] C:\wwwroot\www.lingdayun.com\thinkphp\lang\zh-cn.php
[ info ] [ ROUTE ] array (
  'type' => 'module',
  'module' => 
  array (
    0 => 'index',
    1 => NULL,
    2 => NULL,
  ),
)
[ info ] [ HEADER ] array (
  'connection' => 'close',
  'accept-encoding' => 'gzip',
  'upgrade-insecure-requests' => '1',
  'user-agent' => 'Mozilla/5.0 (Windows NT 9.8; Win64; x64) AppleWebKit/537.36 (KHTML, like Gecko) Chrome/78.0.1154.88 Safari/537.36',
  'accept-language' => 'zh-CN, zh; q=0.9, en; q=0.8, ko; q=0.7',
  'accept' => 'text/html, application/xhtml+xml, application/xml; q=0.9, image/webp; q=0.8',
  'host' => 'www.lingdayun.com',
)
[ info ] [ PARAM ] array (
  '/index_html' => '',
)
[ info ] [ RUN ] app\index\controller\Index->index[ C:\wwwroot\www.lingdayun.com\application\index\controller\Index.php ]
[ info ] [ VIEW ] C:\wwwroot\www.lingdayun.com\public/../application/index\view\index\index.html [ array (
) ]
[ info ] [ LOG ] INIT File

---------------------------------------------------------------
[ 2022-12-11T11:10:55+08:00 ] 10.0.8.4 54.186.141.197 GET /
[ log ] lingdayun.com/ [运行时间：0.087649s][吞吐率：11.41req/s] [内存消耗：1,275.91kb] [文件加载：44]
[ info ] [ LANG ] C:\wwwroot\www.lingdayun.com\thinkphp\lang\zh-cn.php
[ info ] [ ROUTE ] array (
  'type' => 'module',
  'module' => 
  array (
    0 => '',
    1 => NULL,
    2 => NULL,
  ),
)
[ info ] [ HEADER ] array (
  'connection' => 'close',
  'accept-encoding' => 'gzip',
  'user-agent' => 'Mozilla/5.0 (X11; Linux x86_64) AppleWebKit/537.36 (KHTML, like Gecko) Chrome/83.0.4103.97 Safari/537.36',
  'host' => 'lingdayun.com',
)
[ info ] [ PARAM ] array (
)
[ info ] [ RUN ] app\index\controller\Index->index[ C:\wwwroot\www.lingdayun.com\application\index\controller\Index.php ]
[ info ] [ VIEW ] C:\wwwroot\www.lingdayun.com\public/../application/index\view\index\index.html [ array (
) ]
[ info ] [ LOG ] INIT File

---------------------------------------------------------------
[ 2022-12-11T11:17:05+08:00 ] 10.0.8.4 59.83.208.103 GET /
[ log ] lingdayun.com/ [运行时间：0.080954s][吞吐率：12.35req/s] [内存消耗：1,276.73kb] [文件加载：44]
[ info ] [ LANG ] C:\wwwroot\www.lingdayun.com\thinkphp\lang\zh-cn.php
[ info ] [ ROUTE ] array (
  'type' => 'module',
  'module' => 
  array (
    0 => '',
    1 => NULL,
    2 => NULL,
  ),
)
[ info ] [ HEADER ] array (
  'upgrade-insecure-requests' => '1',
  'connection' => 'close',
  'cache-control' => 'max-age=0',
  'accept-language' => 'zh-CN,zh;q=0.9',
  'accept-encoding' => 'gzip, deflate',
  'accept' => 'text/html,application/xhtml+xml,application/xml;q=0.9,image/avif,image/webp,image/apng,*/*;q=0.8,application/signed-exchange;v=b3;q=0.9',
  'user-agent' => 'Mozilla/5.0 (X11; Linux x86_64) AppleWebKit/537.36 (KHTML, like Gecko) Chrome/83.0.4103.97 Safari/537.36',
  'host' => 'lingdayun.com',
)
[ info ] [ PARAM ] array (
)
[ info ] [ RUN ] app\index\controller\Index->index[ C:\wwwroot\www.lingdayun.com\application\index\controller\Index.php ]
[ info ] [ VIEW ] C:\wwwroot\www.lingdayun.com\public/../application/index\view\index\index.html [ array (
) ]
[ info ] [ LOG ] INIT File

---------------------------------------------------------------
[ 2022-12-11T11:23:05+08:00 ] 10.0.8.4 34.220.106.47 GET /
[ log ] lingdayun.com/ [运行时间：0.079299s][吞吐率：12.61req/s] [内存消耗：1,276.05kb] [文件加载：44]
[ info ] [ LANG ] C:\wwwroot\www.lingdayun.com\thinkphp\lang\zh-cn.php
[ info ] [ ROUTE ] array (
  'type' => 'module',
  'module' => 
  array (
    0 => '',
    1 => NULL,
    2 => NULL,
  ),
)
[ info ] [ HEADER ] array (
  'connection' => 'close',
  'accept' => '*/*',
  'accept-encoding' => 'gzip, deflate',
  'user-agent' => 'Mozilla/5.0 (Windows NT 10.0; Win64; x64)AppleWebKit/537.36 (KHTML, like Gecko) Chrome/66.0.3359.181 Safari/537.36',
  'host' => 'lingdayun.com',
)
[ info ] [ PARAM ] array (
)
[ info ] [ RUN ] app\index\controller\Index->index[ C:\wwwroot\www.lingdayun.com\application\index\controller\Index.php ]
[ info ] [ VIEW ] C:\wwwroot\www.lingdayun.com\public/../application/index\view\index\index.html [ array (
) ]
[ info ] [ LOG ] INIT File

---------------------------------------------------------------
[ 2022-12-11T12:04:33+08:00 ] 10.0.8.4 49.73.101.41 GET /index.php/index/api/tankuang
[ log ] www.lingdayun.com/index.php/index/api/tankuang [运行时间：0.101282s][吞吐率：9.87req/s] [内存消耗：1,916.52kb] [文件加载：52]
[ info ] [ LANG ] C:\wwwroot\www.lingdayun.com\thinkphp\lang\zh-cn.php
[ info ] [ ROUTE ] array (
  'type' => 'module',
  'module' => 
  array (
    0 => 'index',
    1 => 'api',
    2 => 'tankuang',
  ),
)
[ info ] [ HEADER ] array (
  'accept-language' => 'zh-CN,zh;q=0.9,en-US;q=0.8,en;q=0.7',
  'accept-encoding' => 'gzip, deflate',
  'referer' => 'http://www.lingdayun.com/html/shequ_index.html',
  'x-requested-with' => 'XMLHttpRequest',
  'user-agent' => 'Mozilla/5.0 (Linux; Android 10; OXF-AN10 Build/HUAWEIOXF-AN10; wv) AppleWebKit/537.36 (KHTML, like Gecko) Version/4.0 Chrome/86.0.4240.99 XWEB/4365 MMWEBSDK/20221012 Mobile Safari/537.36 MMWEBID/9117 MicroMessenger/8.0.30.2260(0x28001E55) WeChat/arm64 Weixin NetType/WIFI Language/zh_CN ABI/arm64',
  'accept' => 'application/json, text/javascript, */*; q=0.01',
  'connection' => 'close',
  'host' => 'www.lingdayun.com',
)
[ info ] [ PARAM ] array (
)
[ info ] [ RUN ] app\index\controller\Api->tankuang[ C:\wwwroot\www.lingdayun.com\application\index\controller\Api.php ]
[ info ] [ DB ] INIT mysql
[ info ] [ LOG ] INIT File
[ sql ] [ DB ] CONNECT:[ UseTime:0.000723s ] mysql:dbname=www_lingdayun_co;host=127.0.0.1;port=3306;charset=utf8
[ sql ] [ SQL ] SHOW COLUMNS FROM `ld_wx_user` [ RunTime:0.002965s ]
[ sql ] [ SQL ] SELECT * FROM `ld_wx_user` WHERE  `user_openid` = null LIMIT 1 [ RunTime:0.000367s ]

---------------------------------------------------------------
[ 2022-12-11T12:12:26+08:00 ] 10.0.8.4 61.147.15.65 GET /
[ log ] www.lingdayun.com/ [运行时间：0.079692s][吞吐率：12.55req/s] [内存消耗：1,276.45kb] [文件加载：44]
[ info ] [ LANG ] C:\wwwroot\www.lingdayun.com\thinkphp\lang\zh-cn.php
[ info ] [ ROUTE ] array (
  'type' => 'module',
  'module' => 
  array (
    0 => '',
    1 => NULL,
    2 => NULL,
  ),
)
[ info ] [ HEADER ] array (
  'accept-language' => 'zh-CN,zh;q=0.9',
  'cache-control' => 'no-cache',
  'connection' => 'close',
  'accept' => 'text/html,application/xhtml+xml,application/xml;q=0.9,image/avif,image/webp,image/apng,*/*;q=0.8,application/signed-exchange;v=b3;q=0.9',
  'accept-encoding' => 'gzip, deflate',
  'user-agent' => 'Opera/7.03 (Windows NT 5.0; U) [de]',
  'host' => 'www.lingdayun.com',
)
[ info ] [ PARAM ] array (
)
[ info ] [ RUN ] app\index\controller\Index->index[ C:\wwwroot\www.lingdayun.com\application\index\controller\Index.php ]
[ info ] [ VIEW ] C:\wwwroot\www.lingdayun.com\public/../application/index\view\index\index.html [ array (
) ]
[ info ] [ LOG ] INIT File

---------------------------------------------------------------
[ 2022-12-11T12:14:13+08:00 ] 10.0.8.4 113.24.224.76 GET /index.php/index/api/tankuang
[ log ] www.lingdayun.com/index.php/index/api/tankuang [运行时间：0.104883s][吞吐率：9.53req/s] [内存消耗：1,916.09kb] [文件加载：52]
[ info ] [ LANG ] C:\wwwroot\www.lingdayun.com\thinkphp\lang\zh-cn.php
[ info ] [ ROUTE ] array (
  'type' => 'module',
  'module' => 
  array (
    0 => 'index',
    1 => 'api',
    2 => 'tankuang',
  ),
)
[ info ] [ HEADER ] array (
  'host' => 'www.lingdayun.com',
  'accept-language' => 'en-US,*',
  'accept-encoding' => 'gzip, deflate',
  'connection' => 'close',
  'user-agent' => 'Mozilla/5.0 (Windows NT 6.1; WOW64; rv:43.0) Gecko/20100101 Firefox/43.0',
  'x-requested-with' => 'XMLHttpRequest',
  'referer' => 'http://www.lingdayun.com/html/shequ_index.html',
  'accept' => 'application/json, text/javascript, */*; q=0.01',
)
[ info ] [ PARAM ] array (
)
[ info ] [ RUN ] app\index\controller\Api->tankuang[ C:\wwwroot\www.lingdayun.com\application\index\controller\Api.php ]
[ info ] [ DB ] INIT mysql
[ info ] [ LOG ] INIT File
[ sql ] [ DB ] CONNECT:[ UseTime:0.000798s ] mysql:dbname=www_lingdayun_co;host=127.0.0.1;port=3306;charset=utf8
[ sql ] [ SQL ] SHOW COLUMNS FROM `ld_wx_user` [ RunTime:0.003485s ]
[ sql ] [ SQL ] SELECT * FROM `ld_wx_user` WHERE  `user_openid` = null LIMIT 1 [ RunTime:0.000368s ]

---------------------------------------------------------------
[ 2022-12-11T12:14:15+08:00 ] 10.0.8.4 61.147.15.67 GET /
[ log ] www.lingdayun.com/ [运行时间：0.085512s][吞吐率：11.69req/s] [内存消耗：1,276.58kb] [文件加载：44]
[ info ] [ LANG ] C:\wwwroot\www.lingdayun.com\thinkphp\lang\zh-cn.php
[ info ] [ ROUTE ] array (
  'type' => 'module',
  'module' => 
  array (
    0 => '',
    1 => NULL,
    2 => NULL,
  ),
)
[ info ] [ HEADER ] array (
  'accept-language' => 'zh-CN,zh;q=0.9',
  'cache-control' => 'no-cache',
  'connection' => 'close',
  'accept' => 'text/html,application/xhtml+xml,application/xml;q=0.9,image/avif,image/webp,image/apng,*/*;q=0.8,application/signed-exchange;v=b3;q=0.9',
  'accept-encoding' => 'gzip, deflate',
  'user-agent' => 'Mozilla/5.0 (Macintosh; Intel Mac OS X 10_11) AppleWebKit/601.1.27 (KHTML, like Gecko) Chrome/47.0.2526.106 Safari/601.1.27',
  'host' => 'www.lingdayun.com',
)
[ info ] [ PARAM ] array (
)
[ info ] [ RUN ] app\index\controller\Index->index[ C:\wwwroot\www.lingdayun.com\application\index\controller\Index.php ]
[ info ] [ VIEW ] C:\wwwroot\www.lingdayun.com\public/../application/index\view\index\index.html [ array (
) ]
[ info ] [ LOG ] INIT File

---------------------------------------------------------------
[ 2022-12-11T12:14:38+08:00 ] 10.0.8.4 61.147.15.67 GET /
[ log ] www.lingdayun.com/ [运行时间：0.082116s][吞吐率：12.18req/s] [内存消耗：1,276.60kb] [文件加载：44]
[ info ] [ LANG ] C:\wwwroot\www.lingdayun.com\thinkphp\lang\zh-cn.php
[ info ] [ ROUTE ] array (
  'type' => 'module',
  'module' => 
  array (
    0 => '',
    1 => NULL,
    2 => NULL,
  ),
)
[ info ] [ HEADER ] array (
  'accept-language' => 'zh-CN,zh;q=0.9',
  'cache-control' => 'no-cache',
  'connection' => 'close',
  'accept' => 'text/html,application/xhtml+xml,application/xml;q=0.9,image/avif,image/webp,image/apng,*/*;q=0.8,application/signed-exchange;v=b3;q=0.9',
  'accept-encoding' => 'gzip, deflate',
  'user-agent' => 'Dalvik/2.1.0 (Linux; U; Android 9.0; ZTE BA520 Build/MRA58K)',
  'host' => 'www.lingdayun.com',
)
[ info ] [ PARAM ] array (
)
[ info ] [ RUN ] app\index\controller\Index->index[ C:\wwwroot\www.lingdayun.com\application\index\controller\Index.php ]
[ info ] [ VIEW ] C:\wwwroot\www.lingdayun.com\public/../application/index\view\index\index.html [ array (
) ]
[ info ] [ LOG ] INIT File

---------------------------------------------------------------
[ 2022-12-11T14:54:21+08:00 ] 10.0.8.4 40.77.167.15 GET /
[ log ] www.lingdayun.com/ [运行时间：0.075278s][吞吐率：13.28req/s] [内存消耗：1,276.48kb] [文件加载：44]
[ info ] [ LANG ] C:\wwwroot\www.lingdayun.com\thinkphp\lang\zh-cn.php
[ info ] [ ROUTE ] array (
  'type' => 'module',
  'module' => 
  array (
    0 => '',
    1 => NULL,
    2 => NULL,
  ),
)
[ info ] [ HEADER ] array (
  'user-agent' => 'Mozilla/5.0 AppleWebKit/537.36 (KHTML, like Gecko; compatible; bingbot/2.0; +http://www.bing.com/bingbot.htm) Chrome/103.0.5060.134 Safari/537.36',
  'host' => 'www.lingdayun.com',
  'from' => 'bingbot(at)microsoft.com',
  'accept-encoding' => 'gzip, deflate',
  'accept' => '*/*',
  'pragma' => 'no-cache',
  'connection' => 'close',
  'cache-control' => 'no-cache',
)
[ info ] [ PARAM ] array (
)
[ info ] [ RUN ] app\index\controller\Index->index[ C:\wwwroot\www.lingdayun.com\application\index\controller\Index.php ]
[ info ] [ VIEW ] C:\wwwroot\www.lingdayun.com\public/../application/index\view\index\index.html [ array (
) ]
[ info ] [ LOG ] INIT File

---------------------------------------------------------------
[ 2022-12-11T18:18:17+08:00 ] 10.0.8.4 159.223.173.153 HEAD /
[ log ] lingdayun.com/ [运行时间：0.083983s][吞吐率：11.91req/s] [内存消耗：1,275.80kb] [文件加载：44]
[ info ] [ LANG ] C:\wwwroot\www.lingdayun.com\thinkphp\lang\zh-cn.php
[ info ] [ ROUTE ] array (
  'type' => 'module',
  'module' => 
  array (
    0 => '',
    1 => NULL,
    2 => NULL,
  ),
)
[ info ] [ HEADER ] array (
  'connection' => 'close',
  'referer' => 'https://www.bing.com',
  'accept-encoding' => 'gzip,deflate',
  'accept' => '*/*',
  'user-agent' => 'Mozilla/5.0 (Windows NT 6.3; WOW64) AppleWebKit/537.36 (KHTML, like Gecko) Chrome/41.0.2226.0 Safari/537.36',
  'host' => 'lingdayun.com',
)
[ info ] [ PARAM ] array (
)
[ info ] [ RUN ] app\index\controller\Index->index[ C:\wwwroot\www.lingdayun.com\application\index\controller\Index.php ]
[ info ] [ VIEW ] C:\wwwroot\www.lingdayun.com\public/../application/index\view\index\index.html [ array (
) ]
[ info ] [ LOG ] INIT File

---------------------------------------------------------------
[ 2022-12-11T18:18:17+08:00 ] 10.0.8.4 159.223.173.153 GET /wp-login.php
[ log ] lingdayun.com/wp-login.php [运行时间：0.063895s][吞吐率：15.65req/s] [内存消耗：1,112.55kb] [文件加载：40]
[ info ] [ LANG ] C:\wwwroot\www.lingdayun.com\thinkphp\lang\zh-cn.php
[ info ] [ ROUTE ] array (
  'type' => 'module',
  'module' => 
  array (
    0 => 'wp-login.php',
    1 => NULL,
    2 => NULL,
  ),
)
[ info ] [ HEADER ] array (
  'connection' => 'close',
  'referer' => 'http://lingdayun.com',
  'accept-encoding' => 'gzip,deflate',
  'accept' => '*/*',
  'user-agent' => 'Mozilla/5.0 (Windows NT 6.3; WOW64) AppleWebKit/537.36 (KHTML, like Gecko) Chrome/41.0.2226.0 Safari/537.36',
  'host' => 'lingdayun.com',
)
[ info ] [ PARAM ] array (
  '/wp-login_php' => '',
)
[ info ] [ LOG ] INIT File

---------------------------------------------------------------
[ 2022-12-11T18:18:18+08:00 ] 10.0.8.4 159.223.173.153 GET /wordpress/wp-login.php
[ log ] lingdayun.com/wordpress/wp-login.php [运行时间：0.063895s][吞吐率：15.65req/s] [内存消耗：1,112.61kb] [文件加载：40]
[ info ] [ LANG ] C:\wwwroot\www.lingdayun.com\thinkphp\lang\zh-cn.php
[ info ] [ ROUTE ] array (
  'type' => 'module',
  'module' => 
  array (
    0 => 'wordpress',
    1 => 'wp-login.php',
    2 => NULL,
  ),
)
[ info ] [ HEADER ] array (
  'connection' => 'close',
  'referer' => 'http://lingdayun.com',
  'accept-encoding' => 'gzip,deflate',
  'accept' => '*/*',
  'user-agent' => 'Mozilla/5.0 (Windows NT 6.3; WOW64) AppleWebKit/537.36 (KHTML, like Gecko) Chrome/41.0.2226.0 Safari/537.36',
  'host' => 'lingdayun.com',
)
[ info ] [ PARAM ] array (
  '/wordpress/wp-login_php' => '',
)
[ info ] [ LOG ] INIT File

---------------------------------------------------------------
[ 2022-12-11T18:18:19+08:00 ] 10.0.8.4 159.223.173.153 GET /blog/wp-login.php
[ log ] lingdayun.com/blog/wp-login.php [运行时间：0.063227s][吞吐率：15.82req/s] [内存消耗：1,112.61kb] [文件加载：40]
[ info ] [ LANG ] C:\wwwroot\www.lingdayun.com\thinkphp\lang\zh-cn.php
[ info ] [ ROUTE ] array (
  'type' => 'module',
  'module' => 
  array (
    0 => 'blog',
    1 => 'wp-login.php',
    2 => NULL,
  ),
)
[ info ] [ HEADER ] array (
  'connection' => 'close',
  'referer' => 'http://lingdayun.com',
  'accept-encoding' => 'gzip,deflate',
  'accept' => '*/*',
  'user-agent' => 'Mozilla/5.0 (Windows NT 6.3; WOW64) AppleWebKit/537.36 (KHTML, like Gecko) Chrome/41.0.2226.0 Safari/537.36',
  'host' => 'lingdayun.com',
)
[ info ] [ PARAM ] array (
  '/blog/wp-login_php' => '',
)
[ info ] [ LOG ] INIT File

---------------------------------------------------------------
[ 2022-12-11T18:18:20+08:00 ] 10.0.8.4 159.223.173.153 GET /wp/wp-login.php
[ log ] lingdayun.com/wp/wp-login.php [运行时间：0.065132s][吞吐率：15.35req/s] [内存消耗：1,112.52kb] [文件加载：40]
[ info ] [ LANG ] C:\wwwroot\www.lingdayun.com\thinkphp\lang\zh-cn.php
[ info ] [ ROUTE ] array (
  'type' => 'module',
  'module' => 
  array (
    0 => 'wp',
    1 => 'wp-login.php',
    2 => NULL,
  ),
)
[ info ] [ HEADER ] array (
  'connection' => 'close',
  'referer' => 'http://lingdayun.com',
  'accept-encoding' => 'gzip,deflate',
  'accept' => '*/*',
  'user-agent' => 'Mozilla/5.0 (Windows NT 6.3; WOW64) AppleWebKit/537.36 (KHTML, like Gecko) Chrome/41.0.2226.0 Safari/537.36',
  'host' => 'lingdayun.com',
)
[ info ] [ PARAM ] array (
  '/wp/wp-login_php' => '',
)
[ info ] [ LOG ] INIT File

---------------------------------------------------------------
[ 2022-12-11T19:27:11+08:00 ] 10.0.8.4 113.24.224.205 GET /
[ log ] www.lingdayun.com/ [运行时间：0.090358s][吞吐率：11.07req/s] [内存消耗：1,276.36kb] [文件加载：44]
[ info ] [ LANG ] C:\wwwroot\www.lingdayun.com\thinkphp\lang\zh-cn.php
[ info ] [ ROUTE ] array (
  'type' => 'module',
  'module' => 
  array (
    0 => '',
    1 => NULL,
    2 => NULL,
  ),
)
[ info ] [ HEADER ] array (
  'host' => 'www.lingdayun.com',
  'accept-language' => 'en-US,*',
  'accept-encoding' => 'gzip, deflate',
  'connection' => 'close',
  'referer' => 'http://www.baidu.com/s?wd=masssjb',
  'user-agent' => 'Mozilla/5.0 (Windows NT 6.1; WOW64; rv:43.0) Gecko/20100101 Firefox/43.0',
  'accept' => 'text/html,application/xhtml+xml,application/xml;q=0.9,*/*;q=0.8',
)
[ info ] [ PARAM ] array (
)
[ info ] [ RUN ] app\index\controller\Index->index[ C:\wwwroot\www.lingdayun.com\application\index\controller\Index.php ]
[ info ] [ VIEW ] C:\wwwroot\www.lingdayun.com\public/../application/index\view\index\index.html [ array (
) ]
[ info ] [ LOG ] INIT File

---------------------------------------------------------------
[ 2022-12-11T19:27:42+08:00 ] 10.0.8.4 113.24.224.46 GET /
[ log ] www.lingdayun.com/ [运行时间：0.080923s][吞吐率：12.36req/s] [内存消耗：1,276.36kb] [文件加载：44]
[ info ] [ LANG ] C:\wwwroot\www.lingdayun.com\thinkphp\lang\zh-cn.php
[ info ] [ ROUTE ] array (
  'type' => 'module',
  'module' => 
  array (
    0 => '',
    1 => NULL,
    2 => NULL,
  ),
)
[ info ] [ HEADER ] array (
  'host' => 'www.lingdayun.com',
  'accept-language' => 'en-US,*',
  'accept-encoding' => 'gzip, deflate',
  'connection' => 'close',
  'referer' => 'http://www.baidu.com/s?wd=camprsr',
  'user-agent' => 'Mozilla/5.0 (Windows NT 6.1; WOW64; rv:43.0) Gecko/20100101 Firefox/43.0',
  'accept' => 'text/html,application/xhtml+xml,application/xml;q=0.9,*/*;q=0.8',
)
[ info ] [ PARAM ] array (
)
[ info ] [ RUN ] app\index\controller\Index->index[ C:\wwwroot\www.lingdayun.com\application\index\controller\Index.php ]
[ info ] [ VIEW ] C:\wwwroot\www.lingdayun.com\public/../application/index\view\index\index.html [ array (
) ]
[ info ] [ LOG ] INIT File

---------------------------------------------------------------
[ 2022-12-11T19:32:20+08:00 ] 10.0.8.4 180.101.245.251 GET /
[ log ] www.lingdayun.com/ [运行时间：0.083970s][吞吐率：11.91req/s] [内存消耗：1,276.88kb] [文件加载：44]
[ info ] [ LANG ] C:\wwwroot\www.lingdayun.com\thinkphp\lang\zh-cn.php
[ info ] [ ROUTE ] array (
  'type' => 'module',
  'module' => 
  array (
    0 => '',
    1 => NULL,
    2 => NULL,
  ),
)
[ info ] [ HEADER ] array (
  'upgrade-insecure-requests' => '1',
  'referer' => 'http://www.baidu.com/s?wd=camprsr',
  'connection' => 'close',
  'cache-control' => 'max-age=0',
  'accept-language' => 'zh-CN,zh;q=0.9',
  'accept-encoding' => 'gzip, deflate',
  'accept' => 'text/html,application/xhtml+xml,application/xml;q=0.9,image/avif,image/webp,image/apng,*/*;q=0.8,application/signed-exchange;v=b3;q=0.9',
  'user-agent' => 'Mozilla/5.0 (Windows NT 6.1; WOW64; rv:43.0) Gecko/20100101 Firefox/43.0',
  'host' => 'www.lingdayun.com',
)
[ info ] [ PARAM ] array (
)
[ info ] [ RUN ] app\index\controller\Index->index[ C:\wwwroot\www.lingdayun.com\application\index\controller\Index.php ]
[ info ] [ VIEW ] C:\wwwroot\www.lingdayun.com\public/../application/index\view\index\index.html [ array (
) ]
[ info ] [ LOG ] INIT File

---------------------------------------------------------------
[ 2022-12-11T19:47:12+08:00 ] 10.0.8.4 111.7.96.163 GET /
[ log ] www.lingdayun.com/ [运行时间：0.081743s][吞吐率：12.23req/s] [内存消耗：1,277.09kb] [文件加载：44]
[ info ] [ LANG ] C:\wwwroot\www.lingdayun.com\thinkphp\lang\zh-cn.php
[ info ] [ ROUTE ] array (
  'type' => 'module',
  'module' => 
  array (
    0 => '',
    1 => NULL,
    2 => NULL,
  ),
)
[ info ] [ HEADER ] array (
  'accept-encoding' => 'gzip',
  'upgrade-insecure-requests' => '1',
  'sec-gpc' => '1',
  'dnt' => '1',
  'connection' => 'close',
  'cache-control' => 'max-age=0',
  'accept-language' => 'en;q=0.9',
  'accept' => 'text/html,application/xhtml+xml,application/xml;q=0.9,image/avif,image/webp,image/apng,*/*;q=0.8,application/signed-exchange;v=b3;q=0.9',
  'user-agent' => 'Mozilla/5.0 (Macintosh; Intel Mac OS X 10_15_7) AppleWebKit/537.36 (KHTML, like Gecko) Chrome/96.0.4664.110 Safari/537.36',
  'host' => 'www.lingdayun.com',
)
[ info ] [ PARAM ] array (
)
[ info ] [ RUN ] app\index\controller\Index->index[ C:\wwwroot\www.lingdayun.com\application\index\controller\Index.php ]
[ info ] [ VIEW ] C:\wwwroot\www.lingdayun.com\public/../application/index\view\index\index.html [ array (
) ]
[ info ] [ LOG ] INIT File

---------------------------------------------------------------
[ 2022-12-11T19:47:12+08:00 ] 10.0.8.4 111.7.96.163 GET /
[ log ] www.lingdayun.com/ [运行时间：0.080382s][吞吐率：12.44req/s] [内存消耗：1,276.54kb] [文件加载：44]
[ info ] [ LANG ] C:\wwwroot\www.lingdayun.com\thinkphp\lang\zh-cn.php
[ info ] [ ROUTE ] array (
  'type' => 'module',
  'module' => 
  array (
    0 => '',
    1 => NULL,
    2 => NULL,
  ),
)
[ info ] [ HEADER ] array (
  'connection' => 'close',
  'accept-encoding' => 'gzip',
  'upgrade-insecure-requests' => '1',
  'accept-language' => 'en',
  'accept' => 'text/html,application/xhtml+xml,application/xml;q=0.9,image/avif,image/webp,image/apng,*/*;q=0.8,application/signed-exchange;v=b3;q=0.9',
  'user-agent' => 'Mozilla/5.0 (Macintosh; Intel Mac OS X 11_0_0) AppleWebKit/537.36 (KHTML, like Gecko) Chrome/87.0.4280.88 Safari/537.36',
  'host' => 'www.lingdayun.com',
)
[ info ] [ PARAM ] array (
)
[ info ] [ RUN ] app\index\controller\Index->index[ C:\wwwroot\www.lingdayun.com\application\index\controller\Index.php ]
[ info ] [ VIEW ] C:\wwwroot\www.lingdayun.com\public/../application/index\view\index\index.html [ array (
) ]
[ info ] [ LOG ] INIT File

---------------------------------------------------------------
[ 2022-12-11T19:50:23+08:00 ] 10.0.8.4 175.6.73.218 GET /
[ log ] lingdayun.com/ [运行时间：0.083215s][吞吐率：12.02req/s] [内存消耗：1,277.02kb] [文件加载：44]
[ info ] [ LANG ] C:\wwwroot\www.lingdayun.com\thinkphp\lang\zh-cn.php
[ info ] [ ROUTE ] array (
  'type' => 'module',
  'module' => 
  array (
    0 => '',
    1 => NULL,
    2 => NULL,
  ),
)
[ info ] [ HEADER ] array (
  'accept-encoding' => 'gzip',
  'upgrade-insecure-requests' => '1',
  'sec-gpc' => '1',
  'dnt' => '1',
  'connection' => 'close',
  'cache-control' => 'max-age=0',
  'accept-language' => 'en;q=0.9',
  'accept' => 'text/html,application/xhtml+xml,application/xml;q=0.9,image/avif,image/webp,image/apng,*/*;q=0.8,application/signed-exchange;v=b3;q=0.9',
  'user-agent' => 'Mozilla/5.0 (Macintosh; Intel Mac OS X 10_15_7) AppleWebKit/537.36 (KHTML, like Gecko) Chrome/96.0.4664.110 Safari/537.36',
  'host' => 'lingdayun.com',
)
[ info ] [ PARAM ] array (
)
[ info ] [ RUN ] app\index\controller\Index->index[ C:\wwwroot\www.lingdayun.com\application\index\controller\Index.php ]
[ info ] [ VIEW ] C:\wwwroot\www.lingdayun.com\public/../application/index\view\index\index.html [ array (
) ]
[ info ] [ LOG ] INIT File

---------------------------------------------------------------
[ 2022-12-11T19:50:23+08:00 ] 10.0.8.4 175.6.73.218 GET /
[ log ] lingdayun.com/ [运行时间：0.081363s][吞吐率：12.29req/s] [内存消耗：1,276.49kb] [文件加载：44]
[ info ] [ LANG ] C:\wwwroot\www.lingdayun.com\thinkphp\lang\zh-cn.php
[ info ] [ ROUTE ] array (
  'type' => 'module',
  'module' => 
  array (
    0 => '',
    1 => NULL,
    2 => NULL,
  ),
)
[ info ] [ HEADER ] array (
  'connection' => 'close',
  'accept-encoding' => 'gzip',
  'upgrade-insecure-requests' => '1',
  'accept-language' => 'en',
  'accept' => 'text/html,application/xhtml+xml,application/xml;q=0.9,image/avif,image/webp,image/apng,*/*;q=0.8,application/signed-exchange;v=b3;q=0.9',
  'user-agent' => 'Mozilla/5.0 (Macintosh; Intel Mac OS X 11_0_0) AppleWebKit/537.36 (KHTML, like Gecko) Chrome/87.0.4280.88 Safari/537.36',
  'host' => 'lingdayun.com',
)
[ info ] [ PARAM ] array (
)
[ info ] [ RUN ] app\index\controller\Index->index[ C:\wwwroot\www.lingdayun.com\application\index\controller\Index.php ]
[ info ] [ VIEW ] C:\wwwroot\www.lingdayun.com\public/../application/index\view\index\index.html [ array (
) ]
[ info ] [ LOG ] INIT File

---------------------------------------------------------------
[ 2022-12-11T20:23:27+08:00 ] 10.0.8.4 124.71.166.204 GET /
[ log ] www.lingdayun.com/ [运行时间：0.101623s][吞吐率：9.84req/s] [内存消耗：1,276.59kb] [文件加载：44]
[ info ] [ LANG ] C:\wwwroot\www.lingdayun.com\thinkphp\lang\zh-cn.php
[ info ] [ ROUTE ] array (
  'type' => 'module',
  'module' => 
  array (
    0 => '',
    1 => NULL,
    2 => NULL,
  ),
)
[ info ] [ HEADER ] array (
  'connection' => 'close',
  'accept-encoding' => 'gzip',
  'upgrade-insecure-requests' => '1',
  'user-agent' => 'Mozilla/5.0 (Windows NT 10.7; Win64; x64) AppleWebKit/537.36 (KHTML, like Gecko) Chrome/73.0.3229.88 Safari/537.36',
  'accept-language' => 'zh-CN, zh; q=0.9, en; q=0.8, ko; q=0.7',
  'accept' => 'text/html, application/xhtml+xml, application/xml; q=0.9, image/webp; q=0.8',
  'host' => 'www.lingdayun.com',
)
[ info ] [ PARAM ] array (
)
[ info ] [ RUN ] app\index\controller\Index->index[ C:\wwwroot\www.lingdayun.com\application\index\controller\Index.php ]
[ info ] [ VIEW ] C:\wwwroot\www.lingdayun.com\public/../application/index\view\index\index.html [ array (
) ]
[ info ] [ LOG ] INIT File

---------------------------------------------------------------
[ 2022-12-11T20:23:27+08:00 ] 10.0.8.4 124.71.166.204 GET /index.html
[ log ] www.lingdayun.com/index.html [运行时间：0.092566s][吞吐率：10.80req/s] [内存消耗：1,279.57kb] [文件加载：44]
[ info ] [ LANG ] C:\wwwroot\www.lingdayun.com\thinkphp\lang\zh-cn.php
[ info ] [ ROUTE ] array (
  'type' => 'module',
  'module' => 
  array (
    0 => 'index',
    1 => NULL,
    2 => NULL,
  ),
)
[ info ] [ HEADER ] array (
  'connection' => 'close',
  'accept-encoding' => 'gzip',
  'upgrade-insecure-requests' => '1',
  'user-agent' => 'Mozilla/5.0 (Windows NT 5.2; Win64; x64) AppleWebKit/537.36 (KHTML, like Gecko) Chrome/75.0.3723.88 Safari/537.36',
  'accept-language' => 'zh-CN, zh; q=0.9, en; q=0.8, ko; q=0.7',
  'accept' => 'text/html, application/xhtml+xml, application/xml; q=0.9, image/webp; q=0.8',
  'host' => 'www.lingdayun.com',
)
[ info ] [ PARAM ] array (
  '/index_html' => '',
)
[ info ] [ RUN ] app\index\controller\Index->index[ C:\wwwroot\www.lingdayun.com\application\index\controller\Index.php ]
[ info ] [ VIEW ] C:\wwwroot\www.lingdayun.com\public/../application/index\view\index\index.html [ array (
) ]
[ info ] [ LOG ] INIT File

---------------------------------------------------------------
[ 2022-12-11T22:13:34+08:00 ] 10.0.8.4 218.76.35.26 GET /
[ log ] lingdayun.com/ [运行时间：0.083057s][吞吐率：12.04req/s] [内存消耗：1,276.16kb] [文件加载：44]
[ info ] [ LANG ] C:\wwwroot\www.lingdayun.com\thinkphp\lang\zh-cn.php
[ info ] [ ROUTE ] array (
  'type' => 'module',
  'module' => 
  array (
    0 => '',
    1 => NULL,
    2 => NULL,
  ),
)
[ info ] [ HEADER ] array (
  'connection' => 'close',
  'accept' => 'text/html, image/gif, image/jpeg, *; q=.2, */*; q=.2',
  'host' => 'lingdayun.com',
  'user-agent' => 'Mozilla/5.0 (Macintosh; Intel Mac OS X 10_11_6) AppleWebKit/537.36 (KHTML, like Gecko) Chrome/53.0.2785.143 Safari/537.36',
  'accept-encoding' => 'gzip',
)
[ info ] [ PARAM ] array (
)
[ info ] [ RUN ] app\index\controller\Index->index[ C:\wwwroot\www.lingdayun.com\application\index\controller\Index.php ]
[ info ] [ VIEW ] C:\wwwroot\www.lingdayun.com\public/../application/index\view\index\index.html [ array (
) ]
[ info ] [ LOG ] INIT File

---------------------------------------------------------------
[ 2022-12-11T22:13:34+08:00 ] 10.0.8.4 218.76.35.26 GET /
[ log ] lingdayun.com/ [运行时间：0.081795s][吞吐率：12.23req/s] [内存消耗：1,276.16kb] [文件加载：44]
[ info ] [ LANG ] C:\wwwroot\www.lingdayun.com\thinkphp\lang\zh-cn.php
[ info ] [ ROUTE ] array (
  'type' => 'module',
  'module' => 
  array (
    0 => '',
    1 => NULL,
    2 => NULL,
  ),
)
[ info ] [ HEADER ] array (
  'connection' => 'close',
  'accept' => 'text/html, image/gif, image/jpeg, *; q=.2, */*; q=.2',
  'host' => 'lingdayun.com',
  'user-agent' => 'Mozilla/5.0 (Macintosh; Intel Mac OS X 10_11_6) AppleWebKit/537.36 (KHTML, like Gecko) Chrome/53.0.2785.143 Safari/537.36',
  'accept-encoding' => 'gzip',
)
[ info ] [ PARAM ] array (
)
[ info ] [ RUN ] app\index\controller\Index->index[ C:\wwwroot\www.lingdayun.com\application\index\controller\Index.php ]
[ info ] [ VIEW ] C:\wwwroot\www.lingdayun.com\public/../application/index\view\index\index.html [ array (
) ]
[ info ] [ LOG ] INIT File

---------------------------------------------------------------
[ 2022-12-11T23:27:41+08:00 ] 10.0.8.4 40.77.167.15 GET /
[ log ] www.lingdayun.com/ [运行时间：0.081202s][吞吐率：12.31req/s] [内存消耗：1,276.48kb] [文件加载：44]
[ info ] [ LANG ] C:\wwwroot\www.lingdayun.com\thinkphp\lang\zh-cn.php
[ info ] [ ROUTE ] array (
  'type' => 'module',
  'module' => 
  array (
    0 => '',
    1 => NULL,
    2 => NULL,
  ),
)
[ info ] [ HEADER ] array (
  'user-agent' => 'Mozilla/5.0 AppleWebKit/537.36 (KHTML, like Gecko; compatible; bingbot/2.0; +http://www.bing.com/bingbot.htm) Chrome/103.0.5060.134 Safari/537.36',
  'host' => 'www.lingdayun.com',
  'from' => 'bingbot(at)microsoft.com',
  'accept-encoding' => 'gzip, deflate',
  'accept' => '*/*',
  'pragma' => 'no-cache',
  'connection' => 'close',
  'cache-control' => 'no-cache',
)
[ info ] [ PARAM ] array (
)
[ info ] [ RUN ] app\index\controller\Index->index[ C:\wwwroot\www.lingdayun.com\application\index\controller\Index.php ]
[ info ] [ VIEW ] C:\wwwroot\www.lingdayun.com\public/../application/index\view\index\index.html [ array (
) ]
[ info ] [ LOG ] INIT File

---------------------------------------------------------------
